Time[ps]      Etot[eV]     Epot[eV]     Ekin[eV]    T[K]
0.0000      -309836.227  -309836.227        0.000     0.0
0.0100      -309836.260  -309841.336        5.076    86.5
0.0200      -309836.272  -309843.170        6.898   117.5
0.0300      -309836.281  -309844.385        8.104   138.1
0.0400      -309836.281  -309845.232        8.951   152.5
0.0500      -309836.286  -309845.651        9.366   159.6
0.0600      -309836.285  -309845.894        9.609   163.7
0.0700      -309836.278  -309846.260        9.982   170.1
0.0800      -309836.274  -309846.454       10.180   173.5
0.0900      -309836.272  -309846.351       10.079   171.7
0.1000      -309836.276  -309846.362       10.086   171.9
0.1100      -309836.276  -309846.080        9.804   167.1
0.1200      -309836.277  -309846.332       10.055   171.3
0.1300      -309836.272  -309846.142        9.871   168.2
0.1400      -309836.274  -309846.258        9.983   170.1
0.1500      -309836.276  -309846.437       10.161   173.1
0.1600      -309836.274  -309846.333       10.059   171.4
0.1700      -309836.273  -309846.089        9.816   167.3
0.1800      -309836.277  -309846.422       10.145   172.9
0.1900      -309836.279  -309846.331       10.051   171.3
0.2000      -309836.280  -309846.468       10.188   173.6
0.2100      -309836.284  -309846.906       10.623   181.0
0.2200      -309836.283  -309846.840       10.557   179.9
0.2300      -309836.278  -309846.526       10.248   174.6
0.2400      -309836.276  -309846.577       10.301   175.5
0.2500      -309836.277  -309846.505       10.228   174.3
0.2600      -309836.274  -309846.217        9.943   169.4
0.2700      -309836.273  -309846.931       10.658   181.6
0.2800      -309836.274  -309846.722       10.449   178.0
0.2900      -309836.277  -309847.124       10.846   184.8
0.3000      -309836.275  -309846.962       10.687   182.1
0.3100      -309836.280  -309847.499       11.219   191.2
0.3200      -309836.283  -309847.476       11.194   190.7
0.3300      -309836.280  -309847.068       10.788   183.8
0.3400      -309836.277  -309847.560       11.283   192.3
0.3500      -309836.275  -309847.196       10.921   186.1
0.3600      -309836.282  -309847.871       11.589   197.5
0.3700      -309836.280  -309847.541       11.261   191.9
0.3800      -309836.279  -309847.381       11.103   189.2
0.3900      -309836.279  -309847.239       10.960   186.8
0.4000      -309836.281  -309847.523       11.242   191.6
0.4100      -309836.275  -309847.573       11.298   192.5
0.4200      -309836.275  -309847.322       11.047   188.2
0.4300      -309836.278  -309847.282       11.004   187.5
0.4400      -309836.279  -309847.626       11.346   193.3
0.4500      -309836.278  -309847.572       11.294   192.4
0.4600      -309836.282  -309847.984       11.702   199.4
0.4700      -309836.284  -309848.189       11.904   202.9
0.4800      -309836.278  -309847.922       11.644   198.4
0.4900      -309836.281  -309848.004       11.724   199.8
0.5000      -309836.284  -309847.654       11.370   193.7
0.5100      -309836.283  -309847.839       11.556   196.9
0.5200      -309836.282  -309848.093       11.812   201.3
0.5300      -309836.281  -309847.892       11.611   197.9
0.5400      -309836.282  -309847.965       11.683   199.1
0.5500      -309836.276  -309847.429       11.153   190.1
0.5600      -309836.275  -309847.521       11.245   191.6
0.5700      -309836.280  -309847.632       11.352   193.4
0.5800      -309836.281  -309847.863       11.582   197.4
0.5900      -309836.276  -309847.519       11.243   191.6
0.6000      -309836.279  -309848.086       11.807   201.2
0.6100      -309836.277  -309847.585       11.307   192.7
0.6200      -309836.274  -309848.047       11.773   200.6
0.6300      -309836.276  -309848.514       12.238   208.5
0.6400      -309836.280  -309848.702       12.422   211.7
0.6500      -309836.282  -309849.016       12.734   217.0
0.6600      -309836.281  -309848.745       12.464   212.4
0.6700      -309836.285  -309849.123       12.837   218.8
0.6800      -309836.286  -309848.749       12.463   212.4
0.6900      -309836.281  -309848.352       12.070   205.7
0.7000      -309836.278  -309848.079       11.801   201.1
0.7100      -309836.283  -309848.730       12.447   212.1
0.7200      -309836.278  -309848.113       11.835   201.7
0.7300      -309836.276  -309848.335       12.059   205.5
0.7400      -309836.280  -309848.687       12.408   211.4
0.7500      -309836.282  -309848.679       12.398   211.3
0.7600      -309836.276  -309848.492       12.217   208.2
0.7700      -309836.279  -309848.990       12.711   216.6
0.7800      -309836.283  -309849.057       12.774   217.7
0.7900      -309836.279  -309848.603       12.324   210.0
0.8000      -309836.277  -309848.314       12.037   205.1
0.8100      -309836.280  -309848.431       12.150   207.0
0.8200      -309836.281  -309848.174       11.893   202.7
0.8300      -309836.280  -309848.163       11.883   202.5
0.8400      -309836.284  -309848.466       12.183   207.6
0.8500      -309836.286  -309848.575       12.289   209.4
0.8600      -309836.283  -309848.526       12.243   208.6
0.8700      -309836.278  -309848.280       12.002   204.5
0.8800      -309836.277  -309847.803       11.526   196.4
0.8900      -309836.279  -309847.756       11.477   195.6
0.9000      -309836.278  -309848.005       11.727   199.8
0.9100      -309836.285  -309848.385       12.100   206.2
0.9200      -309836.284  -309848.026       11.742   200.1
0.9300      -309836.279  -309848.040       11.762   200.4
0.9400      -309836.276  -309848.327       12.051   205.3
0.9500      -309836.280  -309848.545       12.265   209.0
0.9600      -309836.280  -309848.187       11.907   202.9
0.9700      -309836.281  -309848.737       12.456   212.3
0.9800      -309836.284  -309848.185       11.901   202.8
0.9900      -309836.287  -309848.738       12.450   212.2
1.0000      -309836.278  -309847.947       11.669   198.8
1.0100      -309836.281  -309847.621       11.340   193.2
1.0200      -309836.284  -309847.802       11.518   196.3
1.0300      -309836.277  -309847.698       11.421   194.6
1.0400      -309836.268  -309847.568       11.299   192.5
1.0500      -309836.273  -309847.812       11.539   196.6
1.0600      -309836.277  -309847.515       11.238   191.5
1.0700      -309836.280  -309847.763       11.483   195.7
1.0800      -309836.282  -309847.991       11.709   199.5
1.0900      -309836.282  -309847.942       11.660   198.7
1.1000      -309836.280  -309848.269       11.989   204.3
1.1100      -309836.281  -309848.737       12.456   212.3
1.1200      -309836.284  -309848.782       12.498   213.0
1.1300      -309836.285  -309849.156       12.871   219.3
1.1400      -309836.281  -309849.183       12.903   219.9
1.1500      -309836.277  -309848.465       12.188   207.7
1.1600      -309836.283  -309848.895       12.612   214.9
1.1700      -309836.280  -309848.680       12.400   211.3
1.1800      -309836.278  -309848.418       12.140   206.9
1.1900      -309836.280  -309848.411       12.131   206.7
1.2000      -309836.278  -309848.572       12.294   209.5
1.2100      -309836.280  -309848.957       12.677   216.0
1.2200      -309836.280  -309848.768       12.488   212.8
1.2300      -309836.284  -309848.808       12.524   213.4
1.2400      -309836.282  -309848.842       12.561   214.0
1.2500      -309836.280  -309849.080       12.800   218.1
1.2600      -309836.286  -309848.553       12.267   209.0
1.2700      -309836.286  -309848.121       11.835   201.7
1.2800      -309836.284  -309848.330       12.045   205.3
1.2900      -309836.282  -309848.044       11.762   200.4
1.3000      -309836.284  -309848.272       11.987   204.3
1.3100      -309836.284  -309849.079       12.795   218.0
1.3200      -309836.283  -309849.583       13.300   226.6
1.3300      -309836.284  -309849.615       13.331   227.2
1.3400      -309836.280  -309849.215       12.935   220.4
1.3500      -309836.281  -309849.575       13.295   226.5
1.3600      -309836.283  -309849.425       13.142   223.9
1.3700      -309836.285  -309848.735       12.449   212.1
1.3800      -309836.285  -309849.145       12.860   219.1
1.3900      -309836.281  -309849.472       13.191   224.8
1.4000      -309836.286  -309849.603       13.317   226.9
1.4100      -309836.287  -309849.433       13.146   224.0
1.4200      -309836.281  -309849.398       13.116   223.5
1.4300      -309836.280  -309848.901       12.620   215.1
1.4400      -309836.282  -309848.282       12.000   204.5
1.4500      -309836.283  -309849.014       12.730   216.9
1.4600      -309836.279  -309849.446       13.167   224.4
1.4700      -309836.283  -309849.278       12.996   221.5
1.4800      -309836.285  -309849.173       12.888   219.6
1.4900      -309836.284  -309848.921       12.637   215.3
1.5000      -309836.280  -309849.422       13.142   223.9
1.5100      -309836.280  -309849.519       13.239   225.6
1.5200      -309836.280  -309848.981       12.702   216.4
1.5300      -309836.279  -309849.653       13.374   227.9
1.5400      -309836.278  -309849.760       13.482   229.7
1.5500      -309836.286  -309849.514       13.228   225.4
1.5600      -309836.286  -309849.125       12.839   218.8
1.5700      -309836.288  -309849.655       13.367   227.8
1.5800      -309836.286  -309849.492       13.206   225.0
1.5900      -309836.288  -309850.025       13.737   234.1
1.6000      -309836.282  -309849.475       13.193   224.8
1.6100      -309836.281  -309848.837       12.556   214.0
1.6200      -309836.284  -309848.992       12.708   216.6
1.6300      -309836.284  -309849.098       12.815   218.4
1.6400      -309836.283  -309849.006       12.723   216.8
1.6500      -309836.284  -309849.165       12.880   219.5
1.6600      -309836.284  -309848.815       12.531   213.5
1.6700      -309836.277  -309848.245       11.969   204.0
1.6800      -309836.277  -309848.052       11.775   200.6
1.6900      -309836.286  -309848.633       12.346   210.4
1.7000      -309836.280  -309848.227       11.947   203.6
1.7100      -309836.278  -309848.255       11.976   204.1
1.7200      -309836.282  -309848.615       12.333   210.2
1.7300      -309836.288  -309849.001       12.714   216.6
1.7400      -309836.281  -309848.618       12.337   210.2
1.7500      -309836.280  -309848.678       12.399   211.3
1.7600      -309836.281  -309848.238       11.957   203.8
1.7700      -309836.282  -309848.400       12.118   206.5
1.7800      -309836.281  -309848.293       12.012   204.7
1.7900      -309836.287  -309849.004       12.716   216.7
1.8000      -309836.289  -309849.001       12.712   216.6
1.8100      -309836.283  -309848.219       11.936   203.4
1.8200      -309836.283  -309848.192       11.910   202.9
1.8300      -309836.280  -309848.025       11.745   200.1
1.8400      -309836.280  -309848.377       12.097   206.1
1.8500      -309836.281  -309848.530       12.249   208.7
1.8600      -309836.282  -309848.897       12.615   215.0
1.8700      -309836.288  -309849.367       13.080   222.9
1.8800      -309836.286  -309848.968       12.682   216.1
1.8900      -309836.288  -309848.850       12.562   214.1
1.9000      -309836.288  -309848.428       12.139   206.9
1.9100      -309836.283  -309848.289       12.007   204.6
1.9200      -309836.282  -309848.769       12.486   212.8
1.9300      -309836.282  -309848.390       12.108   206.3
1.9400      -309836.285  -309848.631       12.346   210.4
1.9500      -309836.284  -309848.771       12.487   212.8
1.9600      -309836.285  -309848.914       12.629   215.2
1.9700      -309836.285  -309848.934       12.648   215.5
1.9800      -309836.281  -309849.043       12.762   217.5
1.9900      -309836.277  -309848.686       12.410   211.5
2.0000      -309836.283  -309849.540       13.257   225.9
2.0100      -309836.282  -309848.983       12.701   216.4
2.0200      -309836.281  -309848.704       12.424   211.7
2.0300      -309836.292  -309849.454       13.162   224.3
2.0400      -309836.290  -309848.469       12.179   207.5
2.0500      -309836.285  -309848.416       12.132   206.7
2.0600      -309836.284  -309848.767       12.483   212.7
2.0700      -309836.286  -309848.812       12.527   213.5
2.0800      -309836.288  -309849.023       12.735   217.0
2.0900      -309836.281  -309848.582       12.300   209.6
2.1000      -309836.289  -309849.271       12.981   221.2
2.1100      -309836.289  -309848.845       12.556   214.0
2.1200      -309836.285  -309848.492       12.207   208.0
2.1300      -309836.283  -309848.191       11.908   202.9
2.1400      -309836.283  -309847.952       11.669   198.8
2.1500      -309836.287  -309848.892       12.606   214.8
2.1600      -309836.285  -309848.649       12.364   210.7
2.1700      -309836.286  -309848.107       11.821   201.4
2.1800      -309836.286  -309848.071       11.785   200.8
2.1900      -309836.283  -309847.842       11.559   197.0
2.2000      -309836.291  -309848.477       12.187   207.7
2.2100      -309836.292  -309848.168       11.876   202.4
2.2200      -309836.285  -309847.852       11.568   197.1
2.2300      -309836.283  -309847.929       11.646   198.5
2.2400      -309836.287  -309848.002       11.714   199.6
2.2500      -309836.284  -309848.141       11.857   202.0
2.2600      -309836.283  -309848.337       12.054   205.4
2.2700      -309836.284  -309848.845       12.561   214.1
2.2800      -309836.282  -309848.779       12.497   213.0
2.2900      -309836.283  -309849.447       13.163   224.3
2.3000      -309836.287  -309849.137       12.850   219.0
2.3100      -309836.291  -309848.398       12.107   206.3
2.3200      -309836.288  -309848.528       12.239   208.6
2.3300      -309836.281  -309848.283       12.001   204.5
2.3400      -309836.285  -309848.159       11.874   202.3
2.3500      -309836.284  -309847.688       11.404   194.3
2.3600      -309836.281  -309848.430       12.149   207.0
2.3700      -309836.282  -309848.363       12.081   205.9
2.3800      -309836.286  -309848.630       12.344   210.4
2.3900      -309836.281  -309848.186       11.905   202.9
2.4000      -309836.285  -309848.517       12.232   208.4
2.4100      -309836.290  -309848.288       11.998   204.5
2.4200      -309836.293  -309848.416       12.123   206.6
2.4300      -309836.283  -309848.144       11.861   202.1
2.4400      -309836.282  -309848.273       11.991   204.3
2.4500      -309836.281  -309847.503       11.222   191.2
2.4600      -309836.285  -309847.704       11.418   194.6
2.4700      -309836.285  -309847.835       11.550   196.8
2.4800      -309836.289  -309848.357       12.068   205.6
2.4900      -309836.289  -309848.594       12.304   209.7
2.5000      -309836.283  -309848.575       12.292   209.5
2.5100      -309836.285  -309848.537       12.253   208.8
2.5200      -309836.287  -309848.403       12.116   206.5
2.5300      -309836.289  -309849.031       12.743   217.1
2.5400      -309836.287  -309848.496       12.209   208.0
2.5500      -309836.291  -309848.666       12.375   210.9
2.5600      -309836.289  -309848.669       12.379   211.0
2.5700      -309836.286  -309848.926       12.640   215.4
2.5800      -309836.288  -309848.854       12.566   214.1
2.5900      -309836.288  -309849.019       12.731   216.9
2.6000      -309836.286  -309849.058       12.772   217.6
2.6100      -309836.285  -309848.494       12.208   208.0
2.6200      -309836.286  -309848.441       12.155   207.1
2.6300      -309836.282  -309848.331       12.049   205.3
2.6400      -309836.281  -309848.276       11.995   204.4
2.6500      -309836.284  -309847.954       11.670   198.9
2.6600      -309836.287  -309848.358       12.071   205.7
2.6700      -309836.288  -309848.320       12.032   205.0
2.6800      -309836.286  -309848.025       11.739   200.0
2.6900      -309836.286  -309848.205       11.919   203.1
2.7000      -309836.287  -309849.243       12.955   220.8
2.7100      -309836.289  -309849.745       13.457   229.3
2.7200      -309836.287  -309849.093       12.806   218.2
2.7300      -309836.281  -309848.476       12.195   207.8
2.7400      -309836.283  -309848.667       12.384   211.0
2.7500      -309836.285  -309848.616       12.331   210.1
2.7600      -309836.288  -309848.829       12.541   213.7
2.7700      -309836.286  -309848.776       12.490   212.8
2.7800      -309836.289  -309848.789       12.500   213.0
2.7900      -309836.293  -309848.665       12.372   210.8
2.8000      -309836.285  -309848.717       12.431   211.8
2.8100      -309836.280  -309848.346       12.067   205.6
2.8200      -309836.282  -309847.546       11.264   191.9
2.8300      -309836.286  -309847.638       11.352   193.4
2.8400      -309836.284  -309847.584       11.300   192.6
2.8500      -309836.294  -309848.927       12.633   215.3
2.8600      -309836.287  -309848.233       11.946   203.6
2.8700      -309836.287  -309848.232       11.944   203.5
2.8800      -309836.288  -309848.038       11.749   200.2
2.8900      -309836.294  -309848.553       12.260   208.9
2.9000      -309836.293  -309848.437       12.144   206.9
2.9100      -309836.287  -309848.103       11.816   201.3
2.9200      -309836.288  -309848.173       11.885   202.5
2.9300      -309836.287  -309848.021       11.734   200.0
2.9400      -309836.285  -309848.277       11.992   204.3
2.9500      -309836.287  -309848.563       12.277   209.2
2.9600      -309836.293  -309848.874       12.581   214.4
2.9700      -309836.293  -309848.890       12.597   214.7
2.9800      -309836.289  -309849.012       12.722   216.8
2.9900      -309836.284  -309847.904       11.620   198.0
3.0000      -309836.285  -309847.939       11.654   198.6
3.0100      -309836.283  -309848.012       11.729   199.9
3.0200      -309836.284  -309848.521       12.237   208.5
3.0300      -309836.287  -309848.950       12.663   215.8
3.0400      -309836.287  -309848.975       12.688   216.2
3.0500      -309836.281  -309848.245       11.964   203.9
3.0600      -309836.286  -309848.186       11.900   202.8
3.0700      -309836.286  -309848.322       12.036   205.1
3.0800      -309836.284  -309848.576       12.292   209.5
3.0900      -309836.285  -309848.417       12.133   206.7
3.1000      -309836.286  -309848.663       12.376   210.9
3.1100      -309836.284  -309848.660       12.376   210.9
3.1200      -309836.288  -309849.260       12.972   221.1
3.1300      -309836.289  -309848.797       12.507   213.1
3.1400      -309836.289  -309848.358       12.069   205.7
3.1500      -309836.289  -309848.130       11.841   201.8
3.1600      -309836.291  -309847.970       11.679   199.0
3.1700      -309836.297  -309848.972       12.675   216.0
3.1800      -309836.287  -309848.495       12.207   208.0
3.1900      -309836.280  -309847.703       11.424   194.7
3.2000      -309836.288  -309847.999       11.711   199.6
3.2100      -309836.292  -309848.265       11.974   204.0
3.2200      -309836.284  -309847.505       11.221   191.2
3.2300      -309836.288  -309848.331       12.043   205.2
3.2400      -309836.288  -309848.530       12.242   208.6
3.2500      -309836.286  -309848.464       12.179   207.5
3.2600      -309836.285  -309848.485       12.199   207.9
3.2700      -309836.290  -309849.001       12.710   216.6
3.2800      -309836.282  -309847.903       11.621   198.0
3.2900      -309836.286  -309848.267       11.981   204.2
3.3000      -309836.285  -309848.097       11.812   201.3
3.3100      -309836.289  -309848.207       11.918   203.1
3.3200      -309836.289  -309848.247       11.959   203.8
3.3300      -309836.289  -309847.886       11.597   197.6
3.3400      -309836.294  -309847.990       11.696   199.3
3.3500      -309836.294  -309848.070       11.776   200.7
3.3600      -309836.295  -309848.217       11.922   203.2
3.3700      -309836.293  -309848.167       11.874   202.3
3.3800      -309836.288  -309847.968       11.680   199.0
3.3900      -309836.288  -309848.461       12.173   207.4
3.4000      -309836.289  -309848.584       12.295   209.5
3.4100      -309836.292  -309849.340       13.048   222.3
3.4200      -309836.289  -309848.974       12.685   216.2
3.4300      -309836.289  -309849.123       12.835   218.7
3.4400      -309836.289  -309849.534       13.245   225.7
3.4500      -309836.284  -309848.698       12.414   211.5
3.4600      -309836.282  -309848.705       12.423   211.7
3.4700      -309836.290  -309848.841       12.551   213.9
3.4800      -309836.295  -309849.279       12.983   221.2
3.4900      -309836.285  -309848.635       12.350   210.4
3.5000      -309836.288  -309849.053       12.765   217.5
3.5100      -309836.294  -309849.268       12.974   221.1
3.5200      -309836.294  -309849.029       12.735   217.0
3.5300      -309836.295  -309848.810       12.515   213.3
3.5400      -309836.295  -309848.587       12.292   209.5
3.5500      -309836.289  -309848.553       12.264   209.0
3.5600      -309836.286  -309848.957       12.671   215.9
3.5700      -309836.289  -309848.748       12.460   212.3
3.5800      -309836.293  -309848.841       12.549   213.8
3.5900      -309836.289  -309849.116       12.827   218.6
3.6000      -309836.289  -309850.133       13.845   235.9
3.6100      -309836.290  -309849.710       13.420   228.7
3.6200      -309836.286  -309849.040       12.754   217.3
3.6300      -309836.285  -309850.053       13.769   234.6
3.6400      -309836.289  -309849.851       13.563   231.1
3.6500      -309836.291  -309849.532       13.241   225.6
3.6600      -309836.293  -309849.942       13.650   232.6
3.6700      -309836.285  -309848.963       12.677   216.0
3.6800      -309836.288  -309848.896       12.608   214.8
3.6900      -309836.290  -309849.139       12.849   218.9
3.7000      -309836.294  -309849.629       13.335   227.2
3.7100      -309836.293  -309849.270       12.977   221.1
3.7200      -309836.294  -309849.265       12.971   221.0
3.7300      -309836.286  -309848.919       12.633   215.3
3.7400      -309836.290  -309849.654       13.364   227.7
3.7500      -309836.294  -309849.562       13.268   226.1
3.7600      -309836.293  -309849.419       13.126   223.7
3.7700      -309836.295  -309849.711       13.416   228.6
3.7800      -309836.290  -309848.632       12.342   210.3
3.7900      -309836.296  -309849.478       13.182   224.6
3.8000      -309836.292  -309849.648       13.356   227.6
3.8100      -309836.289  -309849.482       13.193   224.8
3.8200      -309836.290  -309849.516       13.226   225.4
3.8300      -309836.288  -309849.174       12.886   219.6
3.8400      -309836.291  -309849.193       12.903   219.9
3.8500      -309836.293  -309849.245       12.953   220.7
3.8600      -309836.302  -309850.569       14.267   243.1
3.8700      -309836.297  -309849.665       13.368   227.8
3.8800      -309836.294  -309848.816       12.521   213.4
3.8900      -309836.291  -309848.607       12.315   209.9
3.9000      -309836.292  -309849.262       12.969   221.0
3.9100      -309836.294  -309849.665       13.371   227.8
3.9200      -309836.295  -309849.446       13.151   224.1
3.9300      -309836.295  -309849.366       13.070   222.7
3.9400      -309836.289  -309849.118       12.829   218.6
3.9500      -309836.293  -309849.709       13.415   228.6
3.9600      -309836.291  -309849.763       13.471   229.6
3.9700      -309836.285  -309849.320       13.035   222.1
3.9800      -309836.284  -309848.690       12.407   211.4
3.9900      -309836.293  -309849.800       13.507   230.2
4.0000      -309836.287  -309849.270       12.982   221.2
4.0100      -309836.285  -309848.770       12.484   212.7
4.0200      -309836.292  -309848.784       12.492   212.9
4.0300      -309836.292  -309848.967       12.675   216.0
4.0400      -309836.293  -309849.774       13.482   229.7
4.0500      -309836.288  -309848.965       12.678   216.0
4.0600      -309836.293  -309849.399       13.106   223.3
4.0700      -309836.289  -309848.570       12.281   209.3
4.0800      -309836.292  -309848.669       12.377   210.9
4.0900      -309836.299  -309849.480       13.181   224.6
4.1000      -309836.294  -309849.009       12.716   216.7
4.1100      -309836.294  -309849.232       12.938   220.5
4.1200      -309836.295  -309849.219       12.924   220.2
4.1300      -309836.296  -309849.279       12.983   221.2
4.1400      -309836.292  -309849.126       12.835   218.7
4.1500      -309836.296  -309848.993       12.697   216.4
4.1600      -309836.294  -309848.794       12.501   213.0
4.1700      -309836.288  -309848.431       12.143   206.9
4.1800      -309836.292  -309848.941       12.649   215.5
4.1900      -309836.290  -309848.905       12.614   215.0
4.2000      -309836.292  -309849.028       12.736   217.0
4.2100      -309836.289  -309848.703       12.413   211.5
4.2200      -309836.296  -309848.608       12.312   209.8
4.2300      -309836.301  -309848.871       12.570   214.2
4.2400      -309836.298  -309848.925       12.626   215.2
4.2500      -309836.296  -309848.816       12.520   213.4
4.2600      -309836.291  -309848.512       12.221   208.3
4.2700      -309836.285  -309848.842       12.556   214.0
4.2800      -309836.286  -309848.510       12.224   208.3
4.2900      -309836.297  -309848.738       12.442   212.0
4.3000      -309836.296  -309848.316       12.020   204.8
4.3100      -309836.293  -309848.038       11.746   200.2
4.3200      -309836.294  -309848.650       12.355   210.5
4.3300      -309836.298  -309848.836       12.538   213.6
4.3400      -309836.293  -309848.169       11.876   202.4
4.3500      -309836.291  -309848.496       12.205   208.0
4.3600      -309836.292  -309848.677       12.385   211.0
4.3700      -309836.288  -309848.173       11.885   202.5
4.3800      -309836.291  -309848.342       12.051   205.4
4.3900      -309836.295  -309848.796       12.501   213.0
4.4000      -309836.296  -309848.754       12.458   212.3
4.4100      -309836.292  -309848.116       11.824   201.5
4.4200      -309836.292  -309848.006       11.714   199.6
4.4300      -309836.301  -309848.629       12.329   210.1
4.4400      -309836.302  -309848.489       12.188   207.7
4.4500      -309836.297  -309848.316       12.018   204.8
4.4600      -309836.295  -309848.335       12.040   205.2
4.4700      -309836.292  -309848.229       11.937   203.4
4.4800      -309836.291  -309848.396       12.105   206.3
4.4900      -309836.286  -309848.024       11.737   200.0
4.5000      -309836.296  -309849.135       12.839   218.8
4.5100      -309836.295  -309848.791       12.496   212.9
4.5200      -309836.298  -309849.259       12.961   220.9
4.5300      -309836.293  -309848.873       12.580   214.4
4.5400      -309836.296  -309849.831       13.535   230.6
4.5500      -309836.290  -309849.238       12.948   220.6
4.5600      -309836.292  -309848.765       12.474   212.6
4.5700      -309836.296  -309849.220       12.923   220.2
4.5800      -309836.291  -309848.778       12.487   212.8
4.5900      -309836.295  -309849.230       12.935   220.4
4.6000      -309836.296  -309849.060       12.764   217.5
4.6100      -309836.298  -309849.164       12.865   219.2
4.6200      -309836.298  -309849.599       13.301   226.6
4.6300      -309836.296  -309849.730       13.434   228.9
4.6400      -309836.291  -309848.843       12.552   213.9
4.6500      -309836.297  -309849.492       13.196   224.9
4.6600      -309836.294  -309849.113       12.819   218.4
4.6700      -309836.294  -309848.905       12.611   214.9
4.6800      -309836.293  -309848.675       12.382   211.0
4.6900      -309836.296  -309849.310       13.013   221.8
4.7000      -309836.292  -309848.559       12.267   209.0
4.7100      -309836.288  -309848.573       12.285   209.3
4.7200      -309836.296  -309849.594       13.298   226.6
4.7300      -309836.298  -309849.390       13.092   223.1
4.7400      -309836.293  -309848.966       12.673   216.0
4.7500      -309836.293  -309849.207       12.914   220.1
4.7600      -309836.299  -309849.650       13.351   227.5
4.7700      -309836.302  -309849.039       12.737   217.1
4.7800      -309836.301  -309848.727       12.426   211.7
4.7900      -309836.297  -309848.903       12.605   214.8
4.8000      -309836.291  -309848.726       12.435   211.9
4.8100      -309836.292  -309848.921       12.628   215.2
4.8200      -309836.293  -309848.790       12.496   212.9
4.8300      -309836.288  -309848.363       12.074   205.8
4.8400      -309836.297  -309848.893       12.596   214.6
4.8500      -309836.303  -309849.310       13.007   221.6
4.8600      -309836.299  -309849.135       12.836   218.7
4.8700      -309836.292  -309848.970       12.678   216.0
4.8800      -309836.298  -309849.630       13.332   227.2
4.8900      -309836.301  -309848.622       12.321   210.0
4.9000      -309836.305  -309849.002       12.697   216.4
4.9100      -309836.296  -309848.591       12.295   209.5
4.9200      -309836.291  -309848.674       12.383   211.0
4.9300      -309836.289  -309848.608       12.319   209.9
4.9400      -309836.302  -309849.217       12.914   220.1
4.9500      -309836.304  -309849.220       12.916   220.1
4.9600      -309836.291  -309848.967       12.675   216.0
4.9700      -309836.294  -309849.279       12.984   221.3
4.9800      -309836.294  -309849.139       12.845   218.9
4.9900      -309836.292  -309848.769       12.477   212.6
5.0000      -309836.294  -309849.161       12.866   219.2
5.0100      -309836.295  -309848.999       12.704   216.5
5.0200      -309836.305  -309849.422       13.117   223.5
5.0300      -309836.297  -309849.188       12.891   219.7
5.0400      -309836.293  -309848.580       12.287   209.4
5.0500      -309836.304  -309848.920       12.616   215.0
5.0600      -309836.307  -309849.277       12.970   221.0
5.0700      -309836.298  -309849.191       12.893   219.7
5.0800      -309836.301  -309849.632       13.331   227.2
5.0900      -309836.304  -309849.039       12.735   217.0
5.1000      -309836.303  -309848.969       12.665   215.8
5.1100      -309836.292  -309848.567       12.275   209.2
5.1200      -309836.290  -309848.368       12.078   205.8
5.1300      -309836.298  -309848.782       12.484   212.7
5.1400      -309836.301  -309848.359       12.058   205.5
5.1500      -309836.297  -309848.340       12.043   205.2
5.1600      -309836.294  -309847.965       11.671   198.9
5.1700      -309836.298  -309848.155       11.857   202.0
5.1800      -309836.294  -309847.846       11.552   196.9
5.1900      -309836.293  -309847.846       11.553   196.9
5.2000      -309836.298  -309848.212       11.914   203.0
5.2100      -309836.303  -309848.719       12.415   211.6
5.2200      -309836.305  -309848.471       12.166   207.3
5.2300      -309836.304  -309848.357       12.052   205.4
5.2400      -309836.300  -309848.299       11.999   204.5
5.2500      -309836.305  -309848.766       12.461   212.3
5.2600      -309836.306  -309848.761       12.455   212.2
5.2700      -309836.302  -309848.700       12.398   211.3
5.2800      -309836.299  -309848.006       11.707   199.5
5.2900      -309836.300  -309848.368       12.068   205.6
5.3000      -309836.301  -309849.308       13.008   221.7
5.3100      -309836.296  -309848.744       12.448   212.1
5.3200      -309836.300  -309848.510       12.210   208.1
5.3300      -309836.302  -309848.286       11.984   204.2
5.3400      -309836.300  -309848.317       12.017   204.8
5.3500      -309836.301  -309848.388       12.087   206.0
5.3600      -309836.304  -309848.806       12.501   213.0
5.3700      -309836.299  -309848.581       12.283   209.3
5.3800      -309836.301  -309849.465       13.163   224.3
5.3900      -309836.302  -309849.460       13.158   224.2
5.4000      -309836.297  -309848.583       12.286   209.4
5.4100      -309836.299  -309848.504       12.205   208.0
5.4200      -309836.310  -309849.953       13.644   232.5
5.4300      -309836.305  -309849.299       12.994   221.4
5.4400      -309836.306  -309849.605       13.299   226.6
5.4500      -309836.297  -309848.920       12.623   215.1
5.4600      -309836.294  -309849.486       13.193   224.8
5.4700      -309836.297  -309849.634       13.337   227.3
5.4800      -309836.299  -309849.944       13.645   232.5
5.4900      -309836.299  -309849.901       13.601   231.8
5.5000      -309836.300  -309849.634       13.335   227.2
5.5100      -309836.301  -309849.693       13.392   228.2
5.5200      -309836.291  -309849.118       12.828   218.6
5.5300      -309836.298  -309849.911       13.613   232.0
5.5400      -309836.310  -309849.748       13.438   229.0
5.5500      -309836.313  -309849.359       13.046   222.3
5.5600      -309836.308  -309849.542       13.234   225.5
5.5700      -309836.305  -309849.914       13.609   231.9
5.5800      -309836.298  -309848.969       12.671   215.9
5.5900      -309836.293  -309848.750       12.458   212.3
5.6000      -309836.291  -309849.182       12.891   219.7
5.6100      -309836.299  -309849.928       13.629   232.2
5.6200      -309836.303  -309849.293       12.991   221.4
5.6300      -309836.312  -309849.383       13.071   222.7
5.6400      -309836.310  -309849.090       12.781   217.8
5.6500      -309836.300  -309848.716       12.416   211.6
5.6600      -309836.294  -309848.586       12.292   209.5
5.6700      -309836.287  -309848.676       12.389   211.1
5.6800      -309836.290  -309848.781       12.492   212.9
5.6900      -309836.304  -309848.920       12.616   215.0
5.7000      -309836.307  -309849.238       12.931   220.4
5.7100      -309836.300  -309849.359       13.059   222.5
5.7200      -309836.302  -309849.732       13.430   228.8
5.7300      -309836.302  -309849.787       13.485   229.8
5.7400      -309836.300  -309849.467       13.167   224.4
5.7500      -309836.298  -309849.208       12.910   220.0
5.7600      -309836.302  -309849.675       13.373   227.9
5.7700      -309836.301  -309849.802       13.501   230.1
5.7800      -309836.301  -309850.197       13.896   236.8
5.7900      -309836.302  -309850.071       13.769   234.6
5.8000      -309836.296  -309849.512       13.216   225.2
5.8100      -309836.307  -309849.977       13.671   233.0
5.8200      -309836.309  -309850.014       13.705   233.5
5.8300      -309836.305  -309849.871       13.565   231.2
5.8400      -309836.302  -309849.714       13.412   228.5
5.8500      -309836.297  -309850.181       13.884   236.6
5.8600      -309836.293  -309850.065       13.772   234.7
5.8700      -309836.294  -309849.342       13.048   222.3
5.8800      -309836.306  -309850.337       14.031   239.1
5.8900      -309836.307  -309849.766       13.460   229.4
5.9000      -309836.310  -309849.950       13.641   232.4
5.9100      -309836.306  -309849.697       13.391   228.2
5.9200      -309836.295  -309849.268       12.972   221.1
5.9300      -309836.290  -309849.246       12.956   220.8
5.9400      -309836.297  -309849.152       12.855   219.1
5.9500      -309836.307  -309849.626       13.319   227.0
5.9600      -309836.309  -309849.866       13.557   231.0
5.9700      -309836.308  -309849.129       12.822   218.5
5.9800      -309836.310  -309849.166       12.856   219.1
5.9900      -309836.303  -309848.736       12.433   211.9
6.0000      -309836.303  -309849.624       13.321   227.0
6.0100      -309836.303  -309849.533       13.230   225.4
6.0200      -309836.303  -309848.768       12.465   212.4
6.0300      -309836.304  -309848.972       12.668   215.9
6.0400      -309836.304  -309848.943       12.639   215.4
6.0500      -309836.309  -309849.600       13.292   226.5
6.0600      -309836.305  -309849.449       13.145   224.0
6.0700      -309836.296  -309848.978       12.682   216.1
6.0800      -309836.302  -309849.649       13.347   227.4
6.0900      -309836.302  -309849.194       12.892   219.7
6.1000      -309836.299  -309849.118       12.819   218.4
6.1100      -309836.295  -309849.848       13.553   231.0
6.1200      -309836.289  -309849.240       12.950   220.7
6.1300      -309836.299  -309849.405       13.106   223.3
6.1400      -309836.305  -309848.859       12.555   213.9
6.1500      -309836.307  -309849.161       12.853   219.0
6.1600      -309836.307  -309849.311       13.004   221.6
6.1700      -309836.300  -309848.904       12.604   214.8
6.1800      -309836.297  -309849.230       12.933   220.4
6.1900      -309836.295  -309849.312       13.018   221.8
6.2000      -309836.302  -309849.572       13.270   226.1
6.2100      -309836.301  -309849.273       12.972   221.0
6.2200      -309836.302  -309849.256       12.954   220.7
6.2300      -309836.306  -309849.773       13.467   229.5
6.2400      -309836.305  -309848.864       12.560   214.0
6.2500      -309836.306  -309848.462       12.156   207.1
6.2600      -309836.310  -309849.428       13.118   223.5
6.2700      -309836.303  -309849.217       12.913   220.1
6.2800      -309836.301  -309849.067       12.766   217.5
6.2900      -309836.299  -309848.594       12.295   209.5
6.3000      -309836.298  -309848.656       12.358   210.6
6.3100      -309836.298  -309849.135       12.837   218.8
6.3200      -309836.297  -309849.225       12.928   220.3
6.3300      -309836.294  -309848.610       12.316   209.9
6.3400      -309836.300  -309848.933       12.633   215.3
6.3500      -309836.302  -309848.994       12.692   216.3
6.3600      -309836.302  -309849.385       13.083   222.9
6.3700      -309836.301  -309848.806       12.505   213.1
6.3800      -309836.311  -309850.089       13.779   234.8
6.3900      -309836.304  -309849.121       12.817   218.4
6.4000      -309836.298  -309848.284       11.986   204.2
6.4100      -309836.301  -309848.932       12.630   215.2
6.4200      -309836.305  -309848.609       12.304   209.7
6.4300      -309836.310  -309848.741       12.431   211.8
6.4400      -309836.312  -309849.150       12.838   218.8
6.4500      -309836.306  -309848.868       12.562   214.1
6.4600      -309836.299  -309849.357       13.058   222.5
6.4700      -309836.290  -309848.443       12.152   207.1
6.4800      -309836.295  -309848.674       12.378   210.9
6.4900      -309836.304  -309848.631       12.326   210.0
6.5000      -309836.306  -309848.199       11.893   202.7
6.5100      -309836.304  -309849.131       12.826   218.6
6.5200      -309836.300  -309849.025       12.725   216.8
6.5300      -309836.304  -309849.384       13.080   222.9
6.5400      -309836.297  -309848.972       12.675   216.0
6.5500      -309836.290  -309849.213       12.924   220.2
6.5600      -309836.295  -309849.413       13.118   223.5
6.5700      -309836.310  -309850.015       13.705   233.5
6.5800      -309836.314  -309849.597       13.284   226.4
6.5900      -309836.312  -309849.233       12.921   220.2
6.6000      -309836.302  -309848.311       12.009   204.6
6.6100      -309836.298  -309848.972       12.674   216.0
6.6200      -309836.294  -309848.962       12.667   215.9
6.6300      -309836.300  -309848.841       12.541   213.7
6.6400      -309836.308  -309849.312       13.004   221.6
6.6500      -309836.310  -309849.511       13.201   225.0
6.6600      -309836.306  -309849.681       13.376   227.9
6.6700      -309836.299  -309849.506       13.207   225.1
6.6800      -309836.296  -309849.226       12.930   220.3
6.6900      -309836.301  -309849.266       12.965   220.9
6.7000      -309836.302  -309849.176       12.874   219.4
6.7100      -309836.300  -309848.334       12.034   205.1
6.7200      -309836.309  -309849.628       13.319   227.0
6.7300      -309836.300  -309848.936       12.636   215.3
6.7400      -309836.301  -309849.165       12.864   219.2
6.7500      -309836.300  -309849.208       12.907   219.9
6.7600      -309836.297  -309848.839       12.542   213.7
6.7700      -309836.302  -309849.546       13.245   225.7
6.7800      -309836.307  -309849.188       12.882   219.5
6.7900      -309836.302  -309849.522       13.220   225.3
6.8000      -309836.292  -309848.770       12.478   212.6
6.8100      -309836.299  -309849.188       12.888   219.6
6.8200      -309836.301  -309848.791       12.491   212.8
6.8300      -309836.306  -309849.582       13.275   226.2
6.8400      -309836.310  -309850.152       13.841   235.9
6.8500      -309836.301  -309849.402       13.100   223.2
6.8600      -309836.299  -309849.517       13.218   225.2
6.8700      -309836.301  -309849.635       13.335   227.2
6.8800      -309836.300  -309849.525       13.225   225.4
6.8900      -309836.299  -309848.880       12.581   214.4
6.9000      -309836.307  -309849.702       13.395   228.3
6.9100      -309836.311  -309849.752       13.441   229.0
6.9200      -309836.309  -309849.920       13.611   231.9
6.9300      -309836.302  -309849.716       13.414   228.6
6.9400      -309836.294  -309849.174       12.880   219.5
6.9500      -309836.296  -309849.200       12.905   219.9
6.9600      -309836.301  -309849.063       12.762   217.5
6.9700      -309836.310  -309849.973       13.664   232.8
6.9800      -309836.306  -309849.714       13.409   228.5
6.9900      -309836.301  -309849.578       13.277   226.2
7.0000      -309836.309  -309849.801       13.492   229.9
7.0100      -309836.302  -309849.084       12.781   217.8
7.0200      -309836.305  -309849.742       13.437   229.0
7.0300      -309836.309  -309849.278       12.970   221.0
7.0400      -309836.310  -309849.314       13.004   221.6
7.0500      -309836.301  -309849.206       12.904   219.9
7.0600      -309836.298  -309848.860       12.562   214.1
7.0700      -309836.302  -309848.884       12.582   214.4
7.0800      -309836.306  -309849.047       12.741   217.1
7.0900      -309836.307  -309848.831       12.524   213.4
7.1000      -309836.305  -309849.162       12.857   219.1
7.1100      -309836.303  -309849.329       13.027   222.0
7.1200      -309836.299  -309849.001       12.702   216.5
7.1300      -309836.302  -309849.713       13.411   228.5
7.1400      -309836.303  -309849.270       12.967   221.0
7.1500      -309836.309  -309848.905       12.596   214.6
7.1600      -309836.318  -309849.738       13.421   228.7
7.1700      -309836.305  -309849.431       13.127   223.7
7.1800      -309836.294  -309849.548       13.254   225.8
7.1900      -309836.296  -309849.046       12.750   217.3
7.2000      -309836.303  -309849.148       12.845   218.9
7.2100      -309836.309  -309849.383       13.074   222.8
7.2200      -309836.314  -309849.126       12.812   218.3
7.2300      -309836.308  -309848.882       12.574   214.3
7.2400      -309836.303  -309848.610       12.307   209.7
7.2500      -309836.299  -309848.336       12.037   205.1
7.2600      -309836.299  -309848.564       12.265   209.0
7.2700      -309836.301  -309849.043       12.742   217.1
7.2800      -309836.301  -309849.642       13.341   227.3
7.2900      -309836.297  -309849.008       12.711   216.6
7.3000      -309836.303  -309849.025       12.722   216.8
7.3100      -309836.310  -309849.093       12.783   217.8
7.3200      -309836.306  -309849.329       13.023   221.9
7.3300      -309836.303  -309849.041       12.737   217.1
7.3400      -309836.301  -309849.282       12.980   221.2
7.3500      -309836.298  -309848.610       12.312   209.8
7.3600      -309836.310  -309849.338       13.028   222.0
7.3700      -309836.314  -309850.024       13.710   233.6
7.3800      -309836.305  -309849.247       12.943   220.5
7.3900      -309836.298  -309848.426       12.129   206.7
7.4000      -309836.306  -309848.799       12.493   212.9
7.4100      -309836.315  -309849.386       13.071   222.7
7.4200      -309836.309  -309849.228       12.920   220.2
7.4300      -309836.309  -309849.576       13.267   226.1
7.4400      -309836.307  -309848.979       12.672   215.9
7.4500      -309836.306  -309849.097       12.792   218.0
7.4600      -309836.299  -309848.727       12.427   211.8
7.4700      -309836.302  -309849.389       13.087   223.0
7.4800      -309836.305  -309849.950       13.645   232.5
7.4900      -309836.308  -309849.503       13.195   224.9
7.5000      -309836.306  -309848.427       12.121   206.5
7.5100      -309836.304  -309848.990       12.685   216.2
7.5200      -309836.302  -309849.160       12.858   219.1
7.5300      -309836.304  -309849.282       12.978   221.2
7.5400      -309836.305  -309849.276       12.971   221.0
7.5500      -309836.303  -309849.032       12.729   216.9
7.5600      -309836.308  -309849.513       13.205   225.0
7.5700      -309836.301  -309848.550       12.249   208.7
7.5800      -309836.298  -309848.558       12.260   208.9
7.5900      -309836.300  -309848.920       12.619   215.0
7.6000      -309836.305  -309848.819       12.514   213.2
7.6100      -309836.309  -309848.682       12.372   210.8
7.6200      -309836.313  -309849.142       12.829   218.6
7.6300      -309836.311  -309849.323       13.012   221.7
7.6400      -309836.312  -309849.231       12.919   220.1
7.6500      -309836.308  -309848.600       12.291   209.4
7.6600      -309836.305  -309848.940       12.636   215.3
7.6700      -309836.305  -309849.504       13.199   224.9
7.6800      -309836.305  -309849.165       12.859   219.1
7.6900      -309836.315  -309849.354       13.039   222.2
7.7000      -309836.315  -309848.694       12.380   211.0
7.7100      -309836.313  -309848.922       12.610   214.9
7.7200      -309836.302  -309848.543       12.241   208.6
7.7300      -309836.301  -309848.375       12.075   205.8
7.7400      -309836.310  -309849.451       13.141   223.9
7.7500      -309836.307  -309848.890       12.583   214.4
7.7600      -309836.301  -309848.618       12.317   209.9
7.7700      -309836.306  -309849.176       12.870   219.3
7.7800      -309836.310  -309848.844       12.534   213.6
7.7900      -309836.309  -309848.825       12.517   213.3
7.8000      -309836.301  -309848.230       11.929   203.3
7.8100      -309836.314  -309849.351       13.037   222.2
7.8200      -309836.314  -309849.052       12.738   217.1
7.8300      -309836.308  -309848.936       12.628   215.2
7.8400      -309836.306  -309849.066       12.760   217.4
7.8500      -309836.309  -309849.581       13.272   226.2
7.8600      -309836.307  -309848.872       12.565   214.1
7.8700      -309836.310  -309849.150       12.840   218.8
7.8800      -309836.304  -309849.223       12.919   220.1
7.8900      -309836.308  -309849.343       13.035   222.1
7.9000      -309836.321  -309849.628       13.307   226.8
7.9100      -309836.315  -309849.630       13.316   226.9
7.9200      -309836.299  -309849.364       13.065   222.6
7.9300      -309836.304  -309848.626       12.322   210.0
7.9400      -309836.321  -309848.859       12.539   213.7
7.9500      -309836.325  -309849.217       12.891   219.7
7.9600      -309836.313  -309848.688       12.375   210.9
7.9700      -309836.304  -309848.562       12.258   208.9
7.9800      -309836.307  -309849.287       12.980   221.2
7.9900      -309836.309  -309849.594       13.285   226.4
8.0000      -309836.306  -309849.278       12.972   221.0
8.0100      -309836.308  -309849.455       13.147   224.0
8.0200      -309836.309  -309849.382       13.073   222.8
8.0300      -309836.312  -309849.724       13.412   228.5
8.0400      -309836.305  -309849.485       13.181   224.6
8.0500      -309836.301  -309848.757       12.456   212.3
8.0600      -309836.310  -309849.312       13.002   221.6
8.0700      -309836.315  -309849.228       12.913   220.1
8.0800      -309836.316  -309849.500       13.183   224.6
8.0900      -309836.309  -309849.111       12.802   218.2
8.1000      -309836.306  -309848.725       12.419   211.6
8.1100      -309836.309  -309849.145       12.836   218.7
8.1200      -309836.318  -309849.603       13.285   226.4
8.1300      -309836.319  -309849.890       13.571   231.3
8.1400      -309836.314  -309849.667       13.353   227.5
8.1500      -309836.318  -309849.966       13.649   232.6
8.1600      -309836.318  -309849.646       13.328   227.1
8.1700      -309836.309  -309850.013       13.704   233.5
8.1800      -309836.303  -309849.800       13.497   230.0
8.1900      -309836.308  -309849.676       13.368   227.8
8.2000      -309836.310  -309849.708       13.398   228.3
8.2100      -309836.304  -309849.432       13.128   223.7
8.2200      -309836.298  -309849.098       12.800   218.1
8.2300      -309836.308  -309849.528       13.220   225.3
8.2400      -309836.312  -309849.566       13.254   225.9
8.2500      -309836.306  -309849.420       13.114   223.5
8.2600      -309836.303  -309849.699       13.396   228.3
8.2700      -309836.298  -309848.810       12.513   213.2
8.2800      -309836.305  -309849.073       12.767   217.6
8.2900      -309836.304  -309848.876       12.572   214.2
8.3000      -309836.311  -309849.687       13.376   227.9
8.3100      -309836.315  -309849.193       12.877   219.4
8.3200      -309836.320  -309849.456       13.136   223.8
8.3300      -309836.305  -309848.986       12.681   216.1
8.3400      -309836.296  -309848.430       12.134   206.8
8.3500      -309836.307  -309849.073       12.767   217.6
8.3600      -309836.302  -309848.789       12.487   212.8
8.3700      -309836.300  -309848.610       12.309   209.8
8.3800      -309836.311  -309849.783       13.472   229.6
8.3900      -309836.314  -309849.523       13.209   225.1
8.4000      -309836.312  -309849.388       13.075   222.8
8.4100      -309836.310  -309849.713       13.402   228.4
8.4200      -309836.311  -309849.120       12.809   218.3
8.4300      -309836.316  -309849.263       12.947   220.6
8.4400      -309836.313  -309849.327       13.014   221.8
8.4500      -309836.304  -309849.329       13.025   222.0
8.4600      -309836.304  -309848.971       12.667   215.8
8.4700      -309836.310  -309848.854       12.544   213.8
8.4800      -309836.305  -309849.051       12.747   217.2
8.4900      -309836.300  -309848.565       12.265   209.0
8.5000      -309836.313  -309849.152       12.839   218.8
8.5100      -309836.314  -309848.892       12.579   214.3
8.5200      -309836.306  -309849.046       12.740   217.1
8.5300      -309836.303  -309849.621       13.318   226.9
8.5400      -309836.306  -309849.704       13.398   228.3
8.5500      -309836.308  -309849.273       12.965   220.9
8.5600      -309836.303  -309849.274       12.972   221.0
8.5700      -309836.299  -309849.379       13.080   222.9
8.5800      -309836.300  -309849.284       12.984   221.3
8.5900      -309836.309  -309849.581       13.272   226.2
8.6000      -309836.314  -309849.168       12.853   219.0
8.6100      -309836.322  -309849.573       13.250   225.8
8.6200      -309836.314  -309849.366       13.052   222.4
8.6300      -309836.303  -309849.295       12.992   221.4
8.6400      -309836.301  -309849.957       13.657   232.7
8.6500      -309836.299  -309849.208       12.909   220.0
8.6600      -309836.308  -309849.345       13.036   222.1
8.6700      -309836.313  -309849.237       12.924   220.2
8.6800      -309836.323  -309850.156       13.832   235.7
8.6900      -309836.314  -309849.117       12.803   218.2
8.7000      -309836.304  -309848.809       12.504   213.1
8.7100      -309836.305  -309848.515       12.210   208.1
8.7200      -309836.304  -309848.815       12.511   213.2
8.7300      -309836.299  -309849.178       12.879   219.5
8.7400      -309836.310  -309849.006       12.696   216.3
8.7500      -309836.315  -309849.179       12.864   219.2
8.7600      -309836.310  -309849.315       13.005   221.6
8.7700      -309836.316  -309849.562       13.246   225.7
8.7800      -309836.319  -309849.601       13.282   226.3
8.7900      -309836.314  -309849.325       13.011   221.7
8.8000      -309836.307  -309848.744       12.437   211.9
8.8100      -309836.307  -309849.196       12.889   219.6
8.8200      -309836.308  -309849.349       13.041   222.2
8.8300      -309836.316  -309848.874       12.558   214.0
8.8400      -309836.320  -309849.271       12.952   220.7
8.8500      -309836.312  -309849.008       12.696   216.3
8.8600      -309836.306  -309848.659       12.353   210.5
8.8700      -309836.305  -309849.022       12.716   216.7
8.8800      -309836.315  -309849.580       13.266   226.1
8.8900      -309836.313  -309848.859       12.546   213.8
8.9000      -309836.305  -309848.926       12.621   215.1
8.9100      -309836.308  -309849.214       12.907   219.9
8.9200      -309836.316  -309849.923       13.607   231.9
8.9300      -309836.307  -309849.031       12.724   216.8
8.9400      -309836.306  -309848.467       12.161   207.2
8.9500      -309836.309  -309849.159       12.849   219.0
8.9600      -309836.318  -309849.388       13.070   222.7
8.9700      -309836.315  -309849.044       12.729   216.9
8.9800      -309836.304  -309848.150       11.846   201.9
8.9900      -309836.303  -309848.631       12.328   210.1
9.0000      -309836.311  -309849.215       12.903   219.9
9.0100      -309836.305  -309849.066       12.761   217.5
9.0200      -309836.306  -309849.716       13.410   228.5
9.0300      -309836.307  -309849.446       13.139   223.9
9.0400      -309836.305  -309849.074       12.769   217.6
9.0500      -309836.306  -309848.484       12.179   207.5
9.0600      -309836.313  -309849.155       12.842   218.8
9.0700      -309836.310  -309849.411       13.101   223.2
9.0800      -309836.315  -309849.718       13.402   228.4
9.0900      -309836.320  -309849.359       13.039   222.2
9.1000      -309836.323  -309849.379       13.055   222.5
9.1100      -309836.318  -309849.375       13.057   222.5
9.1200      -309836.310  -309849.077       12.767   217.6
9.1300      -309836.312  -309849.453       13.142   223.9
9.1400      -309836.311  -309849.586       13.276   226.2
9.1500      -309836.312  -309849.934       13.621   232.1
9.1600      -309836.310  -309849.899       13.589   231.6
9.1700      -309836.304  -309848.635       12.331   210.1
9.1800      -309836.310  -309848.612       12.301   209.6
9.1900      -309836.316  -309849.789       13.474   229.6
9.2000      -309836.308  -309849.188       12.879   219.5
9.2100      -309836.306  -309848.779       12.472   212.5
9.2200      -309836.310  -309849.200       12.890   219.7
9.2300      -309836.310  -309849.789       13.479   229.7
9.2400      -309836.304  -309850.087       13.782   234.9
9.2500      -309836.307  -309849.575       13.268   226.1
9.2600      -309836.312  -309849.132       12.821   218.5
9.2700      -309836.320  -309849.799       13.479   229.7
9.2800      -309836.309  -309848.912       12.603   214.8
9.2900      -309836.309  -309849.227       12.918   220.1
9.3000      -309836.314  -309849.229       12.915   220.1
9.3100      -309836.310  -309849.431       13.121   223.6
9.3200      -309836.296  -309848.749       12.453   212.2
9.3300      -309836.303  -309849.063       12.760   217.4
9.3400      -309836.308  -309848.935       12.627   215.2
9.3500      -309836.306  -309848.559       12.253   208.8
9.3600      -309836.305  -309849.003       12.698   216.4
9.3700      -309836.303  -309848.602       12.299   209.6
9.3800      -309836.307  -309849.010       12.703   216.5
9.3900      -309836.311  -309849.339       13.028   222.0
9.4000      -309836.311  -309849.071       12.760   217.4
9.4100      -309836.314  -309849.131       12.817   218.4
9.4200      -309836.316  -309848.763       12.447   212.1
9.4300      -309836.317  -309849.438       13.120   223.6
9.4400      -309836.312  -309850.026       13.714   233.7
9.4500      -309836.304  -309849.625       13.321   227.0
9.4600      -309836.304  -309849.064       12.760   217.4
9.4700      -309836.311  -309849.183       12.871   219.3
9.4800      -309836.312  -309849.526       13.214   225.2
9.4900      -309836.309  -309849.485       13.176   224.5
9.5000      -309836.307  -309849.462       13.155   224.2
9.5100      -309836.305  -309849.567       13.262   226.0
9.5200      -309836.302  -309848.874       12.573   214.2
9.5300      -309836.306  -309849.154       12.848   218.9
9.5400      -309836.314  -309848.966       12.652   215.6
9.5500      -309836.326  -309849.192       12.866   219.2
9.5600      -309836.325  -309849.310       12.985   221.3
9.5700      -309836.309  -309849.308       12.998   221.5
9.5800      -309836.308  -309849.624       13.315   226.9
9.5900      -309836.307  -309849.184       12.876   219.4
9.6000      -309836.307  -309849.078       12.771   217.6
9.6100      -309836.311  -309849.244       12.932   220.4
9.6200      -309836.309  -309849.052       12.743   217.1
9.6300      -309836.311  -309849.517       13.206   225.0
9.6400      -309836.307  -309848.773       12.466   212.4
9.6500      -309836.308  -309850.063       13.755   234.4
9.6600      -309836.302  -309849.317       13.015   221.8
9.6700      -309836.307  -309849.142       12.835   218.7
9.6800      -309836.320  -309849.838       13.518   230.4
9.6900      -309836.317  -309849.723       13.406   228.4
9.7000      -309836.312  -309849.460       13.149   224.1
9.7100      -309836.312  -309849.502       13.190   224.8
9.7200      -309836.317  -309849.451       13.134   223.8
9.7300      -309836.314  -309849.428       13.114   223.5
9.7400      -309836.303  -309849.094       12.791   218.0
9.7500      -309836.301  -309849.060       12.760   217.4
9.7600      -309836.305  -309849.065       12.760   217.4
9.7700      -309836.306  -309849.565       13.259   225.9
9.7800      -309836.311  -309849.930       13.619   232.1
9.7900      -309836.307  -309849.179       12.872   219.3
9.8000      -309836.310  -309849.218       12.908   220.0
9.8100      -309836.321  -309849.304       12.983   221.2
9.8200      -309836.318  -309849.225       12.907   219.9
9.8300      -309836.313  -309849.909       13.596   231.7
9.8400      -309836.308  -309849.781       13.473   229.6
9.8500      -309836.313  -309849.590       13.277   226.2
9.8600      -309836.322  -309849.886       13.565   231.2
9.8700      -309836.318  -309849.497       13.179   224.6
9.8800      -309836.317  -309850.135       13.819   235.5
9.8900      -309836.309  -309848.797       12.488   212.8
9.9000      -309836.310  -309849.133       12.823   218.5
9.9100      -309836.307  -309849.091       12.784   217.9
9.9200      -309836.313  -309849.170       12.856   219.1
9.9300      -309836.311  -309849.177       12.865   219.2
9.9400      -309836.302  -309848.976       12.673   216.0
9.9500      -309836.298  -309848.473       12.175   207.5
9.9600      -309836.309  -309849.158       12.850   219.0
9.9700      -309836.314  -309849.129       12.815   218.4
9.9800      -309836.320  -309849.287       12.966   221.0
9.9900      -309836.316  -309849.618       13.301   226.7
10.0000     -309836.303  -309849.421       13.118   223.5
