Time[ps]      Etot[eV]     Epot[eV]     Ekin[eV]    T[K]
0.0000      -270209.286  -270209.286        0.000     0.0
0.0100      -270209.312  -270212.642        3.330    63.6
0.0200      -270209.326  -270214.105        4.779    91.3
0.0300      -270209.334  -270215.110        5.776   110.3
0.0400      -270209.335  -270216.079        6.744   128.8
0.0500      -270209.335  -270216.126        6.791   129.7
0.0600      -270209.333  -270216.058        6.725   128.5
0.0700      -270209.328  -270215.884        6.556   125.2
0.0800      -270209.323  -270215.571        6.249   119.4
0.0900      -270209.322  -270216.037        6.715   128.3
0.1000      -270209.323  -270216.597        7.273   138.9
0.1100      -270209.322  -270216.764        7.442   142.2
0.1200      -270209.334  -270217.661        8.326   159.1
0.1300      -270209.337  -270217.094        7.757   148.2
0.1400      -270209.337  -270217.104        7.766   148.3
0.1500      -270209.342  -270216.761        7.419   141.7
0.1600      -270209.342  -270216.715        7.373   140.8
0.1700      -270209.345  -270216.981        7.636   145.9
0.1800      -270209.348  -270217.253        7.905   151.0
0.1900      -270209.349  -270217.346        7.997   152.8
0.2000      -270209.353  -270217.354        8.002   152.8
0.2100      -270209.351  -270217.891        8.540   163.1
0.2200      -270209.346  -270217.798        8.452   161.4
0.2300      -270209.343  -270217.793        8.450   161.4
0.2400      -270209.339  -270217.268        7.929   151.5
0.2500      -270209.339  -270217.687        8.348   159.5
0.2600      -270209.334  -270217.428        8.094   154.6
0.2700      -270209.326  -270217.459        8.134   155.4
0.2800      -270209.328  -270217.503        8.176   156.2
0.2900      -270209.328  -270217.994        8.666   165.5
0.3000      -270209.341  -270217.842        8.501   162.4
0.3100      -270209.345  -270218.180        8.836   168.8
0.3200      -270209.338  -270218.294        8.956   171.1
0.3300      -270209.336  -270218.280        8.944   170.8
0.3400      -270209.340  -270218.079        8.738   166.9
0.3500      -270209.335  -270217.440        8.105   154.8
0.3600      -270209.329  -270217.457        8.128   155.3
0.3700      -270209.332  -270217.626        8.294   158.4
0.3800      -270209.329  -270217.649        8.320   158.9
0.3900      -270209.327  -270218.064        8.737   166.9
0.4000      -270209.323  -270218.494        9.171   175.2
0.4100      -270209.331  -270218.590        9.258   176.8
0.4200      -270209.327  -270218.578        9.251   176.7
0.4300      -270209.333  -270218.602        9.269   177.1
0.4400      -270209.332  -270218.572        9.240   176.5
0.4500      -270209.328  -270218.547        9.219   176.1
0.4600      -270209.338  -270218.574        9.236   176.4
0.4700      -270209.327  -270218.397        9.070   173.3
0.4800      -270209.344  -270218.439        9.095   173.7
0.4900      -270209.333  -270218.370        9.037   172.6
0.5000      -270209.330  -270218.066        8.736   166.9
0.5100      -270209.331  -270217.974        8.643   165.1
0.5200      -270209.339  -270218.357        9.018   172.3
0.5300      -270209.336  -270218.617        9.281   177.3
0.5400      -270209.326  -270219.078        9.752   186.3
0.5500      -270209.344  -270219.522       10.178   194.4
0.5600      -270209.337  -270219.373       10.036   191.7
0.5700      -270209.330  -270219.287        9.957   190.2
0.5800      -270209.327  -270219.451       10.124   193.4
0.5900      -270209.326  -270219.567       10.241   195.6
0.6000      -270209.333  -270220.062       10.729   204.9
0.6100      -270209.326  -270220.085       10.758   205.5
0.6200      -270209.331  -270220.342       11.011   210.3
0.6300      -270209.335  -270220.539       11.204   214.0
0.6400      -270209.334  -270220.743       11.409   217.9
0.6500      -270209.335  -270220.955       11.620   222.0
0.6600      -270209.337  -270221.170       11.833   226.0
0.6700      -270209.334  -270220.435       11.101   212.1
0.6800      -270209.332  -270220.394       11.062   211.3
0.6900      -270209.330  -270220.200       10.870   207.6
0.7000      -270209.335  -270220.463       11.128   212.6
0.7100      -270209.339  -270220.501       11.162   213.2
0.7200      -270209.336  -270219.808       10.471   200.0
0.7300      -270209.337  -270219.914       10.577   202.0
0.7400      -270209.335  -270220.222       10.887   208.0
0.7500      -270209.330  -270220.376       11.046   211.0
0.7600      -270209.333  -270220.305       10.972   209.6
0.7700      -270209.336  -270219.637       10.302   196.8
0.7800      -270209.327  -270219.189        9.862   188.4
0.7900      -270209.328  -270219.631       10.303   196.8
0.8000      -270209.333  -270219.836       10.503   200.6
0.8100      -270209.328  -270219.760       10.432   199.3
0.8200      -270209.333  -270220.067       10.734   205.0
0.8300      -270209.331  -270220.066       10.736   205.1
0.8400      -270209.333  -270220.484       11.151   213.0
0.8500      -270209.334  -270220.200       10.867   207.6
0.8600      -270209.333  -270220.106       10.772   205.8
0.8700      -270209.333  -270220.219       10.886   207.9
0.8800      -270209.345  -270220.966       11.621   222.0
0.8900      -270209.335  -270221.027       11.692   223.3
0.9000      -270209.350  -270221.321       11.971   228.7
0.9100      -270209.346  -270220.751       11.405   217.9
0.9200      -270209.336  -270220.348       11.011   210.3
0.9300      -270209.333  -270220.416       11.084   211.7
0.9400      -270209.328  -270219.943       10.614   202.8
0.9500      -270209.329  -270220.131       10.802   206.3
0.9600      -270209.330  -270220.116       10.786   206.0
0.9700      -270209.333  -270220.320       10.987   209.9
0.9800      -270209.336  -270220.624       11.288   215.6
0.9900      -270209.336  -270220.672       11.337   216.6
1.0000      -270209.334  -270220.722       11.388   217.5
1.0100      -270209.336  -270220.866       11.530   220.2
1.0200      -270209.338  -270220.524       11.186   213.7
1.0300      -270209.340  -270220.668       11.328   216.4
1.0400      -270209.340  -270220.711       11.372   217.2
1.0500      -270209.339  -270220.059       10.720   204.8
1.0600      -270209.341  -270220.358       11.016   210.4
1.0700      -270209.342  -270220.720       11.378   217.3
1.0800      -270209.344  -270220.712       11.369   217.2
1.0900      -270209.341  -270220.300       10.959   209.3
1.1000      -270209.340  -270219.895       10.555   201.6
1.1100      -270209.342  -270220.160       10.817   206.6
1.1200      -270209.345  -270220.019       10.675   203.9
1.1300      -270209.346  -270220.212       10.867   207.6
1.1400      -270209.337  -270220.493       11.156   213.1
1.1500      -270209.329  -270220.222       10.893   208.1
1.1600      -270209.332  -270219.999       10.667   203.8
1.1700      -270209.339  -270220.046       10.707   204.5
1.1800      -270209.338  -270219.386       10.048   191.9
1.1900      -270209.337  -270219.621       10.284   196.4
1.2000      -270209.337  -270219.565       10.228   195.4
1.2100      -270209.336  -270219.906       10.570   201.9
1.2200      -270209.330  -270220.237       10.907   208.4
1.2300      -270209.335  -270220.324       10.988   209.9
1.2400      -270209.347  -270220.411       11.064   211.4
1.2500      -270209.349  -270220.689       11.340   216.6
1.2600      -270209.343  -270220.975       11.632   222.2
1.2700      -270209.337  -270220.642       11.305   215.9
1.2800      -270209.334  -270220.137       10.803   206.4
1.2900      -270209.334  -270220.117       10.783   206.0
1.3000      -270209.329  -270220.128       10.799   206.3
1.3100      -270209.330  -270220.220       10.890   208.0
1.3200      -270209.335  -270220.118       10.783   206.0
1.3300      -270209.337  -270219.614       10.277   196.3
1.3400      -270209.341  -270219.523       10.182   194.5
1.3500      -270209.343  -270220.055       10.711   204.6
1.3600      -270209.345  -270220.181       10.836   207.0
1.3700      -270209.346  -270220.367       11.021   210.5
1.3800      -270209.344  -270220.455       11.111   212.2
1.3900      -270209.344  -270220.910       11.566   220.9
1.4000      -270209.343  -270220.830       11.487   219.4
1.4100      -270209.341  -270220.539       11.198   213.9
1.4200      -270209.335  -270219.747       10.412   198.9
1.4300      -270209.334  -270220.230       10.896   208.1
1.4400      -270209.332  -270220.505       11.173   213.4
1.4500      -270209.332  -270220.613       11.281   215.5
1.4600      -270209.335  -270220.668       11.333   216.5
1.4700      -270209.339  -270220.283       10.945   209.1
1.4800      -270209.341  -270219.854       10.512   200.8
1.4900      -270209.342  -270219.575       10.233   195.5
1.5000      -270209.342  -270220.015       10.673   203.9
1.5100      -270209.342  -270220.447       11.105   212.1
1.5200      -270209.341  -270220.657       11.316   216.2
1.5300      -270209.337  -270220.391       11.054   211.2
1.5400      -270209.337  -270220.592       11.255   215.0
1.5500      -270209.339  -270220.562       11.223   214.4
1.5600      -270209.336  -270220.397       11.061   211.3
1.5700      -270209.337  -270220.309       10.972   209.6
1.5800      -270209.335  -270220.409       11.074   211.5
1.5900      -270209.336  -270220.748       11.412   218.0
1.6000      -270209.339  -270220.712       11.372   217.2
1.6100      -270209.338  -270220.513       11.175   213.5
1.6200      -270209.336  -270219.988       10.652   203.5
1.6300      -270209.339  -270220.325       10.986   209.9
1.6400      -270209.338  -270220.000       10.661   203.7
1.6500      -270209.341  -270220.407       11.066   211.4
1.6600      -270209.341  -270220.098       10.757   205.5
1.6700      -270209.342  -270219.710       10.369   198.1
1.6800      -270209.343  -270219.906       10.563   201.8
1.6900      -270209.343  -270220.027       10.685   204.1
1.7000      -270209.339  -270220.270       10.932   208.8
1.7100      -270209.336  -270220.056       10.720   204.8
1.7200      -270209.337  -270219.897       10.561   201.7
1.7300      -270209.341  -270220.167       10.826   206.8
1.7400      -270209.342  -270220.384       11.042   210.9
1.7500      -270209.338  -270220.116       10.778   205.9
1.7600      -270209.340  -270220.791       11.451   218.7
1.7700      -270209.342  -270220.503       11.161   213.2
1.7800      -270209.342  -270220.078       10.736   205.1
1.7900      -270209.339  -270220.081       10.742   205.2
1.8000      -270209.339  -270220.431       11.092   211.9
1.8100      -270209.341  -270220.573       11.231   214.5
1.8200      -270209.340  -270220.060       10.720   204.8
1.8300      -270209.336  -270219.517       10.181   194.5
1.8400      -270209.339  -270220.202       10.863   207.5
1.8500      -270209.341  -270220.419       11.078   211.6
1.8600      -270209.339  -270220.037       10.697   204.3
1.8700      -270209.339  -270220.427       11.088   211.8
1.8800      -270209.338  -270220.071       10.733   205.0
1.8900      -270209.341  -270220.176       10.836   207.0
1.9000      -270209.339  -270219.828       10.489   200.4
1.9100      -270209.344  -270220.595       11.251   214.9
1.9200      -270209.348  -270220.891       11.543   220.5
1.9300      -270209.344  -270220.530       11.186   213.7
1.9400      -270209.338  -270220.602       11.264   215.2
1.9500      -270209.337  -270221.033       11.695   223.4
1.9600      -270209.335  -270220.676       11.341   216.6
1.9700      -270209.334  -270220.360       11.025   210.6
1.9800      -270209.334  -270220.452       11.118   212.4
1.9900      -270209.332  -270220.010       10.678   204.0
2.0000      -270209.335  -270220.263       10.929   208.8
2.0100      -270209.339  -270220.472       11.134   212.7
2.0200      -270209.343  -270221.019       11.675   223.0
2.0300      -270209.345  -270221.063       11.719   223.9
2.0400      -270209.346  -270221.129       11.782   225.1
2.0500      -270209.345  -270220.831       11.486   219.4
2.0600      -270209.348  -270221.110       11.762   224.7
2.0700      -270209.347  -270221.212       11.864   226.6
2.0800      -270209.342  -270221.455       12.113   231.4
2.0900      -270209.333  -270221.062       11.729   224.0
2.1000      -270209.333  -270221.387       12.053   230.2
2.1100      -270209.338  -270221.751       12.413   237.1
2.1200      -270209.340  -270221.551       12.211   233.3
2.1300      -270209.343  -270221.878       12.535   239.5
2.1400      -270209.341  -270221.456       12.116   231.4
2.1500      -270209.339  -270221.020       11.681   223.1
2.1600      -270209.340  -270220.880       11.540   220.4
2.1700      -270209.340  -270220.901       11.561   220.8
2.1800      -270209.343  -270221.223       11.880   226.9
2.1900      -270209.344  -270221.158       11.813   225.7
2.2000      -270209.347  -270221.335       11.988   229.0
2.2100      -270209.342  -270220.831       11.490   219.5
2.2200      -270209.343  -270220.944       11.601   221.6
2.2300      -270209.340  -270220.720       11.381   217.4
2.2400      -270209.340  -270221.115       11.775   224.9
2.2500      -270209.337  -270220.364       11.027   210.6
2.2600      -270209.342  -270220.670       11.327   216.4
2.2700      -270209.339  -270220.118       10.779   205.9
2.2800      -270209.343  -270221.032       11.689   223.3
2.2900      -270209.343  -270221.559       12.217   233.4
2.3000      -270209.342  -270221.761       12.419   237.2
2.3100      -270209.343  -270221.767       12.424   237.3
2.3200      -270209.344  -270221.982       12.638   241.4
2.3300      -270209.344  -270222.044       12.700   242.6
2.3400      -270209.346  -270221.861       12.514   239.0
2.3500      -270209.343  -270221.173       11.830   226.0
2.3600      -270209.338  -270220.919       11.581   221.2
2.3700      -270209.338  -270220.666       11.328   216.4
2.3800      -270209.338  -270220.567       11.229   214.5
2.3900      -270209.337  -270220.583       11.246   214.8
2.4000      -270209.338  -270220.924       11.586   221.3
2.4100      -270209.338  -270220.941       11.604   221.7
2.4200      -270209.334  -270220.188       10.854   207.3
2.4300      -270209.332  -270220.368       11.036   210.8
2.4400      -270209.337  -270220.818       11.482   219.3
2.4500      -270209.336  -270220.661       11.324   216.3
2.4600      -270209.338  -270220.498       11.160   213.2
2.4700      -270209.344  -270220.383       11.039   210.9
2.4800      -270209.345  -270220.255       10.910   208.4
2.4900      -270209.347  -270220.721       11.375   217.3
2.5000      -270209.344  -270220.309       10.965   209.5
2.5100      -270209.344  -270220.385       11.041   210.9
2.5200      -270209.341  -270220.807       11.465   219.0
2.5300      -270209.337  -270220.805       11.468   219.1
2.5400      -270209.334  -270220.805       11.471   219.1
2.5500      -270209.335  -270220.846       11.511   219.9
2.5600      -270209.337  -270221.123       11.786   225.1
2.5700      -270209.338  -270221.614       12.275   234.5
2.5800      -270209.341  -270221.313       11.972   228.7
2.5900      -270209.345  -270221.088       11.743   224.3
2.6000      -270209.345  -270221.085       11.740   224.3
2.6100      -270209.343  -270220.802       11.458   218.9
2.6200      -270209.344  -270221.168       11.824   225.9
2.6300      -270209.339  -270220.990       11.651   222.6
2.6400      -270209.336  -270220.811       11.475   219.2
2.6500      -270209.334  -270221.071       11.737   224.2
2.6600      -270209.332  -270220.545       11.213   214.2
2.6700      -270209.339  -270220.175       10.836   207.0
2.6800      -270209.341  -270220.352       11.012   210.3
2.6900      -270209.337  -270221.029       11.692   223.3
2.7000      -270209.336  -270221.035       11.699   223.5
2.7100      -270209.338  -270221.190       11.851   226.4
2.7200      -270209.344  -270221.379       12.035   229.9
2.7300      -270209.346  -270221.060       11.715   223.8
2.7400      -270209.348  -270221.568       12.220   233.4
2.7500      -270209.349  -270221.377       12.027   229.7
2.7600      -270209.349  -270221.032       11.682   223.2
2.7700      -270209.341  -270220.820       11.479   219.3
2.7800      -270209.339  -270220.961       11.622   222.0
2.7900      -270209.343  -270221.005       11.662   222.8
2.8000      -270209.343  -270221.340       11.996   229.2
2.8100      -270209.342  -270221.167       11.826   225.9
2.8200      -270209.345  -270221.593       12.248   234.0
2.8300      -270209.345  -270221.482       12.138   231.9
2.8400      -270209.345  -270221.351       12.007   229.4
2.8500      -270209.345  -270221.444       12.099   231.1
2.8600      -270209.345  -270221.589       12.244   233.9
2.8700      -270209.347  -270221.372       12.025   229.7
2.8800      -270209.348  -270221.331       11.984   228.9
2.8900      -270209.343  -270221.115       11.772   224.9
2.9000      -270209.351  -270222.050       12.699   242.6
2.9100      -270209.345  -270221.003       11.658   222.7
2.9200      -270209.344  -270221.079       11.735   224.2
2.9300      -270209.346  -270221.208       11.861   226.6
2.9400      -270209.345  -270221.247       11.901   227.3
2.9500      -270209.346  -270221.401       12.055   230.3
2.9600      -270209.340  -270220.780       11.439   218.5
2.9700      -270209.339  -270221.137       11.799   225.4
2.9800      -270209.341  -270221.030       11.689   223.3
2.9900      -270209.344  -270220.798       11.455   218.8
3.0000      -270209.344  -270221.207       11.863   226.6
3.0100      -270209.341  -270221.009       11.668   222.9
3.0200      -270209.338  -270220.160       10.822   206.7
3.0300      -270209.343  -270221.067       11.723   223.9
3.0400      -270209.344  -270220.903       11.559   220.8
3.0500      -270209.344  -270221.196       11.852   226.4
3.0600      -270209.345  -270221.499       12.154   232.2
3.0700      -270209.345  -270220.831       11.486   219.4
3.0800      -270209.348  -270221.183       11.835   226.1
3.0900      -270209.347  -270221.370       12.022   229.7
3.1000      -270209.350  -270221.191       11.841   226.2
3.1100      -270209.348  -270221.316       11.968   228.6
3.1200      -270209.345  -270220.797       11.452   218.7
3.1300      -270209.349  -270220.813       11.464   219.0
3.1400      -270209.346  -270220.436       11.091   211.9
3.1500      -270209.345  -270220.726       11.381   217.4
3.1600      -270209.345  -270220.967       11.623   222.0
3.1700      -270209.346  -270221.325       11.978   228.8
3.1800      -270209.344  -270221.138       11.794   225.3
3.1900      -270209.337  -270220.308       10.971   209.6
3.2000      -270209.340  -270220.865       11.525   220.2
3.2100      -270209.346  -270221.030       11.684   223.2
3.2200      -270209.345  -270220.322       10.977   209.7
3.2300      -270209.345  -270220.378       11.033   210.7
3.2400      -270209.346  -270220.961       11.615   221.9
3.2500      -270209.344  -270220.983       11.639   222.3
3.2600      -270209.346  -270220.971       11.625   222.1
3.2700      -270209.352  -270221.225       11.873   226.8
3.2800      -270209.350  -270220.847       11.497   219.6
3.2900      -270209.348  -270220.893       11.545   220.5
3.3000      -270209.349  -270220.636       11.286   215.6
3.3100      -270209.347  -270220.336       10.988   209.9
3.3200      -270209.345  -270220.327       10.982   209.8
3.3300      -270209.344  -270220.612       11.268   215.3
3.3400      -270209.336  -270220.498       11.162   213.2
3.3500      -270209.337  -270221.262       11.925   227.8
3.3600      -270209.346  -270221.370       12.024   229.7
3.3700      -270209.350  -270221.389       12.040   230.0
3.3800      -270209.344  -270221.017       11.672   223.0
3.3900      -270209.345  -270221.100       11.755   224.6
3.4000      -270209.353  -270221.233       11.880   226.9
3.4100      -270209.355  -270220.623       11.269   215.3
3.4200      -270209.352  -270220.216       10.864   207.5
3.4300      -270209.352  -270220.717       11.365   217.1
3.4400      -270209.352  -270220.861       11.508   219.8
3.4500      -270209.348  -270220.089       10.742   205.2
3.4600      -270209.348  -270220.272       10.924   208.7
3.4700      -270209.346  -270220.687       11.342   216.7
3.4800      -270209.339  -270220.421       11.082   211.7
3.4900      -270209.337  -270220.430       11.094   211.9
3.5000      -270209.341  -270221.157       11.816   225.7
3.5100      -270209.342  -270220.980       11.638   222.3
3.5200      -270209.344  -270221.004       11.660   222.7
3.5300      -270209.343  -270220.619       11.275   215.4
3.5400      -270209.344  -270220.608       11.264   215.2
3.5500      -270209.340  -270220.656       11.316   216.2
3.5600      -270209.345  -270220.511       11.166   213.3
3.5700      -270209.351  -270220.767       11.416   218.1
3.5800      -270209.345  -270219.855       10.510   200.8
3.5900      -270209.349  -270220.366       11.017   210.4
3.6000      -270209.350  -270220.434       11.084   211.7
3.6100      -270209.348  -270220.322       10.973   209.6
3.6200      -270209.345  -270220.605       11.260   215.1
3.6300      -270209.344  -270221.154       11.810   225.6
3.6400      -270209.346  -270221.208       11.862   226.6
3.6500      -270209.348  -270220.922       11.574   221.1
3.6600      -270209.345  -270220.634       11.289   215.6
3.6700      -270209.345  -270220.988       11.642   222.4
3.6800      -270209.342  -270220.369       11.027   210.6
3.6900      -270209.345  -270220.800       11.455   218.8
3.7000      -270209.344  -270220.546       11.203   214.0
3.7100      -270209.346  -270220.687       11.341   216.6
3.7200      -270209.352  -270221.531       12.179   232.6
3.7300      -270209.350  -270221.617       12.267   234.3
3.7400      -270209.349  -270221.718       12.368   236.3
3.7500      -270209.353  -270220.862       11.509   219.8
3.7600      -270209.358  -270221.088       11.730   224.1
3.7700      -270209.356  -270221.508       12.152   232.1
3.7800      -270209.352  -270221.358       12.005   229.3
3.7900      -270209.354  -270221.426       12.072   230.6
3.8000      -270209.347  -270220.894       11.547   220.6
3.8100      -270209.349  -270221.095       11.746   224.4
3.8200      -270209.348  -270220.731       11.383   217.4
3.8300      -270209.346  -270220.536       11.190   213.8
3.8400      -270209.341  -270220.547       11.205   214.0
3.8500      -270209.344  -270221.061       11.717   223.8
3.8600      -270209.339  -270220.524       11.185   213.7
3.8700      -270209.338  -270220.119       10.781   205.9
3.8800      -270209.345  -270221.212       11.868   226.7
3.8900      -270209.341  -270221.208       11.867   226.7
3.9000      -270209.346  -270221.860       12.514   239.0
3.9100      -270209.346  -270220.853       11.508   219.8
3.9200      -270209.349  -270220.745       11.396   217.7
3.9300      -270209.350  -270220.741       11.391   217.6
3.9400      -270209.357  -270221.350       11.993   229.1
3.9500      -270209.351  -270220.810       11.458   218.9
3.9600      -270209.348  -270220.736       11.388   217.5
3.9700      -270209.346  -270220.233       10.887   208.0
3.9800      -270209.348  -270220.531       11.182   213.6
3.9900      -270209.345  -270220.286       10.941   209.0
4.0000      -270209.343  -270220.558       11.215   214.2
4.0100      -270209.340  -270220.149       10.808   206.5
4.0200      -270209.348  -270220.793       11.445   218.6
4.0300      -270209.349  -270220.789       11.440   218.5
4.0400      -270209.346  -270220.898       11.552   220.7
4.0500      -270209.341  -270220.653       11.312   216.1
4.0600      -270209.345  -270220.917       11.572   221.1
4.0700      -270209.349  -270220.874       11.525   220.2
4.0800      -270209.352  -270221.279       11.927   227.8
4.0900      -270209.345  -270221.253       11.907   227.5
4.1000      -270209.344  -270220.558       11.214   214.2
4.1100      -270209.357  -270220.743       11.386   217.5
4.1200      -270209.362  -270221.011       11.649   222.5
4.1300      -270209.361  -270221.738       12.377   236.4
4.1400      -270209.358  -270221.447       12.089   230.9
4.1500      -270209.355  -270221.473       12.118   231.5
4.1600      -270209.346  -270221.026       11.680   223.1
4.1700      -270209.347  -270221.061       11.714   223.8
4.1800      -270209.351  -270220.945       11.594   221.5
4.1900      -270209.349  -270220.640       11.292   215.7
4.2000      -270209.349  -270221.417       12.068   230.5
4.2100      -270209.340  -270220.569       11.229   214.5
4.2200      -270209.355  -270221.297       11.942   228.1
4.2300      -270209.352  -270220.685       11.333   216.5
4.2400      -270209.341  -270220.678       11.337   216.6
4.2500      -270209.354  -270221.260       11.907   227.4
4.2600      -270209.358  -270221.009       11.651   222.6
4.2700      -270209.350  -270220.544       11.194   213.8
4.2800      -270209.346  -270220.750       11.404   217.8
4.2900      -270209.344  -270221.148       11.804   225.5
4.3000      -270209.345  -270221.301       11.956   228.4
4.3100      -270209.351  -270221.127       11.777   225.0
4.3200      -270209.355  -270221.342       11.986   229.0
4.3300      -270209.360  -270221.996       12.636   241.4
4.3400      -270209.359  -270221.282       11.923   227.8
4.3500      -270209.356  -270221.576       12.220   233.4
4.3600      -270209.352  -270221.400       12.048   230.1
4.3700      -270209.350  -270221.305       11.955   228.4
4.3800      -270209.347  -270220.854       11.507   219.8
4.3900      -270209.348  -270220.848       11.500   219.7
4.4000      -270209.349  -270220.761       11.412   218.0
4.4100      -270209.354  -270220.940       11.586   221.3
4.4200      -270209.358  -270220.675       11.318   216.2
4.4300      -270209.355  -270220.735       11.380   217.4
4.4400      -270209.352  -270220.733       11.381   217.4
4.4500      -270209.357  -270221.227       11.870   226.7
4.4600      -270209.354  -270220.795       11.441   218.6
4.4700      -270209.352  -270220.547       11.195   213.8
4.4800      -270209.351  -270220.885       11.534   220.3
4.4900      -270209.353  -270221.062       11.709   223.7
4.5000      -270209.348  -270220.260       10.911   208.4
4.5100      -270209.345  -270220.444       11.099   212.0
4.5200      -270209.348  -270220.429       11.081   211.7
4.5300      -270209.353  -270220.572       11.219   214.3
4.5400      -270209.352  -270221.083       11.731   224.1
4.5500      -270209.346  -270220.899       11.554   220.7
4.5600      -270209.351  -270220.909       11.558   220.8
4.5700      -270209.355  -270220.103       10.748   205.3
4.5800      -270209.360  -270220.808       11.448   218.7
4.5900      -270209.359  -270221.000       11.641   222.4
4.6000      -270209.358  -270220.810       11.452   218.8
4.6100      -270209.356  -270221.382       12.026   229.7
4.6200      -270209.353  -270220.912       11.559   220.8
4.6300      -270209.355  -270220.769       11.414   218.0
4.6400      -270209.359  -270221.171       11.812   225.6
4.6500      -270209.357  -270220.783       11.426   218.3
4.6600      -270209.356  -270220.872       11.516   220.0
4.6700      -270209.352  -270220.783       11.430   218.3
4.6800      -270209.352  -270221.028       11.675   223.0
4.6900      -270209.356  -270221.320       11.964   228.5
4.7000      -270209.352  -270220.903       11.551   220.6
4.7100      -270209.355  -270220.615       11.260   215.1
4.7200      -270209.362  -270221.540       12.178   232.6
4.7300      -270209.356  -270220.689       11.334   216.5
4.7400      -270209.354  -270220.365       11.011   210.3
4.7500      -270209.350  -270221.188       11.838   226.1
4.7600      -270209.339  -270220.352       11.013   210.4
4.7700      -270209.339  -270220.447       11.108   212.2
4.7800      -270209.343  -270220.778       11.435   218.4
4.7900      -270209.351  -270221.385       12.033   229.9
4.8000      -270209.355  -270221.016       11.661   222.8
4.8100      -270209.364  -270221.278       11.914   227.6
4.8200      -270209.361  -270221.285       11.924   227.8
4.8300      -270209.350  -270220.827       11.477   219.2
4.8400      -270209.348  -270220.554       11.206   214.0
4.8500      -270209.358  -270221.005       11.647   222.5
4.8600      -270209.353  -270221.048       11.695   223.4
4.8700      -270209.346  -270221.262       11.916   227.6
4.8800      -270209.346  -270221.095       11.749   224.4
4.8900      -270209.343  -270220.692       11.349   216.8
4.9000      -270209.338  -270219.912       10.573   202.0
4.9100      -270209.351  -270220.797       11.446   218.6
4.9200      -270209.351  -270220.170       10.819   206.7
4.9300      -270209.355  -270221.022       11.666   222.8
4.9400      -270209.351  -270220.997       11.646   222.5
4.9500      -270209.344  -270221.461       12.117   231.5
4.9600      -270209.343  -270220.862       11.519   220.0
4.9700      -270209.352  -270220.799       11.447   218.7
4.9800      -270209.347  -270220.574       11.227   214.5
4.9900      -270209.342  -270220.370       11.028   210.7
5.0000      -270209.347  -270220.783       11.436   218.4
5.0100      -270209.352  -270220.894       11.542   220.5
5.0200      -270209.355  -270220.748       11.393   217.6
5.0300      -270209.353  -270220.094       10.741   205.2
5.0400      -270209.358  -270221.005       11.646   222.5
5.0500      -270209.350  -270221.403       12.053   230.2
5.0600      -270209.340  -270221.303       11.963   228.5
5.0700      -270209.341  -270221.356       12.015   229.5
5.0800      -270209.347  -270220.616       11.269   215.3
5.0900      -270209.356  -270220.830       11.474   219.2
5.1000      -270209.346  -270220.393       11.048   211.0
5.1100      -270209.340  -270220.751       11.411   218.0
5.1200      -270209.336  -270220.674       11.338   216.6
5.1300      -270209.340  -270220.771       11.432   218.4
5.1400      -270209.350  -270221.259       11.908   227.5
5.1500      -270209.353  -270221.271       11.918   227.7
5.1600      -270209.355  -270221.518       12.163   232.3
5.1700      -270209.354  -270221.314       11.960   228.5
5.1800      -270209.346  -270220.663       11.316   216.2
5.1900      -270209.353  -270220.854       11.501   219.7
5.2000      -270209.360  -270221.210       11.850   226.4
5.2100      -270209.356  -270220.995       11.640   222.3
5.2200      -270209.354  -270221.240       11.886   227.0
5.2300      -270209.352  -270221.161       11.809   225.6
5.2400      -270209.344  -270220.490       11.147   212.9
5.2500      -270209.346  -270220.842       11.496   219.6
5.2600      -270209.353  -270221.677       12.324   235.4
5.2700      -270209.354  -270221.940       12.586   240.4
5.2800      -270209.356  -270221.869       12.513   239.0
5.2900      -270209.353  -270221.208       11.855   226.5
5.3000      -270209.348  -270221.346       11.998   229.2
5.3100      -270209.350  -270221.281       11.931   227.9
5.3200      -270209.357  -270221.459       12.102   231.2
5.3300      -270209.355  -270220.993       11.638   222.3
5.3400      -270209.360  -270221.968       12.608   240.8
5.3500      -270209.353  -270221.576       12.223   233.5
5.3600      -270209.344  -270221.192       11.848   226.3
5.3700      -270209.345  -270221.316       11.972   228.7
5.3800      -270209.348  -270221.169       11.821   225.8
5.3900      -270209.353  -270221.182       11.829   226.0
5.4000      -270209.354  -270221.295       11.940   228.1
5.4100      -270209.348  -270221.660       12.312   235.2
5.4200      -270209.343  -270221.005       11.662   222.8
5.4300      -270209.351  -270221.039       11.688   223.3
5.4400      -270209.352  -270221.038       11.686   223.2
5.4500      -270209.353  -270220.897       11.543   220.5
5.4600      -270209.356  -270220.949       11.592   221.4
5.4700      -270209.360  -270221.234       11.875   226.8
5.4800      -270209.364  -270221.308       11.944   228.2
5.4900      -270209.359  -270221.153       11.794   225.3
5.5000      -270209.353  -270221.170       11.818   225.7
5.5100      -270209.346  -270221.119       11.773   224.9
5.5200      -270209.350  -270221.842       12.493   238.6
5.5300      -270209.353  -270221.393       12.040   230.0
5.5400      -270209.357  -270221.164       11.808   225.5
5.5500      -270209.353  -270220.886       11.533   220.3
5.5600      -270209.346  -270220.557       11.211   214.2
5.5700      -270209.354  -270221.013       11.658   222.7
5.5800      -270209.355  -270220.946       11.591   221.4
5.5900      -270209.353  -270221.055       11.702   223.5
5.6000      -270209.358  -270221.585       12.228   233.6
5.6100      -270209.359  -270221.637       12.278   234.5
5.6200      -270209.358  -270221.362       12.004   229.3
5.6300      -270209.357  -270221.125       11.769   224.8
5.6400      -270209.356  -270221.423       12.066   230.5
5.6500      -270209.359  -270221.578       12.219   233.4
5.6600      -270209.360  -270221.585       12.225   233.5
5.6700      -270209.359  -270221.573       12.214   233.3
5.6800      -270209.355  -270221.114       11.760   224.6
5.6900      -270209.352  -270221.252       11.899   227.3
5.7000      -270209.353  -270222.026       12.673   242.1
5.7100      -270209.352  -270221.529       12.177   232.6
5.7200      -270209.356  -270221.370       12.014   229.5
5.7300      -270209.353  -270221.035       11.682   223.1
5.7400      -270209.355  -270221.316       11.960   228.5
5.7500      -270209.360  -270221.607       12.248   234.0
5.7600      -270209.357  -270221.007       11.650   222.5
5.7700      -270209.361  -270221.440       12.079   230.7
5.7800      -270209.358  -270221.111       11.753   224.5
5.7900      -270209.356  -270221.179       11.822   225.8
5.8000      -270209.360  -270221.429       12.068   230.5
5.8100      -270209.358  -270221.200       11.842   226.2
5.8200      -270209.354  -270221.488       12.134   231.8
5.8300      -270209.350  -270221.082       11.731   224.1
5.8400      -270209.348  -270221.105       11.757   224.6
5.8500      -270209.353  -270221.514       12.161   232.3
5.8600      -270209.353  -270221.141       11.788   225.2
5.8700      -270209.354  -270221.983       12.629   241.2
5.8800      -270209.352  -270221.538       12.186   232.8
5.8900      -270209.357  -270221.552       12.196   233.0
5.9000      -270209.352  -270221.618       12.266   234.3
5.9100      -270209.347  -270221.263       11.916   227.6
5.9200      -270209.351  -270221.853       12.502   238.8
5.9300      -270209.346  -270221.602       12.255   234.1
5.9400      -270209.352  -270221.110       11.758   224.6
5.9500      -270209.360  -270221.339       11.979   228.8
5.9600      -270209.359  -270221.340       11.981   228.9
5.9700      -270209.361  -270221.205       11.845   226.3
5.9800      -270209.359  -270221.676       12.318   235.3
5.9900      -270209.347  -270221.485       12.138   231.9
6.0000      -270209.349  -270221.659       12.310   235.1
6.0100      -270209.363  -270221.968       12.605   240.8
6.0200      -270209.365  -270220.980       11.616   221.9
6.0300      -270209.362  -270221.440       12.078   230.7
6.0400      -270209.351  -270221.287       11.936   228.0
6.0500      -270209.345  -270221.276       11.931   227.9
6.0600      -270209.355  -270221.983       12.628   241.2
6.0700      -270209.363  -270222.119       12.756   243.7
6.0800      -270209.354  -270221.779       12.425   237.3
6.0900      -270209.345  -270221.608       12.262   234.2
6.1000      -270209.339  -270220.880       11.542   220.5
6.1100      -270209.352  -270221.845       12.493   238.6
6.1200      -270209.356  -270221.153       11.797   225.3
6.1300      -270209.365  -270221.780       12.415   237.2
6.1400      -270209.359  -270221.216       11.857   226.5
6.1500      -270209.358  -270221.406       12.048   230.1
6.1600      -270209.350  -270221.196       11.846   226.3
6.1700      -270209.352  -270220.949       11.597   221.5
6.1800      -270209.358  -270220.786       11.427   218.3
6.1900      -270209.363  -270221.037       11.674   223.0
6.2000      -270209.366  -270221.341       11.975   228.8
6.2100      -270209.360  -270221.477       12.117   231.5
6.2200      -270209.354  -270221.628       12.274   234.5
6.2300      -270209.357  -270221.243       11.886   227.1
6.2400      -270209.368  -270221.774       12.406   237.0
6.2500      -270209.367  -270221.841       12.475   238.3
6.2600      -270209.354  -270221.328       11.974   228.7
6.2700      -270209.342  -270221.293       11.951   228.3
6.2800      -270209.341  -270221.465       12.124   231.6
6.2900      -270209.345  -270221.323       11.977   228.8
6.3000      -270209.356  -270221.595       12.239   233.8
6.3100      -270209.367  -270221.879       12.512   239.0
6.3200      -270209.362  -270221.913       12.551   239.7
6.3300      -270209.352  -270221.282       11.930   227.9
6.3400      -270209.350  -270220.867       11.517   220.0
6.3500      -270209.358  -270222.028       12.670   242.0
6.3600      -270209.352  -270220.978       11.625   222.1
6.3700      -270209.348  -270221.027       11.679   223.1
6.3800      -270209.346  -270221.340       11.994   229.1
6.3900      -270209.348  -270221.291       11.943   228.1
6.4000      -270209.356  -270221.600       12.244   233.9
6.4100      -270209.362  -270221.336       11.974   228.7
6.4200      -270209.359  -270220.987       11.628   222.1
6.4300      -270209.355  -270220.711       11.356   216.9
6.4400      -270209.353  -270220.489       11.136   212.7
6.4500      -270209.354  -270220.761       11.407   217.9
6.4600      -270209.354  -270220.550       11.196   213.9
6.4700      -270209.358  -270220.586       11.228   214.5
6.4800      -270209.358  -270220.523       11.165   213.3
6.4900      -270209.353  -270220.342       10.989   209.9
6.5000      -270209.349  -270220.393       11.044   211.0
6.5100      -270209.357  -270220.537       11.181   213.6
6.5200      -270209.365  -270220.633       11.269   215.3
6.5300      -270209.365  -270221.124       11.759   224.6
6.5400      -270209.358  -270220.879       11.521   220.1
6.5500      -270209.354  -270220.726       11.372   217.2
6.5600      -270209.355  -270221.268       11.913   227.6
6.5700      -270209.358  -270221.737       12.379   236.5
6.5800      -270209.355  -270221.450       12.095   231.0
6.5900      -270209.359  -270222.134       12.775   244.0
6.6000      -270209.346  -270220.455       11.109   212.2
6.6100      -270209.345  -270220.784       11.439   218.5
6.6200      -270209.351  -270220.970       11.619   222.0
6.6300      -270209.359  -270220.857       11.498   219.6
6.6400      -270209.366  -270221.413       12.047   230.1
6.6500      -270209.367  -270222.096       12.729   243.1
6.6600      -270209.360  -270221.142       11.782   225.1
6.6700      -270209.364  -270221.618       12.254   234.1
6.6800      -270209.362  -270221.387       12.025   229.7
6.6900      -270209.354  -270221.099       11.746   224.4
6.7000      -270209.354  -270221.268       11.914   227.6
6.7100      -270209.359  -270221.917       12.557   239.9
6.7200      -270209.373  -270222.128       12.755   243.6
6.7300      -270209.374  -270221.771       12.397   236.8
6.7400      -270209.366  -270221.658       12.292   234.8
6.7500      -270209.352  -270220.738       11.386   217.5
6.7600      -270209.352  -270220.619       11.268   215.2
6.7700      -270209.360  -270221.525       12.165   232.4
6.7800      -270209.359  -270221.620       12.261   234.2
6.7900      -270209.353  -270222.104       12.751   243.6
6.8000      -270209.341  -270221.407       12.066   230.5
6.8100      -270209.348  -270221.572       12.225   233.5
6.8200      -270209.357  -270221.964       12.607   240.8
6.8300      -270209.366  -270221.977       12.610   240.9
6.8400      -270209.374  -270222.408       13.034   249.0
6.8500      -270209.358  -270221.240       11.882   227.0
6.8600      -270209.356  -270221.416       12.059   230.4
6.8700      -270209.349  -270220.932       11.583   221.3
6.8800      -270209.353  -270221.308       11.955   228.4
6.8900      -270209.365  -270221.270       11.905   227.4
6.9000      -270209.372  -270221.704       12.332   235.6
6.9100      -270209.368  -270221.226       11.857   226.5
6.9200      -270209.362  -270220.972       11.610   221.8
6.9300      -270209.362  -270220.765       11.403   217.8
6.9400      -270209.358  -270221.130       11.772   224.9
6.9500      -270209.360  -270221.424       12.064   230.4
6.9600      -270209.361  -270221.315       11.954   228.3
6.9700      -270209.359  -270221.405       12.046   230.1
6.9800      -270209.357  -270220.825       11.468   219.1
6.9900      -270209.363  -270221.559       12.196   233.0
7.0000      -270209.361  -270220.995       11.634   222.2
7.0100      -270209.361  -270221.332       11.971   228.7
7.0200      -270209.364  -270221.797       12.434   237.5
7.0300      -270209.366  -270221.712       12.346   235.8
7.0400      -270209.362  -270221.386       12.023   229.7
7.0500      -270209.356  -270221.680       12.324   235.4
7.0600      -270209.361  -270222.298       12.937   247.1
7.0700      -270209.361  -270221.646       12.285   234.7
7.0800      -270209.358  -270221.100       11.743   224.3
7.0900      -270209.368  -270221.268       11.900   227.3
7.1000      -270209.371  -270221.519       12.147   232.0
7.1100      -270209.369  -270221.239       11.870   226.7
7.1200      -270209.368  -270221.714       12.346   235.8
7.1300      -270209.356  -270220.716       11.360   217.0
7.1400      -270209.353  -270220.657       11.304   215.9
7.1500      -270209.353  -270220.460       11.108   212.2
7.1600      -270209.352  -270220.798       11.446   218.6
7.1700      -270209.349  -270220.469       11.120   212.4
7.1800      -270209.355  -270220.512       11.157   213.1
7.1900      -270209.358  -270220.519       11.161   213.2
7.2000      -270209.363  -270220.823       11.460   218.9
7.2100      -270209.361  -270221.108       11.748   224.4
7.2200      -270209.352  -270220.858       11.506   219.8
7.2300      -270209.352  -270221.156       11.804   225.5
7.2400      -270209.355  -270221.257       11.902   227.4
7.2500      -270209.360  -270221.502       12.142   231.9
7.2600      -270209.364  -270221.169       11.805   225.5
7.2700      -270209.367  -270221.247       11.881   226.9
7.2800      -270209.362  -270220.883       11.521   220.1
7.2900      -270209.362  -270221.093       11.731   224.1
7.3000      -270209.359  -270221.312       11.953   228.3
7.3100      -270209.365  -270221.361       11.996   229.2
7.3200      -270209.374  -270221.734       12.360   236.1
7.3300      -270209.374  -270221.851       12.478   238.3
7.3400      -270209.364  -270221.124       11.760   224.7
7.3500      -270209.368  -270221.743       12.374   236.4
7.3600      -270209.369  -270221.466       12.097   231.1
7.3700      -270209.358  -270220.757       11.399   217.7
7.3800      -270209.363  -270221.474       12.111   231.4
7.3900      -270209.359  -270221.062       11.703   223.6
7.4000      -270209.363  -270221.389       12.026   229.7
7.4100      -270209.370  -270221.382       12.012   229.5
7.4200      -270209.371  -270221.680       12.309   235.1
7.4300      -270209.364  -270221.363       11.999   229.2
7.4400      -270209.366  -270221.376       12.010   229.4
7.4500      -270209.361  -270221.053       11.693   223.4
7.4600      -270209.354  -270221.582       12.228   233.6
7.4700      -270209.355  -270220.883       11.528   220.2
7.4800      -270209.360  -270221.662       12.302   235.0
7.4900      -270209.354  -270220.965       11.611   221.8
7.5000      -270209.356  -270221.198       11.842   226.2
7.5100      -270209.349  -270220.870       11.521   220.1
7.5200      -270209.354  -270221.410       12.055   230.3
7.5300      -270209.365  -270222.129       12.764   243.8
7.5400      -270209.361  -270221.744       12.383   236.5
7.5500      -270209.366  -270221.935       12.569   240.1
7.5600      -270209.368  -270222.042       12.674   242.1
7.5700      -270209.366  -270221.840       12.474   238.3
7.5800      -270209.369  -270221.451       12.082   230.8
7.5900      -270209.366  -270221.685       12.319   235.3
7.6000      -270209.362  -270222.124       12.763   243.8
7.6100      -270209.350  -270221.386       12.036   229.9
7.6200      -270209.349  -270220.911       11.562   220.9
7.6300      -270209.356  -270221.462       12.106   231.3
7.6400      -270209.363  -270220.871       11.508   219.8
7.6500      -270209.372  -270222.348       12.976   247.9
7.6600      -270209.362  -270221.961       12.599   240.7
7.6700      -270209.362  -270222.176       12.813   244.8
7.6800      -270209.360  -270221.716       12.356   236.0
7.6900      -270209.354  -270221.239       11.885   227.0
7.7000      -270209.361  -270221.316       11.956   228.4
7.7100      -270209.360  -270221.955       12.595   240.6
7.7200      -270209.354  -270222.005       12.650   241.6
7.7300      -270209.362  -270221.906       12.544   239.6
7.7400      -270209.373  -270222.150       12.777   244.1
7.7500      -270209.372  -270221.393       12.021   229.6
7.7600      -270209.364  -270220.716       11.352   216.8
7.7700      -270209.360  -270220.945       11.585   221.3
7.7800      -270209.363  -270221.524       12.161   232.3
7.7900      -270209.362  -270221.134       11.771   224.9
7.8000      -270209.358  -270220.329       10.971   209.6
7.8100      -270209.356  -270220.146       10.790   206.1
7.8200      -270209.355  -270220.782       11.427   218.3
7.8300      -270209.361  -270220.929       11.568   221.0
7.8400      -270209.368  -270220.935       11.567   221.0
7.8500      -270209.365  -270221.001       11.636   222.3
7.8600      -270209.357  -270221.043       11.687   223.2
7.8700      -270209.358  -270221.438       12.080   230.7
7.8800      -270209.353  -270220.527       11.173   213.4
7.8900      -270209.359  -270220.736       11.377   217.3
7.9000      -270209.363  -270221.299       11.936   228.0
7.9100      -270209.361  -270221.426       12.064   230.5
7.9200      -270209.359  -270221.645       12.286   234.7
7.9300      -270209.355  -270221.411       12.055   230.3
7.9400      -270209.356  -270221.760       12.405   237.0
7.9500      -270209.356  -270221.798       12.442   237.7
7.9600      -270209.349  -270220.779       11.430   218.3
7.9700      -270209.357  -270221.702       12.345   235.8
7.9800      -270209.364  -270221.551       12.188   232.8
7.9900      -270209.371  -270221.608       12.236   233.7
8.0000      -270209.367  -270221.028       11.660   222.7
8.0100      -270209.361  -270221.431       12.070   230.6
8.0200      -270209.358  -270221.460       12.101   231.2
8.0300      -270209.356  -270221.462       12.105   231.2
8.0400      -270209.356  -270221.324       11.968   228.6
8.0500      -270209.356  -270221.401       12.045   230.1
8.0600      -270209.354  -270221.360       12.005   229.3
8.0700      -270209.357  -270221.479       12.122   231.5
8.0800      -270209.350  -270220.970       11.620   222.0
8.0900      -270209.355  -270221.146       11.791   225.2
8.1000      -270209.364  -270221.213       11.849   226.3
8.1100      -270209.370  -270221.965       12.596   240.6
8.1200      -270209.358  -270221.290       11.932   227.9
8.1300      -270209.360  -270221.675       12.316   235.3
8.1400      -270209.360  -270221.775       12.416   237.2
8.1500      -270209.359  -270221.313       11.955   228.4
8.1600      -270209.366  -270221.444       12.078   230.7
8.1700      -270209.376  -270222.199       12.824   245.0
8.1800      -270209.375  -270221.932       12.557   239.9
8.1900      -270209.371  -270222.151       12.779   244.1
8.2000      -270209.359  -270222.205       12.846   245.4
8.2100      -270209.357  -270221.764       12.407   237.0
8.2200      -270209.363  -270221.672       12.309   235.1
8.2300      -270209.364  -270221.894       12.531   239.4
8.2400      -270209.367  -270221.835       12.468   238.2
8.2500      -270209.360  -270220.829       11.469   219.1
8.2600      -270209.361  -270222.073       12.712   242.8
8.2700      -270209.344  -270221.617       12.273   234.4
8.2800      -270209.337  -270221.264       11.927   227.8
8.2900      -270209.340  -270220.919       11.579   221.2
8.3000      -270209.354  -270221.431       12.077   230.7
8.3100      -270209.370  -270221.679       12.309   235.1
8.3200      -270209.365  -270221.402       12.037   229.9
8.3300      -270209.366  -270221.621       12.255   234.1
8.3400      -270209.372  -270221.658       12.286   234.7
8.3500      -270209.378  -270221.899       12.522   239.2
8.3600      -270209.373  -270221.738       12.365   236.2
8.3700      -270209.362  -270221.692       12.330   235.5
8.3800      -270209.355  -270221.573       12.217   233.4
8.3900      -270209.356  -270221.497       12.141   231.9
8.4000      -270209.360  -270222.122       12.762   243.8
8.4100      -270209.360  -270221.831       12.471   238.2
8.4200      -270209.366  -270221.319       11.953   228.3
8.4300      -270209.368  -270221.411       12.043   230.0
8.4400      -270209.361  -270221.714       12.353   236.0
8.4500      -270209.363  -270222.177       12.814   244.8
8.4600      -270209.353  -270221.089       11.736   224.2
8.4700      -270209.357  -270221.270       11.913   227.6
8.4800      -270209.360  -270221.472       12.111   231.4
8.4900      -270209.362  -270221.918       12.557   239.9
8.5000      -270209.359  -270221.596       12.237   233.8
8.5100      -270209.363  -270221.655       12.292   234.8
8.5200      -270209.357  -270220.938       11.581   221.2
8.5300      -270209.357  -270221.416       12.060   230.4
8.5400      -270209.352  -270220.829       11.477   219.2
8.5500      -270209.361  -270221.217       11.856   226.5
8.5600      -270209.365  -270221.506       12.141   231.9
8.5700      -270209.365  -270220.852       11.487   219.4
8.5800      -270209.368  -270221.991       12.623   241.1
8.5900      -270209.366  -270221.949       12.583   240.4
8.6000      -270209.367  -270221.974       12.607   240.8
8.6100      -270209.357  -270221.675       12.318   235.3
8.6200      -270209.367  -270221.877       12.511   239.0
8.6300      -270209.373  -270222.003       12.631   241.3
8.6400      -270209.358  -270221.326       11.969   228.6
8.6500      -270209.352  -270220.701       11.348   216.8
8.6600      -270209.361  -270221.196       11.835   226.1
8.6700      -270209.367  -270221.745       12.378   236.4
8.6800      -270209.356  -270221.342       11.987   229.0
8.6900      -270209.358  -270221.595       12.237   233.8
8.7000      -270209.364  -270221.802       12.438   237.6
8.7100      -270209.358  -270221.387       12.030   229.8
8.7200      -270209.361  -270221.815       12.454   237.9
8.7300      -270209.364  -270221.055       11.691   223.3
8.7400      -270209.374  -270221.210       11.837   226.1
8.7500      -270209.367  -270221.116       11.749   224.4
8.7600      -270209.368  -270221.099       11.731   224.1
8.7700      -270209.366  -270221.446       12.080   230.8
8.7800      -270209.359  -270221.336       11.976   228.8
8.7900      -270209.360  -270221.872       12.513   239.0
8.8000      -270209.359  -270221.408       12.049   230.2
8.8100      -270209.362  -270221.466       12.104   231.2
8.8200      -270209.372  -270222.140       12.768   243.9
8.8300      -270209.364  -270221.386       12.023   229.7
8.8400      -270209.356  -270221.821       12.465   238.1
8.8500      -270209.353  -270220.901       11.548   220.6
8.8600      -270209.362  -270221.029       11.667   222.9
8.8700      -270209.370  -270221.598       12.228   233.6
8.8800      -270209.361  -270220.691       11.329   216.4
8.8900      -270209.360  -270221.273       11.914   227.6
8.9000      -270209.360  -270221.592       12.232   233.7
8.9100      -270209.363  -270221.272       11.909   227.5
8.9200      -270209.365  -270221.298       11.934   228.0
8.9300      -270209.358  -270220.892       11.535   220.3
8.9400      -270209.357  -270221.182       11.825   225.9
8.9500      -270209.359  -270221.573       12.213   233.3
8.9600      -270209.361  -270221.621       12.260   234.2
8.9700      -270209.360  -270221.647       12.287   234.7
8.9800      -270209.358  -270221.163       11.806   225.5
8.9900      -270209.363  -270221.122       11.759   224.6
9.0000      -270209.367  -270221.315       11.948   228.2
9.0100      -270209.367  -270221.524       12.156   232.2
9.0200      -270209.366  -270221.783       12.417   237.2
9.0300      -270209.358  -270220.991       11.633   222.2
9.0400      -270209.356  -270220.989       11.633   222.2
9.0500      -270209.363  -270221.727       12.364   236.2
9.0600      -270209.362  -270221.283       11.921   227.7
9.0700      -270209.355  -270220.896       11.541   220.5
9.0800      -270209.360  -270221.522       12.161   232.3
9.0900      -270209.360  -270221.069       11.709   223.7
9.1000      -270209.371  -270221.742       12.370   236.3
9.1100      -270209.365  -270220.737       11.372   217.2
9.1200      -270209.367  -270221.408       12.041   230.0
9.1300      -270209.367  -270221.603       12.236   233.7
9.1400      -270209.371  -270221.295       11.924   227.8
9.1500      -270209.371  -270221.691       12.320   235.3
9.1600      -270209.368  -270221.356       11.988   229.0
9.1700      -270209.370  -270221.249       11.879   226.9
9.1800      -270209.361  -270221.225       11.865   226.6
9.1900      -270209.354  -270221.029       11.676   223.0
9.2000      -270209.356  -270221.374       12.018   229.6
9.2100      -270209.360  -270221.440       12.080   230.8
9.2200      -270209.367  -270221.039       11.672   223.0
9.2300      -270209.369  -270220.791       11.422   218.2
9.2400      -270209.364  -270220.896       11.532   220.3
9.2500      -270209.366  -270221.589       12.223   233.5
9.2600      -270209.366  -270221.334       11.968   228.6
9.2700      -270209.362  -270221.160       11.798   225.4
9.2800      -270209.361  -270221.430       12.069   230.5
9.2900      -270209.366  -270221.358       11.992   229.1
9.3000      -270209.373  -270221.828       12.455   237.9
9.3100      -270209.375  -270221.533       12.157   232.2
9.3200      -270209.372  -270221.636       12.264   234.3
9.3300      -270209.364  -270221.346       11.982   228.9
9.3400      -270209.361  -270221.172       11.811   225.6
9.3500      -270209.359  -270221.166       11.807   225.5
9.3600      -270209.354  -270220.928       11.574   221.1
9.3700      -270209.355  -270221.102       11.747   224.4
9.3800      -270209.354  -270221.373       12.019   229.6
9.3900      -270209.360  -270221.420       12.059   230.4
9.4000      -270209.375  -270221.606       12.231   233.6
9.4100      -270209.379  -270221.129       11.750   224.5
9.4200      -270209.374  -270221.201       11.827   225.9
9.4300      -270209.363  -270220.906       11.543   220.5
9.4400      -270209.358  -270221.056       11.697   223.4
9.4500      -270209.367  -270221.615       12.248   234.0
9.4600      -270209.369  -270220.769       11.400   217.8
9.4700      -270209.368  -270221.219       11.852   226.4
9.4800      -270209.354  -270220.789       11.435   218.4
9.4900      -270209.349  -270221.196       11.847   226.3
9.5000      -270209.340  -270220.870       11.530   220.3
9.5100      -270209.342  -270220.727       11.385   217.5
9.5200      -270209.358  -270221.025       11.667   222.9
9.5300      -270209.366  -270221.369       12.004   229.3
9.5400      -270209.369  -270221.670       12.301   235.0
9.5500      -270209.372  -270222.169       12.797   244.4
9.5600      -270209.365  -270221.281       11.916   227.6
9.5700      -270209.367  -270221.500       12.133   231.8
9.5800      -270209.369  -270221.610       12.241   233.8
9.5900      -270209.369  -270221.604       12.236   233.7
9.6000      -270209.375  -270221.546       12.171   232.5
9.6100      -270209.368  -270220.963       11.595   221.5
9.6200      -270209.361  -270221.210       11.849   226.3
9.6300      -270209.362  -270221.573       12.211   233.3
9.6400      -270209.355  -270221.733       12.378   236.4
9.6500      -270209.345  -270220.895       11.550   220.6
9.6600      -270209.355  -270220.657       11.302   215.9
9.6700      -270209.364  -270220.989       11.625   222.1
9.6800      -270209.368  -270221.753       12.386   236.6
9.6900      -270209.369  -270221.764       12.395   236.8
9.7000      -270209.366  -270221.370       12.003   229.3
9.7100      -270209.361  -270220.985       11.624   222.0
9.7200      -270209.363  -270221.228       11.865   226.6
9.7300      -270209.365  -270221.286       11.921   227.7
9.7400      -270209.366  -270221.534       12.168   232.4
9.7500      -270209.365  -270221.394       12.029   229.8
9.7600      -270209.365  -270221.701       12.336   235.6
9.7700      -270209.362  -270221.507       12.145   232.0
9.7800      -270209.360  -270221.282       11.922   227.7
9.7900      -270209.357  -270220.851       11.494   219.6
9.8000      -270209.364  -270221.015       11.652   222.6
9.8100      -270209.365  -270221.144       11.779   225.0
9.8200      -270209.361  -270221.183       11.822   225.8
9.8300      -270209.360  -270221.485       12.124   231.6
9.8400      -270209.365  -270221.249       11.885   227.0
9.8500      -270209.369  -270221.446       12.078   230.7
9.8600      -270209.373  -270221.867       12.494   238.7
9.8700      -270209.371  -270221.629       12.259   234.2
9.8800      -270209.363  -270220.708       11.345   216.7
9.8900      -270209.371  -270221.371       12.000   229.2
9.9000      -270209.361  -270220.758       11.397   217.7
9.9100      -270209.357  -270221.338       11.981   228.9
9.9200      -270209.363  -270221.580       12.217   233.4
9.9300      -270209.356  -270220.834       11.478   219.3
9.9400      -270209.363  -270221.271       11.909   227.5
9.9500      -270209.370  -270221.606       12.236   233.7
9.9600      -270209.370  -270221.083       11.713   223.7
9.9700      -270209.376  -270221.387       12.011   229.4
9.9800      -270209.373  -270221.594       12.222   233.5
9.9900      -270209.363  -270221.384       12.021   229.6
10.0000     -270209.372  -270221.598       12.226   233.5
