Time[ps]      Etot[eV]     Epot[eV]     Ekin[eV]    T[K]
0.0000      -219590.239  -219590.239        0.000     0.0
0.0100      -219590.265  -219593.177        2.912    65.7
0.0200      -219590.273  -219593.542        3.269    73.7
0.0300      -219590.279  -219594.587        4.307    97.2
0.0400      -219590.284  -219595.457        5.173   116.7
0.0500      -219590.280  -219594.988        4.707   106.2
0.0600      -219590.284  -219594.898        4.615   104.1
0.0700      -219590.281  -219594.859        4.577   103.2
0.0800      -219590.272  -219594.025        3.753    84.6
0.0900      -219590.278  -219594.912        4.634   104.5
0.1000      -219590.278  -219595.184        4.907   110.7
0.1100      -219590.276  -219595.335        5.059   114.1
0.1200      -219590.282  -219596.083        5.801   130.8
0.1300      -219590.277  -219595.471        5.194   117.1
0.1400      -219590.275  -219595.360        5.085   114.7
0.1500      -219590.277  -219595.441        5.164   116.5
0.1600      -219590.274  -219595.151        4.877   110.0
0.1700      -219590.278  -219595.704        5.426   122.4
0.1800      -219590.277  -219595.784        5.507   124.2
0.1900      -219590.276  -219595.722        5.445   122.8
0.2000      -219590.278  -219596.215        5.937   133.9
0.2100      -219590.274  -219596.112        5.837   131.7
0.2200      -219590.277  -219596.516        6.239   140.7
0.2300      -219590.280  -219596.902        6.622   149.4
0.2400      -219590.276  -219596.597        6.321   142.6
0.2500      -219590.279  -219596.819        6.539   147.5
0.2600      -219590.280  -219596.585        6.305   142.2
0.2700      -219590.276  -219596.043        5.767   130.1
0.2800      -219590.278  -219596.479        6.200   139.9
0.2900      -219590.275  -219596.619        6.344   143.1
0.3000      -219590.275  -219597.068        6.792   153.2
0.3100      -219590.279  -219597.376        7.097   160.1
0.3200      -219590.277  -219597.179        6.902   155.7
0.3300      -219590.280  -219597.137        6.856   154.6
0.3400      -219590.281  -219597.135        6.854   154.6
0.3500      -219590.278  -219596.915        6.637   149.7
0.3600      -219590.283  -219597.350        7.067   159.4
0.3700      -219590.282  -219597.412        7.130   160.8
0.3800      -219590.277  -219597.138        6.862   154.8
0.3900      -219590.281  -219598.084        7.803   176.0
0.4000      -219590.276  -219597.656        7.379   166.4
0.4100      -219590.278  -219597.619        7.342   165.6
0.4200      -219590.281  -219597.406        7.125   160.7
0.4300      -219590.274  -219596.896        6.623   149.4
0.4400      -219590.277  -219597.650        7.373   166.3
0.4500      -219590.278  -219597.503        7.225   163.0
0.4600      -219590.274  -219597.367        7.093   160.0
0.4700      -219590.278  -219597.660        7.382   166.5
0.4800      -219590.280  -219597.575        7.294   164.5
0.4900      -219590.280  -219597.697        7.417   167.3
0.5000      -219590.283  -219597.891        7.608   171.6
0.5100      -219590.282  -219597.806        7.524   169.7
0.5200      -219590.278  -219598.042        7.764   175.1
0.5300      -219590.274  -219598.056        7.781   175.5
0.5400      -219590.273  -219597.946        7.673   173.1
0.5500      -219590.280  -219598.429        8.150   183.8
0.5600      -219590.283  -219598.577        8.295   187.1
0.5700      -219590.281  -219598.191        7.910   178.4
0.5800      -219590.285  -219598.831        8.546   192.8
0.5900      -219590.279  -219598.330        8.052   181.6
0.6000      -219590.276  -219598.308        8.032   181.2
0.6100      -219590.277  -219598.621        8.344   188.2
0.6200      -219590.273  -219598.106        7.834   176.7
0.6300      -219590.280  -219598.455        8.176   184.4
0.6400      -219590.284  -219598.715        8.431   190.2
0.6500      -219590.280  -219598.183        7.902   178.2
0.6600      -219590.284  -219598.451        8.167   184.2
0.6700      -219590.281  -219598.506        8.225   185.5
0.6800      -219590.278  -219598.837        8.559   193.1
0.6900      -219590.280  -219598.827        8.547   192.8
0.7000      -219590.279  -219598.689        8.409   189.7
0.7100      -219590.276  -219598.672        8.396   189.4
0.7200      -219590.278  -219599.057        8.779   198.0
0.7300      -219590.277  -219598.677        8.400   189.5
0.7400      -219590.279  -219599.192        8.913   201.0
0.7500      -219590.280  -219599.798        9.517   214.7
0.7600      -219590.281  -219599.444        9.163   206.7
0.7700      -219590.278  -219599.169        8.891   200.5
0.7800      -219590.281  -219599.392        9.111   205.5
0.7900      -219590.279  -219599.343        9.064   204.4
0.8000      -219590.280  -219599.191        8.911   201.0
0.8100      -219590.278  -219599.327        9.049   204.1
0.8200      -219590.279  -219599.408        9.129   205.9
0.8300      -219590.279  -219599.398        9.119   205.7
0.8400      -219590.280  -219599.011        8.732   196.9
0.8500      -219590.286  -219599.848        9.562   215.7
0.8600      -219590.283  -219599.886        9.604   216.6
0.8700      -219590.279  -219599.690        9.411   212.3
0.8800      -219590.281  -219599.649        9.368   211.3
0.8900      -219590.282  -219599.431        9.150   206.4
0.9000      -219590.280  -219599.215        8.935   201.5
0.9100      -219590.282  -219599.364        9.082   204.8
0.9200      -219590.280  -219599.309        9.028   203.6
0.9300      -219590.279  -219599.354        9.075   204.7
0.9400      -219590.284  -219599.719        9.435   212.8
0.9500      -219590.280  -219599.606        9.326   210.3
0.9600      -219590.275  -219599.340        9.064   204.4
0.9700      -219590.280  -219599.683        9.403   212.1
0.9800      -219590.281  -219599.092        8.811   198.7
0.9900      -219590.283  -219598.952        8.669   195.5
1.0000      -219590.280  -219599.277        8.997   202.9
1.0100      -219590.279  -219599.786        9.507   214.4
1.0200      -219590.279  -219599.517        9.238   208.4
1.0300      -219590.285  -219599.481        9.195   207.4
1.0400      -219590.282  -219599.431        9.149   206.3
1.0500      -219590.274  -219599.411        9.136   206.1
1.0600      -219590.282  -219599.440        9.158   206.6
1.0700      -219590.284  -219599.294        9.010   203.2
1.0800      -219590.277  -219598.581        8.304   187.3
1.0900      -219590.281  -219598.815        8.535   192.5
1.1000      -219590.284  -219599.188        8.904   200.8
1.1100      -219590.284  -219599.206        8.922   201.2
1.1200      -219590.280  -219599.404        9.123   205.8
1.1300      -219590.281  -219598.812        8.531   192.4
1.1400      -219590.280  -219598.914        8.634   194.7
1.1500      -219590.278  -219598.770        8.492   191.5
1.1600      -219590.278  -219598.740        8.462   190.9
1.1700      -219590.286  -219599.104        8.817   198.9
1.1800      -219590.285  -219599.107        8.822   199.0
1.1900      -219590.279  -219599.103        8.824   199.0
1.2000      -219590.286  -219599.183        8.897   200.7
1.2100      -219590.279  -219598.930        8.651   195.1
1.2200      -219590.276  -219599.342        9.066   204.5
1.2300      -219590.283  -219599.523        9.241   208.4
1.2400      -219590.288  -219599.647        9.359   211.1
1.2500      -219590.281  -219599.605        9.324   210.3
1.2600      -219590.282  -219599.447        9.166   206.7
1.2700      -219590.285  -219599.432        9.147   206.3
1.2800      -219590.282  -219599.765        9.483   213.9
1.2900      -219590.281  -219599.487        9.206   207.6
1.3000      -219590.283  -219599.177        8.894   200.6
1.3100      -219590.283  -219599.032        8.748   197.3
1.3200      -219590.280  -219599.540        9.260   208.9
1.3300      -219590.279  -219599.566        9.287   209.5
1.3400      -219590.287  -219600.013        9.726   219.4
1.3500      -219590.282  -219599.607        9.325   210.3
1.3600      -219590.276  -219599.118        8.841   199.4
1.3700      -219590.281  -219599.290        9.009   203.2
1.3800      -219590.287  -219599.557        9.270   209.1
1.3900      -219590.282  -219599.523        9.241   208.4
1.4000      -219590.280  -219599.604        9.324   210.3
1.4100      -219590.288  -219599.251        8.962   202.1
1.4200      -219590.283  -219599.124        8.840   199.4
1.4300      -219590.281  -219599.872        9.591   216.3
1.4400      -219590.280  -219599.354        9.074   204.7
1.4500      -219590.285  -219599.276        8.991   202.8
1.4600      -219590.284  -219599.467        9.183   207.1
1.4700      -219590.279  -219599.120        8.842   199.4
1.4800      -219590.284  -219599.435        9.152   206.4
1.4900      -219590.282  -219599.458        9.176   207.0
1.5000      -219590.276  -219598.916        8.640   194.9
1.5100      -219590.280  -219599.315        9.035   203.8
1.5200      -219590.285  -219599.531        9.246   208.5
1.5300      -219590.288  -219599.426        9.138   206.1
1.5400      -219590.281  -219598.960        8.680   195.8
1.5500      -219590.279  -219598.910        8.631   194.7
1.5600      -219590.284  -219599.192        8.909   200.9
1.5700      -219590.284  -219599.721        9.437   212.8
1.5800      -219590.280  -219599.558        9.278   209.3
1.5900      -219590.283  -219599.409        9.127   205.9
1.6000      -219590.287  -219599.026        8.739   197.1
1.6100      -219590.281  -219598.903        8.622   194.5
1.6200      -219590.274  -219598.873        8.599   193.9
1.6300      -219590.287  -219599.369        9.083   204.9
1.6400      -219590.288  -219599.373        9.085   204.9
1.6500      -219590.282  -219599.227        8.944   201.7
1.6600      -219590.280  -219599.488        9.208   207.7
1.6700      -219590.281  -219599.427        9.146   206.3
1.6800      -219590.284  -219599.483        9.200   207.5
1.6900      -219590.282  -219599.690        9.407   212.2
1.7000      -219590.278  -219598.706        8.428   190.1
1.7100      -219590.286  -219599.099        8.813   198.8
1.7200      -219590.284  -219598.801        8.518   192.1
1.7300      -219590.283  -219598.876        8.593   193.8
1.7400      -219590.284  -219598.891        8.607   194.1
1.7500      -219590.288  -219599.143        8.855   199.7
1.7600      -219590.283  -219599.152        8.869   200.0
1.7700      -219590.277  -219599.177        8.900   200.7
1.7800      -219590.282  -219598.905        8.623   194.5
1.7900      -219590.283  -219599.159        8.875   200.2
1.8000      -219590.280  -219599.311        9.031   203.7
1.8100      -219590.279  -219598.940        8.661   195.4
1.8200      -219590.286  -219599.076        8.790   198.3
1.8300      -219590.290  -219599.693        9.402   212.1
1.8400      -219590.280  -219599.601        9.321   210.2
1.8500      -219590.282  -219599.582        9.300   209.8
1.8600      -219590.287  -219599.749        9.463   213.4
1.8700      -219590.280  -219599.577        9.297   209.7
1.8800      -219590.279  -219599.818        9.538   215.1
1.8900      -219590.283  -219599.509        9.226   208.1
1.9000      -219590.288  -219599.694        9.406   212.2
1.9100      -219590.285  -219599.954        9.669   218.1
1.9200      -219590.287  -219599.717        9.430   212.7
1.9300      -219590.288  -219599.408        9.120   205.7
1.9400      -219590.284  -219600.004        9.720   219.2
1.9500      -219590.278  -219599.801        9.523   214.8
1.9600      -219590.283  -219600.097        9.814   221.4
1.9700      -219590.285  -219599.531        9.245   208.5
1.9800      -219590.286  -219599.366        9.080   204.8
1.9900      -219590.280  -219599.301        9.021   203.5
2.0000      -219590.282  -219599.413        9.131   206.0
2.0100      -219590.288  -219599.657        9.368   211.3
2.0200      -219590.287  -219599.502        9.215   207.8
2.0300      -219590.281  -219599.345        9.064   204.4
2.0400      -219590.281  -219599.304        9.023   203.5
2.0500      -219590.283  -219599.265        8.981   202.6
2.0600      -219590.286  -219599.415        9.129   205.9
2.0700      -219590.286  -219599.287        9.000   203.0
2.0800      -219590.288  -219599.312        9.024   203.5
2.0900      -219590.288  -219600.066        9.778   220.5
2.1000      -219590.279  -219599.622        9.343   210.7
2.1100      -219590.278  -219599.624        9.346   210.8
2.1200      -219590.280  -219599.160        8.880   200.3
2.1300      -219590.286  -219599.176        8.889   200.5
2.1400      -219590.288  -219599.390        9.102   205.3
2.1500      -219590.287  -219599.676        9.389   211.8
2.1600      -219590.282  -219599.424        9.142   206.2
2.1700      -219590.284  -219599.726        9.442   213.0
2.1800      -219590.283  -219598.994        8.711   196.5
2.1900      -219590.290  -219599.294        9.005   203.1
2.2000      -219590.288  -219599.269        8.981   202.6
2.2100      -219590.287  -219600.198        9.911   223.5
2.2200      -219590.288  -219600.511       10.223   230.6
2.2300      -219590.286  -219600.567       10.281   231.9
2.2400      -219590.286  -219600.627       10.341   233.2
2.2500      -219590.283  -219600.085        9.802   221.1
2.2600      -219590.285  -219600.162        9.878   222.8
2.2700      -219590.285  -219599.964        9.678   218.3
2.2800      -219590.282  -219599.569        9.288   209.5
2.2900      -219590.283  -219599.702        9.419   212.5
2.3000      -219590.284  -219600.042        9.758   220.1
2.3100      -219590.282  -219599.407        9.125   205.8
2.3200      -219590.285  -219599.692        9.407   212.2
2.3300      -219590.284  -219599.372        9.088   205.0
2.3400      -219590.287  -219599.929        9.642   217.5
2.3500      -219590.285  -219599.795        9.510   214.5
2.3600      -219590.283  -219599.617        9.334   210.5
2.3700      -219590.284  -219599.805        9.521   214.8
2.3800      -219590.285  -219599.633        9.348   210.8
2.3900      -219590.287  -219599.740        9.453   213.2
2.4000      -219590.288  -219599.587        9.300   209.8
2.4100      -219590.289  -219599.443        9.154   206.5
2.4200      -219590.283  -219599.800        9.516   214.6
2.4300      -219590.280  -219599.883        9.603   216.6
2.4400      -219590.287  -219599.688        9.401   212.0
2.4500      -219590.287  -219599.715        9.428   212.7
2.4600      -219590.282  -219599.100        8.819   198.9
2.4700      -219590.285  -219599.333        9.048   204.1
2.4800      -219590.285  -219599.310        9.026   203.6
2.4900      -219590.287  -219599.151        8.864   199.9
2.5000      -219590.285  -219599.275        8.990   202.8
2.5100      -219590.281  -219599.294        9.013   203.3
2.5200      -219590.289  -219599.497        9.209   207.7
2.5300      -219590.287  -219599.332        9.045   204.0
2.5400      -219590.284  -219599.004        8.720   196.7
2.5500      -219590.288  -219599.172        8.884   200.4
2.5600      -219590.288  -219599.190        8.902   200.8
2.5700      -219590.286  -219599.319        9.033   203.7
2.5800      -219590.281  -219599.379        9.098   205.2
2.5900      -219590.283  -219599.080        8.797   198.4
2.6000      -219590.293  -219599.426        9.134   206.0
2.6100      -219590.290  -219599.195        8.905   200.8
2.6200      -219590.289  -219599.592        9.303   209.8
2.6300      -219590.283  -219599.228        8.944   201.7
2.6400      -219590.288  -219599.620        9.333   210.5
2.6500      -219590.287  -219599.118        8.831   199.2
2.6600      -219590.285  -219599.338        9.053   204.2
2.6700      -219590.289  -219599.803        9.514   214.6
2.6800      -219590.287  -219599.262        8.975   202.4
2.6900      -219590.284  -219599.664        9.379   211.5
2.7000      -219590.281  -219599.599        9.318   210.2
2.7100      -219590.284  -219599.563        9.280   209.3
2.7200      -219590.292  -219599.711        9.419   212.4
2.7300      -219590.290  -219599.381        9.091   205.1
2.7400      -219590.282  -219598.693        8.411   189.7
2.7500      -219590.283  -219598.923        8.640   194.9
2.7600      -219590.285  -219598.847        8.562   193.1
2.7700      -219590.290  -219598.903        8.613   194.3
2.7800      -219590.293  -219599.417        9.124   205.8
2.7900      -219590.286  -219599.247        8.960   202.1
2.8000      -219590.290  -219599.388        9.098   205.2
2.8100      -219590.291  -219599.242        8.951   201.9
2.8200      -219590.284  -219599.348        9.064   204.4
2.8300      -219590.282  -219599.378        9.096   205.2
2.8400      -219590.288  -219599.412        9.124   205.8
2.8500      -219590.290  -219599.361        9.071   204.6
2.8600      -219590.283  -219599.304        9.020   203.5
2.8700      -219590.286  -219599.488        9.202   207.5
2.8800      -219590.287  -219599.042        8.755   197.5
2.8900      -219590.286  -219599.358        9.072   204.6
2.9000      -219590.286  -219599.582        9.296   209.7
2.9100      -219590.292  -219599.830        9.538   215.1
2.9200      -219590.295  -219600.087        9.792   220.9
2.9300      -219590.283  -219599.336        9.053   204.2
2.9400      -219590.278  -219599.904        9.626   217.1
2.9500      -219590.287  -219600.213        9.926   223.9
2.9600      -219590.290  -219599.689        9.400   212.0
2.9700      -219590.291  -219599.833        9.542   215.2
2.9800      -219590.285  -219599.608        9.322   210.3
2.9900      -219590.282  -219599.135        8.853   199.7
3.0000      -219590.290  -219599.372        9.082   204.8
3.0100      -219590.289  -219599.184        8.895   200.6
3.0200      -219590.286  -219599.700        9.414   212.3
3.0300      -219590.283  -219599.358        9.075   204.7
3.0400      -219590.290  -219598.912        8.621   194.5
3.0500      -219590.293  -219599.227        8.934   201.5
3.0600      -219590.285  -219598.937        8.652   195.1
3.0700      -219590.286  -219599.461        9.174   206.9
3.0800      -219590.293  -219599.361        9.069   204.5
3.0900      -219590.292  -219599.164        8.872   200.1
3.1000      -219590.284  -219599.090        8.806   198.6
3.1100      -219590.292  -219599.319        9.027   203.6
3.1200      -219590.293  -219599.253        8.960   202.1
3.1300      -219590.287  -219598.866        8.578   193.5
3.1400      -219590.286  -219599.142        8.856   199.7
3.1500      -219590.290  -219599.448        9.159   206.6
3.1600      -219590.289  -219599.590        9.302   209.8
3.1700      -219590.287  -219599.723        9.436   212.8
3.1800      -219590.288  -219599.655        9.367   211.3
3.1900      -219590.288  -219599.426        9.138   206.1
3.2000      -219590.287  -219599.381        9.094   205.1
3.2100      -219590.285  -219599.152        8.867   200.0
3.2200      -219590.289  -219599.534        9.246   208.5
3.2300      -219590.292  -219599.357        9.065   204.5
3.2400      -219590.290  -219599.388        9.097   205.2
3.2500      -219590.293  -219599.305        9.012   203.3
3.2600      -219590.292  -219599.414        9.122   205.8
3.2700      -219590.288  -219599.353        9.065   204.5
3.2800      -219590.287  -219599.066        8.779   198.0
3.2900      -219590.293  -219599.731        9.439   212.9
3.3000      -219590.287  -219599.738        9.450   213.2
3.3100      -219590.281  -219599.864        9.582   216.1
3.3200      -219590.289  -219599.882        9.594   216.4
3.3300      -219590.295  -219599.736        9.441   212.9
3.3400      -219590.290  -219600.051        9.761   220.2
3.3500      -219590.285  -219600.088        9.804   221.1
3.3600      -219590.288  -219599.600        9.312   210.0
3.3700      -219590.293  -219599.782        9.489   214.0
3.3800      -219590.285  -219599.370        9.085   204.9
3.3900      -219590.286  -219599.322        9.036   203.8
3.4000      -219590.293  -219599.793        9.500   214.3
3.4100      -219590.290  -219599.538        9.248   208.6
3.4200      -219590.290  -219599.478        9.188   207.2
3.4300      -219590.294  -219599.443        9.149   206.3
3.4400      -219590.294  -219599.266        8.972   202.4
3.4500      -219590.292  -219599.558        9.266   209.0
3.4600      -219590.287  -219599.600        9.313   210.1
3.4700      -219590.290  -219599.554        9.264   208.9
3.4800      -219590.293  -219599.544        9.251   208.7
3.4900      -219590.290  -219599.625        9.335   210.5
3.5000      -219590.285  -219599.403        9.118   205.7
3.5100      -219590.292  -219599.413        9.121   205.7
3.5200      -219590.289  -219599.276        8.987   202.7
3.5300      -219590.284  -219599.011        8.727   196.8
3.5400      -219590.295  -219599.907        9.612   216.8
3.5500      -219590.294  -219599.405        9.110   205.5
3.5600      -219590.290  -219599.644        9.354   211.0
3.5700      -219590.286  -219599.377        9.091   205.0
3.5800      -219590.292  -219599.324        9.033   203.7
3.5900      -219590.289  -219599.280        8.992   202.8
3.6000      -219590.289  -219599.418        9.129   205.9
3.6100      -219590.286  -219599.272        8.986   202.7
3.6200      -219590.285  -219599.022        8.737   197.1
3.6300      -219590.300  -219599.696        9.397   211.9
3.6400      -219590.296  -219599.648        9.352   210.9
3.6500      -219590.289  -219599.709        9.421   212.5
3.6600      -219590.289  -219599.847        9.557   215.6
3.6700      -219590.294  -219599.804        9.510   214.5
3.6800      -219590.296  -219599.445        9.149   206.4
3.6900      -219590.291  -219599.425        9.134   206.0
3.7000      -219590.290  -219599.526        9.236   208.3
3.7100      -219590.293  -219599.477        9.184   207.1
3.7200      -219590.288  -219599.204        8.916   201.1
3.7300      -219590.288  -219599.535        9.247   208.6
3.7400      -219590.290  -219599.713        9.423   212.5
3.7500      -219590.294  -219600.206        9.911   223.6
3.7600      -219590.290  -219599.552        9.262   208.9
3.7700      -219590.288  -219599.465        9.177   207.0
3.7800      -219590.293  -219599.772        9.480   213.8
3.7900      -219590.289  -219599.165        8.876   200.2
3.8000      -219590.285  -219599.633        9.348   210.8
3.8100      -219590.282  -219599.384        9.103   205.3
3.8200      -219590.286  -219599.278        8.992   202.8
3.8300      -219590.291  -219599.228        8.936   201.6
3.8400      -219590.289  -219599.565        9.276   209.2
3.8500      -219590.292  -219599.623        9.330   210.4
3.8600      -219590.298  -219599.904        9.606   216.7
3.8700      -219590.285  -219599.049        8.764   197.7
3.8800      -219590.285  -219599.270        8.985   202.6
3.8900      -219590.292  -219599.973        9.681   218.3
3.9000      -219590.294  -219599.225        8.932   201.5
3.9100      -219590.291  -219599.140        8.849   199.6
3.9200      -219590.287  -219599.659        9.372   211.4
3.9300      -219590.290  -219599.900        9.610   216.7
3.9400      -219590.297  -219600.541       10.244   231.1
3.9500      -219590.289  -219599.718        9.428   212.7
3.9600      -219590.289  -219600.092        9.803   221.1
3.9700      -219590.285  -219599.372        9.087   205.0
3.9800      -219590.290  -219599.063        8.772   197.9
3.9900      -219590.295  -219599.434        9.139   206.1
4.0000      -219590.288  -219599.516        9.228   208.1
4.0100      -219590.287  -219599.578        9.291   209.6
4.0200      -219590.297  -219600.349       10.052   226.7
4.0300      -219590.296  -219599.859        9.563   215.7
4.0400      -219590.294  -219599.722        9.428   212.7
4.0500      -219590.289  -219599.622        9.333   210.5
4.0600      -219590.290  -219599.487        9.197   207.4
4.0700      -219590.293  -219600.086        9.793   220.9
4.0800      -219590.301  -219600.573       10.272   231.7
4.0900      -219590.290  -219599.469        9.179   207.0
4.1000      -219590.283  -219599.498        9.214   207.8
4.1100      -219590.286  -219599.456        9.170   206.8
4.1200      -219590.289  -219599.508        9.219   207.9
4.1300      -219590.290  -219600.097        9.807   221.2
4.1400      -219590.289  -219600.473       10.184   229.7
4.1500      -219590.294  -219600.121        9.827   221.6
4.1600      -219590.294  -219600.044        9.750   219.9
4.1700      -219590.294  -219599.574        9.280   209.3
4.1800      -219590.289  -219600.139        9.850   222.2
4.1900      -219590.291  -219599.704        9.413   212.3
4.2000      -219590.296  -219600.041        9.745   219.8
4.2100      -219590.300  -219600.229        9.929   223.9
4.2200      -219590.292  -219599.945        9.653   217.7
4.2300      -219590.290  -219599.466        9.176   207.0
4.2400      -219590.294  -219599.441        9.147   206.3
4.2500      -219590.291  -219599.275        8.984   202.6
4.2600      -219590.289  -219599.728        9.439   212.9
4.2700      -219590.283  -219599.534        9.251   208.6
4.2800      -219590.284  -219599.539        9.255   208.7
4.2900      -219590.292  -219600.206        9.913   223.6
4.3000      -219590.292  -219599.781        9.490   214.0
4.3100      -219590.290  -219599.817        9.527   214.9
4.3200      -219590.287  -219600.075        9.787   220.8
4.3300      -219590.287  -219600.303       10.016   225.9
4.3400      -219590.287  -219600.795       10.508   237.0
4.3500      -219590.284  -219599.885        9.601   216.6
4.3600      -219590.286  -219599.334        9.049   204.1
4.3700      -219590.290  -219599.564        9.274   209.2
4.3800      -219590.291  -219599.889        9.598   216.5
4.3900      -219590.293  -219599.640        9.347   210.8
4.4000      -219590.296  -219599.705        9.409   212.2
4.4100      -219590.292  -219599.400        9.109   205.4
4.4200      -219590.292  -219599.836        9.544   215.3
4.4300      -219590.301  -219600.215        9.914   223.6
4.4400      -219590.299  -219599.436        9.137   206.1
4.4500      -219590.294  -219599.230        8.937   201.6
4.4600      -219590.295  -219599.695        9.401   212.0
4.4700      -219590.294  -219599.581        9.287   209.5
4.4800      -219590.298  -219599.732        9.434   212.8
4.4900      -219590.294  -219599.641        9.347   210.8
4.5000      -219590.287  -219599.644        9.356   211.0
4.5100      -219590.291  -219599.405        9.114   205.6
4.5200      -219590.298  -219599.544        9.245   208.5
4.5300      -219590.288  -219599.421        9.133   206.0
4.5400      -219590.284  -219599.060        8.775   197.9
4.5500      -219590.291  -219599.394        9.103   205.3
4.5600      -219590.291  -219599.280        8.989   202.7
4.5700      -219590.291  -219599.429        9.138   206.1
4.5800      -219590.290  -219599.894        9.604   216.6
4.5900      -219590.288  -219599.856        9.568   215.8
4.6000      -219590.292  -219599.858        9.566   215.8
4.6100      -219590.291  -219599.935        9.644   217.5
4.6200      -219590.293  -219599.886        9.593   216.4
4.6300      -219590.301  -219599.994        9.693   218.6
4.6400      -219590.305  -219600.133        9.828   221.7
4.6500      -219590.296  -219599.854        9.558   215.6
4.6600      -219590.291  -219599.465        9.174   206.9
4.6700      -219590.297  -219599.943        9.646   217.6
4.6800      -219590.296  -219600.141        9.846   222.1
4.6900      -219590.291  -219599.690        9.399   212.0
4.7000      -219590.291  -219599.766        9.475   213.7
4.7100      -219590.293  -219599.781        9.488   214.0
4.7200      -219590.298  -219599.852        9.555   215.5
4.7300      -219590.297  -219600.125        9.828   221.7
4.7400      -219590.288  -219599.998        9.710   219.0
4.7500      -219590.289  -219600.396       10.107   228.0
4.7600      -219590.291  -219600.089        9.798   221.0
4.7700      -219590.295  -219600.102        9.807   221.2
4.7800      -219590.296  -219600.477       10.181   229.6
4.7900      -219590.296  -219600.250        9.954   224.5
4.8000      -219590.298  -219599.966        9.667   218.0
4.8100      -219590.292  -219599.424        9.132   206.0
4.8200      -219590.291  -219599.689        9.398   212.0
4.8300      -219590.296  -219599.745        9.448   213.1
4.8400      -219590.299  -219600.079        9.779   220.6
4.8500      -219590.294  -219599.718        9.424   212.6
4.8600      -219590.290  -219599.220        8.930   201.4
4.8700      -219590.293  -219599.244        8.952   201.9
4.8800      -219590.295  -219599.370        9.075   204.7
4.8900      -219590.294  -219599.737        9.442   213.0
4.9000      -219590.298  -219599.584        9.287   209.5
4.9100      -219590.298  -219599.632        9.334   210.5
4.9200      -219590.301  -219600.364       10.062   227.0
4.9300      -219590.301  -219600.276        9.976   225.0
4.9400      -219590.293  -219600.327       10.034   226.3
4.9500      -219590.291  -219599.988        9.696   218.7
4.9600      -219590.294  -219599.392        9.098   205.2
4.9700      -219590.295  -219599.194        8.899   200.7
4.9800      -219590.289  -219598.889        8.600   194.0
4.9900      -219590.289  -219599.774        9.485   213.9
5.0000      -219590.289  -219599.825        9.536   215.1
5.0100      -219590.290  -219599.102        8.812   198.8
5.0200      -219590.294  -219599.138        8.844   199.5
5.0300      -219590.292  -219598.796        8.504   191.8
5.0400      -219590.289  -219598.889        8.600   194.0
5.0500      -219590.288  -219598.934        8.645   195.0
5.0600      -219590.295  -219599.302        9.007   203.2
5.0700      -219590.297  -219599.017        8.720   196.7
5.0800      -219590.301  -219599.498        9.197   207.4
5.0900      -219590.295  -219599.213        8.918   201.2
5.1000      -219590.291  -219599.218        8.927   201.4
5.1100      -219590.297  -219599.808        9.511   214.5
5.1200      -219590.300  -219599.343        9.043   204.0
5.1300      -219590.299  -219599.137        8.838   199.3
5.1400      -219590.297  -219599.359        9.062   204.4
5.1500      -219590.297  -219599.484        9.187   207.2
5.1600      -219590.292  -219599.250        8.958   202.0
5.1700      -219590.290  -219599.512        9.222   208.0
5.1800      -219590.291  -219599.707        9.416   212.4
5.1900      -219590.293  -219599.259        8.966   202.2
5.2000      -219590.297  -219599.179        8.881   200.3
5.2100      -219590.299  -219599.931        9.631   217.2
5.2200      -219590.292  -219599.386        9.094   205.1
5.2300      -219590.291  -219599.447        9.157   206.5
5.2400      -219590.291  -219599.178        8.887   200.4
5.2500      -219590.295  -219599.550        9.255   208.7
5.2600      -219590.298  -219600.009        9.711   219.0
5.2700      -219590.298  -219599.828        9.530   214.9
5.2800      -219590.296  -219599.522        9.226   208.1
5.2900      -219590.289  -219599.324        9.035   203.8
5.3000      -219590.298  -219599.854        9.556   215.5
5.3100      -219590.306  -219600.255        9.949   224.4
5.3200      -219590.301  -219599.733        9.433   212.8
5.3300      -219590.294  -219599.263        8.970   202.3
5.3400      -219590.293  -219599.408        9.116   205.6
5.3500      -219590.292  -219599.592        9.299   209.7
5.3600      -219590.295  -219599.715        9.420   212.5
5.3700      -219590.291  -219599.163        8.873   200.1
5.3800      -219590.287  -219599.534        9.247   208.6
5.3900      -219590.290  -219599.813        9.523   214.8
5.4000      -219590.295  -219599.130        8.835   199.3
5.4100      -219590.307  -219599.629        9.322   210.3
5.4200      -219590.296  -219599.151        8.855   199.7
5.4300      -219590.285  -219599.568        9.283   209.4
5.4400      -219590.287  -219599.818        9.530   215.0
5.4500      -219590.295  -219599.750        9.454   213.2
5.4600      -219590.297  -219599.527        9.230   208.2
5.4700      -219590.298  -219600.026        9.728   219.4
5.4800      -219590.285  -219598.647        8.362   188.6
5.4900      -219590.292  -219599.011        8.719   196.7
5.5000      -219590.295  -219599.292        8.997   202.9
5.5100      -219590.299  -219599.186        8.887   200.4
5.5200      -219590.297  -219599.586        9.289   209.5
5.5300      -219590.287  -219599.182        8.895   200.6
5.5400      -219590.296  -219599.313        9.017   203.4
5.5500      -219590.301  -219599.228        8.926   201.3
5.5600      -219590.300  -219599.904        9.604   216.6
5.5700      -219590.296  -219599.819        9.523   214.8
5.5800      -219590.290  -219599.279        8.989   202.8
5.5900      -219590.295  -219599.486        9.190   207.3
5.6000      -219590.301  -219599.536        9.235   208.3
5.6100      -219590.304  -219599.895        9.591   216.3
5.6200      -219590.295  -219600.117        9.823   221.6
5.6300      -219590.288  -219600.076        9.788   220.8
5.6400      -219590.292  -219600.099        9.807   221.2
5.6500      -219590.295  -219599.730        9.435   212.8
5.6600      -219590.293  -219599.658        9.365   211.2
5.6700      -219590.293  -219599.714        9.420   212.5
5.6800      -219590.296  -219600.079        9.782   220.6
5.6900      -219590.295  -219599.227        8.932   201.5
5.7000      -219590.291  -219599.070        8.780   198.0
5.7100      -219590.293  -219599.349        9.057   204.3
5.7200      -219590.299  -219599.482        9.183   207.1
5.7300      -219590.296  -219599.398        9.102   205.3
5.7400      -219590.286  -219598.939        8.653   195.2
5.7500      -219590.294  -219599.496        9.202   207.6
5.7600      -219590.301  -219599.769        9.468   213.5
5.7700      -219590.299  -219599.830        9.531   215.0
5.7800      -219590.299  -219600.118        9.819   221.5
5.7900      -219590.298  -219599.976        9.678   218.3
5.8000      -219590.294  -219599.471        9.178   207.0
5.8100      -219590.296  -219599.495        9.199   207.5
5.8200      -219590.298  -219599.666        9.367   211.3
5.8300      -219590.297  -219599.625        9.327   210.4
5.8400      -219590.302  -219600.034        9.732   219.5
5.8500      -219590.300  -219600.069        9.769   220.3
5.8600      -219590.299  -219599.845        9.546   215.3
5.8700      -219590.297  -219599.777        9.479   213.8
5.8800      -219590.290  -219599.501        9.211   207.7
5.8900      -219590.287  -219599.422        9.135   206.0
5.9000      -219590.298  -219599.763        9.465   213.5
5.9100      -219590.308  -219600.046        9.738   219.6
5.9200      -219590.303  -219599.928        9.625   217.1
5.9300      -219590.291  -219599.145        8.854   199.7
5.9400      -219590.291  -219599.018        8.726   196.8
5.9500      -219590.295  -219599.241        8.946   201.8
5.9600      -219590.297  -219599.673        9.375   211.5
5.9700      -219590.296  -219599.407        9.111   205.5
5.9800      -219590.298  -219599.395        9.097   205.2
5.9900      -219590.301  -219599.755        9.454   213.2
6.0000      -219590.301  -219599.743        9.442   213.0
6.0100      -219590.296  -219599.282        8.985   202.7
6.0200      -219590.292  -219599.516        9.224   208.0
6.0300      -219590.288  -219598.963        8.674   195.6
6.0400      -219590.300  -219599.599        9.300   209.8
6.0500      -219590.300  -219599.199        8.899   200.7
6.0600      -219590.300  -219599.855        9.555   215.5
6.0700      -219590.299  -219600.174        9.876   222.7
6.0800      -219590.301  -219600.393       10.092   227.6
6.0900      -219590.299  -219599.912        9.613   216.8
6.1000      -219590.301  -219599.800        9.498   214.2
6.1100      -219590.298  -219599.540        9.242   208.5
6.1200      -219590.295  -219599.570        9.276   209.2
6.1300      -219590.287  -219598.976        8.689   196.0
6.1400      -219590.288  -219600.029        9.741   219.7
6.1500      -219590.294  -219600.303       10.010   225.8
6.1600      -219590.302  -219600.371       10.069   227.1
6.1700      -219590.301  -219600.195        9.894   223.2
6.1800      -219590.292  -219599.751        9.459   213.3
6.1900      -219590.288  -219599.507        9.219   207.9
6.2000      -219590.290  -219599.592        9.302   209.8
6.2100      -219590.298  -219599.842        9.544   215.3
6.2200      -219590.304  -219599.991        9.688   218.5
6.2300      -219590.305  -219599.976        9.671   218.1
6.2400      -219590.298  -219600.076        9.778   220.5
6.2500      -219590.296  -219600.304       10.008   225.7
6.2600      -219590.293  -219599.778        9.485   213.9
6.2700      -219590.300  -219600.190        9.890   223.1
6.2800      -219590.303  -219599.623        9.320   210.2
6.2900      -219590.300  -219599.688        9.389   211.8
6.3000      -219590.291  -219599.430        9.140   206.1
6.3100      -219590.296  -219600.034        9.738   219.6
6.3200      -219590.297  -219599.883        9.586   216.2
6.3300      -219590.292  -219599.605        9.313   210.0
6.3400      -219590.292  -219600.121        9.829   221.7
6.3500      -219590.295  -219600.234        9.938   224.2
6.3600      -219590.305  -219600.419       10.114   228.1
6.3700      -219590.312  -219600.469       10.157   229.1
6.3800      -219590.301  -219599.993        9.692   218.6
6.3900      -219590.288  -219599.485        9.197   207.4
6.4000      -219590.296  -219600.283        9.987   225.3
6.4100      -219590.296  -219599.730        9.434   212.8
6.4200      -219590.291  -219599.865        9.574   215.9
6.4300      -219590.289  -219600.345       10.056   226.8
6.4400      -219590.292  -219600.381       10.089   227.5
6.4500      -219590.299  -219600.022        9.723   219.3
6.4600      -219590.306  -219600.323       10.017   225.9
6.4700      -219590.306  -219599.829        9.523   214.8
6.4800      -219590.300  -219599.858        9.558   215.6
6.4900      -219590.290  -219599.706        9.416   212.4
6.5000      -219590.293  -219600.128        9.835   221.8
6.5100      -219590.298  -219600.146        9.848   222.1
6.5200      -219590.306  -219600.478       10.172   229.4
6.5300      -219590.305  -219600.291        9.986   225.2
6.5400      -219590.302  -219600.955       10.652   240.3
6.5500      -219590.294  -219600.775       10.482   236.4
6.5600      -219590.301  -219600.629       10.328   232.9
6.5700      -219590.304  -219600.673       10.369   233.9
6.5800      -219590.294  -219600.579       10.286   232.0
6.5900      -219590.287  -219600.727       10.440   235.5
6.6000      -219590.296  -219600.618       10.321   232.8
6.6100      -219590.308  -219600.522       10.214   230.4
6.6200      -219590.299  -219600.193        9.893   223.1
6.6300      -219590.291  -219599.702        9.411   212.3
6.6400      -219590.295  -219600.195        9.900   223.3
6.6500      -219590.293  -219599.976        9.683   218.4
6.6600      -219590.295  -219599.871        9.577   216.0
6.6700      -219590.302  -219599.853        9.551   215.4
6.6800      -219590.307  -219600.165        9.858   222.3
6.6900      -219590.289  -219599.504        9.215   207.8
6.7000      -219590.292  -219600.046        9.754   220.0
6.7100      -219590.302  -219599.780        9.478   213.8
6.7200      -219590.307  -219600.259        9.953   224.5
6.7300      -219590.305  -219600.246        9.941   224.2
6.7400      -219590.300  -219599.880        9.580   216.1
6.7500      -219590.302  -219600.361       10.059   226.9
6.7600      -219590.298  -219599.988        9.690   218.6
6.7700      -219590.305  -219600.380       10.075   227.2
6.7800      -219590.297  -219599.910        9.613   216.8
6.7900      -219590.288  -219600.101        9.813   221.3
6.8000      -219590.296  -219600.436       10.140   228.7
6.8100      -219590.306  -219600.083        9.777   220.5
6.8200      -219590.305  -219600.056        9.751   219.9
6.8300      -219590.289  -219599.804        9.516   214.6
6.8400      -219590.293  -219599.719        9.425   212.6
6.8500      -219590.313  -219599.800        9.487   214.0
6.8600      -219590.313  -219599.689        9.375   211.5
6.8700      -219590.296  -219599.412        9.116   205.6
6.8800      -219590.286  -219599.884        9.598   216.5
6.8900      -219590.288  -219599.973        9.684   218.4
6.9000      -219590.294  -219600.149        9.855   222.3
6.9100      -219590.303  -219600.214        9.911   223.5
6.9200      -219590.304  -219600.336       10.033   226.3
6.9300      -219590.290  -219599.929        9.639   217.4
6.9400      -219590.288  -219599.653        9.365   211.2
6.9500      -219590.299  -219599.795        9.497   214.2
6.9600      -219590.297  -219600.016        9.719   219.2
6.9700      -219590.287  -219600.328       10.041   226.5
6.9800      -219590.292  -219600.319       10.027   226.2
6.9900      -219590.297  -219600.033        9.737   219.6
7.0000      -219590.303  -219599.842        9.540   215.2
7.0100      -219590.313  -219600.936       10.623   239.6
7.0200      -219590.309  -219600.725       10.417   234.9
7.0300      -219590.291  -219599.643        9.352   210.9
7.0400      -219590.291  -219599.974        9.683   218.4
7.0500      -219590.305  -219600.090        9.785   220.7
7.0600      -219590.305  -219599.788        9.483   213.9
7.0700      -219590.290  -219599.547        9.257   208.8
7.0800      -219590.296  -219599.685        9.389   211.8
7.0900      -219590.308  -219599.439        9.131   205.9
7.1000      -219590.307  -219600.300        9.993   225.4
7.1100      -219590.297  -219599.708        9.411   212.3
7.1200      -219590.295  -219599.928        9.633   217.3
7.1300      -219590.292  -219599.922        9.630   217.2
7.1400      -219590.294  -219600.040        9.746   219.8
7.1500      -219590.298  -219599.657        9.359   211.1
7.1600      -219590.309  -219600.140        9.831   221.7
7.1700      -219590.302  -219600.476       10.174   229.5
7.1800      -219590.289  -219599.809        9.520   214.7
7.1900      -219590.305  -219600.021        9.716   219.2
7.2000      -219590.306  -219599.529        9.223   208.0
7.2100      -219590.296  -219599.521        9.226   208.1
7.2200      -219590.295  -219599.937        9.643   217.5
7.2300      -219590.296  -219599.633        9.336   210.6
7.2400      -219590.304  -219599.983        9.679   218.3
7.2500      -219590.304  -219599.441        9.137   206.1
7.2600      -219590.302  -219599.994        9.692   218.6
7.2700      -219590.294  -219599.867        9.573   215.9
7.2800      -219590.294  -219599.971        9.677   218.3
7.2900      -219590.304  -219600.155        9.851   222.2
7.3000      -219590.308  -219600.116        9.809   221.2
7.3100      -219590.296  -219599.180        8.884   200.4
7.3200      -219590.301  -219599.161        8.860   199.8
7.3300      -219590.305  -219599.714        9.410   212.2
7.3400      -219590.303  -219599.793        9.489   214.0
7.3500      -219590.300  -219599.403        9.103   205.3
7.3600      -219590.294  -219599.687        9.393   211.9
7.3700      -219590.291  -219599.924        9.634   217.3
7.3800      -219590.299  -219600.108        9.808   221.2
7.3900      -219590.312  -219600.025        9.713   219.1
7.4000      -219590.308  -219599.343        9.035   203.8
7.4100      -219590.305  -219600.331       10.026   226.1
7.4200      -219590.299  -219600.387       10.087   227.5
7.4300      -219590.299  -219599.514        9.216   207.9
7.4400      -219590.304  -219600.038        9.734   219.5
7.4500      -219590.301  -219599.623        9.323   210.3
7.4600      -219590.303  -219599.789        9.485   213.9
7.4700      -219590.294  -219599.442        9.147   206.3
7.4800      -219590.292  -219600.168        9.876   222.8
7.4900      -219590.292  -219599.711        9.419   212.5
7.5000      -219590.304  -219599.825        9.522   214.8
7.5100      -219590.310  -219600.011        9.701   218.8
7.5200      -219590.307  -219600.544       10.236   230.9
7.5300      -219590.300  -219600.123        9.823   221.5
7.5400      -219590.298  -219600.236        9.938   224.1
7.5500      -219590.304  -219600.463       10.159   229.1
7.5600      -219590.300  -219599.906        9.606   216.7
7.5700      -219590.297  -219600.160        9.863   222.5
7.5800      -219590.293  -219600.280        9.987   225.3
7.5900      -219590.296  -219600.018        9.722   219.3
7.6000      -219590.298  -219599.638        9.340   210.7
7.6100      -219590.292  -219599.999        9.707   218.9
7.6200      -219590.289  -219600.174        9.885   223.0
7.6300      -219590.301  -219600.228        9.927   223.9
7.6400      -219590.307  -219599.957        9.650   217.7
7.6500      -219590.299  -219599.772        9.472   213.7
7.6600      -219590.299  -219599.840        9.541   215.2
7.6700      -219590.308  -219600.196        9.888   223.0
7.6800      -219590.306  -219599.798        9.493   214.1
7.6900      -219590.302  -219600.060        9.759   220.1
7.7000      -219590.301  -219600.139        9.837   221.9
7.7100      -219590.301  -219599.787        9.486   214.0
7.7200      -219590.298  -219599.609        9.312   210.0
7.7300      -219590.295  -219599.777        9.481   213.9
7.7400      -219590.300  -219600.112        9.812   221.3
7.7500      -219590.300  -219599.804        9.504   214.4
7.7600      -219590.302  -219599.890        9.588   216.3
7.7700      -219590.306  -219600.198        9.892   223.1
7.7800      -219590.303  -219600.209        9.906   223.4
7.7900      -219590.296  -219599.923        9.627   217.1
7.8000      -219590.295  -219599.882        9.587   216.2
7.8100      -219590.307  -219600.562       10.255   231.3
7.8200      -219590.311  -219600.626       10.315   232.7
7.8300      -219590.305  -219600.133        9.828   221.7
7.8400      -219590.305  -219600.430       10.125   228.4
7.8500      -219590.306  -219600.417       10.111   228.1
7.8600      -219590.305  -219600.908       10.603   239.2
7.8700      -219590.296  -219599.923        9.627   217.1
7.8800      -219590.300  -219599.935        9.635   217.3
7.8900      -219590.296  -219599.868        9.572   215.9
7.9000      -219590.296  -219599.877        9.581   216.1
7.9100      -219590.304  -219600.007        9.703   218.8
7.9200      -219590.312  -219600.590       10.279   231.8
7.9300      -219590.305  -219599.722        9.417   212.4
7.9400      -219590.304  -219599.535        9.231   208.2
7.9500      -219590.307  -219600.034        9.727   219.4
7.9600      -219590.302  -219599.912        9.610   216.7
7.9700      -219590.295  -219599.482        9.186   207.2
7.9800      -219590.301  -219599.843        9.543   215.2
7.9900      -219590.307  -219599.879        9.572   215.9
8.0000      -219590.307  -219600.135        9.827   221.7
8.0100      -219590.310  -219600.231        9.921   223.8
8.0200      -219590.308  -219600.212        9.904   223.4
8.0300      -219590.300  -219599.833        9.533   215.0
8.0400      -219590.299  -219600.088        9.789   220.8
8.0500      -219590.302  -219599.679        9.377   211.5
8.0600      -219590.310  -219600.066        9.756   220.0
8.0700      -219590.310  -219600.474       10.164   229.2
8.0800      -219590.306  -219599.909        9.602   216.6
8.0900      -219590.300  -219599.821        9.521   214.8
8.1000      -219590.295  -219600.331       10.036   226.4
8.1100      -219590.303  -219600.336       10.033   226.3
8.1200      -219590.307  -219599.872        9.565   215.7
8.1300      -219590.309  -219599.771        9.462   213.4
8.1400      -219590.301  -219599.990        9.689   218.5
8.1500      -219590.296  -219599.913        9.616   216.9
8.1600      -219590.299  -219600.227        9.928   223.9
8.1700      -219590.300  -219600.015        9.715   219.1
8.1800      -219590.304  -219600.441       10.137   228.6
8.1900      -219590.303  -219600.615       10.312   232.6
8.2000      -219590.303  -219600.288        9.985   225.2
8.2100      -219590.296  -219599.967        9.671   218.1
8.2200      -219590.298  -219600.827       10.529   237.5
8.2300      -219590.301  -219600.325       10.024   226.1
8.2400      -219590.306  -219600.150        9.844   222.0
8.2500      -219590.311  -219600.549       10.238   230.9
8.2600      -219590.307  -219600.483       10.175   229.5
8.2700      -219590.297  -219600.125        9.827   221.7
8.2800      -219590.300  -219600.454       10.154   229.0
8.2900      -219590.306  -219599.953        9.648   217.6
8.3000      -219590.309  -219600.009        9.700   218.8
8.3100      -219590.306  -219600.759       10.453   235.8
8.3200      -219590.295  -219600.536       10.241   231.0
8.3300      -219590.294  -219600.106        9.812   221.3
8.3400      -219590.302  -219600.507       10.205   230.2
8.3500      -219590.303  -219600.888       10.585   238.8
8.3600      -219590.293  -219599.886        9.593   216.4
8.3700      -219590.302  -219600.176        9.874   222.7
8.3800      -219590.313  -219600.723       10.410   234.8
8.3900      -219590.309  -219601.321       11.011   248.4
8.4000      -219590.300  -219601.210       10.910   246.1
8.4100      -219590.295  -219600.335       10.040   226.5
8.4200      -219590.300  -219600.434       10.135   228.6
8.4300      -219590.308  -219600.560       10.252   231.2
8.4400      -219590.302  -219600.072        9.771   220.4
8.4500      -219590.294  -219599.887        9.593   216.4
8.4600      -219590.303  -219599.947        9.644   217.5
8.4700      -219590.309  -219600.755       10.445   235.6
8.4800      -219590.295  -219600.378       10.082   227.4
8.4900      -219590.294  -219600.597       10.302   232.4
8.5000      -219590.304  -219600.835       10.531   237.5
8.5100      -219590.299  -219600.307       10.008   225.7
8.5200      -219590.303  -219600.273        9.970   224.9
8.5300      -219590.307  -219600.559       10.252   231.2
8.5400      -219590.302  -219599.913        9.611   216.8
8.5500      -219590.307  -219600.500       10.194   229.9
8.5600      -219590.303  -219600.203        9.900   223.3
8.5700      -219590.301  -219600.442       10.141   228.7
8.5800      -219590.301  -219600.439       10.137   228.6
8.5900      -219590.306  -219600.626       10.320   232.8
8.6000      -219590.311  -219600.776       10.466   236.1
8.6100      -219590.299  -219600.240        9.940   224.2
8.6200      -219590.289  -219599.856        9.568   215.8
8.6300      -219590.301  -219600.325       10.024   226.1
8.6400      -219590.309  -219600.986       10.677   240.8
8.6500      -219590.309  -219600.744       10.436   235.4
8.6600      -219590.306  -219600.029        9.723   219.3
8.6700      -219590.311  -219600.727       10.416   234.9
8.6800      -219590.305  -219600.211        9.906   223.4
8.6900      -219590.304  -219600.137        9.833   221.8
8.7000      -219590.301  -219600.154        9.853   222.2
8.7100      -219590.296  -219599.728        9.432   212.7
8.7200      -219590.304  -219600.351       10.047   226.6
8.7300      -219590.305  -219600.319       10.014   225.9
8.7400      -219590.306  -219600.268        9.962   224.7
8.7500      -219590.302  -219600.261        9.959   224.6
8.7600      -219590.300  -219600.049        9.749   219.9
8.7700      -219590.304  -219599.966        9.662   217.9
8.7800      -219590.304  -219600.182        9.878   222.8
8.7900      -219590.313  -219600.209        9.895   223.2
8.8000      -219590.319  -219600.138        9.819   221.5
8.8100      -219590.308  -219600.783       10.475   236.3
8.8200      -219590.289  -219600.630       10.340   233.2
8.8300      -219590.289  -219600.129        9.840   221.9
8.8400      -219590.302  -219600.415       10.113   228.1
8.8500      -219590.307  -219600.239        9.932   224.0
8.8600      -219590.306  -219600.517       10.211   230.3
8.8700      -219590.306  -219600.049        9.743   219.8
8.8800      -219590.309  -219599.572        9.263   208.9
8.8900      -219590.301  -219600.050        9.749   219.9
8.9000      -219590.296  -219600.450       10.154   229.0
8.9100      -219590.293  -219599.805        9.512   214.5
8.9200      -219590.298  -219600.303       10.005   225.7
8.9300      -219590.309  -219600.361       10.052   226.7
8.9400      -219590.318  -219600.569       10.252   231.2
8.9500      -219590.307  -219600.371       10.064   227.0
8.9600      -219590.295  -219600.294        9.999   225.5
8.9700      -219590.296  -219599.629        9.333   210.5
8.9800      -219590.309  -219600.362       10.053   226.7
8.9900      -219590.308  -219600.433       10.124   228.4
9.0000      -219590.301  -219600.570       10.269   231.6
9.0100      -219590.296  -219600.525       10.229   230.7
9.0200      -219590.308  -219600.469       10.160   229.2
9.0300      -219590.317  -219600.525       10.209   230.3
9.0400      -219590.302  -219600.202        9.900   223.3
9.0500      -219590.300  -219600.432       10.132   228.5
9.0600      -219590.305  -219600.393       10.089   227.5
9.0700      -219590.302  -219600.375       10.072   227.2
9.0800      -219590.305  -219601.158       10.853   244.8
9.0900      -219590.294  -219599.871        9.577   216.0
9.1000      -219590.303  -219599.987        9.684   218.4
9.1100      -219590.311  -219600.348       10.038   226.4
9.1200      -219590.305  -219599.890        9.586   216.2
9.1300      -219590.298  -219600.200        9.902   223.3
9.1400      -219590.297  -219599.268        8.971   202.3
9.1500      -219590.311  -219599.885        9.574   215.9
9.1600      -219590.314  -219600.623       10.309   232.5
9.1700      -219590.303  -219599.998        9.695   218.7
9.1800      -219590.304  -219600.925       10.621   239.5
9.1900      -219590.305  -219600.845       10.540   237.7
9.2000      -219590.312  -219600.860       10.548   237.9
9.2100      -219590.302  -219600.811       10.510   237.0
9.2200      -219590.300  -219600.394       10.094   227.7
9.2300      -219590.315  -219600.615       10.300   232.3
9.2400      -219590.308  -219600.624       10.315   232.7
9.2500      -219590.303  -219600.397       10.094   227.7
9.2600      -219590.291  -219600.321       10.030   226.2
9.2700      -219590.296  -219599.977        9.681   218.4
9.2800      -219590.304  -219600.133        9.829   221.7
9.2900      -219590.304  -219599.729        9.425   212.6
9.3000      -219590.307  -219600.246        9.939   224.2
9.3100      -219590.311  -219601.002       10.691   241.1
9.3200      -219590.303  -219600.167        9.864   222.5
9.3300      -219590.302  -219600.133        9.831   221.7
9.3400      -219590.299  -219600.159        9.860   222.4
9.3500      -219590.304  -219600.692       10.388   234.3
9.3600      -219590.313  -219601.168       10.855   244.8
9.3700      -219590.308  -219600.763       10.455   235.8
9.3800      -219590.302  -219600.409       10.107   228.0
9.3900      -219590.300  -219600.299        9.998   225.5
9.4000      -219590.307  -219600.837       10.530   237.5
9.4100      -219590.308  -219600.711       10.403   234.6
9.4200      -219590.304  -219600.446       10.141   228.7
9.4300      -219590.302  -219600.507       10.204   230.2
9.4400      -219590.308  -219601.011       10.703   241.4
9.4500      -219590.307  -219600.390       10.083   227.4
9.4600      -219590.308  -219600.213        9.904   223.4
9.4700      -219590.308  -219600.332       10.024   226.1
9.4800      -219590.303  -219600.263        9.960   224.6
9.4900      -219590.305  -219600.718       10.413   234.9
9.5000      -219590.302  -219600.970       10.668   240.6
9.5100      -219590.302  -219600.771       10.470   236.1
9.5200      -219590.303  -219600.714       10.411   234.8
9.5300      -219590.303  -219600.503       10.200   230.1
9.5400      -219590.296  -219600.314       10.018   225.9
9.5500      -219590.295  -219600.645       10.351   233.5
9.5600      -219590.300  -219600.230        9.930   224.0
9.5700      -219590.307  -219600.286        9.979   225.1
9.5800      -219590.305  -219600.539       10.234   230.8
9.5900      -219590.304  -219600.902       10.598   239.0
9.6000      -219590.302  -219600.445       10.143   228.8
9.6100      -219590.292  -219599.471        9.180   207.0
9.6200      -219590.302  -219600.444       10.142   228.7
9.6300      -219590.304  -219600.686       10.382   234.2
9.6400      -219590.303  -219600.947       10.644   240.1
9.6500      -219590.301  -219600.250        9.949   224.4
9.6600      -219590.299  -219599.721        9.422   212.5
9.6700      -219590.302  -219600.659       10.357   233.6
9.6800      -219590.304  -219600.610       10.306   232.5
9.6900      -219590.315  -219601.211       10.896   245.8
9.7000      -219590.316  -219600.507       10.190   229.8
9.7100      -219590.313  -219600.321       10.008   225.7
9.7200      -219590.303  -219600.095        9.793   220.9
9.7300      -219590.300  -219600.110        9.810   221.3
9.7400      -219590.299  -219600.173        9.873   222.7
9.7500      -219590.310  -219600.934       10.624   239.6
9.7600      -219590.312  -219600.303        9.992   225.4
9.7700      -219590.304  -219600.405       10.101   227.8
9.7800      -219590.297  -219600.292        9.996   225.5
9.7900      -219590.295  -219600.031        9.736   219.6
9.8000      -219590.301  -219600.533       10.231   230.8
9.8100      -219590.303  -219600.619       10.316   232.7
9.8200      -219590.301  -219600.335       10.034   226.3
9.8300      -219590.297  -219600.179        9.882   222.9
9.8400      -219590.299  -219600.716       10.416   234.9
9.8500      -219590.300  -219600.470       10.170   229.4
9.8600      -219590.312  -219601.434       11.121   250.8
9.8700      -219590.316  -219601.005       10.689   241.1
9.8800      -219590.318  -219601.063       10.745   242.3
9.8900      -219590.314  -219600.528       10.214   230.4
9.9000      -219590.306  -219600.423       10.117   228.2
9.9100      -219590.297  -219600.142        9.845   222.1
9.9200      -219590.296  -219599.961        9.665   218.0
9.9300      -219590.298  -219600.168        9.871   222.6
9.9400      -219590.299  -219600.154        9.855   222.3
9.9500      -219590.307  -219600.430       10.123   228.3
9.9600      -219590.305  -219600.138        9.833   221.8
9.9700      -219590.297  -219600.244        9.946   224.3
9.9800      -219590.292  -219599.394        9.101   205.3
9.9900      -219590.302  -219599.981        9.679   218.3
10.0000     -219590.309  -219600.499       10.190   229.8
