Time[ps]      Etot[eV]     Epot[eV]     Ekin[eV]    T[K]
0.0000      -201778.581  -201778.581        0.000     0.0
0.0100      -201778.639  -201783.923        5.284   133.6
0.0200      -201778.634  -201784.187        5.552   140.4
0.0300      -201778.659  -201785.755        7.096   179.4
0.0400      -201778.633  -201784.879        6.246   157.9
0.0500      -201778.652  -201786.725        8.072   204.1
0.0600      -201778.660  -201786.712        8.051   203.6
0.0700      -201778.659  -201786.406        7.747   195.9
0.0800      -201778.659  -201786.327        7.668   193.9
0.0900      -201778.636  -201786.019        7.383   186.7
0.1000      -201778.635  -201785.731        7.096   179.4
0.1100      -201778.650  -201785.812        7.162   181.1
0.1200      -201778.661  -201787.260        8.598   217.4
0.1300      -201778.670  -201786.607        7.937   200.7
0.1400      -201778.625  -201786.059        7.435   188.0
0.1500      -201778.638  -201785.934        7.296   184.5
0.1600      -201778.667  -201787.802        9.135   231.0
0.1700      -201778.652  -201786.957        8.305   210.0
0.1800      -201778.655  -201787.285        8.630   218.2
0.1900      -201778.638  -201787.311        8.672   219.3
0.2000      -201778.641  -201787.173        8.532   215.7
0.2100      -201778.658  -201787.601        8.943   226.1
0.2200      -201778.672  -201787.706        9.034   228.4
0.2300      -201778.664  -201788.025        9.361   236.7
0.2400      -201778.635  -201786.949        8.314   210.2
0.2500      -201778.648  -201787.494        8.846   223.7
0.2600      -201778.655  -201787.281        8.627   218.1
0.2700      -201778.661  -201786.981        8.320   210.4
0.2800      -201778.654  -201787.085        8.431   213.2
0.2900      -201778.651  -201786.828        8.177   206.7
0.3000      -201778.644  -201787.080        8.437   213.3
0.3100      -201778.636  -201787.203        8.567   216.6
0.3200      -201778.654  -201787.577        8.923   225.6
0.3300      -201778.662  -201787.481        8.819   223.0
0.3400      -201778.668  -201788.129        9.461   239.2
0.3500      -201778.643  -201787.437        8.794   222.3
0.3600      -201778.624  -201787.040        8.416   212.8
0.3700      -201778.653  -201787.806        9.153   231.4
0.3800      -201778.669  -201788.056        9.386   237.3
0.3900      -201778.659  -201787.203        8.545   216.0
0.4000      -201778.656  -201787.113        8.457   213.8
0.4100      -201778.657  -201787.439        8.782   222.0
0.4200      -201778.636  -201786.249        7.613   192.5
0.4300      -201778.644  -201787.035        8.391   212.1
0.4400      -201778.659  -201787.160        8.502   214.9
0.4500      -201778.660  -201787.564        8.904   225.1
0.4600      -201778.638  -201787.039        8.401   212.4
0.4700      -201778.646  -201786.870        8.224   207.9
0.4800      -201778.663  -201786.499        7.836   198.1
0.4900      -201778.652  -201786.653        8.001   202.3
0.5000      -201778.646  -201786.860        8.214   207.7
0.5100      -201778.657  -201787.660        9.003   227.6
0.5200      -201778.648  -201787.554        8.907   225.2
0.5300      -201778.637  -201787.305        8.668   219.1
0.5400      -201778.658  -201788.092        9.433   238.5
0.5500      -201778.674  -201787.998        9.324   235.7
0.5600      -201778.644  -201788.115        9.471   239.5
0.5700      -201778.639  -201787.520        8.881   224.5
0.5800      -201778.668  -201787.869        9.201   232.6
0.5900      -201778.653  -201787.458        8.805   222.6
0.6000      -201778.646  -201786.939        8.293   209.7
0.6100      -201778.642  -201786.761        8.119   205.3
0.6200      -201778.650  -201786.898        8.248   208.5
0.6300      -201778.650  -201787.276        8.626   218.1
0.6400      -201778.662  -201787.293        8.630   218.2
0.6500      -201778.664  -201787.862        9.198   232.5
0.6600      -201778.631  -201787.722        9.091   229.8
0.6700      -201778.656  -201787.891        9.235   233.5
0.6800      -201778.666  -201788.442        9.777   247.2
0.6900      -201778.665  -201788.032        9.367   236.8
0.7000      -201778.646  -201787.300        8.653   218.8
0.7100      -201778.638  -201786.814        8.176   206.7
0.7200      -201778.639  -201787.382        8.743   221.0
0.7300      -201778.648  -201787.536        8.888   224.7
0.7400      -201778.660  -201787.531        8.871   224.3
0.7500      -201778.657  -201786.525        7.868   198.9
0.7600      -201778.656  -201787.420        8.764   221.6
0.7700      -201778.637  -201787.627        8.990   227.3
0.7800      -201778.663  -201788.457        9.794   247.6
0.7900      -201778.652  -201787.425        8.773   221.8
0.8000      -201778.644  -201788.011        9.367   236.8
0.8100      -201778.644  -201787.893        9.249   233.8
0.8200      -201778.652  -201788.117        9.465   239.3
0.8300      -201778.649  -201787.451        8.802   222.5
0.8400      -201778.654  -201787.703        9.049   228.8
0.8500      -201778.669  -201788.132        9.463   239.2
0.8600      -201778.657  -201788.432        9.776   247.2
0.8700      -201778.630  -201788.057        9.427   238.3
0.8800      -201778.646  -201788.023        9.377   237.1
0.8900      -201778.665  -201787.886        9.222   233.1
0.9000      -201778.665  -201788.589        9.924   250.9
0.9100      -201778.649  -201788.291        9.642   243.8
0.9200      -201778.640  -201788.185        9.545   241.3
0.9300      -201778.638  -201788.778       10.139   256.3
0.9400      -201778.643  -201788.300        9.657   244.2
0.9500      -201778.655  -201788.751       10.096   255.2
0.9600      -201778.667  -201789.077       10.410   263.2
0.9700      -201778.668  -201788.814       10.147   256.5
0.9800      -201778.651  -201788.050        9.398   237.6
0.9900      -201778.649  -201788.476        9.827   248.4
1.0000      -201778.639  -201788.121        9.482   239.7
1.0100      -201778.652  -201788.451        9.798   247.7
1.0200      -201778.653  -201787.891        9.238   233.6
1.0300      -201778.646  -201788.023        9.377   237.1
1.0400      -201778.645  -201788.080        9.436   238.6
1.0500      -201778.649  -201788.821       10.172   257.2
1.0600      -201778.652  -201788.783       10.131   256.1
1.0700      -201778.652  -201788.697       10.045   254.0
1.0800      -201778.658  -201788.841       10.182   257.4
1.0900      -201778.665  -201788.681       10.017   253.2
1.1000      -201778.646  -201788.085        9.439   238.6
1.1100      -201778.641  -201788.153        9.512   240.5
1.1200      -201778.655  -201788.652        9.997   252.7
1.1300      -201778.671  -201788.627        9.956   251.7
1.1400      -201778.665  -201788.279        9.614   243.1
1.1500      -201778.656  -201787.764        9.108   230.3
1.1600      -201778.646  -201787.935        9.289   234.8
1.1700      -201778.639  -201787.590        8.951   226.3
1.1800      -201778.650  -201788.353        9.704   245.3
1.1900      -201778.652  -201788.823       10.170   257.1
1.2000      -201778.658  -201788.809       10.151   256.6
1.2100      -201778.662  -201789.108       10.445   264.1
1.2200      -201778.648  -201788.626        9.978   252.3
1.2300      -201778.643  -201788.317        9.674   244.6
1.2400      -201778.659  -201788.443        9.783   247.3
1.2500      -201778.660  -201788.275        9.615   243.1
1.2600      -201778.651  -201787.978        9.327   235.8
1.2700      -201778.649  -201787.891        9.243   233.7
1.2800      -201778.638  -201787.741        9.103   230.1
1.2900      -201778.640  -201788.092        9.452   239.0
1.3000      -201778.647  -201788.071        9.424   238.3
1.3100      -201778.659  -201788.314        9.655   244.1
1.3200      -201778.658  -201788.164        9.505   240.3
1.3300      -201778.641  -201788.300        9.659   244.2
1.3400      -201778.654  -201788.414        9.760   246.7
1.3500      -201778.664  -201788.523        9.859   249.3
1.3600      -201778.657  -201788.476        9.819   248.2
1.3700      -201778.648  -201788.176        9.528   240.9
1.3800      -201778.646  -201787.906        9.260   234.1
1.3900      -201778.640  -201787.361        8.721   220.5
1.4000      -201778.648  -201788.735       10.088   255.0
1.4100      -201778.655  -201788.708       10.053   254.2
1.4200      -201778.658  -201788.179        9.521   240.7
1.4300      -201778.649  -201788.019        9.370   236.9
1.4400      -201778.648  -201787.965        9.317   235.6
1.4500      -201778.659  -201788.284        9.625   243.3
1.4600      -201778.656  -201787.958        9.302   235.2
1.4700      -201778.650  -201788.079        9.429   238.4
1.4800      -201778.648  -201788.605        9.957   251.7
1.4900      -201778.646  -201788.086        9.440   238.7
1.5000      -201778.654  -201788.574        9.920   250.8
1.5100      -201778.650  -201787.739        9.090   229.8
1.5200      -201778.655  -201787.925        9.270   234.4
1.5300      -201778.651  -201788.026        9.375   237.0
1.5400      -201778.640  -201787.948        9.308   235.3
1.5500      -201778.655  -201788.000        9.345   236.3
1.5600      -201778.664  -201788.383        9.718   245.7
1.5700      -201778.655  -201787.622        8.967   226.7
1.5800      -201778.649  -201787.756        9.107   230.3
1.5900      -201778.640  -201787.493        8.852   223.8
1.6000      -201778.637  -201788.070        9.433   238.5
1.6100      -201778.646  -201788.137        9.491   240.0
1.6200      -201778.663  -201787.613        8.950   226.3
1.6300      -201778.664  -201788.174        9.510   240.4
1.6400      -201778.651  -201788.283        9.632   243.5
1.6500      -201778.648  -201787.653        9.005   227.7
1.6600      -201778.658  -201788.094        9.435   238.5
1.6700      -201778.653  -201787.952        9.299   235.1
1.6800      -201778.653  -201788.446        9.793   247.6
1.6900      -201778.648  -201788.276        9.628   243.4
1.7000      -201778.651  -201788.029        9.379   237.1
1.7100      -201778.657  -201788.555        9.899   250.3
1.7200      -201778.651  -201788.234        9.583   242.3
1.7300      -201778.655  -201788.122        9.467   239.4
1.7400      -201778.658  -201788.235        9.576   242.1
1.7500      -201778.648  -201787.795        9.147   231.3
1.7600      -201778.645  -201788.433        9.788   247.5
1.7700      -201778.649  -201788.359        9.709   245.5
1.7800      -201778.641  -201787.681        9.040   228.6
1.7900      -201778.651  -201788.403        9.753   246.6
1.8000      -201778.657  -201788.262        9.605   242.8
1.8100      -201778.662  -201788.839       10.177   257.3
1.8200      -201778.658  -201788.552        9.894   250.1
1.8300      -201778.650  -201788.529        9.879   249.8
1.8400      -201778.653  -201788.322        9.670   244.5
1.8500      -201778.652  -201787.777        9.125   230.7
1.8600      -201778.661  -201788.357        9.696   245.1
1.8700      -201778.659  -201787.294        8.635   218.3
1.8800      -201778.660  -201787.897        9.237   233.5
1.8900      -201778.655  -201787.941        9.286   234.8
1.9000      -201778.645  -201787.841        9.196   232.5
1.9100      -201778.648  -201787.964        9.315   235.5
1.9200      -201778.647  -201788.484        9.837   248.7
1.9300      -201778.657  -201788.402        9.745   246.4
1.9400      -201778.662  -201788.049        9.387   237.3
1.9500      -201778.661  -201788.533        9.872   249.6
1.9600      -201778.651  -201787.585        8.934   225.9
1.9700      -201778.654  -201787.529        8.875   224.4
1.9800      -201778.656  -201787.417        8.761   221.5
1.9900      -201778.657  -201788.149        9.493   240.0
2.0000      -201778.659  -201788.665       10.006   253.0
2.0100      -201778.660  -201788.278        9.618   243.2
2.0200      -201778.657  -201787.662        9.004   227.7
2.0300      -201778.664  -201788.488        9.824   248.4
2.0400      -201778.658  -201787.963        9.305   235.2
2.0500      -201778.651  -201787.829        9.178   232.0
2.0600      -201778.648  -201787.315        8.667   219.1
2.0700      -201778.651  -201787.674        9.023   228.1
2.0800      -201778.651  -201787.743        9.092   229.9
2.0900      -201778.657  -201788.241        9.584   242.3
2.1000      -201778.649  -201787.945        9.296   235.0
2.1100      -201778.647  -201788.371        9.724   245.8
2.1200      -201778.650  -201789.024       10.374   262.3
2.1300      -201778.646  -201788.359        9.713   245.6
2.1400      -201778.658  -201788.551        9.892   250.1
2.1500      -201778.658  -201788.210        9.552   241.5
2.1600      -201778.660  -201789.053       10.393   262.7
2.1700      -201778.647  -201788.084        9.438   238.6
2.1800      -201778.646  -201788.216        9.570   241.9
2.1900      -201778.644  -201788.346        9.702   245.3
2.2000      -201778.653  -201788.817       10.164   257.0
2.2100      -201778.654  -201787.927        9.273   234.4
2.2200      -201778.659  -201787.913        9.254   234.0
2.2300      -201778.663  -201788.523        9.860   249.3
2.2400      -201778.661  -201788.410        9.749   246.5
2.2500      -201778.653  -201787.398        8.746   221.1
2.2600      -201778.652  -201787.655        9.002   227.6
2.2700      -201778.657  -201788.045        9.388   237.3
2.2800      -201778.660  -201788.237        9.576   242.1
2.2900      -201778.659  -201788.519        9.860   249.3
2.3000      -201778.661  -201788.948       10.287   260.1
2.3100      -201778.657  -201788.764       10.107   255.5
2.3200      -201778.660  -201788.024        9.364   236.8
2.3300      -201778.660  -201787.532        8.871   224.3
2.3400      -201778.657  -201787.858        9.201   232.6
2.3500      -201778.650  -201788.337        9.688   244.9
2.3600      -201778.648  -201787.937        9.289   234.8
2.3700      -201778.656  -201788.185        9.528   240.9
2.3800      -201778.656  -201788.065        9.409   237.9
2.3900      -201778.666  -201788.202        9.536   241.1
2.4000      -201778.668  -201788.100        9.432   238.5
2.4100      -201778.663  -201789.050       10.386   262.6
2.4200      -201778.650  -201788.651       10.001   252.8
2.4300      -201778.653  -201788.687       10.035   253.7
2.4400      -201778.651  -201787.755        9.105   230.2
2.4500      -201778.653  -201788.194        9.541   241.2
2.4600      -201778.653  -201788.158        9.504   240.3
2.4700      -201778.657  -201788.725       10.068   254.5
2.4800      -201778.657  -201788.535        9.879   249.8
2.4900      -201778.653  -201788.287        9.634   243.6
2.5000      -201778.654  -201788.929       10.276   259.8
2.5100      -201778.652  -201788.473        9.822   248.3
2.5200      -201778.655  -201788.299        9.644   243.8
2.5300      -201778.657  -201788.219        9.562   241.7
2.5400      -201778.651  -201787.789        9.139   231.0
2.5500      -201778.657  -201788.309        9.653   244.0
2.5600      -201778.660  -201788.676       10.016   253.2
2.5700      -201778.671  -201788.868       10.198   257.8
2.5800      -201778.662  -201788.041        9.378   237.1
2.5900      -201778.667  -201789.229       10.562   267.0
2.6000      -201778.657  -201788.754       10.097   255.3
2.6100      -201778.653  -201788.617        9.964   251.9
2.6200      -201778.655  -201788.069        9.414   238.0
2.6300      -201778.658  -201788.344        9.686   244.9
2.6400      -201778.664  -201788.426        9.762   246.8
2.6500      -201778.661  -201788.087        9.426   238.3
2.6600      -201778.659  -201788.474        9.814   248.1
2.6700      -201778.645  -201788.238        9.593   242.5
2.6800      -201778.644  -201788.295        9.651   244.0
2.6900      -201778.655  -201787.904        9.248   233.8
2.7000      -201778.667  -201788.286        9.619   243.2
2.7100      -201778.673  -201789.125       10.452   264.3
2.7200      -201778.660  -201788.371        9.710   245.5
2.7300      -201778.650  -201788.354        9.704   245.3
2.7400      -201778.649  -201788.843       10.194   257.7
2.7500      -201778.647  -201788.408        9.761   246.8
2.7600      -201778.651  -201787.981        9.330   235.9
2.7700      -201778.662  -201788.234        9.573   242.0
2.7800      -201778.673  -201789.318       10.646   269.1
2.7900      -201778.662  -201789.359       10.697   270.4
2.8000      -201778.644  -201788.759       10.115   255.7
2.8100      -201778.638  -201788.050        9.413   238.0
2.8200      -201778.662  -201789.192       10.530   266.2
2.8300      -201778.665  -201788.685       10.020   253.3
2.8400      -201778.662  -201788.680       10.017   253.3
2.8500      -201778.660  -201788.478        9.818   248.2
2.8600      -201778.658  -201788.199        9.542   241.2
2.8700      -201778.655  -201788.623        9.969   252.0
2.8800      -201778.647  -201787.713        9.065   229.2
2.8900      -201778.652  -201788.434        9.782   247.3
2.9000      -201778.663  -201789.647       10.984   277.7
2.9100      -201778.659  -201788.563        9.904   250.4
2.9200      -201778.652  -201788.227        9.575   242.1
2.9300      -201778.658  -201788.881       10.223   258.5
2.9400      -201778.655  -201788.250        9.595   242.6
2.9500      -201778.660  -201788.584        9.924   250.9
2.9600      -201778.663  -201788.286        9.624   243.3
2.9700      -201778.666  -201789.023       10.357   261.8
2.9800      -201778.663  -201788.729       10.066   254.5
2.9900      -201778.659  -201788.454        9.795   247.6
3.0000      -201778.654  -201787.976        9.322   235.7
3.0100      -201778.661  -201788.241        9.580   242.2
3.0200      -201778.661  -201788.134        9.473   239.5
3.0300      -201778.660  -201788.813       10.153   256.7
3.0400      -201778.656  -201788.051        9.394   237.5
3.0500      -201778.658  -201788.401        9.743   246.3
3.0600      -201778.653  -201788.083        9.429   238.4
3.0700      -201778.663  -201788.722       10.059   254.3
3.0800      -201778.659  -201788.780       10.120   255.9
3.0900      -201778.658  -201788.906       10.248   259.1
3.1000      -201778.648  -201788.282        9.634   243.6
3.1100      -201778.661  -201789.068       10.407   263.1
3.1200      -201778.672  -201789.369       10.697   270.4
3.1300      -201778.662  -201788.736       10.074   254.7
3.1400      -201778.658  -201789.203       10.545   266.6
3.1500      -201778.656  -201788.996       10.340   261.4
3.1600      -201778.654  -201788.474        9.820   248.3
3.1700      -201778.657  -201788.282        9.625   243.3
3.1800      -201778.657  -201788.356        9.699   245.2
3.1900      -201778.651  -201788.161        9.509   240.4
3.2000      -201778.657  -201788.456        9.799   247.7
3.2100      -201778.660  -201789.520       10.861   274.6
3.2200      -201778.646  -201789.019       10.373   262.2
3.2300      -201778.641  -201788.283        9.643   243.8
3.2400      -201778.660  -201788.918       10.259   259.4
3.2500      -201778.668  -201788.977       10.308   260.6
3.2600      -201778.666  -201788.821       10.156   256.8
3.2700      -201778.664  -201788.402        9.738   246.2
3.2800      -201778.659  -201788.286        9.627   243.4
3.2900      -201778.650  -201788.184        9.535   241.1
3.3000      -201778.653  -201788.146        9.493   240.0
3.3100      -201778.661  -201788.835       10.174   257.2
3.3200      -201778.664  -201789.314       10.651   269.3
3.3300      -201778.659  -201789.128       10.469   264.7
3.3400      -201778.657  -201789.207       10.551   266.7
3.3500      -201778.658  -201789.705       11.047   279.3
3.3600      -201778.654  -201789.365       10.711   270.8
3.3700      -201778.661  -201789.636       10.975   277.5
3.3800      -201778.660  -201788.952       10.292   260.2
3.3900      -201778.666  -201789.388       10.722   271.1
3.4000      -201778.666  -201788.734       10.069   254.6
3.4100      -201778.662  -201788.579        9.917   250.7
3.4200      -201778.651  -201788.219        9.569   241.9
3.4300      -201778.652  -201788.716       10.064   254.4
3.4400      -201778.662  -201788.808       10.146   256.5
3.4500      -201778.669  -201789.010       10.341   261.4
3.4600      -201778.665  -201788.881       10.215   258.3
3.4700      -201778.656  -201788.386        9.730   246.0
3.4800      -201778.655  -201788.462        9.807   247.9
3.4900      -201778.654  -201788.352        9.698   245.2
3.5000      -201778.657  -201788.708       10.051   254.1
3.5100      -201778.659  -201788.576        9.917   250.7
3.5200      -201778.667  -201789.155       10.488   265.1
3.5300      -201778.667  -201788.627        9.960   251.8
3.5400      -201778.670  -201789.171       10.501   265.5
3.5500      -201778.670  -201789.680       11.010   278.4
3.5600      -201778.653  -201789.021       10.368   262.1
3.5700      -201778.652  -201788.729       10.077   254.8
3.5800      -201778.666  -201789.069       10.404   263.0
3.5900      -201778.658  -201788.674       10.016   253.2
3.6000      -201778.653  -201788.356        9.703   245.3
3.6100      -201778.654  -201788.575        9.921   250.8
3.6200      -201778.658  -201788.952       10.294   260.3
3.6300      -201778.652  -201788.299        9.647   243.9
3.6400      -201778.660  -201788.562        9.902   250.3
3.6500      -201778.662  -201788.345        9.683   244.8
3.6600      -201778.661  -201788.751       10.090   255.1
3.6700      -201778.663  -201788.876       10.213   258.2
3.6800      -201778.666  -201788.842       10.175   257.3
3.6900      -201778.665  -201788.580        9.915   250.7
3.7000      -201778.659  -201788.008        9.349   236.4
3.7100      -201778.662  -201788.273        9.611   243.0
3.7200      -201778.667  -201788.858       10.192   257.7
3.7300      -201778.664  -201788.951       10.287   260.1
3.7400      -201778.658  -201788.912       10.253   259.2
3.7500      -201778.657  -201789.426       10.769   272.3
3.7600      -201778.651  -201788.713       10.062   254.4
3.7700      -201778.656  -201788.533        9.877   249.7
3.7800      -201778.663  -201788.808       10.146   256.5
3.7900      -201778.665  -201789.027       10.363   262.0
3.8000      -201778.667  -201788.647        9.981   252.3
3.8100      -201778.665  -201788.580        9.915   250.7
3.8200      -201778.666  -201788.688       10.022   253.4
3.8300      -201778.660  -201789.091       10.431   263.7
3.8400      -201778.662  -201789.257       10.595   267.9
3.8500      -201778.664  -201789.112       10.449   264.2
3.8600      -201778.663  -201789.091       10.428   263.6
3.8700      -201778.656  -201788.212        9.556   241.6
3.8800      -201778.666  -201788.987       10.321   260.9
3.8900      -201778.664  -201788.398        9.734   246.1
3.9000      -201778.659  -201788.880       10.222   258.4
3.9100      -201778.656  -201788.324        9.668   244.4
3.9200      -201778.658  -201789.348       10.690   270.3
3.9300      -201778.651  -201788.396        9.745   246.4
3.9400      -201778.658  -201788.425        9.767   246.9
3.9500      -201778.667  -201789.238       10.571   267.2
3.9600      -201778.658  -201788.504        9.847   248.9
3.9700      -201778.654  -201789.163       10.509   265.7
3.9800      -201778.666  -201789.552       10.886   275.2
3.9900      -201778.666  -201789.286       10.620   268.5
4.0000      -201778.664  -201788.651        9.987   252.5
4.0100      -201778.662  -201789.035       10.373   262.3
4.0200      -201778.664  -201789.691       11.027   278.8
4.0300      -201778.660  -201789.441       10.781   272.6
4.0400      -201778.656  -201788.770       10.115   255.7
4.0500      -201778.661  -201788.714       10.052   254.1
4.0600      -201778.666  -201788.808       10.142   256.4
4.0700      -201778.659  -201788.402        9.743   246.3
4.0800      -201778.657  -201788.987       10.330   261.2
4.0900      -201778.663  -201788.773       10.109   255.6
4.1000      -201778.666  -201788.802       10.135   256.2
4.1100      -201778.664  -201788.956       10.292   260.2
4.1200      -201778.659  -201788.703       10.044   253.9
4.1300      -201778.657  -201788.993       10.336   261.3
4.1400      -201778.647  -201788.333        9.686   244.9
4.1500      -201778.654  -201788.711       10.057   254.3
4.1600      -201778.667  -201788.977       10.310   260.7
4.1700      -201778.661  -201788.496        9.834   248.6
4.1800      -201778.651  -201787.948        9.297   235.1
4.1900      -201778.647  -201789.076       10.429   263.7
4.2000      -201778.650  -201788.869       10.220   258.4
4.2100      -201778.662  -201788.853       10.191   257.7
4.2200      -201778.669  -201788.826       10.157   256.8
4.2300      -201778.662  -201787.977        9.314   235.5
4.2400      -201778.652  -201787.908        9.255   234.0
4.2500      -201778.666  -201788.543        9.877   249.7
4.2600      -201778.676  -201789.093       10.417   263.4
4.2700      -201778.671  -201788.945       10.275   259.8
4.2800      -201778.660  -201788.107        9.447   238.8
4.2900      -201778.654  -201787.842        9.189   232.3
4.3000      -201778.658  -201788.558        9.900   250.3
4.3100      -201778.659  -201788.357        9.699   245.2
4.3200      -201778.664  -201789.286       10.623   268.6
4.3300      -201778.656  -201788.606        9.950   251.6
4.3400      -201778.659  -201788.581        9.922   250.8
4.3500      -201778.660  -201787.993        9.333   236.0
4.3600      -201778.670  -201788.770       10.100   255.3
4.3700      -201778.671  -201788.566        9.895   250.2
4.3800      -201778.670  -201788.550        9.881   249.8
4.3900      -201778.658  -201787.706        9.049   228.8
4.4000      -201778.659  -201787.897        9.237   233.5
4.4100      -201778.676  -201789.309       10.633   268.8
4.4200      -201778.674  -201788.512        9.838   248.7
4.4300      -201778.668  -201788.494        9.826   248.4
4.4400      -201778.654  -201788.281        9.627   243.4
4.4500      -201778.658  -201789.161       10.503   265.5
4.4600      -201778.662  -201789.042       10.380   262.4
4.4700      -201778.673  -201789.698       11.025   278.7
4.4800      -201778.666  -201788.618        9.952   251.6
4.4900      -201778.667  -201788.754       10.087   255.0
4.5000      -201778.662  -201788.500        9.839   248.7
4.5100      -201778.665  -201789.327       10.663   269.6
4.5200      -201778.669  -201789.099       10.430   263.7
4.5300      -201778.666  -201789.070       10.403   263.0
4.5400      -201778.667  -201789.125       10.458   264.4
4.5500      -201778.663  -201788.585        9.922   250.8
4.5600      -201778.660  -201788.634        9.973   252.2
4.5700      -201778.664  -201789.031       10.368   262.1
4.5800      -201778.666  -201788.930       10.264   259.5
4.5900      -201778.673  -201789.559       10.887   275.2
4.6000      -201778.666  -201789.356       10.690   270.3
4.6100      -201778.662  -201789.086       10.424   263.5
4.6200      -201778.660  -201789.006       10.346   261.6
4.6300      -201778.667  -201789.432       10.764   272.1
4.6400      -201778.669  -201789.401       10.732   271.3
4.6500      -201778.659  -201789.070       10.411   263.2
4.6600      -201778.653  -201788.539        9.886   249.9
4.6700      -201778.657  -201789.094       10.437   263.9
4.6800      -201778.662  -201788.640        9.978   252.3
4.6900      -201778.663  -201788.254        9.592   242.5
4.7000      -201778.674  -201788.945       10.270   259.7
4.7100      -201778.671  -201788.882       10.212   258.2
4.7200      -201778.661  -201788.402        9.741   246.3
4.7300      -201778.674  -201789.054       10.379   262.4
4.7400      -201778.678  -201789.031       10.353   261.8
4.7500      -201778.667  -201788.680       10.013   253.2
4.7600      -201778.658  -201788.743       10.085   255.0
4.7700      -201778.659  -201789.244       10.584   267.6
4.7800      -201778.657  -201789.389       10.733   271.3
4.7900      -201778.660  -201788.703       10.043   253.9
4.8000      -201778.664  -201788.918       10.254   259.2
4.8100      -201778.668  -201788.981       10.313   260.7
4.8200      -201778.667  -201789.266       10.600   268.0
4.8300      -201778.658  -201788.909       10.251   259.2
4.8400      -201778.656  -201789.095       10.439   263.9
4.8500      -201778.655  -201789.300       10.644   269.1
4.8600      -201778.659  -201788.949       10.290   260.2
4.8700      -201778.663  -201789.361       10.698   270.5
4.8800      -201778.659  -201788.660       10.001   252.8
4.8900      -201778.659  -201788.480        9.821   248.3
4.9000      -201778.664  -201789.503       10.838   274.0
4.9100      -201778.665  -201789.380       10.715   270.9
4.9200      -201778.663  -201788.911       10.249   259.1
4.9300      -201778.666  -201788.760       10.094   255.2
4.9400      -201778.670  -201789.276       10.605   268.1
4.9500      -201778.662  -201788.803       10.141   256.4
4.9600      -201778.660  -201788.593        9.933   251.1
4.9700      -201778.664  -201788.839       10.175   257.2
4.9800      -201778.667  -201788.714       10.047   254.0
4.9900      -201778.671  -201788.830       10.160   256.9
5.0000      -201778.670  -201788.723       10.053   254.2
5.0100      -201778.665  -201788.975       10.310   260.7
5.0200      -201778.658  -201789.171       10.513   265.8
5.0300      -201778.654  -201788.668       10.014   253.2
5.0400      -201778.662  -201789.201       10.539   266.5
5.0500      -201778.667  -201789.094       10.427   263.6
5.0600      -201778.663  -201788.517        9.854   249.1
5.0700      -201778.673  -201789.457       10.784   272.7
5.0800      -201778.668  -201788.876       10.208   258.1
5.0900      -201778.668  -201789.663       10.995   278.0
5.1000      -201778.661  -201788.771       10.110   255.6
5.1100      -201778.668  -201789.695       11.027   278.8
5.1200      -201778.667  -201788.814       10.147   256.5
5.1300      -201778.669  -201789.282       10.613   268.3
5.1400      -201778.664  -201789.548       10.883   275.2
5.1500      -201778.656  -201789.344       10.688   270.2
5.1600      -201778.651  -201789.024       10.373   262.3
5.1700      -201778.648  -201788.424        9.776   247.2
5.1800      -201778.658  -201788.903       10.246   259.0
5.1900      -201778.664  -201788.835       10.171   257.1
5.2000      -201778.664  -201788.980       10.316   260.8
5.2100      -201778.662  -201789.097       10.435   263.8
5.2200      -201778.668  -201788.955       10.287   260.1
5.2300      -201778.673  -201788.681       10.008   253.0
5.2400      -201778.677  -201789.309       10.632   268.8
5.2500      -201778.670  -201789.497       10.827   273.7
5.2600      -201778.655  -201788.935       10.280   259.9
5.2700      -201778.651  -201788.604        9.952   251.6
5.2800      -201778.659  -201788.953       10.294   260.3
5.2900      -201778.664  -201788.171        9.507   240.4
5.3000      -201778.667  -201788.344        9.677   244.7
5.3100      -201778.668  -201789.195       10.527   266.1
5.3200      -201778.658  -201788.576        9.918   250.8
5.3300      -201778.657  -201788.593        9.937   251.2
5.3400      -201778.661  -201788.556        9.895   250.2
5.3500      -201778.665  -201788.613        9.947   251.5
5.3600      -201778.668  -201788.872       10.204   258.0
5.3700      -201778.659  -201788.320        9.661   244.3
5.3800      -201778.657  -201788.255        9.597   242.6
5.3900      -201778.665  -201789.149       10.483   265.0
5.4000      -201778.665  -201788.980       10.315   260.8
5.4100      -201778.668  -201788.839       10.171   257.1
5.4200      -201778.673  -201789.038       10.365   262.0
5.4300      -201778.667  -201788.715       10.048   254.0
5.4400      -201778.661  -201788.662       10.001   252.8
5.4500      -201778.665  -201788.334        9.669   244.4
5.4600      -201778.668  -201788.529        9.861   249.3
5.4700      -201778.662  -201788.338        9.676   244.6
5.4800      -201778.665  -201788.486        9.821   248.3
5.4900      -201778.666  -201788.489        9.824   248.4
5.5000      -201778.666  -201788.641        9.975   252.2
5.5100      -201778.669  -201789.101       10.432   263.8
5.5200      -201778.665  -201789.196       10.531   266.3
5.5300      -201778.656  -201788.445        9.789   247.5
5.5400      -201778.663  -201788.414        9.752   246.5
5.5500      -201778.669  -201788.805       10.136   256.3
5.5600      -201778.670  -201788.902       10.232   258.7
5.5700      -201778.671  -201789.024       10.353   261.7
5.5800      -201778.674  -201788.585        9.911   250.6
5.5900      -201778.669  -201788.215        9.546   241.3
5.6000      -201778.671  -201789.319       10.648   269.2
5.6100      -201778.667  -201789.185       10.518   265.9
5.6200      -201778.658  -201789.032       10.374   262.3
5.6300      -201778.653  -201788.639        9.986   252.5
5.6400      -201778.665  -201789.602       10.937   276.5
5.6500      -201778.666  -201789.040       10.374   262.3
5.6600      -201778.665  -201788.760       10.095   255.2
5.6700      -201778.665  -201788.780       10.114   255.7
5.6800      -201778.671  -201788.395        9.724   245.8
5.6900      -201778.674  -201788.218        9.544   241.3
5.7000      -201778.672  -201788.463        9.791   247.5
5.7100      -201778.664  -201788.154        9.490   239.9
5.7200      -201778.664  -201788.346        9.682   244.8
5.7300      -201778.662  -201788.469        9.806   247.9
5.7400      -201778.668  -201788.875       10.207   258.1
5.7500      -201778.672  -201788.919       10.247   259.1
5.7600      -201778.667  -201788.731       10.064   254.4
5.7700      -201778.662  -201788.683       10.021   253.4
5.7800      -201778.671  -201789.050       10.379   262.4
5.7900      -201778.672  -201788.957       10.285   260.0
5.8000      -201778.670  -201789.030       10.359   261.9
5.8100      -201778.677  -201789.163       10.486   265.1
5.8200      -201778.675  -201789.314       10.639   269.0
5.8300      -201778.665  -201788.982       10.318   260.9
5.8400      -201778.654  -201789.032       10.377   262.4
5.8500      -201778.657  -201788.347        9.690   245.0
5.8600      -201778.665  -201788.541        9.876   249.7
5.8700      -201778.670  -201788.460        9.790   247.5
5.8800      -201778.677  -201789.158       10.481   265.0
5.8900      -201778.674  -201789.240       10.566   267.1
5.9000      -201778.663  -201789.135       10.472   264.7
5.9100      -201778.654  -201788.480        9.826   248.4
5.9200      -201778.664  -201788.994       10.329   261.1
5.9300      -201778.675  -201789.095       10.420   263.4
5.9400      -201778.676  -201789.145       10.469   264.7
5.9500      -201778.666  -201788.518        9.851   249.1
5.9600      -201778.666  -201789.146       10.479   264.9
5.9700      -201778.665  -201789.090       10.425   263.6
5.9800      -201778.664  -201789.059       10.396   262.8
5.9900      -201778.667  -201789.672       11.005   278.2
6.0000      -201778.667  -201788.673       10.006   253.0
6.0100      -201778.666  -201788.452        9.786   247.4
6.0200      -201778.657  -201788.452        9.795   247.6
6.0300      -201778.667  -201788.852       10.186   257.5
6.0400      -201778.679  -201789.352       10.673   269.8
6.0500      -201778.674  -201789.090       10.416   263.3
6.0600      -201778.659  -201788.130        9.471   239.5
6.0700      -201778.653  -201787.941        9.288   234.8
6.0800      -201778.666  -201788.687       10.022   253.4
6.0900      -201778.680  -201789.425       10.745   271.7
6.1000      -201778.683  -201789.135       10.452   264.3
6.1100      -201778.679  -201788.643        9.964   251.9
6.1200      -201778.670  -201788.804       10.134   256.2
6.1300      -201778.679  -201789.183       10.504   265.6
6.1400      -201778.675  -201789.277       10.602   268.0
6.1500      -201778.667  -201789.169       10.502   265.5
6.1600      -201778.660  -201788.446        9.786   247.4
6.1700      -201778.650  -201787.880        9.229   233.3
6.1800      -201778.657  -201788.580        9.923   250.9
6.1900      -201778.665  -201789.033       10.368   262.1
6.2000      -201778.672  -201789.035       10.363   262.0
6.2100      -201778.676  -201788.418        9.742   246.3
6.2200      -201778.675  -201788.508        9.834   248.6
6.2300      -201778.667  -201788.565        9.898   250.2
6.2400      -201778.663  -201788.119        9.457   239.1
6.2500      -201778.668  -201788.569        9.901   250.3
6.2600      -201778.668  -201788.963       10.295   260.3
6.2700      -201778.662  -201788.089        9.427   238.3
6.2800      -201778.660  -201788.082        9.422   238.2
6.2900      -201778.660  -201788.748       10.088   255.1
6.3000      -201778.656  -201788.908       10.252   259.2
6.3100      -201778.656  -201788.093        9.437   238.6
6.3200      -201778.669  -201789.052       10.383   262.5
6.3300      -201778.670  -201788.935       10.265   259.5
6.3400      -201778.674  -201789.193       10.519   265.9
6.3500      -201778.677  -201789.172       10.495   265.3
6.3600      -201778.671  -201788.222        9.551   241.5
6.3700      -201778.681  -201789.232       10.551   266.8
6.3800      -201778.680  -201789.499       10.819   273.5
6.3900      -201778.667  -201789.124       10.457   264.4
6.4000      -201778.659  -201788.563        9.905   250.4
6.4100      -201778.661  -201788.383        9.722   245.8
6.4200      -201778.665  -201788.524        9.860   249.3
6.4300      -201778.668  -201788.899       10.231   258.7
6.4400      -201778.663  -201788.716       10.052   254.1
6.4500      -201778.665  -201788.940       10.275   259.8
6.4600      -201778.668  -201788.865       10.197   257.8
6.4700      -201778.658  -201788.535        9.877   249.7
6.4800      -201778.666  -201788.897       10.231   258.7
6.4900      -201778.675  -201789.440       10.765   272.2
6.5000      -201778.678  -201789.538       10.859   274.5
6.5100      -201778.670  -201788.501        9.832   248.6
6.5200      -201778.669  -201789.079       10.410   263.2
6.5300      -201778.668  -201789.241       10.572   267.3
6.5400      -201778.677  -201789.566       10.889   275.3
6.5500      -201778.678  -201789.298       10.620   268.5
6.5600      -201778.681  -201789.090       10.409   263.2
6.5700      -201778.676  -201788.717       10.041   253.9
6.5800      -201778.671  -201789.103       10.432   263.7
6.5900      -201778.669  -201788.802       10.133   256.2
6.6000      -201778.680  -201789.352       10.673   269.8
6.6100      -201778.679  -201789.155       10.476   264.9
6.6200      -201778.673  -201789.404       10.732   271.3
6.6300      -201778.669  -201788.728       10.059   254.3
6.6400      -201778.667  -201788.314        9.647   243.9
6.6500      -201778.665  -201788.243        9.577   242.1
6.6600      -201778.668  -201788.707       10.039   253.8
6.6700      -201778.675  -201788.662        9.988   252.5
6.6800      -201778.674  -201788.443        9.769   247.0
6.6900      -201778.668  -201788.897       10.228   258.6
6.7000      -201778.665  -201788.269        9.604   242.8
6.7100      -201778.676  -201788.661        9.984   252.4
6.7200      -201778.675  -201788.486        9.811   248.1
6.7300      -201778.676  -201788.880       10.203   258.0
6.7400      -201778.672  -201788.832       10.160   256.9
6.7500      -201778.665  -201788.503        9.838   248.7
6.7600      -201778.669  -201789.121       10.451   264.2
6.7700      -201778.663  -201788.015        9.351   236.4
6.7800      -201778.662  -201788.444        9.781   247.3
6.7900      -201778.669  -201789.191       10.522   266.0
6.8000      -201778.675  -201789.218       10.543   266.5
6.8100      -201778.674  -201789.048       10.373   262.3
6.8200      -201778.668  -201788.834       10.166   257.0
6.8300      -201778.664  -201788.728       10.063   254.4
6.8400      -201778.667  -201789.594       10.927   276.3
6.8500      -201778.668  -201789.222       10.554   266.8
6.8600      -201778.673  -201788.913       10.241   258.9
6.8700      -201778.676  -201788.898       10.223   258.4
6.8800      -201778.670  -201788.505        9.835   248.7
6.8900      -201778.672  -201789.245       10.574   267.3
6.9000      -201778.669  -201789.410       10.741   271.5
6.9100      -201778.669  -201788.689       10.020   253.3
6.9200      -201778.681  -201789.449       10.768   272.2
6.9300      -201778.676  -201788.428        9.752   246.5
6.9400      -201778.677  -201788.799       10.121   255.9
6.9500      -201778.672  -201788.473        9.801   247.8
6.9600      -201778.667  -201787.906        9.239   233.6
6.9700      -201778.672  -201789.245       10.573   267.3
6.9800      -201778.669  -201788.826       10.156   256.8
6.9900      -201778.671  -201788.401        9.731   246.0
7.0000      -201778.674  -201788.986       10.312   260.7
7.0100      -201778.680  -201789.205       10.525   266.1
7.0200      -201778.678  -201789.056       10.377   262.4
7.0300      -201778.666  -201788.727       10.062   254.4
7.0400      -201778.659  -201788.384        9.724   245.9
7.0500      -201778.674  -201789.352       10.678   270.0
7.0600      -201778.674  -201788.832       10.158   256.8
7.0700      -201778.674  -201788.583        9.909   250.5
7.0800      -201778.678  -201789.113       10.434   263.8
7.0900      -201778.675  -201788.658        9.984   252.4
7.1000      -201778.683  -201789.094       10.411   263.2
7.1100      -201778.684  -201789.184       10.500   265.5
7.1200      -201778.671  -201788.257        9.585   242.3
7.1300      -201778.670  -201788.751       10.081   254.9
7.1400      -201778.668  -201788.307        9.638   243.7
7.1500      -201778.680  -201788.700       10.021   253.3
7.1600      -201778.682  -201788.529        9.847   249.0
7.1700      -201778.675  -201788.486        9.812   248.1
7.1800      -201778.676  -201788.748       10.072   254.6
7.1900      -201778.673  -201788.551        9.878   249.7
7.2000      -201778.666  -201788.387        9.721   245.8
7.2100      -201778.664  -201788.676       10.012   253.1
7.2200      -201778.666  -201788.931       10.266   259.5
7.2300      -201778.662  -201788.409        9.747   246.4
7.2400      -201778.668  -201788.635        9.967   252.0
7.2500      -201778.676  -201788.998       10.323   261.0
7.2600      -201778.683  -201789.168       10.485   265.1
7.2700      -201778.683  -201788.637        9.954   251.7
7.2800      -201778.688  -201788.847       10.159   256.8
7.2900      -201778.686  -201788.854       10.168   257.1
7.3000      -201778.676  -201788.594        9.918   250.7
7.3100      -201778.675  -201788.360        9.686   244.9
7.3200      -201778.677  -201787.997        9.320   235.6
7.3300      -201778.669  -201788.501        9.832   248.6
7.3400      -201778.663  -201788.425        9.762   246.8
7.3500      -201778.664  -201788.358        9.694   245.1
7.3600      -201778.659  -201788.198        9.539   241.2
7.3700      -201778.655  -201788.044        9.389   237.4
7.3800      -201778.669  -201788.581        9.912   250.6
7.3900      -201778.677  -201788.498        9.820   248.3
7.4000      -201778.683  -201788.602        9.919   250.8
7.4100      -201778.679  -201789.092       10.413   263.3
7.4200      -201778.668  -201789.214       10.547   266.6
7.4300      -201778.665  -201788.564        9.898   250.3
7.4400      -201778.677  -201788.797       10.120   255.8
7.4500      -201778.688  -201788.829       10.141   256.4
7.4600      -201778.682  -201788.296        9.614   243.1
7.4700      -201778.675  -201788.252        9.577   242.1
7.4800      -201778.671  -201788.191        9.520   240.7
7.4900      -201778.671  -201788.453        9.782   247.3
7.5000      -201778.680  -201788.387        9.707   245.4
7.5100      -201778.681  -201788.450        9.769   247.0
7.5200      -201778.678  -201788.509        9.831   248.6
7.5300      -201778.665  -201788.565        9.900   250.3
7.5400      -201778.663  -201788.426        9.762   246.8
7.5500      -201778.674  -201788.567        9.893   250.1
7.5600      -201778.671  -201787.894        9.222   233.2
7.5700      -201778.675  -201787.867        9.192   232.4
7.5800      -201778.686  -201788.878       10.192   257.7
7.5900      -201778.680  -201788.335        9.655   244.1
7.6000      -201778.677  -201788.533        9.857   249.2
7.6100      -201778.676  -201788.779       10.102   255.4
7.6200      -201778.681  -201788.291        9.610   243.0
7.6300      -201778.689  -201788.401        9.711   245.5
7.6400      -201778.686  -201788.363        9.677   244.6
7.6500      -201778.682  -201788.667        9.985   252.4
7.6600      -201778.672  -201788.323        9.650   244.0
7.6700      -201778.672  -201788.261        9.589   242.4
7.6800      -201778.679  -201788.400        9.721   245.8
7.6900      -201778.679  -201788.225        9.546   241.3
7.7000      -201778.686  -201788.904       10.219   258.3
7.7100      -201778.673  -201788.073        9.401   237.7
7.7200      -201778.669  -201788.121        9.452   239.0
7.7300      -201778.667  -201788.179        9.512   240.5
7.7400      -201778.675  -201788.798       10.122   255.9
7.7500      -201778.679  -201788.507        9.827   248.5
7.7600      -201778.678  -201788.436        9.758   246.7
7.7700      -201778.673  -201788.198        9.524   240.8
7.7800      -201778.670  -201788.364        9.694   245.1
7.7900      -201778.664  -201788.522        9.858   249.2
7.8000      -201778.667  -201788.588        9.921   250.8
7.8100      -201778.680  -201788.846       10.166   257.0
7.8200      -201778.684  -201788.684       10.000   252.8
7.8300      -201778.674  -201789.001       10.327   261.1
7.8400      -201778.670  -201788.597        9.927   251.0
7.8500      -201778.668  -201788.635        9.966   252.0
7.8600      -201778.671  -201789.336       10.665   269.6
7.8700      -201778.675  -201788.889       10.214   258.2
7.8800      -201778.677  -201788.564        9.887   250.0
7.8900      -201778.673  -201788.862       10.189   257.6
7.9000      -201778.666  -201788.426        9.761   246.8
7.9100      -201778.679  -201789.395       10.716   270.9
7.9200      -201778.678  -201788.642        9.964   251.9
7.9300      -201778.682  -201788.828       10.146   256.5
7.9400      -201778.680  -201788.673        9.994   252.7
7.9500      -201778.681  -201789.585       10.904   275.7
7.9600      -201778.670  -201788.754       10.085   255.0
7.9700      -201778.666  -201788.911       10.245   259.0
7.9800      -201778.668  -201788.930       10.262   259.5
7.9900      -201778.680  -201789.197       10.517   265.9
8.0000      -201778.678  -201788.809       10.131   256.1
8.0100      -201778.675  -201789.041       10.367   262.1
8.0200      -201778.680  -201789.570       10.890   275.3
8.0300      -201778.675  -201789.639       10.964   277.2
8.0400      -201778.666  -201789.258       10.592   267.8
8.0500      -201778.662  -201788.339        9.677   244.7
8.0600      -201778.674  -201789.681       11.007   278.3
8.0700      -201778.685  -201789.693       11.008   278.3
8.0800      -201778.683  -201788.915       10.232   258.7
8.0900      -201778.689  -201788.957       10.268   259.6
8.1000      -201778.689  -201788.780       10.092   255.1
8.1100      -201778.684  -201788.934       10.249   259.1
8.1200      -201778.679  -201788.939       10.261   259.4
8.1300      -201778.674  -201788.928       10.254   259.2
8.1400      -201778.672  -201788.440        9.768   247.0
8.1500      -201778.671  -201788.413        9.742   246.3
8.1600      -201778.676  -201788.524        9.848   249.0
8.1700      -201778.676  -201788.591        9.914   250.7
8.1800      -201778.672  -201788.953       10.282   259.9
8.1900      -201778.664  -201788.415        9.751   246.5
8.2000      -201778.665  -201788.690       10.026   253.5
8.2100      -201778.659  -201787.503        8.844   223.6
8.2200      -201778.666  -201788.394        9.728   245.9
8.2300      -201778.672  -201788.782       10.110   255.6
8.2400      -201778.673  -201788.393        9.720   245.7
8.2500      -201778.676  -201787.672        8.997   227.5
8.2600      -201778.677  -201787.972        9.295   235.0
8.2700      -201778.682  -201788.721       10.039   253.8
8.2800      -201778.691  -201788.968       10.278   259.8
8.2900      -201778.686  -201788.388        9.702   245.3
8.3000      -201778.680  -201789.121       10.441   264.0
8.3100      -201778.662  -201788.214        9.552   241.5
8.3200      -201778.666  -201788.851       10.185   257.5
8.3300      -201778.667  -201788.403        9.736   246.2
8.3400      -201778.667  -201788.341        9.673   244.6
8.3500      -201778.675  -201788.899       10.224   258.5
8.3600      -201778.673  -201788.702       10.029   253.5
8.3700      -201778.676  -201788.795       10.120   255.8
8.3800      -201778.669  -201788.228        9.559   241.7
8.3900      -201778.665  -201787.832        9.167   231.8
8.4000      -201778.669  -201788.429        9.760   246.8
8.4100      -201778.681  -201788.701       10.020   253.3
8.4200      -201778.694  -201789.256       10.561   267.0
8.4300      -201778.693  -201788.757       10.064   254.4
8.4400      -201778.678  -201788.759       10.081   254.9
8.4500      -201778.666  -201788.433        9.767   246.9
8.4600      -201778.672  -201789.617       10.945   276.7
8.4700      -201778.672  -201789.964       11.293   285.5
8.4800      -201778.665  -201788.550        9.885   249.9
8.4900      -201778.669  -201788.564        9.895   250.2
8.5000      -201778.673  -201788.460        9.787   247.4
8.5100      -201778.676  -201788.974       10.298   260.4
8.5200      -201778.681  -201788.958       10.277   259.8
8.5300      -201778.683  -201788.868       10.185   257.5
8.5400      -201778.682  -201788.610        9.928   251.0
8.5500      -201778.683  -201788.847       10.164   257.0
8.5600      -201778.683  -201788.633        9.949   251.5
8.5700      -201778.683  -201789.172       10.489   265.2
8.5800      -201778.673  -201788.874       10.202   257.9
8.5900      -201778.672  -201789.024       10.352   261.7
8.6000      -201778.675  -201788.868       10.193   257.7
8.6100      -201778.674  -201788.645        9.971   252.1
8.6200      -201778.676  -201789.106       10.430   263.7
8.6300      -201778.668  -201788.492        9.824   248.4
8.6400      -201778.662  -201788.560        9.898   250.2
8.6500      -201778.660  -201788.742       10.082   254.9
8.6600      -201778.669  -201788.117        9.448   238.9
8.6700      -201778.683  -201789.260       10.577   267.4
8.6800      -201778.678  -201788.639        9.961   251.8
8.6900      -201778.680  -201788.138        9.457   239.1
8.7000      -201778.689  -201788.804       10.115   255.7
8.7100      -201778.686  -201788.618        9.932   251.1
8.7200      -201778.686  -201788.986       10.300   260.4
8.7300      -201778.677  -201788.371        9.693   245.1
8.7400      -201778.667  -201788.426        9.759   246.7
8.7500      -201778.678  -201788.521        9.843   248.9
8.7600      -201778.674  -201788.356        9.681   244.8
8.7700      -201778.678  -201788.597        9.919   250.8
8.7800      -201778.673  -201788.736       10.062   254.4
8.7900      -201778.661  -201787.942        9.281   234.7
8.8000      -201778.667  -201788.568        9.901   250.3
8.8100      -201778.679  -201788.007        9.328   235.8
8.8200      -201778.690  -201788.840       10.149   256.6
8.8300      -201778.683  -201788.620        9.937   251.2
8.8400      -201778.670  -201788.296        9.626   243.4
8.8500      -201778.681  -201788.934       10.253   259.2
8.8600      -201778.681  -201788.841       10.160   256.9
8.8700      -201778.675  -201788.795       10.120   255.8
8.8800      -201778.665  -201788.341        9.677   244.6
8.8900      -201778.668  -201788.251        9.583   242.3
8.9000      -201778.677  -201788.703       10.026   253.5
8.9100      -201778.675  -201788.272        9.597   242.6
8.9200      -201778.670  -201789.143       10.473   264.8
8.9300      -201778.660  -201788.312        9.652   244.0
8.9400      -201778.664  -201788.429        9.765   246.9
8.9500      -201778.671  -201788.484        9.814   248.1
8.9600      -201778.686  -201789.503       10.817   273.5
8.9700      -201778.684  -201788.519        9.834   248.6
8.9800      -201778.672  -201788.675       10.003   252.9
8.9900      -201778.679  -201788.501        9.821   248.3
9.0000      -201778.689  -201788.935       10.246   259.0
9.0100      -201778.688  -201789.333       10.645   269.1
9.0200      -201778.683  -201788.986       10.303   260.5
9.0300      -201778.684  -201789.112       10.428   263.6
9.0400      -201778.677  -201789.083       10.406   263.1
9.0500      -201778.665  -201788.433        9.768   246.9
9.0600      -201778.670  -201788.576        9.906   250.4
9.0700      -201778.669  -201788.557        9.888   250.0
9.0800      -201778.674  -201788.657        9.983   252.4
9.0900      -201778.675  -201788.567        9.892   250.1
9.1000      -201778.668  -201788.014        9.346   236.3
9.1100      -201778.680  -201788.730       10.051   254.1
9.1200      -201778.686  -201789.310       10.624   268.6
9.1300      -201778.687  -201788.859       10.172   257.2
9.1400      -201778.687  -201788.652        9.966   252.0
9.1500      -201778.682  -201788.035        9.353   236.5
9.1600      -201778.681  -201788.155        9.473   239.5
9.1700      -201778.687  -201788.847       10.160   256.9
9.1800      -201778.680  -201788.543        9.863   249.4
9.1900      -201778.672  -201789.044       10.372   262.2
9.2000      -201778.662  -201788.474        9.812   248.1
9.2100      -201778.675  -201788.634        9.959   251.8
9.2200      -201778.688  -201789.176       10.488   265.2
9.2300      -201778.686  -201789.109       10.423   263.5
9.2400      -201778.686  -201789.152       10.465   264.6
9.2500      -201778.678  -201788.577        9.898   250.2
9.2600      -201778.675  -201788.580        9.905   250.4
9.2700      -201778.679  -201788.770       10.091   255.1
9.2800      -201778.675  -201788.578        9.904   250.4
9.2900      -201778.671  -201788.351        9.679   244.7
9.3000      -201778.681  -201788.862       10.181   257.4
9.3100      -201778.680  -201788.852       10.172   257.2
9.3200      -201778.683  -201788.970       10.288   260.1
9.3300      -201778.687  -201789.117       10.430   263.7
9.3400      -201778.676  -201788.502        9.827   248.4
9.3500      -201778.670  -201788.781       10.110   255.6
9.3600      -201778.667  -201788.567        9.900   250.3
9.3700      -201778.667  -201788.755       10.088   255.1
9.3800      -201778.670  -201788.360        9.690   245.0
9.3900      -201778.696  -201789.104       10.408   263.1
9.4000      -201778.705  -201788.840       10.135   256.2
9.4100      -201778.699  -201788.729       10.031   253.6
9.4200      -201778.691  -201788.826       10.136   256.3
9.4300      -201778.684  -201789.003       10.319   260.9
9.4400      -201778.669  -201788.321        9.652   244.0
9.4500      -201778.666  -201788.232        9.566   241.9
9.4600      -201778.661  -201787.895        9.234   233.5
9.4700      -201778.659  -201787.941        9.282   234.7
9.4800      -201778.666  -201788.583        9.917   250.7
9.4900      -201778.674  -201787.986        9.312   235.4
9.5000      -201778.676  -201788.516        9.840   248.8
9.5100      -201778.679  -201788.420        9.741   246.3
9.5200      -201778.677  -201787.857        9.179   232.1
9.5300      -201778.690  -201788.845       10.155   256.7
9.5400      -201778.693  -201788.720       10.027   253.5
9.5500      -201778.688  -201788.506        9.817   248.2
9.5600      -201778.690  -201789.122       10.432   263.7
9.5700      -201778.680  -201788.841       10.161   256.9
9.5800      -201778.669  -201788.583        9.915   250.7
9.5900      -201778.651  -201788.236        9.585   242.3
9.6000      -201778.650  -201788.616        9.966   252.0
9.6100      -201778.665  -201789.372       10.707   270.7
9.6200      -201778.668  -201788.622        9.954   251.7
9.6300      -201778.664  -201788.026        9.362   236.7
9.6400      -201778.679  -201788.540        9.861   249.3
9.6500      -201778.689  -201788.608        9.919   250.8
9.6600      -201778.682  -201788.220        9.538   241.1
9.6700      -201778.685  -201788.482        9.797   247.7
9.6800      -201778.686  -201788.831       10.146   256.5
9.6900      -201778.683  -201789.062       10.379   262.4
9.7000      -201778.676  -201788.269        9.593   242.5
9.7100      -201778.662  -201787.993        9.331   235.9
9.7200      -201778.668  -201788.853       10.185   257.5
9.7300      -201778.663  -201788.814       10.151   256.6
9.7400      -201778.663  -201788.632        9.969   252.0
9.7500      -201778.670  -201788.808       10.138   256.3
9.7600      -201778.679  -201789.243       10.564   267.1
9.7700      -201778.673  -201787.963        9.289   234.9
9.7800      -201778.679  -201788.565        9.886   249.9
9.7900      -201778.682  -201788.395        9.713   245.6
9.8000      -201778.681  -201788.477        9.795   247.7
9.8100      -201778.689  -201789.068       10.380   262.4
9.8200      -201778.685  -201788.402        9.717   245.7
9.8300      -201778.692  -201789.227       10.535   266.3
9.8400      -201778.681  -201788.896       10.215   258.2
9.8500      -201778.676  -201788.843       10.167   257.0
9.8600      -201778.667  -201788.513        9.846   248.9
9.8700      -201778.657  -201788.411        9.753   246.6
9.8800      -201778.661  -201788.701       10.040   253.8
9.8900      -201778.670  -201788.494        9.824   248.4
9.9000      -201778.682  -201789.057       10.375   262.3
9.9100      -201778.692  -201789.112       10.421   263.5
9.9200      -201778.690  -201788.788       10.097   255.3
9.9300      -201778.694  -201789.029       10.335   261.3
9.9400      -201778.693  -201789.808       11.116   281.0
9.9500      -201778.677  -201788.382        9.705   245.4
9.9600      -201778.669  -201788.505        9.836   248.7
9.9700      -201778.672  -201788.406        9.733   246.1
9.9800      -201778.680  -201788.619        9.939   251.3
9.9900      -201778.687  -201789.118       10.431   263.7
10.0000     -201778.683  -201789.208       10.525   266.1
