Time[ps]      Etot[eV]     Epot[eV]     Ekin[eV]    T[K]
0.0000      -242248.070  -242248.070        0.000     0.0
0.0100      -242248.130  -242253.951        5.821   121.4
0.0200      -242248.132  -242254.691        6.560   136.8
0.0300      -242248.143  -242254.525        6.382   133.1
0.0400      -242248.147  -242255.972        7.825   163.2
0.0500      -242248.151  -242256.843        8.692   181.3
0.0600      -242248.127  -242255.769        7.642   159.4
0.0700      -242248.148  -242256.563        8.415   175.5
0.0800      -242248.136  -242257.086        8.950   186.6
0.0900      -242248.133  -242255.871        7.738   161.4
0.1000      -242248.134  -242257.235        9.101   189.8
0.1100      -242248.134  -242257.239        9.105   189.9
0.1200      -242248.138  -242257.413        9.275   193.4
0.1300      -242248.133  -242256.978        8.845   184.4
0.1400      -242248.149  -242258.630       10.481   218.6
0.1500      -242248.147  -242256.453        8.306   173.2
0.1600      -242248.127  -242258.318       10.191   212.5
0.1700      -242248.161  -242258.558       10.397   216.8
0.1800      -242248.148  -242257.966        9.818   204.7
0.1900      -242248.139  -242258.327       10.188   212.4
0.2000      -242248.148  -242258.952       10.804   225.3
0.2100      -242248.144  -242258.104        9.960   207.7
0.2200      -242248.118  -242257.968        9.850   205.4
0.2300      -242248.129  -242259.175       11.046   230.3
0.2400      -242248.164  -242259.847       11.682   243.6
0.2500      -242248.129  -242258.465       10.336   215.5
0.2600      -242248.160  -242260.287       12.128   252.9
0.2700      -242248.105  -242258.502       10.397   216.8
0.2800      -242248.144  -242257.676        9.532   198.8
0.2900      -242248.154  -242258.740       10.586   220.7
0.3000      -242248.158  -242258.837       10.679   222.7
0.3100      -242248.117  -242258.429       10.312   215.0
0.3200      -242248.163  -242258.647       10.484   218.6
0.3300      -242248.169  -242259.242       11.073   230.9
0.3400      -242248.159  -242258.600       10.442   217.7
0.3500      -242248.109  -242258.027        9.918   206.8
0.3600      -242248.143  -242258.997       10.854   226.3
0.3700      -242248.159  -242258.007        9.849   205.4
0.3800      -242248.173  -242258.500       10.328   215.4
0.3900      -242248.144  -242258.553       10.410   217.1
0.4000      -242248.117  -242257.166        9.049   188.7
0.4100      -242248.151  -242258.032        9.881   206.0
0.4200      -242248.180  -242258.934       10.754   224.2
0.4300      -242248.138  -242258.808       10.670   222.5
0.4400      -242248.143  -242258.692       10.549   220.0
0.4500      -242248.150  -242258.407       10.256   213.9
0.4600      -242248.148  -242259.236       11.088   231.2
0.4700      -242248.160  -242259.697       11.537   240.6
0.4800      -242248.119  -242258.456       10.337   215.5
0.4900      -242248.146  -242258.640       10.494   218.8
0.5000      -242248.195  -242260.361       12.165   253.7
0.5100      -242248.132  -242258.554       10.422   217.3
0.5200      -242248.143  -242258.830       10.688   222.9
0.5300      -242248.139  -242258.896       10.757   224.3
0.5400      -242248.139  -242259.505       11.366   237.0
0.5500      -242248.137  -242259.253       11.116   231.8
0.5600      -242248.160  -242259.216       11.056   230.6
0.5700      -242248.160  -242258.741       10.582   220.7
0.5800      -242248.134  -242258.271       10.138   211.4
0.5900      -242248.157  -242258.720       10.563   220.3
0.6000      -242248.156  -242258.522       10.366   216.2
0.6100      -242248.138  -242257.529        9.391   195.8
0.6200      -242248.126  -242257.713        9.588   199.9
0.6300      -242248.142  -242258.070        9.928   207.0
0.6400      -242248.167  -242259.160       10.993   229.2
0.6500      -242248.136  -242259.209       11.073   230.9
0.6600      -242248.161  -242258.944       10.783   224.9
0.6700      -242248.155  -242259.026       10.872   226.7
0.6800      -242248.171  -242259.227       11.056   230.5
0.6900      -242248.148  -242258.422       10.274   214.2
0.7000      -242248.131  -242258.360       10.229   213.3
0.7100      -242248.124  -242258.680       10.555   220.1
0.7200      -242248.138  -242258.740       10.602   221.1
0.7300      -242248.171  -242259.975       11.804   246.1
0.7400      -242248.162  -242260.030       11.868   247.5
0.7500      -242248.099  -242258.622       10.523   219.4
0.7600      -242248.169  -242259.154       10.985   229.1
0.7700      -242248.155  -242260.515       12.360   257.7
0.7800      -242248.129  -242259.074       10.946   228.2
0.7900      -242248.133  -242259.537       11.403   237.8
0.8000      -242248.154  -242260.509       12.355   257.6
0.8100      -242248.176  -242259.479       11.302   235.7
0.8200      -242248.158  -242259.401       11.243   234.5
0.8300      -242248.138  -242259.065       10.927   227.9
0.8400      -242248.150  -242259.124       10.974   228.8
0.8500      -242248.142  -242258.930       10.788   225.0
0.8600      -242248.150  -242258.598       10.448   217.9
0.8700      -242248.141  -242258.760       10.618   221.4
0.8800      -242248.143  -242259.624       11.481   239.4
0.8900      -242248.153  -242259.629       11.477   239.3
0.9000      -242248.119  -242259.574       11.454   238.9
0.9100      -242248.146  -242259.132       10.985   229.1
0.9200      -242248.179  -242260.396       12.217   254.7
0.9300      -242248.141  -242260.028       11.887   247.9
0.9400      -242248.119  -242259.502       11.383   237.4
0.9500      -242248.153  -242259.905       11.752   245.1
0.9600      -242248.167  -242260.419       12.252   255.5
0.9700      -242248.168  -242260.182       12.014   250.5
0.9800      -242248.122  -242259.461       11.339   236.5
0.9900      -242248.140  -242259.461       11.322   236.1
1.0000      -242248.157  -242259.732       11.575   241.4
1.0100      -242248.156  -242259.632       11.476   239.3
1.0200      -242248.154  -242259.775       11.621   242.3
1.0300      -242248.136  -242259.849       11.713   244.2
1.0400      -242248.155  -242259.584       11.430   238.3
1.0500      -242248.169  -242259.481       11.312   235.9
1.0600      -242248.122  -242258.684       10.562   220.3
1.0700      -242248.159  -242258.845       10.685   222.8
1.0800      -242248.162  -242259.505       11.343   236.5
1.0900      -242248.144  -242259.694       11.550   240.8
1.1000      -242248.142  -242259.802       11.660   243.1
1.1100      -242248.156  -242259.844       11.688   243.7
1.1200      -242248.169  -242260.319       12.149   253.3
1.1300      -242248.136  -242259.693       11.557   241.0
1.1400      -242248.125  -242259.329       11.204   233.6
1.1500      -242248.182  -242259.750       11.569   241.2
1.1600      -242248.159  -242259.221       11.062   230.7
1.1700      -242248.134  -242259.730       11.597   241.8
1.1800      -242248.124  -242259.575       11.451   238.8
1.1900      -242248.135  -242259.757       11.622   242.4
1.2000      -242248.158  -242260.067       11.909   248.3
1.2100      -242248.150  -242259.356       11.206   233.7
1.2200      -242248.150  -242259.935       11.784   245.7
1.2300      -242248.183  -242259.626       11.443   238.6
1.2400      -242248.133  -242258.977       10.844   226.1
1.2500      -242248.138  -242259.721       11.583   241.5
1.2600      -242248.163  -242259.682       11.520   240.2
1.2700      -242248.167  -242260.086       11.919   248.5
1.2800      -242248.176  -242260.133       11.957   249.3
1.2900      -242248.140  -242259.449       11.309   235.8
1.3000      -242248.130  -242259.855       11.725   244.5
1.3100      -242248.165  -242260.334       12.169   253.8
1.3200      -242248.152  -242259.160       11.008   229.5
1.3300      -242248.158  -242259.940       11.782   245.7
1.3400      -242248.148  -242259.866       11.718   244.4
1.3500      -242248.137  -242260.053       11.916   248.5
1.3600      -242248.177  -242259.611       11.434   238.4
1.3700      -242248.149  -242258.785       10.636   221.8
1.3800      -242248.161  -242261.121       12.960   270.3
1.3900      -242248.171  -242260.644       12.473   260.1
1.4000      -242248.147  -242260.252       12.105   252.4
1.4100      -242248.137  -242259.867       11.730   244.6
1.4200      -242248.140  -242259.954       11.814   246.4
1.4300      -242248.161  -242260.350       12.189   254.2
1.4400      -242248.191  -242260.676       12.485   260.4
1.4500      -242248.161  -242260.289       12.128   252.9
1.4600      -242248.131  -242259.328       11.198   233.5
1.4700      -242248.166  -242259.768       11.602   241.9
1.4800      -242248.163  -242260.242       12.079   251.9
1.4900      -242248.143  -242260.028       11.884   247.8
1.5000      -242248.132  -242259.870       11.738   244.8
1.5100      -242248.142  -242260.208       12.066   251.6
1.5200      -242248.162  -242261.273       13.111   273.4
1.5300      -242248.141  -242260.737       12.596   262.7
1.5400      -242248.161  -242260.187       12.026   250.8
1.5500      -242248.178  -242259.672       11.493   239.7
1.5600      -242248.132  -242259.802       11.670   243.4
1.5700      -242248.144  -242259.056       10.912   227.5
1.5800      -242248.150  -242260.475       12.325   257.0
1.5900      -242248.147  -242259.734       11.587   241.6
1.6000      -242248.170  -242260.937       12.767   266.2
1.6100      -242248.135  -242260.337       12.201   254.4
1.6200      -242248.149  -242260.018       11.869   247.5
1.6300      -242248.173  -242260.669       12.495   260.6
1.6400      -242248.155  -242259.883       11.727   244.5
1.6500      -242248.155  -242260.058       11.903   248.2
1.6600      -242248.141  -242260.348       12.207   254.6
1.6700      -242248.136  -242259.445       11.309   235.8
1.6800      -242248.178  -242259.789       11.611   242.1
1.6900      -242248.142  -242259.426       11.284   235.3
1.7000      -242248.146  -242258.970       10.825   225.7
1.7100      -242248.157  -242259.173       11.016   229.7
1.7200      -242248.146  -242259.584       11.438   238.5
1.7300      -242248.150  -242260.004       11.855   247.2
1.7400      -242248.165  -242259.759       11.594   241.8
1.7500      -242248.157  -242259.999       11.843   246.9
1.7600      -242248.153  -242259.863       11.710   244.2
1.7700      -242248.137  -242259.680       11.544   240.7
1.7800      -242248.191  -242260.587       12.396   258.5
1.7900      -242248.178  -242259.874       11.696   243.9
1.8000      -242248.147  -242260.475       12.329   257.1
1.8100      -242248.144  -242260.379       12.235   255.1
1.8200      -242248.139  -242259.810       11.671   243.4
1.8300      -242248.154  -242259.472       11.317   236.0
1.8400      -242248.163  -242259.779       11.616   242.2
1.8500      -242248.147  -242259.643       11.496   239.7
1.8600      -242248.163  -242259.861       11.698   243.9
1.8700      -242248.159  -242260.018       11.858   247.3
1.8800      -242248.162  -242259.807       11.645   242.8
1.8900      -242248.165  -242260.001       11.836   246.8
1.9000      -242248.162  -242260.341       12.180   254.0
1.9100      -242248.155  -242259.395       11.240   234.4
1.9200      -242248.171  -242259.800       11.628   242.5
1.9300      -242248.136  -242259.607       11.471   239.2
1.9400      -242248.171  -242259.831       11.661   243.2
1.9500      -242248.181  -242260.998       12.818   267.3
1.9600      -242248.136  -242259.992       11.856   247.2
1.9700      -242248.148  -242259.661       11.513   240.1
1.9800      -242248.161  -242259.277       11.116   231.8
1.9900      -242248.178  -242259.413       11.236   234.3
2.0000      -242248.176  -242259.259       11.083   231.1
2.0100      -242248.142  -242260.082       11.940   249.0
2.0200      -242248.162  -242259.826       11.663   243.2
2.0300      -242248.158  -242259.969       11.811   246.3
2.0400      -242248.156  -242260.059       11.903   248.2
2.0500      -242248.161  -242259.641       11.481   239.4
2.0600      -242248.148  -242259.736       11.589   241.7
2.0700      -242248.160  -242259.875       11.714   244.3
2.0800      -242248.168  -242260.036       11.868   247.5
2.0900      -242248.133  -242259.702       11.569   241.2
2.1000      -242248.144  -242258.905       10.761   224.4
2.1100      -242248.161  -242259.585       11.425   238.2
2.1200      -242248.154  -242259.600       11.446   238.7
2.1300      -242248.163  -242260.274       12.111   252.5
2.1400      -242248.162  -242259.881       11.719   244.4
2.1500      -242248.173  -242260.069       11.896   248.1
2.1600      -242248.151  -242259.661       11.510   240.0
2.1700      -242248.143  -242259.905       11.762   245.3
2.1800      -242248.173  -242259.648       11.475   239.3
2.1900      -242248.154  -242260.223       12.068   251.7
2.2000      -242248.134  -242259.831       11.697   243.9
2.2100      -242248.133  -242260.171       12.037   251.0
2.2200      -242248.145  -242260.738       12.593   262.6
2.2300      -242248.174  -242260.575       12.402   258.6
2.2400      -242248.183  -242260.517       12.334   257.2
2.2500      -242248.166  -242260.312       12.146   253.3
2.2600      -242248.162  -242259.705       11.543   240.7
2.2700      -242248.157  -242260.400       12.243   255.3
2.2800      -242248.151  -242260.617       12.465   259.9
2.2900      -242248.156  -242260.021       11.865   247.4
2.3000      -242248.157  -242259.700       11.544   240.7
2.3100      -242248.168  -242259.964       11.797   246.0
2.3200      -242248.155  -242259.955       11.800   246.1
2.3300      -242248.138  -242260.033       11.894   248.0
2.3400      -242248.185  -242261.411       13.226   275.8
2.3500      -242248.180  -242260.818       12.638   263.5
2.3600      -242248.144  -242259.956       11.812   246.3
2.3700      -242248.129  -242260.221       12.092   252.2
2.3800      -242248.160  -242260.402       12.242   255.3
2.3900      -242248.183  -242260.427       12.244   255.3
2.4000      -242248.166  -242260.213       12.047   251.2
2.4100      -242248.136  -242259.920       11.784   245.7
2.4200      -242248.179  -242260.656       12.477   260.2
2.4300      -242248.161  -242259.711       11.550   240.9
2.4400      -242248.152  -242261.050       12.898   269.0
2.4500      -242248.158  -242261.308       13.150   274.2
2.4600      -242248.161  -242260.316       12.155   253.5
2.4700      -242248.180  -242261.047       12.868   268.3
2.4800      -242248.151  -242261.157       13.006   271.2
2.4900      -242248.143  -242261.352       13.209   275.5
2.5000      -242248.189  -242261.123       12.933   269.7
2.5100      -242248.171  -242260.721       12.550   261.7
2.5200      -242248.155  -242261.452       13.297   277.3
2.5300      -242248.147  -242261.385       13.239   276.1
2.5400      -242248.153  -242260.886       12.733   265.5
2.5500      -242248.181  -242261.645       13.465   280.8
2.5600      -242248.167  -242261.111       12.944   269.9
2.5700      -242248.152  -242260.289       12.136   253.1
2.5800      -242248.165  -242260.261       12.097   252.2
2.5900      -242248.158  -242260.722       12.564   262.0
2.6000      -242248.164  -242260.485       12.321   256.9
2.6100      -242248.156  -242260.312       12.156   253.5
2.6200      -242248.151  -242260.064       11.913   248.4
2.6300      -242248.170  -242261.061       12.891   268.8
2.6400      -242248.150  -242261.146       12.996   271.0
2.6500      -242248.155  -242261.132       12.978   270.6
2.6600      -242248.188  -242261.651       13.463   280.7
2.6700      -242248.181  -242261.107       12.925   269.5
2.6800      -242248.158  -242260.845       12.687   264.6
2.6900      -242248.141  -242260.665       12.524   261.2
2.7000      -242248.156  -242261.312       13.156   274.3
2.7100      -242248.183  -242261.009       12.826   267.5
2.7200      -242248.150  -242260.051       11.901   248.2
2.7300      -242248.139  -242260.150       12.011   250.5
2.7400      -242248.167  -242260.666       12.500   260.6
2.7500      -242248.157  -242260.365       12.208   254.6
2.7600      -242248.159  -242260.690       12.531   261.3
2.7700      -242248.158  -242260.779       12.621   263.2
2.7800      -242248.156  -242260.226       12.070   251.7
2.7900      -242248.162  -242259.449       11.287   235.4
2.8000      -242248.156  -242260.738       12.582   262.4
2.8100      -242248.154  -242260.151       11.998   250.2
2.8200      -242248.171  -242260.980       12.809   267.1
2.8300      -242248.152  -242260.131       11.979   249.8
2.8400      -242248.143  -242259.790       11.647   242.9
2.8500      -242248.152  -242260.123       11.972   249.6
2.8600      -242248.172  -242260.653       12.480   260.2
2.8700      -242248.176  -242260.249       12.073   251.7
2.8800      -242248.128  -242260.331       12.203   254.5
2.8900      -242248.158  -242260.176       12.018   250.6
2.9000      -242248.182  -242261.057       12.876   268.5
2.9100      -242248.158  -242259.826       11.668   243.3
2.9200      -242248.155  -242260.432       12.277   256.0
2.9300      -242248.154  -242260.687       12.533   261.3
2.9400      -242248.159  -242259.774       11.615   242.2
2.9500      -242248.172  -242259.855       11.683   243.6
2.9600      -242248.139  -242260.605       12.466   260.0
2.9700      -242248.164  -242260.834       12.670   264.2
2.9800      -242248.179  -242260.955       12.776   266.4
2.9900      -242248.133  -242260.737       12.604   262.8
3.0000      -242248.155  -242260.566       12.411   258.8
3.0100      -242248.161  -242260.253       12.092   252.2
3.0200      -242248.175  -242260.902       12.727   265.4
3.0300      -242248.176  -242260.315       12.139   253.1
3.0400      -242248.146  -242260.462       12.316   256.8
3.0500      -242248.171  -242260.298       12.127   252.9
3.0600      -242248.185  -242261.152       12.967   270.4
3.0700      -242248.169  -242260.980       12.811   267.1
3.0800      -242248.165  -242260.669       12.504   260.7
3.0900      -242248.159  -242260.666       12.507   260.8
3.1000      -242248.148  -242260.614       12.466   260.0
3.1100      -242248.168  -242260.253       12.085   252.0
3.1200      -242248.172  -242260.818       12.645   263.7
3.1300      -242248.191  -242260.961       12.770   266.3
3.1400      -242248.188  -242260.966       12.777   266.4
3.1500      -242248.158  -242260.777       12.619   263.1
3.1600      -242248.142  -242260.275       12.133   253.0
3.1700      -242248.144  -242260.440       12.296   256.4
3.1800      -242248.162  -242260.211       12.049   251.3
3.1900      -242248.175  -242260.344       12.169   253.8
3.2000      -242248.144  -242260.862       12.718   265.2
3.2100      -242248.158  -242260.880       12.722   265.3
3.2200      -242248.176  -242261.500       13.324   277.8
3.2300      -242248.184  -242261.349       13.165   274.5
3.2400      -242248.173  -242260.025       11.851   247.1
3.2500      -242248.183  -242261.594       13.411   279.7
3.2600      -242248.191  -242260.893       12.701   264.9
3.2700      -242248.181  -242261.508       13.327   277.9
3.2800      -242248.141  -242261.542       13.401   279.4
3.2900      -242248.171  -242261.794       13.623   284.1
3.3000      -242248.168  -242261.546       13.378   279.0
3.3100      -242248.140  -242261.432       13.292   277.2
3.3200      -242248.131  -242261.371       13.240   276.1
3.3300      -242248.170  -242261.493       13.323   277.8
3.3400      -242248.207  -242261.576       13.369   278.8
3.3500      -242248.191  -242261.066       12.875   268.5
3.3600      -242248.143  -242261.034       12.891   268.8
3.3700      -242248.166  -242260.443       12.277   256.0
3.3800      -242248.160  -242261.134       12.974   270.5
3.3900      -242248.145  -242261.475       13.330   278.0
3.4000      -242248.146  -242261.162       13.016   271.4
3.4100      -242248.179  -242261.500       13.321   277.8
3.4200      -242248.182  -242261.509       13.327   277.9
3.4300      -242248.160  -242260.869       12.709   265.0
3.4400      -242248.157  -242261.177       13.020   271.5
3.4500      -242248.191  -242260.825       12.633   263.4
3.4600      -242248.181  -242261.745       13.564   282.8
3.4700      -242248.165  -242261.517       13.352   278.4
3.4800      -242248.162  -242260.994       12.832   267.6
3.4900      -242248.167  -242260.610       12.443   259.5
3.5000      -242248.198  -242261.371       13.173   274.7
3.5100      -242248.170  -242260.840       12.670   264.2
3.5200      -242248.159  -242261.326       13.167   274.6
3.5300      -242248.194  -242262.006       13.812   288.0
3.5400      -242248.158  -242261.567       13.409   279.6
3.5500      -242248.131  -242260.744       12.613   263.0
3.5600      -242248.148  -242261.039       12.892   268.8
3.5700      -242248.163  -242261.566       13.402   279.5
3.5800      -242248.175  -242261.350       13.175   274.7
3.5900      -242248.154  -242261.511       13.357   278.5
3.6000      -242248.172  -242261.063       12.891   268.8
3.6100      -242248.205  -242262.364       14.159   295.3
3.6200      -242248.181  -242261.894       13.712   285.9
3.6300      -242248.165  -242261.247       13.083   272.8
3.6400      -242248.170  -242261.523       13.353   278.5
3.6500      -242248.179  -242261.233       13.054   272.2
3.6600      -242248.181  -242261.337       13.157   274.4
3.6700      -242248.109  -242260.321       12.212   254.7
3.6800      -242248.160  -242260.897       12.737   265.6
3.6900      -242248.184  -242261.366       13.183   274.9
3.7000      -242248.172  -242261.269       13.097   273.1
3.7100      -242248.170  -242261.605       13.436   280.2
3.7200      -242248.174  -242261.497       13.323   277.8
3.7300      -242248.186  -242261.496       13.310   277.5
3.7400      -242248.152  -242260.505       12.352   257.6
3.7500      -242248.134  -242261.356       13.222   275.7
3.7600      -242248.185  -242261.336       13.151   274.2
3.7700      -242248.203  -242261.339       13.137   273.9
3.7800      -242248.177  -242261.193       13.016   271.4
3.7900      -242248.160  -242261.130       12.971   270.5
3.8000      -242248.170  -242261.402       13.232   275.9
3.8100      -242248.193  -242261.253       13.060   272.3
3.8200      -242248.200  -242261.373       13.173   274.7
3.8300      -242248.153  -242260.497       12.344   257.4
3.8400      -242248.170  -242260.660       12.491   260.5
3.8500      -242248.166  -242260.174       12.008   250.4
3.8600      -242248.145  -242260.001       11.856   247.2
3.8700      -242248.153  -242260.733       12.581   262.3
3.8800      -242248.151  -242259.916       11.765   245.3
3.8900      -242248.167  -242261.262       13.095   273.1
3.9000      -242248.167  -242261.134       12.967   270.4
3.9100      -242248.166  -242260.819       12.653   263.9
3.9200      -242248.148  -242260.447       12.300   256.5
3.9300      -242248.186  -242260.623       12.438   259.4
3.9400      -242248.198  -242261.191       12.992   270.9
3.9500      -242248.189  -242261.952       13.763   287.0
3.9600      -242248.180  -242260.982       12.801   266.9
3.9700      -242248.168  -242260.888       12.720   265.2
3.9800      -242248.181  -242261.871       13.690   285.5
3.9900      -242248.177  -242260.766       12.589   262.5
4.0000      -242248.169  -242261.498       13.329   277.9
4.0100      -242248.150  -242260.934       12.784   266.6
4.0200      -242248.160  -242260.243       12.083   252.0
4.0300      -242248.161  -242261.131       12.971   270.5
4.0400      -242248.155  -242260.652       12.497   260.6
4.0500      -242248.184  -242260.828       12.643   263.6
4.0600      -242248.184  -242260.897       12.712   265.1
4.0700      -242248.192  -242261.226       13.034   271.8
4.0800      -242248.183  -242260.943       12.760   266.1
4.0900      -242248.148  -242260.735       12.587   262.5
4.1000      -242248.175  -242261.010       12.835   267.6
4.1100      -242248.176  -242261.069       12.893   268.9
4.1200      -242248.169  -242260.916       12.747   265.8
4.1300      -242248.159  -242260.777       12.619   263.1
4.1400      -242248.158  -242261.192       13.033   271.8
4.1500      -242248.156  -242261.656       13.499   281.5
4.1600      -242248.173  -242261.261       13.088   272.9
4.1700      -242248.171  -242260.749       12.577   262.3
4.1800      -242248.148  -242261.088       12.940   269.8
4.1900      -242248.181  -242260.998       12.817   267.3
4.2000      -242248.187  -242260.603       12.417   258.9
4.2100      -242248.186  -242261.272       13.086   272.9
4.2200      -242248.167  -242261.290       13.123   273.7
4.2300      -242248.148  -242260.684       12.536   261.4
4.2400      -242248.153  -242260.067       11.914   248.4
4.2500      -242248.183  -242261.550       13.367   278.7
4.2600      -242248.212  -242261.761       13.549   282.5
4.2700      -242248.186  -242261.419       13.233   276.0
4.2800      -242248.161  -242260.875       12.714   265.1
4.2900      -242248.169  -242260.890       12.721   265.3
4.3000      -242248.185  -242261.445       13.261   276.5
4.3100      -242248.177  -242261.000       12.823   267.4
4.3200      -242248.154  -242261.187       13.033   271.8
4.3300      -242248.148  -242260.991       12.843   267.8
4.3400      -242248.143  -242260.804       12.661   264.0
4.3500      -242248.159  -242260.678       12.519   261.1
4.3600      -242248.166  -242260.470       12.304   256.6
4.3700      -242248.183  -242260.573       12.390   258.4
4.3800      -242248.187  -242260.652       12.465   259.9
4.3900      -242248.148  -242259.981       11.833   246.8
4.4000      -242248.153  -242261.638       13.485   281.2
4.4100      -242248.178  -242261.095       12.917   269.4
4.4200      -242248.204  -242261.335       13.132   273.8
4.4300      -242248.194  -242261.494       13.300   277.3
4.4400      -242248.174  -242261.247       13.073   272.6
4.4500      -242248.154  -242260.804       12.650   263.8
4.4600      -242248.149  -242260.759       12.610   263.0
4.4700      -242248.156  -242261.044       12.888   268.7
4.4800      -242248.160  -242260.396       12.236   255.2
4.4900      -242248.184  -242260.148       11.965   249.5
4.5000      -242248.203  -242261.311       13.109   273.3
4.5100      -242248.203  -242261.965       13.762   287.0
4.5200      -242248.163  -242260.805       12.642   263.6
4.5300      -242248.156  -242260.763       12.607   262.9
4.5400      -242248.167  -242261.194       13.028   271.7
4.5500      -242248.175  -242261.382       13.206   275.4
4.5600      -242248.194  -242261.804       13.610   283.8
4.5700      -242248.180  -242260.911       12.731   265.5
4.5800      -242248.172  -242260.748       12.576   262.2
4.5900      -242248.166  -242261.212       13.046   272.1
4.6000      -242248.158  -242260.408       12.249   255.4
4.6100      -242248.176  -242260.777       12.602   262.8
4.6200      -242248.186  -242261.177       12.992   270.9
4.6300      -242248.173  -242261.384       13.211   275.5
4.6400      -242248.165  -242261.315       13.150   274.2
4.6500      -242248.182  -242261.286       13.105   273.3
4.6600      -242248.189  -242261.599       13.410   279.6
4.6700      -242248.191  -242261.451       13.260   276.5
4.6800      -242248.175  -242261.156       12.982   270.7
4.6900      -242248.168  -242260.983       12.815   267.2
4.7000      -242248.172  -242260.592       12.420   259.0
4.7100      -242248.173  -242260.601       12.427   259.1
4.7200      -242248.187  -242261.519       13.331   278.0
4.7300      -242248.187  -242261.429       13.242   276.1
4.7400      -242248.188  -242260.838       12.650   263.8
4.7500      -242248.179  -242261.086       12.907   269.2
4.7600      -242248.164  -242261.065       12.901   269.0
4.7700      -242248.173  -242261.375       13.202   275.3
4.7800      -242248.192  -242261.354       13.162   274.5
4.7900      -242248.194  -242262.323       14.129   294.6
4.8000      -242248.171  -242260.974       12.803   267.0
4.8100      -242248.157  -242260.734       12.577   262.3
4.8200      -242248.164  -242261.828       13.664   284.9
4.8300      -242248.161  -242261.449       13.288   277.1
4.8400      -242248.167  -242260.863       12.697   264.8
4.8500      -242248.171  -242260.955       12.785   266.6
4.8600      -242248.197  -242262.158       13.961   291.1
4.8700      -242248.193  -242261.455       13.262   276.5
4.8800      -242248.179  -242260.894       12.715   265.1
4.8900      -242248.196  -242261.941       13.746   286.6
4.9000      -242248.166  -242260.973       12.807   267.1
4.9100      -242248.177  -242260.164       11.987   250.0
4.9200      -242248.170  -242260.488       12.318   256.9
4.9300      -242248.162  -242260.126       11.965   249.5
4.9400      -242248.151  -242260.645       12.494   260.5
4.9500      -242248.155  -242260.774       12.619   263.1
4.9600      -242248.174  -242261.243       13.069   272.5
4.9700      -242248.174  -242260.902       12.728   265.4
4.9800      -242248.164  -242260.666       12.503   260.7
4.9900      -242248.154  -242260.654       12.500   260.7
5.0000      -242248.170  -242261.217       13.047   272.1
5.0100      -242248.170  -242260.462       12.293   256.3
5.0200      -242248.173  -242260.601       12.428   259.2
5.0300      -242248.172  -242260.920       12.748   265.8
5.0400      -242248.173  -242260.352       12.179   254.0
5.0500      -242248.191  -242260.941       12.750   265.9
5.0600      -242248.179  -242260.436       12.257   255.6
5.0700      -242248.177  -242261.560       13.382   279.1
5.0800      -242248.172  -242261.474       13.302   277.4
5.0900      -242248.177  -242261.271       13.094   273.0
5.1000      -242248.179  -242261.756       13.577   283.1
5.1100      -242248.173  -242261.396       13.223   275.7
5.1200      -242248.184  -242261.549       13.364   278.7
5.1300      -242248.176  -242260.970       12.794   266.8
5.1400      -242248.155  -242260.281       12.126   252.9
5.1500      -242248.159  -242261.709       13.550   282.5
5.1600      -242248.155  -242261.001       12.846   267.9
5.1700      -242248.184  -242262.617       14.433   301.0
5.1800      -242248.179  -242261.738       13.559   282.7
5.1900      -242248.168  -242261.099       12.931   269.6
5.2000      -242248.176  -242262.162       13.986   291.6
5.2100      -242248.181  -242261.300       13.118   273.5
5.2200      -242248.180  -242261.427       13.248   276.2
5.2300      -242248.187  -242261.630       13.443   280.3
5.2400      -242248.189  -242261.429       13.240   276.1
5.2500      -242248.201  -242262.412       14.211   296.3
5.2600      -242248.183  -242261.861       13.678   285.2
5.2700      -242248.162  -242262.231       14.069   293.4
5.2800      -242248.170  -242261.518       13.348   278.3
5.2900      -242248.179  -242261.735       13.557   282.7
5.3000      -242248.179  -242262.214       14.034   292.7
5.3100      -242248.159  -242261.583       13.424   279.9
5.3200      -242248.161  -242261.402       13.241   276.1
5.3300      -242248.171  -242261.721       13.550   282.5
5.3400      -242248.168  -242261.537       13.369   278.8
5.3500      -242248.169  -242261.828       13.659   284.8
5.3600      -242248.190  -242261.800       13.610   283.8
5.3700      -242248.198  -242261.450       13.252   276.3
5.3800      -242248.178  -242261.943       13.766   287.1
5.3900      -242248.179  -242261.206       13.028   271.7
5.4000      -242248.186  -242261.129       12.943   269.9
5.4100      -242248.198  -242260.957       12.759   266.1
5.4200      -242248.188  -242261.592       13.404   279.5
5.4300      -242248.155  -242260.075       11.920   248.6
5.4400      -242248.152  -242260.122       11.970   249.6
5.4500      -242248.158  -242260.130       11.973   249.7
5.4600      -242248.170  -242260.922       12.752   265.9
5.4700      -242248.185  -242261.248       13.063   272.4
5.4800      -242248.188  -242261.515       13.327   277.9
5.4900      -242248.162  -242261.845       13.683   285.3
5.5000      -242248.145  -242260.875       12.730   265.5
5.5100      -242248.174  -242261.135       12.962   270.3
5.5200      -242248.187  -242261.049       12.862   268.2
5.5300      -242248.173  -242260.330       12.157   253.5
5.5400      -242248.172  -242261.224       13.052   272.2
5.5500      -242248.158  -242260.502       12.344   257.4
5.5600      -242248.163  -242260.936       12.773   266.4
5.5700      -242248.171  -242260.764       12.593   262.6
5.5800      -242248.187  -242261.333       13.145   274.1
5.5900      -242248.193  -242261.791       13.598   283.6
5.6000      -242248.179  -242261.245       13.066   272.5
5.6100      -242248.152  -242260.497       12.345   257.4
5.6200      -242248.189  -242261.723       13.534   282.2
5.6300      -242248.197  -242261.129       12.932   269.7
5.6400      -242248.185  -242260.985       12.800   266.9
5.6500      -242248.184  -242261.732       13.548   282.5
5.6600      -242248.188  -242261.751       13.564   282.8
5.6700      -242248.182  -242261.387       13.206   275.4
5.6800      -242248.170  -242260.775       12.605   262.8
5.6900      -242248.173  -242261.026       12.854   268.0
5.7000      -242248.191  -242261.361       13.169   274.6
5.7100      -242248.162  -242261.251       13.090   273.0
5.7200      -242248.173  -242261.545       13.372   278.8
5.7300      -242248.176  -242261.300       13.124   273.7
5.7400      -242248.170  -242260.884       12.714   265.1
5.7500      -242248.166  -242260.944       12.778   266.5
5.7600      -242248.181  -242261.521       13.340   278.2
5.7700      -242248.188  -242261.841       13.653   284.7
5.7800      -242248.179  -242260.859       12.681   264.4
5.7900      -242248.192  -242262.450       14.258   297.3
5.8000      -242248.206  -242262.046       13.840   288.6
5.8100      -242248.186  -242261.647       13.462   280.7
5.8200      -242248.148  -242261.047       12.899   269.0
5.8300      -242248.164  -242261.216       13.052   272.2
5.8400      -242248.184  -242261.770       13.587   283.3
5.8500      -242248.188  -242261.830       13.642   284.5
5.8600      -242248.183  -242261.928       13.745   286.6
5.8700      -242248.184  -242261.963       13.779   287.3
5.8800      -242248.184  -242261.482       13.298   277.3
5.8900      -242248.183  -242261.721       13.538   282.3
5.9000      -242248.173  -242261.257       13.084   272.8
5.9100      -242248.173  -242261.408       13.236   276.0
5.9200      -242248.175  -242261.736       13.561   282.8
5.9300      -242248.150  -242260.874       12.724   265.3
5.9400      -242248.170  -242260.813       12.643   263.6
5.9500      -242248.195  -242261.551       13.356   278.5
5.9600      -242248.180  -242260.655       12.475   260.1
5.9700      -242248.167  -242260.818       12.651   263.8
5.9800      -242248.158  -242261.275       13.117   273.5
5.9900      -242248.161  -242261.676       13.515   281.8
6.0000      -242248.162  -242261.211       13.049   272.1
6.0100      -242248.175  -242260.980       12.805   267.0
6.0200      -242248.194  -242261.965       13.771   287.2
6.0300      -242248.193  -242261.143       12.950   270.1
6.0400      -242248.161  -242261.294       13.134   273.9
6.0500      -242248.149  -242261.893       13.745   286.6
6.0600      -242248.175  -242261.685       13.510   281.7
6.0700      -242248.177  -242261.523       13.346   278.3
6.0800      -242248.166  -242261.356       13.191   275.1
6.0900      -242248.161  -242260.966       12.805   267.0
6.1000      -242248.160  -242261.526       13.366   278.7
6.1100      -242248.157  -242261.178       13.020   271.5
6.1200      -242248.169  -242261.101       12.932   269.7
6.1300      -242248.185  -242260.803       12.618   263.1
6.1400      -242248.199  -242261.625       13.426   280.0
6.1500      -242248.176  -242260.743       12.568   262.1
6.1600      -242248.178  -242261.529       13.352   278.4
6.1700      -242248.199  -242261.671       13.472   280.9
6.1800      -242248.190  -242261.122       12.933   269.7
6.1900      -242248.181  -242261.529       13.348   278.3
6.2000      -242248.160  -242261.151       12.991   270.9
6.2100      -242248.156  -242261.296       13.140   274.0
6.2200      -242248.167  -242261.490       13.323   277.8
6.2300      -242248.171  -242261.556       13.385   279.1
6.2400      -242248.178  -242261.928       13.750   286.7
6.2500      -242248.180  -242261.034       12.854   268.0
6.2600      -242248.195  -242261.480       13.285   277.0
6.2700      -242248.175  -242260.645       12.469   260.0
6.2800      -242248.171  -242261.471       13.300   277.3
6.2900      -242248.179  -242261.676       13.496   281.4
6.3000      -242248.196  -242262.129       13.933   290.5
6.3100      -242248.200  -242262.875       14.675   306.0
6.3200      -242248.172  -242261.171       12.999   271.1
6.3300      -242248.174  -242261.352       13.178   274.8
6.3400      -242248.180  -242261.316       13.136   273.9
6.3500      -242248.181  -242261.786       13.605   283.7
6.3600      -242248.180  -242261.477       13.297   277.3
6.3700      -242248.188  -242261.776       13.588   283.3
6.3800      -242248.188  -242261.159       12.971   270.5
6.3900      -242248.182  -242262.219       14.037   292.7
6.4000      -242248.175  -242262.078       13.903   289.9
6.4100      -242248.192  -242262.921       14.729   307.1
6.4200      -242248.189  -242262.104       13.914   290.1
6.4300      -242248.175  -242261.739       13.564   282.8
6.4400      -242248.159  -242261.415       13.257   276.4
6.4500      -242248.157  -242261.280       13.122   273.6
6.4600      -242248.172  -242261.651       13.480   281.1
6.4700      -242248.179  -242261.922       13.743   286.6
6.4800      -242248.178  -242261.640       13.462   280.7
6.4900      -242248.181  -242262.239       14.058   293.1
6.5000      -242248.170  -242260.968       12.798   266.9
6.5100      -242248.176  -242261.395       13.219   275.7
6.5200      -242248.175  -242261.078       12.903   269.1
6.5300      -242248.177  -242260.969       12.792   266.8
6.5400      -242248.159  -242260.942       12.783   266.6
6.5500      -242248.159  -242261.148       12.989   270.8
6.5600      -242248.187  -242261.965       13.778   287.3
6.5700      -242248.176  -242262.000       13.824   288.3
6.5800      -242248.180  -242261.751       13.572   283.0
6.5900      -242248.199  -242261.916       13.717   286.0
6.6000      -242248.214  -242262.106       13.892   289.7
6.6100      -242248.183  -242261.207       13.024   271.6
6.6200      -242248.154  -242260.781       12.627   263.3
6.6300      -242248.184  -242261.055       12.871   268.4
6.6400      -242248.175  -242261.723       13.549   282.5
6.6500      -242248.182  -242261.988       13.805   287.9
6.6600      -242248.172  -242261.775       13.603   283.7
6.6700      -242248.165  -242261.059       12.894   268.9
6.6800      -242248.174  -242261.773       13.599   283.6
6.6900      -242248.177  -242261.430       13.254   276.4
6.7000      -242248.182  -242261.470       13.288   277.1
6.7100      -242248.177  -242261.278       13.101   273.2
6.7200      -242248.182  -242262.033       13.851   288.8
6.7300      -242248.171  -242260.476       12.305   256.6
6.7400      -242248.166  -242261.011       12.845   267.8
6.7500      -242248.168  -242261.074       12.905   269.1
6.7600      -242248.188  -242262.563       14.375   299.8
6.7700      -242248.183  -242262.087       13.904   289.9
6.7800      -242248.184  -242262.095       13.911   290.1
6.7900      -242248.169  -242261.982       13.813   288.0
6.8000      -242248.170  -242261.915       13.745   286.6
6.8100      -242248.159  -242261.698       13.539   282.3
6.8200      -242248.157  -242262.500       14.343   299.1
6.8300      -242248.167  -242261.958       13.791   287.6
6.8400      -242248.179  -242261.680       13.501   281.5
6.8500      -242248.181  -242261.949       13.768   287.1
6.8600      -242248.172  -242261.142       12.971   270.5
6.8700      -242248.177  -242261.902       13.726   286.2
6.8800      -242248.191  -242261.362       13.171   274.6
6.8900      -242248.200  -242261.967       13.766   287.1
6.9000      -242248.197  -242262.028       13.831   288.4
6.9100      -242248.199  -242261.693       13.494   281.4
6.9200      -242248.192  -242262.089       13.897   289.8
6.9300      -242248.176  -242261.628       13.453   280.5
6.9400      -242248.174  -242261.335       13.160   274.4
6.9500      -242248.198  -242262.515       14.317   298.6
6.9600      -242248.194  -242261.333       13.140   274.0
6.9700      -242248.189  -242261.456       13.267   276.7
6.9800      -242248.173  -242260.815       12.642   263.6
6.9900      -242248.175  -242261.338       13.163   274.5
7.0000      -242248.174  -242261.337       13.162   274.5
7.0100      -242248.170  -242261.903       13.733   286.4
7.0200      -242248.168  -242261.387       13.219   275.7
7.0300      -242248.167  -242261.176       13.009   271.3
7.0400      -242248.166  -242260.322       12.156   253.5
7.0500      -242248.178  -242261.392       13.214   275.5
7.0600      -242248.187  -242261.092       12.906   269.1
7.0700      -242248.174  -242261.029       12.855   268.1
7.0800      -242248.175  -242261.861       13.686   285.4
7.0900      -242248.168  -242260.455       12.287   256.2
7.1000      -242248.163  -242261.297       13.133   273.9
7.1100      -242248.175  -242261.055       12.880   268.6
7.1200      -242248.180  -242261.389       13.209   275.4
7.1300      -242248.181  -242261.635       13.454   280.6
7.1400      -242248.176  -242261.227       13.051   272.2
7.1500      -242248.170  -242261.212       13.041   271.9
7.1600      -242248.172  -242261.236       13.063   272.4
7.1700      -242248.181  -242261.774       13.593   283.5
7.1800      -242248.174  -242261.372       13.198   275.2
7.1900      -242248.173  -242261.801       13.628   284.2
7.2000      -242248.154  -242260.957       12.803   267.0
7.2100      -242248.155  -242261.587       13.432   280.1
7.2200      -242248.169  -242260.598       12.428   259.2
7.2300      -242248.196  -242261.849       13.654   284.7
7.2400      -242248.197  -242262.434       14.237   296.9
7.2500      -242248.171  -242261.645       13.474   281.0
7.2600      -242248.154  -242260.991       12.837   267.7
7.2700      -242248.172  -242261.639       13.467   280.8
7.2800      -242248.189  -242261.391       13.202   275.3
7.2900      -242248.193  -242261.406       13.213   275.5
7.3000      -242248.188  -242261.738       13.550   282.5
7.3100      -242248.174  -242261.847       13.672   285.1
7.3200      -242248.160  -242261.973       13.813   288.0
7.3300      -242248.160  -242261.481       13.321   277.8
7.3400      -242248.177  -242261.655       13.478   281.1
7.3500      -242248.192  -242261.352       13.160   274.4
7.3600      -242248.190  -242261.337       13.147   274.2
7.3700      -242248.171  -242260.907       12.736   265.6
7.3800      -242248.183  -242261.302       13.119   273.6
7.3900      -242248.180  -242260.888       12.707   265.0
7.4000      -242248.181  -242261.661       13.480   281.1
7.4100      -242248.181  -242260.742       12.560   261.9
7.4200      -242248.175  -242261.332       13.157   274.4
7.4300      -242248.161  -242261.269       13.108   273.3
7.4400      -242248.157  -242261.383       13.227   275.8
7.4500      -242248.169  -242260.745       12.575   262.2
7.4600      -242248.183  -242260.902       12.719   265.2
7.4700      -242248.182  -242260.850       12.668   264.2
7.4800      -242248.175  -242261.326       13.151   274.2
7.4900      -242248.162  -242260.329       12.167   253.7
7.5000      -242248.184  -242262.353       14.169   295.5
7.5100      -242248.194  -242261.949       13.755   286.8
7.5200      -242248.204  -242262.277       14.073   293.5
7.5300      -242248.189  -242261.847       13.658   284.8
7.5400      -242248.173  -242261.005       12.832   267.6
7.5500      -242248.174  -242261.659       13.485   281.2
7.5600      -242248.171  -242261.454       13.282   277.0
7.5700      -242248.178  -242261.674       13.496   281.4
7.5800      -242248.176  -242261.118       12.942   269.9
7.5900      -242248.169  -242261.073       12.904   269.1
7.6000      -242248.167  -242261.428       13.262   276.5
7.6100      -242248.179  -242262.057       13.878   289.4
7.6200      -242248.192  -242261.917       13.725   286.2
7.6300      -242248.205  -242261.512       13.308   277.5
7.6400      -242248.200  -242261.886       13.686   285.4
7.6500      -242248.171  -242260.987       12.816   267.2
7.6600      -242248.160  -242260.629       12.469   260.0
7.6700      -242248.174  -242261.847       13.673   285.1
7.6800      -242248.177  -242261.715       13.538   282.3
7.6900      -242248.181  -242261.428       13.248   276.2
7.7000      -242248.180  -242261.037       12.857   268.1
7.7100      -242248.182  -242261.634       13.451   280.5
7.7200      -242248.169  -242260.733       12.564   262.0
7.7300      -242248.172  -242260.891       12.719   265.2
7.7400      -242248.177  -242261.402       13.225   275.8
7.7500      -242248.193  -242261.645       13.452   280.5
7.7600      -242248.204  -242261.770       13.566   282.9
7.7700      -242248.197  -242262.090       13.893   289.7
7.7800      -242248.183  -242260.969       12.787   266.6
7.7900      -242248.171  -242261.081       12.910   269.2
7.8000      -242248.185  -242261.891       13.706   285.8
7.8100      -242248.191  -242262.102       13.912   290.1
7.8200      -242248.193  -242262.241       14.048   292.9
7.8300      -242248.189  -242261.690       13.502   281.5
7.8400      -242248.195  -242261.714       13.519   281.9
7.8500      -242248.186  -242260.954       12.768   266.3
7.8600      -242248.178  -242261.590       13.412   279.7
7.8700      -242248.171  -242261.050       12.879   268.6
7.8800      -242248.175  -242261.560       13.385   279.1
7.8900      -242248.183  -242261.357       13.174   274.7
7.9000      -242248.199  -242262.181       13.981   291.6
7.9100      -242248.199  -242262.065       13.866   289.1
7.9200      -242248.169  -242260.710       12.541   261.5
7.9300      -242248.177  -242261.938       13.761   287.0
7.9400      -242248.182  -242261.804       13.621   284.0
7.9500      -242248.171  -242261.588       13.417   279.8
7.9600      -242248.175  -242261.228       13.054   272.2
7.9700      -242248.173  -242260.232       12.059   251.5
7.9800      -242248.182  -242261.131       12.949   270.0
7.9900      -242248.180  -242260.620       12.439   259.4
8.0000      -242248.181  -242260.929       12.748   265.8
8.0100      -242248.188  -242261.794       13.606   283.7
8.0200      -242248.185  -242260.725       12.540   261.5
8.0300      -242248.193  -242260.904       12.711   265.1
8.0400      -242248.177  -242260.921       12.744   265.8
8.0500      -242248.158  -242260.502       12.344   257.4
8.0600      -242248.177  -242261.702       13.524   282.0
8.0700      -242248.182  -242261.649       13.467   280.8
8.0800      -242248.188  -242261.361       13.173   274.7
8.0900      -242248.194  -242261.997       13.803   287.8
8.1000      -242248.176  -242260.468       12.293   256.3
8.1100      -242248.174  -242261.304       13.131   273.8
8.1200      -242248.181  -242261.717       13.536   282.3
8.1300      -242248.188  -242261.317       13.129   273.8
8.1400      -242248.199  -242261.693       13.494   281.4
8.1500      -242248.188  -242261.434       13.247   276.2
8.1600      -242248.175  -242261.019       12.844   267.8
8.1700      -242248.174  -242261.229       13.054   272.2
8.1800      -242248.180  -242260.664       12.484   260.3
8.1900      -242248.205  -242261.709       13.505   281.6
8.2000      -242248.202  -242262.007       13.805   287.9
8.2100      -242248.179  -242260.995       12.816   267.3
8.2200      -242248.162  -242260.921       12.759   266.1
8.2300      -242248.166  -242261.233       13.067   272.5
8.2400      -242248.180  -242261.058       12.879   268.6
8.2500      -242248.192  -242261.320       13.128   273.8
8.2600      -242248.204  -242261.325       13.121   273.6
8.2700      -242248.209  -242261.376       13.168   274.6
8.2800      -242248.191  -242260.822       12.631   263.4
8.2900      -242248.169  -242261.330       13.161   274.4
8.3000      -242248.167  -242261.196       13.029   271.7
8.3100      -242248.181  -242261.607       13.427   280.0
8.3200      -242248.190  -242261.437       13.248   276.3
8.3300      -242248.193  -242261.201       13.008   271.2
8.3400      -242248.186  -242261.004       12.818   267.3
8.3500      -242248.170  -242260.941       12.771   266.3
8.3600      -242248.168  -242261.227       13.059   272.3
8.3700      -242248.169  -242261.593       13.424   279.9
8.3800      -242248.172  -242261.480       13.308   277.5
8.3900      -242248.185  -242261.822       13.637   284.4
8.4000      -242248.183  -242261.157       12.974   270.5
8.4100      -242248.169  -242260.934       12.765   266.2
8.4200      -242248.181  -242261.389       13.208   275.4
8.4300      -242248.195  -242261.322       13.126   273.7
8.4400      -242248.196  -242261.467       13.271   276.7
8.4500      -242248.192  -242261.347       13.156   274.3
8.4600      -242248.200  -242261.781       13.581   283.2
8.4700      -242248.190  -242261.494       13.304   277.4
8.4800      -242248.173  -242261.031       12.858   268.1
8.4900      -242248.181  -242260.448       12.267   255.8
8.5000      -242248.210  -242262.521       14.310   298.4
8.5100      -242248.206  -242261.432       13.226   275.8
8.5200      -242248.187  -242261.264       13.077   272.7
8.5300      -242248.165  -242260.835       12.670   264.2
8.5400      -242248.164  -242260.955       12.791   266.7
8.5500      -242248.198  -242261.788       13.590   283.4
8.5600      -242248.194  -242261.493       13.299   277.3
8.5700      -242248.192  -242261.730       13.538   282.3
8.5800      -242248.183  -242261.437       13.255   276.4
8.5900      -242248.179  -242261.482       13.302   277.4
8.6000      -242248.183  -242262.137       13.953   291.0
8.6100      -242248.179  -242261.498       13.319   277.7
8.6200      -242248.192  -242262.099       13.908   290.0
8.6300      -242248.182  -242261.047       12.864   268.3
8.6400      -242248.177  -242261.278       13.101   273.2
8.6500      -242248.171  -242260.995       12.824   267.4
8.6600      -242248.183  -242260.818       12.634   263.5
8.6700      -242248.205  -242261.768       13.564   282.8
8.6800      -242248.207  -242262.232       14.025   292.5
8.6900      -242248.200  -242261.918       13.718   286.1
8.7000      -242248.189  -242261.105       12.916   269.3
8.7100      -242248.189  -242261.367       13.178   274.8
8.7200      -242248.170  -242260.379       12.209   254.6
8.7300      -242248.176  -242261.610       13.434   280.1
8.7400      -242248.183  -242261.466       13.283   277.0
8.7500      -242248.184  -242260.800       12.616   263.1
8.7600      -242248.183  -242261.680       13.496   281.4
8.7700      -242248.188  -242261.215       13.027   271.7
8.7800      -242248.190  -242261.931       13.742   286.5
8.7900      -242248.204  -242262.119       13.915   290.2
8.8000      -242248.186  -242261.310       13.124   273.7
8.8100      -242248.178  -242262.113       13.936   290.6
8.8200      -242248.169  -242261.321       13.152   274.2
8.8300      -242248.168  -242261.472       13.304   277.4
8.8400      -242248.174  -242261.176       13.002   271.1
8.8500      -242248.195  -242261.901       13.706   285.8
8.8600      -242248.201  -242261.632       13.431   280.1
8.8700      -242248.194  -242261.441       13.247   276.2
8.8800      -242248.192  -242261.463       13.271   276.7
8.8900      -242248.199  -242261.203       13.004   271.2
8.9000      -242248.198  -242261.416       13.219   275.6
8.9100      -242248.196  -242261.306       13.110   273.4
8.9200      -242248.182  -242261.273       13.091   273.0
8.9300      -242248.176  -242260.899       12.723   265.3
8.9400      -242248.188  -242261.445       13.257   276.4
8.9500      -242248.194  -242261.350       13.156   274.3
8.9600      -242248.187  -242261.873       13.686   285.4
8.9700      -242248.180  -242261.638       13.459   280.6
8.9800      -242248.184  -242261.828       13.645   284.5
8.9900      -242248.183  -242261.293       13.110   273.4
9.0000      -242248.183  -242261.057       12.873   268.4
9.0100      -242248.190  -242261.220       13.029   271.7
9.0200      -242248.202  -242262.577       14.375   299.8
9.0300      -242248.188  -242262.178       13.990   291.7
9.0400      -242248.174  -242261.355       13.181   274.9
9.0500      -242248.188  -242261.652       13.464   280.8
9.0600      -242248.192  -242261.475       13.282   277.0
9.0700      -242248.199  -242261.462       13.263   276.6
9.0800      -242248.195  -242262.321       14.126   294.6
9.0900      -242248.188  -242261.095       12.907   269.1
9.1000      -242248.194  -242261.732       13.538   282.3
9.1100      -242248.187  -242261.439       13.251   276.3
9.1200      -242248.187  -242261.920       13.734   286.4
9.1300      -242248.177  -242261.261       13.083   272.8
9.1400      -242248.188  -242260.918       12.730   265.5
9.1500      -242248.200  -242261.308       13.108   273.3
9.1600      -242248.198  -242261.491       13.293   277.2
9.1700      -242248.184  -242261.202       13.018   271.5
9.1800      -242248.173  -242261.643       13.470   280.9
9.1900      -242248.169  -242261.257       13.089   272.9
9.2000      -242248.188  -242261.856       13.668   285.0
9.2100      -242248.185  -242260.818       12.632   263.4
9.2200      -242248.190  -242261.614       13.425   279.9
9.2300      -242248.196  -242261.381       13.184   274.9
9.2400      -242248.194  -242261.846       13.652   284.7
9.2500      -242248.191  -242261.229       13.038   271.9
9.2600      -242248.206  -242261.891       13.685   285.4
9.2700      -242248.197  -242260.739       12.542   261.5
9.2800      -242248.196  -242260.963       12.767   266.2
9.2900      -242248.196  -242261.144       12.948   270.0
9.3000      -242248.181  -242261.146       12.965   270.4
9.3100      -242248.163  -242261.493       13.330   278.0
9.3200      -242248.159  -242261.616       13.457   280.6
9.3300      -242248.158  -242260.702       12.544   261.6
9.3400      -242248.187  -242261.761       13.574   283.1
9.3500      -242248.198  -242262.093       13.896   289.8
9.3600      -242248.200  -242262.453       14.253   297.2
9.3700      -242248.183  -242260.732       12.549   261.7
9.3800      -242248.190  -242261.452       13.261   276.5
9.3900      -242248.191  -242260.705       12.513   260.9
9.4000      -242248.193  -242261.630       13.437   280.2
9.4100      -242248.200  -242261.837       13.637   284.4
9.4200      -242248.196  -242261.492       13.296   277.3
9.4300      -242248.189  -242261.949       13.760   286.9
9.4400      -242248.171  -242261.505       13.334   278.0
9.4500      -242248.161  -242261.363       13.202   275.3
9.4600      -242248.170  -242261.537       13.367   278.7
9.4700      -242248.181  -242261.177       12.996   271.0
9.4800      -242248.184  -242261.730       13.547   282.5
9.4900      -242248.177  -242261.592       13.415   279.7
9.5000      -242248.191  -242261.902       13.711   285.9
9.5100      -242248.203  -242261.947       13.743   286.6
9.5200      -242248.199  -242261.651       13.453   280.5
9.5300      -242248.183  -242261.611       13.428   280.0
9.5400      -242248.178  -242262.026       13.848   288.8
9.5500      -242248.180  -242261.561       13.381   279.0
9.5600      -242248.191  -242261.750       13.559   282.7
9.5700      -242248.185  -242260.951       12.766   266.2
9.5800      -242248.179  -242261.162       12.983   270.7
9.5900      -242248.184  -242261.690       13.506   281.6
9.6000      -242248.180  -242261.012       12.832   267.6
9.6100      -242248.185  -242261.431       13.246   276.2
9.6200      -242248.176  -242261.244       13.068   272.5
9.6300      -242248.159  -242260.571       12.413   258.8
9.6400      -242248.172  -242261.211       13.039   271.9
9.6500      -242248.191  -242260.679       12.488   260.4
9.6600      -242248.209  -242261.625       13.416   279.8
9.6700      -242248.195  -242261.419       13.224   275.8
9.6800      -242248.180  -242261.603       13.422   279.9
9.6900      -242248.174  -242260.889       12.716   265.2
9.7000      -242248.169  -242260.863       12.694   264.7
9.7100      -242248.182  -242261.602       13.419   279.8
9.7200      -242248.198  -242261.746       13.548   282.5
9.7300      -242248.213  -242261.900       13.687   285.4
9.7400      -242248.201  -242261.853       13.653   284.7
9.7500      -242248.178  -242261.057       12.879   268.6
9.7600      -242248.156  -242260.515       12.360   257.7
9.7700      -242248.163  -242260.703       12.540   261.5
9.7800      -242248.177  -242261.446       13.269   276.7
9.7900      -242248.195  -242261.633       13.438   280.2
9.8000      -242248.193  -242261.158       12.965   270.4
9.8100      -242248.173  -242261.114       12.941   269.8
9.8200      -242248.160  -242261.518       13.359   278.6
9.8300      -242248.163  -242261.187       13.023   271.6
9.8400      -242248.188  -242262.094       13.906   290.0
9.8500      -242248.209  -242262.132       13.923   290.3
9.8600      -242248.218  -242262.029       13.811   288.0
9.8700      -242248.212  -242261.344       13.131   273.8
9.8800      -242248.194  -242261.731       13.538   282.3
9.8900      -242248.170  -242261.609       13.439   280.2
9.9000      -242248.170  -242261.668       13.497   281.5
9.9100      -242248.198  -242262.643       14.444   301.2
9.9200      -242248.218  -242262.147       13.929   290.5
9.9300      -242248.202  -242261.293       13.090   273.0
9.9400      -242248.178  -242261.336       13.158   274.4
9.9500      -242248.178  -242262.270       14.093   293.9
9.9600      -242248.185  -242261.743       13.558   282.7
9.9700      -242248.190  -242261.733       13.543   282.4
9.9800      -242248.201  -242262.511       14.309   298.4
9.9900      -242248.199  -242262.132       13.933   290.5
10.0000     -242248.199  -242261.711       13.513   281.8
