Time[ps]      Etot[eV]     Epot[eV]     Ekin[eV]    T[K]
0.0000      -281841.123  -281841.123        0.000     0.0
0.0100      -281841.332  -281854.381       13.048   240.9
0.0200      -281841.654  -281858.266       16.612   306.7
0.0300      -281841.336  -281856.504       15.168   280.1
0.0400      -281841.353  -281856.538       15.185   280.4
0.0500      -281841.324  -281856.975       15.651   289.0
0.0600      -281841.177  -281857.200       16.023   295.9
0.0700      -281841.324  -281859.452       18.128   334.7
0.0800      -281841.315  -281857.832       16.517   305.0
0.0900      -281841.316  -281859.362       18.046   333.2
0.1000      -281841.331  -281859.255       17.924   330.9
0.1100      -281841.316  -281858.571       17.255   318.6
0.1200      -281841.314  -281859.591       18.277   337.5
0.1300      -281841.324  -281860.539       19.215   354.8
0.1400      -281841.310  -281858.327       17.017   314.2
0.1500      -281841.317  -281858.410       17.093   315.6
0.1600      -281841.314  -281859.382       18.068   333.6
0.1700      -281841.319  -281857.160       15.840   292.5
0.1800      -281841.350  -281858.220       16.869   311.5
0.1900      -281841.322  -281858.929       17.607   325.1
0.2000      -281841.308  -281858.400       17.092   315.6
0.2100      -281841.318  -281858.078       16.760   309.4
0.2200      -281841.310  -281858.339       17.029   314.4
0.2300      -281841.299  -281858.516       17.217   317.9
0.2400      -281841.314  -281859.182       17.868   329.9
0.2500      -281841.330  -281860.176       18.846   348.0
0.2600      -281841.297  -281859.800       18.503   341.6
0.2700      -281841.355  -281860.717       19.362   357.5
0.2800      -281841.316  -281860.526       19.210   354.7
0.2900      -281841.299  -281859.123       17.824   329.1
0.3000      -281841.297  -281859.547       18.249   337.0
0.3100      -281841.312  -281861.390       20.078   370.7
0.3200      -281841.380  -281860.807       19.427   358.7
0.3300      -281841.324  -281859.889       18.565   342.8
0.3400      -281841.323  -281860.572       19.249   355.4
0.3500      -281841.305  -281859.046       17.741   327.6
0.3600      -281841.307  -281859.661       18.354   338.9
0.3700      -281841.418  -281861.124       19.706   363.8
0.3800      -281841.384  -281861.522       20.138   371.8
0.3900      -281841.317  -281860.538       19.220   354.9
0.4000      -281841.311  -281860.864       19.553   361.0
0.4100      -281841.321  -281860.466       19.145   353.5
0.4200      -281841.349  -281860.372       19.024   351.2
0.4300      -281841.313  -281861.173       19.860   366.7
0.4400      -281841.350  -281860.704       19.354   357.3
0.4500      -281841.311  -281860.339       19.028   351.3
0.4600      -281841.307  -281858.916       17.610   325.1
0.4700      -281841.323  -281861.093       19.770   365.0
0.4800      -281841.327  -281861.086       19.760   364.8
0.4900      -281841.372  -281861.092       19.720   364.1
0.5000      -281841.271  -281860.787       19.516   360.3
0.5100      -281841.344  -281861.577       20.233   373.6
0.5200      -281841.299  -281860.509       19.210   354.7
0.5300      -281841.306  -281860.517       19.211   354.7
0.5400      -281841.322  -281862.647       21.325   393.7
0.5500      -281841.385  -281861.907       20.521   378.9
0.5600      -281841.362  -281862.388       21.026   388.2
0.5700      -281841.328  -281861.794       20.467   377.9
0.5800      -281841.299  -281862.065       20.765   383.4
0.5900      -281841.307  -281861.140       19.833   366.2
0.6000      -281841.304  -281860.577       19.273   355.9
0.6100      -281841.336  -281862.814       21.478   396.6
0.6200      -281841.380  -281862.997       21.617   399.1
0.6300      -281841.281  -281862.231       20.949   386.8
0.6400      -281841.358  -281861.448       20.090   370.9
0.6500      -281841.335  -281862.622       21.287   393.0
0.6600      -281841.329  -281862.112       20.782   383.7
0.6700      -281841.335  -281862.121       20.786   383.8
0.6800      -281841.355  -281861.947       20.592   380.2
0.6900      -281841.343  -281863.423       22.080   407.7
0.7000      -281841.324  -281862.940       21.616   399.1
0.7100      -281841.331  -281861.375       20.044   370.1
0.7200      -281841.342  -281861.364       20.022   369.7
0.7300      -281841.315  -281860.634       19.320   356.7
0.7400      -281841.309  -281859.935       18.626   343.9
0.7500      -281841.316  -281860.508       19.192   354.4
0.7600      -281841.340  -281861.744       20.404   376.7
0.7700      -281841.345  -281861.994       20.648   381.2
0.7800      -281841.302  -281861.873       20.571   379.8
0.7900      -281841.375  -281862.814       21.439   395.9
0.8000      -281841.349  -281862.887       21.538   397.7
0.8100      -281841.349  -281862.946       21.597   398.8
0.8200      -281841.351  -281862.853       21.501   397.0
0.8300      -281841.350  -281861.838       20.488   378.3
0.8400      -281841.347  -281861.712       20.365   376.0
0.8500      -281841.306  -281860.810       19.504   360.1
0.8600      -281841.316  -281862.299       20.983   387.4
0.8700      -281841.325  -281861.657       20.332   375.4
0.8800      -281841.332  -281861.118       19.787   365.3
0.8900      -281841.328  -281862.114       20.786   383.8
0.9000      -281841.317  -281862.145       20.828   384.6
0.9100      -281841.314  -281862.716       21.402   395.2
0.9200      -281841.305  -281862.229       20.925   386.4
0.9300      -281841.323  -281862.536       21.213   391.7
0.9400      -281841.332  -281863.476       22.145   408.9
0.9500      -281841.351  -281862.057       20.706   382.3
0.9600      -281841.368  -281862.237       20.868   385.3
0.9700      -281841.350  -281862.366       21.016   388.0
0.9800      -281841.338  -281860.804       19.466   359.4
0.9900      -281841.334  -281861.249       19.915   367.7
1.0000      -281841.334  -281860.952       19.618   362.2
1.0100      -281841.350  -281862.535       21.185   391.2
1.0200      -281841.344  -281861.172       19.827   366.1
1.0300      -281841.355  -281861.788       20.433   377.3
1.0400      -281841.335  -281861.336       20.001   369.3
1.0500      -281841.316  -281861.572       20.256   374.0
1.0600      -281841.320  -281861.248       19.928   367.9
1.0700      -281841.342  -281862.487       21.145   390.4
1.0800      -281841.338  -281861.417       20.079   370.7
1.0900      -281841.330  -281861.389       20.060   370.4
1.1000      -281841.325  -281860.585       19.259   355.6
1.1100      -281841.325  -281861.302       19.977   368.8
1.1200      -281841.333  -281860.662       19.329   356.9
1.1300      -281841.345  -281861.313       19.969   368.7
1.1400      -281841.340  -281862.136       20.797   384.0
1.1500      -281841.322  -281861.657       20.335   375.5
1.1600      -281841.317  -281860.857       19.540   360.8
1.1700      -281841.360  -281861.939       20.579   380.0
1.1800      -281841.350  -281861.380       20.030   369.8
1.1900      -281841.312  -281861.020       19.708   363.9
1.2000      -281841.295  -281861.069       19.774   365.1
1.2100      -281841.292  -281860.979       19.688   363.5
1.2200      -281841.297  -281860.997       19.700   363.7
1.2300      -281841.304  -281860.999       19.694   363.6
1.2400      -281841.309  -281861.178       19.869   366.9
1.2500      -281841.343  -281861.186       19.843   366.4
1.2600      -281841.331  -281861.494       20.164   372.3
1.2700      -281841.321  -281860.760       19.439   358.9
1.2800      -281841.330  -281861.525       20.195   372.9
1.2900      -281841.306  -281861.382       20.076   370.7
1.3000      -281841.316  -281862.437       21.121   390.0
1.3100      -281841.320  -281862.213       20.893   385.8
1.3200      -281841.329  -281862.153       20.823   384.5
1.3300      -281841.317  -281861.292       19.975   368.8
1.3400      -281841.330  -281862.250       20.920   386.3
1.3500      -281841.343  -281863.588       22.245   410.7
1.3600      -281841.335  -281862.242       20.907   386.0
1.3700      -281841.339  -281861.967       20.628   380.9
1.3800      -281841.319  -281861.676       20.357   375.9
1.3900      -281841.320  -281862.174       20.854   385.0
1.4000      -281841.332  -281862.818       21.485   396.7
1.4100      -281841.327  -281862.860       21.532   397.6
1.4200      -281841.327  -281862.267       20.940   386.6
1.4300      -281841.332  -281862.615       21.283   393.0
1.4400      -281841.314  -281861.016       19.703   363.8
1.4500      -281841.314  -281861.405       20.091   371.0
1.4600      -281841.346  -281862.679       21.333   393.9
1.4700      -281841.366  -281862.399       21.033   388.3
1.4800      -281841.365  -281863.381       22.016   406.5
1.4900      -281841.351  -281862.345       20.995   387.6
1.5000      -281841.346  -281862.417       21.071   389.1
1.5100      -281841.342  -281861.846       20.504   378.6
1.5200      -281841.340  -281862.021       20.681   381.8
1.5300      -281841.345  -281861.815       20.470   378.0
1.5400      -281841.348  -281862.532       21.184   391.1
1.5500      -281841.333  -281861.379       20.045   370.1
1.5600      -281841.318  -281861.349       20.031   369.8
1.5700      -281841.329  -281861.746       20.417   377.0
1.5800      -281841.345  -281862.547       21.203   391.5
1.5900      -281841.329  -281861.630       20.300   374.8
1.6000      -281841.335  -281862.521       21.186   391.2
1.6100      -281841.348  -281863.245       21.897   404.3
1.6200      -281841.336  -281862.319       20.983   387.4
1.6300      -281841.335  -281862.865       21.530   397.5
1.6400      -281841.345  -281861.947       20.602   380.4
1.6500      -281841.374  -281862.950       21.576   398.4
1.6600      -281841.351  -281862.082       20.731   382.8
1.6700      -281841.336  -281861.925       20.589   380.1
1.6800      -281841.343  -281862.969       21.626   399.3
1.6900      -281841.326  -281862.141       20.815   384.3
1.7000      -281841.330  -281862.302       20.972   387.2
1.7100      -281841.347  -281862.388       21.041   388.5
1.7200      -281841.352  -281862.178       20.826   384.5
1.7300      -281841.322  -281861.705       20.383   376.4
1.7400      -281841.330  -281861.626       20.295   374.7
1.7500      -281841.320  -281861.224       19.905   367.5
1.7600      -281841.322  -281862.378       21.056   388.8
1.7700      -281841.325  -281861.584       20.259   374.0
1.7800      -281841.338  -281862.370       21.031   388.3
1.7900      -281841.353  -281862.865       21.511   397.2
1.8000      -281841.358  -281862.636       21.278   392.9
1.8100      -281841.367  -281862.883       21.516   397.3
1.8200      -281841.336  -281861.444       20.109   371.3
1.8300      -281841.325  -281861.415       20.089   370.9
1.8400      -281841.336  -281860.819       19.483   359.7
1.8500      -281841.333  -281861.203       19.870   366.9
1.8600      -281841.320  -281860.996       19.676   363.3
1.8700      -281841.342  -281861.305       19.963   368.6
1.8800      -281841.346  -281861.854       20.508   378.7
1.8900      -281841.341  -281863.072       21.731   401.2
1.9000      -281841.338  -281862.001       20.663   381.5
1.9100      -281841.353  -281861.419       20.066   370.5
1.9200      -281841.360  -281861.904       20.544   379.3
1.9300      -281841.344  -281862.907       21.563   398.1
1.9400      -281841.346  -281862.508       21.162   390.7
1.9500      -281841.332  -281862.210       20.878   385.5
1.9600      -281841.330  -281862.277       20.947   386.8
1.9700      -281841.337  -281861.997       20.659   381.4
1.9800      -281841.339  -281861.854       20.515   378.8
1.9900      -281841.337  -281861.380       20.044   370.1
2.0000      -281841.353  -281862.055       20.703   382.2
2.0100      -281841.361  -281861.835       20.474   378.0
2.0200      -281841.331  -281860.516       19.184   354.2
2.0300      -281841.328  -281862.817       21.489   396.8
2.0400      -281841.315  -281862.299       20.984   387.4
2.0500      -281841.327  -281862.761       21.434   395.8
2.0600      -281841.324  -281862.207       20.883   385.6
2.0700      -281841.346  -281863.805       22.458   414.7
2.0800      -281841.374  -281864.113       22.739   419.8
2.0900      -281841.364  -281864.313       22.949   423.7
2.1000      -281841.330  -281862.133       20.803   384.1
2.1100      -281841.327  -281862.523       21.195   391.3
2.1200      -281841.343  -281863.113       21.770   402.0
2.1300      -281841.346  -281862.656       21.310   393.5
2.1400      -281841.337  -281862.303       20.966   387.1
2.1500      -281841.330  -281862.243       20.913   386.1
2.1600      -281841.334  -281861.766       20.432   377.3
2.1700      -281841.348  -281862.524       21.176   391.0
2.1800      -281841.345  -281863.260       21.915   404.6
2.1900      -281841.328  -281862.079       20.750   383.1
2.2000      -281841.338  -281862.513       21.176   391.0
2.2100      -281841.345  -281861.808       20.464   377.8
2.2200      -281841.343  -281862.261       20.918   386.2
2.2300      -281841.345  -281863.032       21.687   400.4
2.2400      -281841.356  -281863.062       21.706   400.8
2.2500      -281841.343  -281863.219       21.876   403.9
2.2600      -281841.339  -281864.198       22.859   422.1
2.2700      -281841.346  -281862.882       21.536   397.6
2.2800      -281841.356  -281862.519       21.164   390.8
2.2900      -281841.349  -281862.594       21.246   392.3
2.3000      -281841.330  -281862.248       20.918   386.2
2.3100      -281841.344  -281862.732       21.388   394.9
2.3200      -281841.346  -281862.833       21.487   396.7
2.3300      -281841.337  -281862.235       20.899   385.9
2.3400      -281841.351  -281863.228       21.877   403.9
2.3500      -281841.353  -281863.292       21.939   405.1
2.3600      -281841.353  -281862.875       21.522   397.4
2.3700      -281841.348  -281862.768       21.421   395.5
2.3800      -281841.339  -281862.614       21.274   392.8
2.3900      -281841.351  -281861.986       20.635   381.0
2.4000      -281841.350  -281862.014       20.664   381.5
2.4100      -281841.350  -281862.515       21.165   390.8
2.4200      -281841.346  -281861.354       20.008   369.4
2.4300      -281841.364  -281862.320       20.956   386.9
2.4400      -281841.347  -281862.409       21.062   388.9
2.4500      -281841.346  -281862.889       21.543   397.8
2.4600      -281841.331  -281861.793       20.461   377.8
2.4700      -281841.321  -281861.582       20.261   374.1
2.4800      -281841.345  -281861.548       20.203   373.0
2.4900      -281841.370  -281862.572       21.203   391.5
2.5000      -281841.358  -281862.622       21.264   392.6
2.5100      -281841.347  -281863.673       22.326   412.2
2.5200      -281841.347  -281862.419       21.071   389.1
2.5300      -281841.343  -281862.513       21.170   390.9
2.5400      -281841.341  -281863.299       21.958   405.4
2.5500      -281841.349  -281863.292       21.943   405.1
2.5600      -281841.350  -281862.592       21.242   392.2
2.5700      -281841.326  -281860.922       19.597   361.8
2.5800      -281841.344  -281861.856       20.512   378.7
2.5900      -281841.347  -281861.987       20.640   381.1
2.6000      -281841.353  -281862.257       20.904   386.0
2.6100      -281841.364  -281861.771       20.407   376.8
2.6200      -281841.379  -281862.446       21.067   389.0
2.6300      -281841.370  -281863.073       21.703   400.7
2.6400      -281841.351  -281863.486       22.135   408.7
2.6500      -281841.330  -281862.759       21.428   395.6
2.6600      -281841.323  -281863.726       22.403   413.6
2.6700      -281841.321  -281862.508       21.187   391.2
2.6800      -281841.341  -281863.209       21.868   403.8
2.6900      -281841.357  -281863.325       21.967   405.6
2.7000      -281841.348  -281862.625       21.277   392.9
2.7100      -281841.363  -281862.408       21.045   388.6
2.7200      -281841.360  -281862.180       20.820   384.4
2.7300      -281841.340  -281860.973       19.633   362.5
2.7400      -281841.359  -281863.203       21.844   403.3
2.7500      -281841.359  -281861.525       20.167   372.4
2.7600      -281841.340  -281861.629       20.288   374.6
2.7700      -281841.339  -281861.850       20.510   378.7
2.7800      -281841.351  -281862.223       20.872   385.4
2.7900      -281841.344  -281862.478       21.134   390.2
2.8000      -281841.346  -281862.902       21.557   398.0
2.8100      -281841.349  -281861.913       20.564   379.7
2.8200      -281841.361  -281863.545       22.184   409.6
2.8300      -281841.349  -281861.889       20.540   379.2
2.8400      -281841.358  -281862.214       20.855   385.1
2.8500      -281841.343  -281862.008       20.665   381.5
2.8600      -281841.331  -281860.980       19.649   362.8
2.8700      -281841.348  -281862.121       20.773   383.6
2.8800      -281841.346  -281862.159       20.813   384.3
2.8900      -281841.327  -281862.201       20.874   385.4
2.9000      -281841.331  -281861.463       20.132   371.7
2.9100      -281841.346  -281862.537       21.191   391.3
2.9200      -281841.353  -281862.632       21.279   392.9
2.9300      -281841.363  -281863.042       21.679   400.3
2.9400      -281841.362  -281862.141       20.779   383.7
2.9500      -281841.354  -281862.669       21.315   393.6
2.9600      -281841.371  -281862.377       21.006   387.9
2.9700      -281841.363  -281861.868       20.505   378.6
2.9800      -281841.356  -281861.648       20.292   374.7
2.9900      -281841.367  -281862.862       21.494   396.9
3.0000      -281841.386  -281864.600       23.214   428.6
3.0100      -281841.353  -281862.262       20.909   386.1
3.0200      -281841.331  -281861.785       20.454   377.7
3.0300      -281841.358  -281862.348       20.991   387.6
3.0400      -281841.359  -281861.858       20.499   378.5
3.0500      -281841.364  -281862.679       21.316   393.6
3.0600      -281841.366  -281862.183       20.817   384.4
3.0700      -281841.368  -281862.478       21.110   389.8
3.0800      -281841.338  -281861.596       20.258   374.0
3.0900      -281841.347  -281863.063       21.717   401.0
3.1000      -281841.343  -281862.519       21.176   391.0
3.1100      -281841.350  -281862.066       20.717   382.5
3.1200      -281841.362  -281863.149       21.788   402.3
3.1300      -281841.359  -281862.131       20.772   383.5
3.1400      -281841.354  -281862.561       21.207   391.6
3.1500      -281841.350  -281862.120       20.769   383.5
3.1600      -281841.353  -281862.644       21.290   393.1
3.1700      -281841.335  -281862.250       20.915   386.2
3.1800      -281841.345  -281862.505       21.161   390.7
3.1900      -281841.357  -281862.139       20.783   383.7
3.2000      -281841.365  -281862.083       20.718   382.5
3.2100      -281841.369  -281862.697       21.328   393.8
3.2200      -281841.370  -281861.816       20.446   377.5
3.2300      -281841.358  -281862.547       21.189   391.2
3.2400      -281841.346  -281862.153       20.807   384.2
3.2500      -281841.367  -281863.845       22.478   415.0
3.2600      -281841.362  -281861.526       20.164   372.3
3.2700      -281841.365  -281863.239       21.874   403.9
3.2800      -281841.371  -281863.404       22.033   406.8
3.2900      -281841.349  -281861.756       20.407   376.8
3.3000      -281841.349  -281863.220       21.871   403.8
3.3100      -281841.354  -281862.914       21.560   398.1
3.3200      -281841.373  -281864.244       22.871   422.3
3.3300      -281841.360  -281862.780       21.420   395.5
3.3400      -281841.369  -281863.048       21.679   400.3
3.3500      -281841.373  -281863.736       22.364   412.9
3.3600      -281841.370  -281863.339       21.969   405.6
3.3700      -281841.360  -281861.841       20.481   378.1
3.3800      -281841.372  -281862.239       20.867   385.3
3.3900      -281841.355  -281862.745       21.389   394.9
3.4000      -281841.353  -281863.038       21.685   400.4
3.4100      -281841.351  -281862.047       20.695   382.1
3.4200      -281841.344  -281861.770       20.426   377.1
3.4300      -281841.341  -281862.531       21.190   391.3
3.4400      -281841.361  -281862.873       21.512   397.2
3.4500      -281841.367  -281864.201       22.834   421.6
3.4600      -281841.351  -281862.279       20.928   386.4
3.4700      -281841.350  -281862.769       21.418   395.5
3.4800      -281841.374  -281863.388       22.014   406.5
3.4900      -281841.351  -281863.188       21.837   403.2
3.5000      -281841.350  -281863.196       21.846   403.4
3.5100      -281841.346  -281862.484       21.138   390.3
3.5200      -281841.355  -281862.820       21.466   396.3
3.5300      -281841.352  -281863.489       22.137   408.7
3.5400      -281841.364  -281862.609       21.245   392.3
3.5500      -281841.376  -281862.699       21.323   393.7
3.5600      -281841.363  -281863.111       21.748   401.6
3.5700      -281841.333  -281862.655       21.321   393.7
3.5800      -281841.357  -281864.272       22.915   423.1
3.5900      -281841.371  -281863.197       21.826   403.0
3.6000      -281841.382  -281864.202       22.820   421.3
3.6100      -281841.368  -281863.507       22.139   408.8
3.6200      -281841.368  -281863.251       21.883   404.0
3.6300      -281841.364  -281862.245       20.881   385.5
3.6400      -281841.361  -281862.718       21.358   394.3
3.6500      -281841.363  -281862.448       21.084   389.3
3.6600      -281841.368  -281862.655       21.287   393.0
3.6700      -281841.369  -281863.223       21.854   403.5
3.6800      -281841.357  -281862.317       20.960   387.0
3.6900      -281841.362  -281862.889       21.527   397.5
3.7000      -281841.376  -281862.483       21.107   389.7
3.7100      -281841.404  -281863.477       22.073   407.6
3.7200      -281841.383  -281863.473       22.090   407.9
3.7300      -281841.353  -281862.958       21.606   398.9
3.7400      -281841.364  -281862.885       21.521   397.4
3.7500      -281841.367  -281862.544       21.178   391.0
3.7600      -281841.367  -281863.686       22.319   412.1
3.7700      -281841.363  -281862.360       20.996   387.7
3.7800      -281841.373  -281862.495       21.122   390.0
3.7900      -281841.374  -281862.896       21.523   397.4
3.8000      -281841.351  -281862.776       21.425   395.6
3.8100      -281841.352  -281862.255       20.903   385.9
3.8200      -281841.370  -281862.676       21.306   393.4
3.8300      -281841.375  -281863.201       21.827   403.0
3.8400      -281841.377  -281863.959       22.582   417.0
3.8500      -281841.360  -281862.702       21.342   394.1
3.8600      -281841.361  -281863.078       21.716   401.0
3.8700      -281841.362  -281863.944       22.582   416.9
3.8800      -281841.367  -281863.175       21.808   402.7
3.8900      -281841.378  -281864.074       22.696   419.0
3.9000      -281841.366  -281862.952       21.586   398.6
3.9100      -281841.376  -281862.928       21.552   397.9
3.9200      -281841.371  -281863.172       21.801   402.5
3.9300      -281841.351  -281862.626       21.275   392.8
3.9400      -281841.356  -281862.053       20.698   382.2
3.9500      -281841.374  -281862.862       21.489   396.8
3.9600      -281841.380  -281863.550       22.170   409.3
3.9700      -281841.362  -281862.217       20.855   385.1
3.9800      -281841.345  -281861.909       20.564   379.7
3.9900      -281841.337  -281862.107       20.771   383.5
4.0000      -281841.326  -281861.534       20.209   373.1
4.0100      -281841.338  -281862.840       21.503   397.0
4.0200      -281841.358  -281863.097       21.739   401.4
4.0300      -281841.366  -281862.567       21.201   391.4
4.0400      -281841.366  -281863.251       21.885   404.1
4.0500      -281841.364  -281863.463       22.099   408.0
4.0600      -281841.365  -281862.445       21.080   389.2
4.0700      -281841.374  -281862.477       21.103   389.6
4.0800      -281841.345  -281863.030       21.685   400.4
4.0900      -281841.337  -281862.561       21.224   391.9
4.1000      -281841.371  -281863.192       21.821   402.9
4.1100      -281841.359  -281861.578       20.219   373.3
4.1200      -281841.354  -281862.427       21.073   389.1
4.1300      -281841.368  -281862.177       20.809   384.2
4.1400      -281841.388  -281862.724       21.336   393.9
4.1500      -281841.377  -281862.208       20.830   384.6
4.1600      -281841.378  -281862.773       21.395   395.0
4.1700      -281841.382  -281862.570       21.188   391.2
4.1800      -281841.376  -281862.889       21.513   397.2
4.1900      -281841.382  -281863.356       21.974   405.7
4.2000      -281841.378  -281863.265       21.887   404.1
4.2100      -281841.384  -281863.824       22.440   414.3
4.2200      -281841.378  -281863.254       21.876   403.9
4.2300      -281841.374  -281862.619       21.245   392.3
4.2400      -281841.357  -281862.594       21.238   392.1
4.2500      -281841.350  -281862.112       20.762   383.3
4.2600      -281841.351  -281862.536       21.185   391.2
4.2700      -281841.349  -281862.371       21.022   388.1
4.2800      -281841.365  -281862.819       21.454   396.1
4.2900      -281841.396  -281863.292       21.896   404.3
4.3000      -281841.374  -281862.325       20.951   386.8
4.3100      -281841.382  -281863.098       21.715   400.9
4.3200      -281841.382  -281862.955       21.573   398.3
4.3300      -281841.378  -281863.115       21.737   401.4
4.3400      -281841.361  -281862.518       21.157   390.6
4.3500      -281841.367  -281863.112       21.744   401.5
4.3600      -281841.362  -281861.713       20.351   375.8
4.3700      -281841.356  -281862.896       21.541   397.7
4.3800      -281841.348  -281863.138       21.790   402.3
4.3900      -281841.346  -281862.875       21.530   397.5
4.4000      -281841.347  -281863.016       21.669   400.1
4.4100      -281841.362  -281863.014       21.652   399.8
4.4200      -281841.391  -281863.570       22.179   409.5
4.4300      -281841.388  -281863.041       21.653   399.8
4.4400      -281841.371  -281862.645       21.274   392.8
4.4500      -281841.356  -281863.394       22.037   406.9
4.4600      -281841.376  -281863.151       21.775   402.1
4.4700      -281841.372  -281862.791       21.418   395.5
4.4800      -281841.377  -281863.505       22.128   408.6
4.4900      -281841.361  -281862.890       21.529   397.5
4.5000      -281841.368  -281863.282       21.914   404.6
4.5100      -281841.383  -281863.468       22.085   407.8
4.5200      -281841.384  -281862.947       21.563   398.1
4.5300      -281841.364  -281862.100       20.736   382.9
4.5400      -281841.386  -281863.209       21.822   402.9
4.5500      -281841.396  -281863.319       21.923   404.8
4.5600      -281841.371  -281862.952       21.581   398.5
4.5700      -281841.373  -281862.858       21.485   396.7
4.5800      -281841.382  -281863.086       21.704   400.7
4.5900      -281841.385  -281863.056       21.671   400.1
4.6000      -281841.379  -281862.722       21.343   394.1
4.6100      -281841.402  -281862.931       21.530   397.5
4.6200      -281841.390  -281862.640       21.250   392.4
4.6300      -281841.382  -281862.299       20.917   386.2
4.6400      -281841.384  -281862.891       21.507   397.1
4.6500      -281841.384  -281862.434       21.049   388.6
4.6600      -281841.363  -281862.348       20.985   387.5
4.6700      -281841.368  -281862.372       21.004   387.8
4.6800      -281841.361  -281862.830       21.469   396.4
4.6900      -281841.357  -281862.195       20.838   384.7
4.7000      -281841.364  -281863.888       22.524   415.9
4.7100      -281841.356  -281862.587       21.232   392.0
4.7200      -281841.365  -281863.156       21.791   402.3
4.7300      -281841.372  -281862.552       21.180   391.1
4.7400      -281841.372  -281863.383       22.011   406.4
4.7500      -281841.352  -281862.537       21.185   391.2
4.7600      -281841.365  -281861.955       20.590   380.2
4.7700      -281841.379  -281861.978       20.599   380.3
4.7800      -281841.370  -281861.792       20.422   377.1
4.7900      -281841.380  -281862.184       20.804   384.1
4.8000      -281841.379  -281862.655       21.275   392.8
4.8100      -281841.344  -281861.992       20.648   381.2
4.8200      -281841.328  -281861.863       20.535   379.2
4.8300      -281841.364  -281861.822       20.458   377.7
4.8400      -281841.406  -281862.662       21.256   392.5
4.8500      -281841.398  -281861.940       20.543   379.3
4.8600      -281841.392  -281862.121       20.729   382.7
4.8700      -281841.381  -281863.674       22.292   411.6
4.8800      -281841.349  -281862.788       21.438   395.8
4.8900      -281841.360  -281863.442       22.083   407.7
4.9000      -281841.383  -281862.059       20.676   381.8
4.9100      -281841.379  -281862.437       21.058   388.8
4.9200      -281841.378  -281863.043       21.664   400.0
4.9300      -281841.344  -281861.470       20.126   371.6
4.9400      -281841.337  -281862.419       21.081   389.2
4.9500      -281841.362  -281862.707       21.345   394.1
4.9600      -281841.392  -281861.516       20.124   371.6
4.9700      -281841.424  -281863.292       21.868   403.8
4.9800      -281841.394  -281862.700       21.306   393.4
4.9900      -281841.353  -281861.986       20.633   381.0
5.0000      -281841.346  -281861.557       20.211   373.2
5.0100      -281841.382  -281863.514       22.132   408.6
5.0200      -281841.398  -281863.425       22.026   406.7
5.0300      -281841.384  -281862.319       20.935   386.5
5.0400      -281841.381  -281862.435       21.054   388.7
5.0500      -281841.388  -281862.538       21.150   390.5
5.0600      -281841.371  -281863.071       21.701   400.7
5.0700      -281841.370  -281862.952       21.582   398.5
5.0800      -281841.367  -281862.743       21.376   394.7
5.0900      -281841.371  -281862.521       21.150   390.5
5.1000      -281841.388  -281862.823       21.435   395.8
5.1100      -281841.385  -281862.483       21.098   389.6
5.1200      -281841.388  -281863.703       22.315   412.0
5.1300      -281841.361  -281862.320       20.959   387.0
5.1400      -281841.358  -281861.994       20.636   381.0
5.1500      -281841.383  -281863.937       22.553   416.4
5.1600      -281841.388  -281863.154       21.766   401.9
5.1700      -281841.385  -281863.007       21.622   399.2
5.1800      -281841.356  -281862.573       21.217   391.8
5.1900      -281841.316  -281861.602       20.286   374.6
5.2000      -281841.356  -281862.747       21.391   395.0
5.2100      -281841.388  -281861.623       20.235   373.6
5.2200      -281841.393  -281862.965       21.572   398.3
5.2300      -281841.350  -281861.796       20.446   377.5
5.2400      -281841.373  -281862.451       21.078   389.2
5.2500      -281841.379  -281862.795       21.416   395.4
5.2600      -281841.370  -281863.216       21.847   403.4
5.2700      -281841.384  -281862.834       21.450   396.0
5.2800      -281841.393  -281863.542       22.149   409.0
5.2900      -281841.368  -281863.242       21.874   403.9
5.3000      -281841.369  -281863.102       21.732   401.3
5.3100      -281841.414  -281864.050       22.636   417.9
5.3200      -281841.413  -281864.028       22.615   417.6
5.3300      -281841.382  -281863.278       21.896   404.3
5.3400      -281841.373  -281863.879       22.506   415.6
5.3500      -281841.370  -281862.937       21.567   398.2
5.3600      -281841.364  -281862.654       21.290   393.1
5.3700      -281841.358  -281861.456       20.099   371.1
5.3800      -281841.359  -281862.766       21.408   395.3
5.3900      -281841.367  -281863.498       22.131   408.6
5.4000      -281841.378  -281862.568       21.190   391.2
5.4100      -281841.366  -281862.444       21.077   389.2
5.4200      -281841.382  -281863.012       21.630   399.4
5.4300      -281841.392  -281863.171       21.780   402.1
5.4400      -281841.372  -281863.429       22.057   407.3
5.4500      -281841.349  -281863.155       21.806   402.6
5.4600      -281841.346  -281862.808       21.461   396.3
5.4700      -281841.377  -281863.470       22.093   407.9
5.4800      -281841.392  -281863.765       22.373   413.1
5.4900      -281841.370  -281862.089       20.718   382.5
5.5000      -281841.370  -281862.284       20.914   386.2
5.5100      -281841.370  -281863.080       21.710   400.8
5.5200      -281841.366  -281863.201       21.835   403.2
5.5300      -281841.363  -281862.247       20.884   385.6
5.5400      -281841.391  -281863.308       21.916   404.7
5.5500      -281841.386  -281863.373       21.988   406.0
5.5600      -281841.373  -281863.179       21.806   402.6
5.5700      -281841.375  -281862.729       21.354   394.3
5.5800      -281841.389  -281863.614       22.225   410.4
5.5900      -281841.391  -281862.851       21.460   396.2
5.6000      -281841.389  -281862.978       21.589   398.6
5.6100      -281841.392  -281863.781       22.389   413.4
5.6200      -281841.358  -281862.605       21.247   392.3
5.6300      -281841.382  -281864.666       23.284   429.9
5.6400      -281841.390  -281863.224       21.834   403.1
5.6500      -281841.374  -281862.707       21.333   393.9
5.6600      -281841.361  -281861.963       20.602   380.4
5.6700      -281841.381  -281862.465       21.083   389.3
5.6800      -281841.375  -281862.415       21.040   388.5
5.6900      -281841.397  -281863.547       22.151   409.0
5.7000      -281841.407  -281862.682       21.275   392.8
5.7100      -281841.406  -281863.268       21.861   403.6
5.7200      -281841.395  -281862.928       21.533   397.6
5.7300      -281841.369  -281863.149       21.780   402.1
5.7400      -281841.351  -281862.615       21.264   392.6
5.7500      -281841.361  -281862.231       20.870   385.3
5.7600      -281841.400  -281862.670       21.270   392.7
5.7700      -281841.404  -281863.111       21.707   400.8
5.7800      -281841.387  -281862.802       21.414   395.4
5.7900      -281841.372  -281863.504       22.132   408.6
5.8000      -281841.369  -281861.968       20.599   380.3
5.8100      -281841.370  -281862.614       21.244   392.2
5.8200      -281841.380  -281862.825       21.444   395.9
5.8300      -281841.389  -281862.287       20.899   385.9
5.8400      -281841.388  -281863.890       22.502   415.5
5.8500      -281841.375  -281862.574       21.199   391.4
5.8600      -281841.391  -281863.146       21.755   401.7
5.8700      -281841.379  -281862.675       21.297   393.2
5.8800      -281841.385  -281863.897       22.512   415.7
5.8900      -281841.388  -281862.716       21.328   393.8
5.9000      -281841.388  -281863.019       21.632   399.4
5.9100      -281841.371  -281863.558       22.186   409.6
5.9200      -281841.391  -281863.678       22.287   411.5
5.9300      -281841.400  -281864.257       22.857   422.0
5.9400      -281841.380  -281862.839       21.459   396.2
5.9500      -281841.392  -281863.709       22.317   412.1
5.9600      -281841.396  -281862.938       21.542   397.7
5.9700      -281841.379  -281863.111       21.733   401.3
5.9800      -281841.382  -281863.337       21.955   405.4
5.9900      -281841.384  -281861.884       20.500   378.5
6.0000      -281841.387  -281862.861       21.473   396.5
6.0100      -281841.381  -281863.661       22.280   411.4
6.0200      -281841.353  -281862.440       21.087   389.3
6.0300      -281841.330  -281862.314       20.984   387.4
6.0400      -281841.354  -281862.447       21.093   389.5
6.0500      -281841.405  -281863.034       21.629   399.4
6.0600      -281841.420  -281863.601       22.180   409.5
6.0700      -281841.398  -281862.064       20.665   381.6
6.0800      -281841.395  -281862.065       20.671   381.7
6.0900      -281841.375  -281862.601       21.226   391.9
6.1000      -281841.375  -281862.101       20.726   382.7
6.1100      -281841.392  -281863.412       22.020   406.6
6.1200      -281841.388  -281863.490       22.102   408.1
6.1300      -281841.371  -281862.610       21.239   392.2
6.1400      -281841.383  -281863.412       22.028   406.7
6.1500      -281841.383  -281862.459       21.076   389.1
6.1600      -281841.374  -281861.948       20.575   379.9
6.1700      -281841.357  -281862.021       20.664   381.5
6.1800      -281841.363  -281862.550       21.187   391.2
6.1900      -281841.370  -281863.043       21.672   400.2
6.2000      -281841.371  -281862.138       20.767   383.4
6.2100      -281841.400  -281863.790       22.390   413.4
6.2200      -281841.408  -281864.025       22.617   417.6
6.2300      -281841.394  -281863.553       22.158   409.1
6.2400      -281841.379  -281863.085       21.706   400.8
6.2500      -281841.366  -281862.709       21.344   394.1
6.2600      -281841.354  -281862.832       21.479   396.6
6.2700      -281841.354  -281862.896       21.542   397.7
6.2800      -281841.383  -281863.219       21.836   403.2
6.2900      -281841.391  -281863.050       21.659   399.9
6.3000      -281841.400  -281863.644       22.244   410.7
6.3100      -281841.393  -281863.598       22.205   410.0
6.3200      -281841.372  -281863.037       21.665   400.0
6.3300      -281841.350  -281862.627       21.277   392.9
6.3400      -281841.348  -281862.306       20.957   387.0
6.3500      -281841.369  -281861.826       20.457   377.7
6.3600      -281841.405  -281862.461       21.057   388.8
6.3700      -281841.435  -281863.848       22.414   413.8
6.3800      -281841.420  -281863.173       21.753   401.6
6.3900      -281841.400  -281863.710       22.310   411.9
6.4000      -281841.383  -281863.577       22.194   409.8
6.4100      -281841.381  -281863.562       22.180   409.5
6.4200      -281841.387  -281862.858       21.471   396.4
6.4300      -281841.388  -281863.412       22.024   406.6
6.4400      -281841.384  -281863.483       22.099   408.0
6.4500      -281841.353  -281862.439       21.086   389.3
6.4600      -281841.342  -281862.085       20.742   383.0
6.4700      -281841.376  -281863.225       21.849   403.4
6.4800      -281841.386  -281863.372       21.985   405.9
6.4900      -281841.387  -281862.381       20.994   387.6
6.5000      -281841.397  -281863.545       22.149   408.9
6.5100      -281841.381  -281862.990       21.609   399.0
6.5200      -281841.366  -281863.155       21.789   402.3
6.5300      -281841.382  -281862.673       21.290   393.1
6.5400      -281841.422  -281864.185       22.763   420.3
6.5500      -281841.401  -281863.714       22.313   412.0
6.5600      -281841.398  -281863.335       21.937   405.0
6.5700      -281841.395  -281863.329       21.934   405.0
6.5800      -281841.373  -281862.193       20.819   384.4
6.5900      -281841.344  -281862.177       20.834   384.7
6.6000      -281841.363  -281863.044       21.682   400.3
6.6100      -281841.361  -281862.571       21.211   391.6
6.6200      -281841.356  -281861.788       20.432   377.3
6.6300      -281841.392  -281863.575       22.183   409.6
6.6400      -281841.403  -281863.858       22.455   414.6
6.6500      -281841.400  -281863.535       22.136   408.7
6.6600      -281841.419  -281863.719       22.300   411.7
6.6700      -281841.430  -281864.396       22.966   424.0
6.6800      -281841.381  -281862.391       21.010   387.9
6.6900      -281841.344  -281862.503       21.159   390.7
6.7000      -281841.353  -281863.017       21.664   400.0
6.7100      -281841.368  -281863.242       21.874   403.9
6.7200      -281841.377  -281862.590       21.213   391.7
6.7300      -281841.393  -281862.854       21.461   396.2
6.7400      -281841.384  -281862.199       20.815   384.3
6.7500      -281841.370  -281862.061       20.691   382.0
6.7600      -281841.373  -281862.938       21.565   398.2
6.7700      -281841.407  -281863.565       22.159   409.1
6.7800      -281841.402  -281862.429       21.027   388.2
6.7900      -281841.420  -281863.389       21.969   405.6
6.8000      -281841.399  -281862.710       21.310   393.5
6.8100      -281841.371  -281862.825       21.454   396.1
6.8200      -281841.362  -281862.349       20.988   387.5
6.8300      -281841.365  -281862.310       20.944   386.7
6.8400      -281841.388  -281862.899       21.511   397.2
6.8500      -281841.375  -281861.891       20.516   378.8
6.8600      -281841.394  -281863.102       21.709   400.8
6.8700      -281841.385  -281862.954       21.569   398.2
6.8800      -281841.376  -281862.977       21.601   398.8
6.8900      -281841.384  -281863.010       21.625   399.3
6.9000      -281841.404  -281863.423       22.019   406.6
6.9100      -281841.388  -281863.694       22.305   411.8
6.9200      -281841.379  -281862.788       21.409   395.3
6.9300      -281841.375  -281862.683       21.307   393.4
6.9400      -281841.366  -281862.891       21.525   397.4
6.9500      -281841.378  -281862.938       21.561   398.1
6.9600      -281841.407  -281862.805       21.398   395.1
6.9700      -281841.407  -281863.350       21.942   405.1
6.9800      -281841.387  -281863.603       22.216   410.2
6.9900      -281841.348  -281861.269       19.920   367.8
7.0000      -281841.358  -281862.840       21.482   396.6
7.0100      -281841.376  -281862.422       21.046   388.6
7.0200      -281841.402  -281862.741       21.338   394.0
7.0300      -281841.413  -281862.818       21.405   395.2
7.0400      -281841.408  -281862.806       21.398   395.1
7.0500      -281841.382  -281862.306       20.924   386.3
7.0600      -281841.363  -281862.527       21.164   390.8
7.0700      -281841.384  -281863.345       21.960   405.5
7.0800      -281841.402  -281863.505       22.103   408.1
7.0900      -281841.396  -281863.041       21.644   399.6
7.1000      -281841.392  -281863.127       21.735   401.3
7.1100      -281841.403  -281862.874       21.470   396.4
7.1200      -281841.400  -281862.832       21.433   395.7
7.1300      -281841.369  -281862.790       21.422   395.5
7.1400      -281841.354  -281862.509       21.155   390.6
7.1500      -281841.348  -281862.565       21.217   391.7
7.1600      -281841.343  -281861.386       20.043   370.1
7.1700      -281841.394  -281864.020       22.626   417.8
7.1800      -281841.401  -281862.965       21.565   398.2
7.1900      -281841.401  -281863.781       22.380   413.2
7.2000      -281841.389  -281862.929       21.541   397.7
7.2100      -281841.387  -281863.852       22.465   414.8
7.2200      -281841.364  -281863.896       22.532   416.0
7.2300      -281841.364  -281862.584       21.219   391.8
7.2400      -281841.386  -281862.396       21.009   387.9
7.2500      -281841.389  -281863.558       22.169   409.3
7.2600      -281841.387  -281863.290       21.903   404.4
7.2700      -281841.373  -281863.437       22.064   407.4
7.2800      -281841.379  -281864.327       22.949   423.7
7.2900      -281841.381  -281863.563       22.183   409.6
7.3000      -281841.390  -281864.057       22.667   418.5
7.3100      -281841.372  -281862.446       21.074   389.1
7.3200      -281841.386  -281863.370       21.984   405.9
7.3300      -281841.402  -281862.784       21.382   394.8
7.3400      -281841.396  -281863.376       21.979   405.8
7.3500      -281841.383  -281863.102       21.718   401.0
7.3600      -281841.376  -281863.015       21.639   399.5
7.3700      -281841.392  -281864.023       22.632   417.9
7.3800      -281841.387  -281864.124       22.737   419.8
7.3900      -281841.379  -281862.886       21.508   397.1
7.4000      -281841.391  -281864.546       23.155   427.5
7.4100      -281841.370  -281862.480       21.110   389.8
7.4200      -281841.376  -281862.620       21.244   392.2
7.4300      -281841.395  -281863.064       21.669   400.1
7.4400      -281841.404  -281863.178       21.773   402.0
7.4500      -281841.415  -281863.916       22.501   415.5
7.4600      -281841.384  -281862.263       20.879   385.5
7.4700      -281841.375  -281862.555       21.180   391.1
7.4800      -281841.361  -281863.805       22.445   414.4
7.4900      -281841.364  -281862.280       20.915   386.2
7.5000      -281841.373  -281862.591       21.218   391.8
7.5100      -281841.411  -281863.742       22.330   412.3
7.5200      -281841.408  -281862.934       21.526   397.5
7.5300      -281841.395  -281863.435       22.040   406.9
7.5400      -281841.399  -281863.330       21.931   404.9
7.5500      -281841.401  -281863.607       22.205   410.0
7.5600      -281841.390  -281863.364       21.974   405.7
7.5700      -281841.400  -281862.607       21.207   391.6
7.5800      -281841.409  -281863.655       22.245   410.7
7.5900      -281841.395  -281863.892       22.496   415.4
7.6000      -281841.388  -281864.154       22.766   420.3
7.6100      -281841.371  -281863.169       21.798   402.5
7.6200      -281841.370  -281863.891       22.522   415.8
7.6300      -281841.390  -281863.628       22.238   410.6
7.6400      -281841.419  -281864.212       22.793   420.9
7.6500      -281841.414  -281863.812       22.398   413.6
7.6600      -281841.397  -281862.203       20.806   384.2
7.6700      -281841.389  -281863.397       22.008   406.4
7.6800      -281841.373  -281863.874       22.501   415.5
7.6900      -281841.360  -281863.141       21.781   402.2
7.7000      -281841.381  -281863.037       21.656   399.9
7.7100      -281841.409  -281863.951       22.543   416.2
7.7200      -281841.407  -281863.297       21.890   404.2
7.7300      -281841.402  -281863.556       22.154   409.0
7.7400      -281841.394  -281863.867       22.473   414.9
7.7500      -281841.390  -281863.671       22.281   411.4
7.7600      -281841.384  -281862.996       21.611   399.0
7.7700      -281841.401  -281863.425       22.024   406.7
7.7800      -281841.381  -281862.961       21.580   398.4
7.7900      -281841.367  -281862.444       21.077   389.2
7.8000      -281841.364  -281862.280       20.916   386.2
7.8100      -281841.381  -281863.359       21.978   405.8
7.8200      -281841.375  -281862.554       21.179   391.0
7.8300      -281841.395  -281863.113       21.718   401.0
7.8400      -281841.411  -281863.637       22.226   410.4
7.8500      -281841.406  -281864.016       22.610   417.5
7.8600      -281841.384  -281862.641       21.256   392.5
7.8700      -281841.378  -281863.392       22.014   406.5
7.8800      -281841.380  -281862.894       21.514   397.2
7.8900      -281841.384  -281862.975       21.591   398.6
7.9000      -281841.393  -281863.808       22.415   413.9
7.9100      -281841.379  -281863.885       22.505   415.5
7.9200      -281841.377  -281863.888       22.511   415.6
7.9300      -281841.392  -281863.091       21.699   400.6
7.9400      -281841.402  -281863.605       22.203   409.9
7.9500      -281841.391  -281863.141       21.751   401.6
7.9600      -281841.398  -281862.923       21.525   397.4
7.9700      -281841.389  -281863.075       21.686   400.4
7.9800      -281841.385  -281863.466       22.081   407.7
7.9900      -281841.378  -281861.613       20.235   373.6
8.0000      -281841.404  -281862.819       21.415   395.4
8.0100      -281841.400  -281862.500       21.100   389.6
8.0200      -281841.402  -281863.797       22.394   413.5
8.0300      -281841.389  -281863.418       22.029   406.7
8.0400      -281841.375  -281863.215       21.841   403.3
8.0500      -281841.380  -281862.885       21.504   397.0
8.0600      -281841.400  -281863.661       22.261   411.0
8.0700      -281841.390  -281863.520       22.130   408.6
8.0800      -281841.394  -281863.345       21.952   405.3
8.0900      -281841.401  -281863.025       21.624   399.3
8.1000      -281841.399  -281862.903       21.504   397.0
8.1100      -281841.404  -281864.040       22.636   417.9
8.1200      -281841.390  -281862.490       21.101   389.6
8.1300      -281841.367  -281862.883       21.516   397.3
8.1400      -281841.361  -281863.319       21.958   405.4
8.1500      -281841.391  -281863.475       22.084   407.8
8.1600      -281841.395  -281863.347       21.953   405.3
8.1700      -281841.390  -281862.658       21.268   392.7
8.1800      -281841.418  -281864.036       22.619   417.6
8.1900      -281841.426  -281863.745       22.319   412.1
8.2000      -281841.388  -281863.492       22.103   408.1
8.2100      -281841.370  -281863.390       22.020   406.6
8.2200      -281841.373  -281863.392       22.019   406.6
8.2300      -281841.377  -281863.025       21.649   399.7
8.2400      -281841.375  -281862.296       20.921   386.3
8.2500      -281841.372  -281862.317       20.945   386.7
8.2600      -281841.375  -281863.080       21.705   400.8
8.2700      -281841.379  -281863.482       22.102   408.1
8.2800      -281841.397  -281862.895       21.498   396.9
8.2900      -281841.414  -281864.129       22.715   419.4
8.3000      -281841.394  -281862.678       21.284   393.0
8.3100      -281841.395  -281863.180       21.785   402.2
8.3200      -281841.398  -281864.250       22.852   421.9
8.3300      -281841.361  -281863.072       21.710   400.9
8.3400      -281841.384  -281863.716       22.332   412.3
8.3500      -281841.395  -281862.331       20.936   386.6
8.3600      -281841.402  -281862.480       21.078   389.2
8.3700      -281841.400  -281863.346       21.946   405.2
8.3800      -281841.379  -281861.748       20.369   376.1
8.3900      -281841.380  -281862.762       21.382   394.8
8.4000      -281841.394  -281863.599       22.205   410.0
8.4100      -281841.400  -281863.415       22.016   406.5
8.4200      -281841.430  -281864.222       22.792   420.8
8.4300      -281841.406  -281862.808       21.402   395.2
8.4400      -281841.388  -281864.207       22.819   421.3
8.4500      -281841.358  -281862.937       21.579   398.4
8.4600      -281841.353  -281862.362       21.009   387.9
8.4700      -281841.379  -281862.340       20.961   387.0
8.4800      -281841.388  -281862.523       21.134   390.2
8.4900      -281841.395  -281863.406       22.011   406.4
8.5000      -281841.399  -281864.154       22.755   420.1
8.5100      -281841.400  -281863.670       22.270   411.2
8.5200      -281841.394  -281862.981       21.588   398.6
8.5300      -281841.397  -281863.081       21.684   400.4
8.5400      -281841.384  -281862.473       21.089   389.4
8.5500      -281841.369  -281862.264       20.895   385.8
8.5600      -281841.380  -281862.385       21.004   387.8
8.5700      -281841.411  -281863.622       22.210   410.1
8.5800      -281841.399  -281863.086       21.687   400.4
8.5900      -281841.412  -281863.509       22.097   408.0
8.6000      -281841.400  -281862.721       21.321   393.7
8.6100      -281841.381  -281863.147       21.766   401.9
8.6200      -281841.375  -281863.584       22.208   410.0
8.6300      -281841.396  -281863.321       21.925   404.8
8.6400      -281841.382  -281862.022       20.640   381.1
8.6500      -281841.386  -281862.297       20.911   386.1
8.6600      -281841.390  -281862.628       21.238   392.1
8.6700      -281841.385  -281862.324       20.939   386.6
8.6800      -281841.383  -281862.430       21.047   388.6
8.6900      -281841.380  -281862.347       20.966   387.1
8.7000      -281841.405  -281862.788       21.383   394.8
8.7100      -281841.394  -281862.243       20.849   384.9
8.7200      -281841.399  -281863.422       22.023   406.6
8.7300      -281841.387  -281862.451       21.064   388.9
8.7400      -281841.389  -281862.860       21.471   396.4
8.7500      -281841.392  -281862.762       21.370   394.6
8.7600      -281841.392  -281863.400       22.009   406.4
8.7700      -281841.367  -281862.316       20.949   386.8
8.7800      -281841.359  -281863.485       22.126   408.5
8.7900      -281841.388  -281863.898       22.509   415.6
8.8000      -281841.413  -281864.267       22.854   422.0
8.8100      -281841.414  -281863.565       22.152   409.0
8.8200      -281841.392  -281862.993       21.600   398.8
8.8300      -281841.374  -281862.972       21.598   398.8
8.8400      -281841.375  -281862.644       21.268   392.7
8.8500      -281841.400  -281862.494       21.094   389.5
8.8600      -281841.409  -281863.129       21.720   401.0
8.8700      -281841.403  -281863.066       21.663   400.0
8.8800      -281841.404  -281864.151       22.747   420.0
8.8900      -281841.375  -281862.236       20.861   385.2
8.9000      -281841.369  -281863.260       21.891   404.2
8.9100      -281841.362  -281862.909       21.548   397.9
8.9200      -281841.371  -281863.310       21.939   405.1
8.9300      -281841.384  -281863.025       21.641   399.6
8.9400      -281841.388  -281863.125       21.738   401.4
8.9500      -281841.410  -281863.338       21.928   404.9
8.9600      -281841.413  -281863.865       22.452   414.5
8.9700      -281841.398  -281861.859       20.462   377.8
8.9800      -281841.387  -281862.594       21.207   391.6
8.9900      -281841.390  -281863.800       22.410   413.8
9.0000      -281841.399  -281864.231       22.832   421.6
9.0100      -281841.403  -281863.882       22.479   415.1
9.0200      -281841.405  -281864.376       22.971   424.1
9.0300      -281841.376  -281862.117       20.741   383.0
9.0400      -281841.388  -281862.479       21.091   389.4
9.0500      -281841.390  -281863.450       22.059   407.3
9.0600      -281841.374  -281862.919       21.546   397.8
9.0700      -281841.389  -281863.632       22.243   410.7
9.0800      -281841.400  -281864.074       22.674   418.7
9.0900      -281841.395  -281863.818       22.423   414.0
9.1000      -281841.381  -281863.161       21.780   402.1
9.1100      -281841.403  -281863.038       21.635   399.5
9.1200      -281841.397  -281864.186       22.788   420.8
9.1300      -281841.377  -281863.697       22.320   412.1
9.1400      -281841.392  -281862.416       21.024   388.2
9.1500      -281841.404  -281862.945       21.541   397.7
9.1600      -281841.419  -281864.539       23.120   426.9
9.1700      -281841.403  -281863.715       22.312   412.0
9.1800      -281841.385  -281863.201       21.815   402.8
9.1900      -281841.358  -281863.228       21.870   403.8
9.2000      -281841.361  -281863.388       22.027   406.7
9.2100      -281841.394  -281862.077       20.683   381.9
9.2200      -281841.427  -281863.884       22.457   414.6
9.2300      -281841.448  -281863.956       22.508   415.6
9.2400      -281841.436  -281863.503       22.067   407.4
9.2500      -281841.395  -281862.428       21.033   388.4
9.2600      -281841.362  -281862.977       21.615   399.1
9.2700      -281841.358  -281861.871       20.514   378.8
9.2800      -281841.386  -281863.307       21.920   404.7
9.2900      -281841.385  -281862.754       21.370   394.6
9.3000      -281841.392  -281863.834       22.442   414.4
9.3100      -281841.407  -281863.401       21.994   406.1
9.3200      -281841.422  -281863.868       22.446   414.4
9.3300      -281841.421  -281863.230       21.809   402.7
9.3400      -281841.407  -281863.016       21.609   399.0
9.3500      -281841.385  -281862.250       20.865   385.2
9.3600      -281841.406  -281863.050       21.644   399.6
9.3700      -281841.416  -281863.422       22.005   406.3
9.3800      -281841.416  -281862.855       21.439   395.8
9.3900      -281841.412  -281863.056       21.644   399.6
9.4000      -281841.407  -281863.648       22.241   410.7
9.4100      -281841.404  -281863.154       21.749   401.6
9.4200      -281841.406  -281863.219       21.813   402.8
9.4300      -281841.393  -281862.154       20.761   383.3
9.4400      -281841.379  -281863.993       22.614   417.5
9.4500      -281841.362  -281861.993       20.631   380.9
9.4600      -281841.393  -281862.902       21.509   397.1
9.4700      -281841.423  -281862.809       21.385   394.9
9.4800      -281841.414  -281862.940       21.526   397.4
9.4900      -281841.417  -281863.764       22.348   412.6
9.5000      -281841.415  -281863.520       22.105   408.1
9.5100      -281841.415  -281863.489       22.074   407.6
9.5200      -281841.384  -281862.999       21.615   399.1
9.5300      -281841.371  -281862.537       21.166   390.8
9.5400      -281841.393  -281862.557       21.164   390.8
9.5500      -281841.382  -281862.207       20.826   384.5
9.5600      -281841.390  -281863.236       21.846   403.4
9.5700      -281841.407  -281863.282       21.875   403.9
9.5800      -281841.424  -281862.728       21.304   393.3
9.5900      -281841.428  -281862.637       21.210   391.6
9.6000      -281841.414  -281863.691       22.277   411.3
9.6100      -281841.397  -281862.620       21.223   391.9
9.6200      -281841.374  -281863.283       21.909   404.5
9.6300      -281841.355  -281862.109       20.754   383.2
9.6400      -281841.385  -281863.453       22.068   407.5
9.6500      -281841.399  -281862.451       21.052   388.7
9.6600      -281841.420  -281863.193       21.773   402.0
9.6700      -281841.419  -281864.227       22.808   421.1
9.6800      -281841.420  -281863.062       21.642   399.6
9.6900      -281841.394  -281862.396       21.002   387.8
9.7000      -281841.379  -281862.333       20.954   386.9
9.7100      -281841.379  -281863.542       22.163   409.2
9.7200      -281841.396  -281862.657       21.262   392.6
9.7300      -281841.407  -281862.941       21.534   397.6
9.7400      -281841.405  -281863.415       22.009   406.4
9.7500      -281841.422  -281863.239       21.817   402.8
9.7600      -281841.444  -281863.938       22.494   415.3
9.7700      -281841.405  -281862.854       21.449   396.0
9.7800      -281841.371  -281862.727       21.356   394.3
9.7900      -281841.395  -281862.734       21.339   394.0
9.8000      -281841.391  -281863.035       21.644   399.6
9.8100      -281841.378  -281862.816       21.438   395.8
9.8200      -281841.386  -281862.798       21.412   395.4
9.8300      -281841.402  -281862.862       21.460   396.2
9.8400      -281841.387  -281863.459       22.073   407.5
9.8500      -281841.392  -281863.018       21.626   399.3
9.8600      -281841.400  -281863.779       22.379   413.2
9.8700      -281841.417  -281863.834       22.417   413.9
9.8800      -281841.433  -281863.778       22.345   412.6
9.8900      -281841.406  -281863.479       22.074   407.6
9.9000      -281841.381  -281862.162       20.781   383.7
9.9100      -281841.388  -281863.128       21.740   401.4
9.9200      -281841.399  -281862.163       20.765   383.4
9.9300      -281841.432  -281863.916       22.484   415.1
9.9400      -281841.411  -281864.027       22.616   417.6
9.9500      -281841.389  -281862.807       21.418   395.5
9.9600      -281841.383  -281862.701       21.318   393.6
9.9700      -281841.386  -281863.416       22.030   406.8
9.9800      -281841.382  -281862.615       21.233   392.0
9.9900      -281841.388  -281864.053       22.665   418.5
10.0000     -281841.407  -281863.209       21.802   402.5
