Time[ps]      Etot[eV]     Epot[eV]     Ekin[eV]    T[K]
0.0000      -166684.183  -166684.183        0.000     0.0
0.0100      -166684.201  -166687.222        3.021    97.8
0.0200      -166684.210  -166688.265        4.056   131.3
0.0300      -166684.214  -166688.788        4.574   148.1
0.0400      -166684.213  -166688.863        4.650   150.5
0.0500      -166684.214  -166689.427        5.213   168.7
0.0600      -166684.216  -166689.639        5.423   175.5
0.0700      -166684.210  -166689.533        5.323   172.3
0.0800      -166684.205  -166689.182        4.977   161.1
0.0900      -166684.207  -166689.454        5.247   169.8
0.1000      -166684.209  -166689.851        5.642   182.6
0.1100      -166684.220  -166690.065        5.846   189.2
0.1200      -166684.224  -166689.897        5.673   183.6
0.1300      -166684.224  -166689.961        5.737   185.7
0.1400      -166684.204  -166689.312        5.109   165.4
0.1500      -166684.206  -166689.517        5.311   171.9
0.1600      -166684.203  -166689.802        5.599   181.2
0.1700      -166684.198  -166689.521        5.323   172.3
0.1800      -166684.209  -166689.403        5.194   168.1
0.1900      -166684.208  -166689.158        4.950   160.2
0.2000      -166684.221  -166689.383        5.162   167.1
0.2100      -166684.222  -166689.595        5.373   173.9
0.2200      -166684.225  -166689.818        5.593   181.0
0.2300      -166684.226  -166689.767        5.541   179.4
0.2400      -166684.227  -166690.601        6.373   206.3
0.2500      -166684.227  -166690.851        6.624   214.4
0.2600      -166684.224  -166690.441        6.217   201.2
0.2700      -166684.223  -166690.448        6.225   201.5
0.2800      -166684.221  -166690.724        6.503   210.5
0.2900      -166684.222  -166690.713        6.491   210.1
0.3000      -166684.218  -166690.671        6.453   208.9
0.3100      -166684.214  -166691.256        7.042   227.9
0.3200      -166684.223  -166690.865        6.642   215.0
0.3300      -166684.223  -166690.859        6.636   214.8
0.3400      -166684.212  -166690.889        6.677   216.1
0.3500      -166684.212  -166690.817        6.604   213.8
0.3600      -166684.212  -166690.645        6.433   208.2
0.3700      -166684.222  -166690.941        6.718   217.5
0.3800      -166684.210  -166691.101        6.891   223.1
0.3900      -166684.218  -166690.845        6.627   214.5
0.4000      -166684.220  -166691.281        7.061   228.6
0.4100      -166684.223  -166691.318        7.095   229.6
0.4200      -166684.222  -166691.057        6.835   221.2
0.4300      -166684.218  -166690.998        6.781   219.5
0.4400      -166684.215  -166691.298        7.082   229.2
0.4500      -166684.214  -166691.239        7.025   227.4
0.4600      -166684.214  -166691.373        7.159   231.7
0.4700      -166684.212  -166691.902        7.690   248.9
0.4800      -166684.214  -166691.952        7.738   250.5
0.4900      -166684.212  -166691.645        7.433   240.6
0.5000      -166684.217  -166692.255        8.038   260.2
0.5100      -166684.217  -166692.667        8.450   273.5
0.5200      -166684.216  -166692.601        8.385   271.4
0.5300      -166684.211  -166692.167        7.956   257.5
0.5400      -166684.213  -166692.830        8.617   278.9
0.5500      -166684.211  -166692.151        7.940   257.0
0.5600      -166684.216  -166692.344        8.128   263.1
0.5700      -166684.214  -166692.222        8.007   259.2
0.5800      -166684.221  -166692.611        8.390   271.6
0.5900      -166684.219  -166692.702        8.483   274.6
0.6000      -166684.212  -166692.224        8.012   259.4
0.6100      -166684.215  -166692.814        8.599   278.4
0.6200      -166684.212  -166692.201        7.989   258.6
0.6300      -166684.213  -166691.904        7.690   248.9
0.6400      -166684.212  -166691.771        7.559   244.7
0.6500      -166684.212  -166691.922        7.710   249.6
0.6600      -166684.218  -166692.575        8.357   270.5
0.6700      -166684.220  -166692.623        8.404   272.0
0.6800      -166684.222  -166692.253        8.031   260.0
0.6900      -166684.220  -166691.831        7.612   246.4
0.7000      -166684.217  -166691.495        7.278   235.6
0.7100      -166684.221  -166691.843        7.621   246.7
0.7200      -166684.219  -166691.635        7.416   240.0
0.7300      -166684.222  -166692.362        8.140   263.5
0.7400      -166684.220  -166692.646        8.426   272.7
0.7500      -166684.214  -166692.417        8.203   265.5
0.7600      -166684.215  -166692.743        8.528   276.0
0.7700      -166684.218  -166692.882        8.665   280.5
0.7800      -166684.216  -166692.610        8.394   271.7
0.7900      -166684.213  -166692.598        8.384   271.4
0.8000      -166684.214  -166692.729        8.514   275.6
0.8100      -166684.214  -166692.417        8.202   265.5
0.8200      -166684.215  -166692.512        8.298   268.6
0.8300      -166684.212  -166692.030        7.818   253.1
0.8400      -166684.224  -166692.460        8.236   266.6
0.8500      -166684.219  -166692.346        8.127   263.1
0.8600      -166684.223  -166692.046        7.823   253.2
0.8700      -166684.220  -166692.025        7.804   252.6
0.8800      -166684.218  -166692.697        8.479   274.5
0.8900      -166684.212  -166692.889        8.677   280.9
0.9000      -166684.221  -166693.234        9.013   291.7
0.9100      -166684.232  -166693.145        8.913   288.5
0.9200      -166684.235  -166693.221        8.985   290.9
0.9300      -166684.230  -166693.592        9.362   303.0
0.9400      -166684.223  -166693.343        9.120   295.2
0.9500      -166684.222  -166692.960        8.737   282.8
0.9600      -166684.221  -166693.098        8.877   287.3
0.9700      -166684.219  -166693.683        9.465   306.4
0.9800      -166684.225  -166693.516        9.291   300.8
0.9900      -166684.218  -166693.384        9.166   296.7
1.0000      -166684.213  -166693.403        9.190   297.5
1.0100      -166684.219  -166693.351        9.132   295.6
1.0200      -166684.227  -166693.483        9.256   299.6
1.0300      -166684.231  -166693.971        9.740   315.3
1.0400      -166684.223  -166693.986        9.763   316.0
1.0500      -166684.219  -166693.869        9.650   312.4
1.0600      -166684.229  -166693.867        9.638   312.0
1.0700      -166684.230  -166693.321        9.091   294.3
1.0800      -166684.228  -166693.101        8.873   287.2
1.0900      -166684.222  -166692.720        8.498   275.1
1.1000      -166684.221  -166692.606        8.386   271.4
1.1100      -166684.221  -166692.810        8.588   278.0
1.1200      -166684.230  -166692.666        8.437   273.1
1.1300      -166684.222  -166692.546        8.324   269.4
1.1400      -166684.214  -166692.473        8.259   267.3
1.1500      -166684.216  -166692.156        7.941   257.0
1.1600      -166684.224  -166692.261        8.037   260.2
1.1700      -166684.214  -166692.218        8.005   259.1
1.1800      -166684.211  -166691.714        7.503   242.9
1.1900      -166684.217  -166692.385        8.168   264.4
1.2000      -166684.221  -166693.079        8.858   286.7
1.2100      -166684.220  -166692.297        8.078   261.5
1.2200      -166684.223  -166691.876        7.653   247.7
1.2300      -166684.218  -166691.789        7.571   245.1
1.2400      -166684.210  -166692.294        8.083   261.7
1.2500      -166684.218  -166692.632        8.414   272.4
1.2600      -166684.215  -166692.531        8.317   269.2
1.2700      -166684.215  -166692.936        8.721   282.3
1.2800      -166684.224  -166693.017        8.794   284.6
1.2900      -166684.230  -166692.522        8.292   268.4
1.3000      -166684.223  -166692.625        8.401   271.9
1.3100      -166684.221  -166692.606        8.385   271.4
1.3200      -166684.228  -166692.559        8.331   269.7
1.3300      -166684.225  -166692.803        8.578   277.7
1.3400      -166684.219  -166693.285        9.066   293.5
1.3500      -166684.221  -166693.169        8.948   289.7
1.3600      -166684.227  -166693.314        9.087   294.1
1.3700      -166684.217  -166692.840        8.623   279.1
1.3800      -166684.211  -166693.055        8.844   286.3
1.3900      -166684.220  -166692.482        8.262   267.4
1.4000      -166684.227  -166692.097        7.870   254.7
1.4100      -166684.221  -166692.088        7.867   254.7
1.4200      -166684.225  -166693.220        8.994   291.1
1.4300      -166684.226  -166692.577        8.351   270.3
1.4400      -166684.226  -166692.486        8.260   267.4
1.4500      -166684.227  -166692.709        8.481   274.5
1.4600      -166684.220  -166692.492        8.272   267.8
1.4700      -166684.209  -166692.422        8.214   265.9
1.4800      -166684.217  -166692.810        8.593   278.2
1.4900      -166684.216  -166692.955        8.739   282.9
1.5000      -166684.211  -166692.332        8.120   262.9
1.5100      -166684.213  -166692.870        8.657   280.2
1.5200      -166684.219  -166693.159        8.940   289.4
1.5300      -166684.223  -166692.862        8.639   279.6
1.5400      -166684.218  -166692.541        8.323   269.4
1.5500      -166684.210  -166692.736        8.526   276.0
1.5600      -166684.222  -166693.002        8.780   284.2
1.5700      -166684.229  -166693.089        8.860   286.8
1.5800      -166684.229  -166692.855        8.626   279.2
1.5900      -166684.225  -166692.980        8.755   283.4
1.6000      -166684.228  -166692.726        8.498   275.1
1.6100      -166684.223  -166692.563        8.340   270.0
1.6200      -166684.218  -166692.627        8.409   272.2
1.6300      -166684.223  -166692.788        8.565   277.2
1.6400      -166684.220  -166692.799        8.579   277.7
1.6500      -166684.221  -166692.387        8.167   264.4
1.6600      -166684.228  -166693.193        8.965   290.2
1.6700      -166684.233  -166693.136        8.903   288.2
1.6800      -166684.224  -166693.087        8.863   286.9
1.6900      -166684.231  -166693.326        9.095   294.4
1.7000      -166684.240  -166693.418        9.178   297.1
1.7100      -166684.229  -166693.292        9.063   293.4
1.7200      -166684.222  -166693.223        9.001   291.4
1.7300      -166684.227  -166693.287        9.061   293.3
1.7400      -166684.227  -166693.077        8.850   286.5
1.7500      -166684.224  -166693.388        9.164   296.6
1.7600      -166684.229  -166693.072        8.843   286.2
1.7700      -166684.225  -166693.005        8.779   284.2
1.7800      -166684.221  -166693.002        8.781   284.2
1.7900      -166684.224  -166693.259        9.035   292.5
1.8000      -166684.220  -166692.715        8.494   275.0
1.8100      -166684.203  -166692.884        8.681   281.0
1.8200      -166684.215  -166693.177        8.962   290.1
1.8300      -166684.226  -166693.736        9.510   307.8
1.8400      -166684.220  -166692.854        8.634   279.5
1.8500      -166684.227  -166693.516        9.289   300.7
1.8600      -166684.228  -166693.123        8.895   287.9
1.8700      -166684.214  -166693.361        9.147   296.1
1.8800      -166684.216  -166693.897        9.680   313.4
1.8900      -166684.221  -166693.136        8.915   288.6
1.9000      -166684.226  -166693.207        8.981   290.7
1.9100      -166684.218  -166692.319        8.102   262.2
1.9200      -166684.224  -166693.262        9.038   292.6
1.9300      -166684.216  -166693.116        8.900   288.1
1.9400      -166684.215  -166693.357        9.142   295.9
1.9500      -166684.224  -166693.946        9.722   314.7
1.9600      -166684.214  -166693.322        9.108   294.8
1.9700      -166684.211  -166692.944        8.733   282.7
1.9800      -166684.224  -166692.822        8.598   278.3
1.9900      -166684.235  -166693.141        8.906   288.3
2.0000      -166684.226  -166692.836        8.610   278.7
2.0100      -166684.243  -166693.968        9.725   314.8
2.0200      -166684.238  -166693.343        9.105   294.7
2.0300      -166684.233  -166693.154        8.921   288.8
2.0400      -166684.226  -166692.649        8.423   272.6
2.0500      -166684.233  -166692.728        8.495   275.0
2.0600      -166684.227  -166692.850        8.623   279.1
2.0700      -166684.232  -166692.987        8.755   283.4
2.0800      -166684.239  -166693.572        9.333   302.1
2.0900      -166684.226  -166693.808        9.582   310.2
2.1000      -166684.217  -166693.010        8.794   284.7
2.1100      -166684.220  -166693.013        8.793   284.6
2.1200      -166684.233  -166693.308        9.075   293.7
2.1300      -166684.230  -166692.895        8.664   280.5
2.1400      -166684.240  -166693.100        8.860   286.8
2.1500      -166684.239  -166692.895        8.656   280.2
2.1600      -166684.224  -166692.155        7.930   256.7
2.1700      -166684.221  -166692.741        8.520   275.8
2.1800      -166684.225  -166693.411        9.186   297.3
2.1900      -166684.213  -166692.495        8.282   268.1
2.2000      -166684.217  -166692.573        8.357   270.5
2.2100      -166684.228  -166692.399        8.171   264.5
2.2200      -166684.230  -166692.778        8.548   276.7
2.2300      -166684.228  -166692.953        8.725   282.4
2.2400      -166684.229  -166693.097        8.867   287.0
2.2500      -166684.232  -166692.583        8.351   270.3
2.2600      -166684.223  -166692.761        8.539   276.4
2.2700      -166684.234  -166693.358        9.124   295.3
2.2800      -166684.229  -166693.216        8.987   290.9
2.2900      -166684.222  -166693.360        9.138   295.8
2.3000      -166684.224  -166692.761        8.537   276.3
2.3100      -166684.239  -166693.084        8.845   286.3
2.3200      -166684.233  -166692.871        8.638   279.6
2.3300      -166684.231  -166692.846        8.615   278.9
2.3400      -166684.228  -166692.921        8.693   281.4
2.3500      -166684.220  -166693.331        9.111   294.9
2.3600      -166684.223  -166692.443        8.220   266.1
2.3700      -166684.233  -166692.190        7.957   257.6
2.3800      -166684.234  -166692.900        8.666   280.5
2.3900      -166684.222  -166692.564        8.342   270.0
2.4000      -166684.221  -166692.324        8.103   262.3
2.4100      -166684.226  -166692.700        8.474   274.3
2.4200      -166684.235  -166692.936        8.702   281.7
2.4300      -166684.241  -166693.202        8.961   290.1
2.4400      -166684.242  -166693.576        9.334   302.1
2.4500      -166684.219  -166693.843        9.624   311.5
2.4600      -166684.212  -166693.634        9.422   305.0
2.4700      -166684.219  -166693.495        9.276   300.3
2.4800      -166684.219  -166693.133        8.914   288.5
2.4900      -166684.221  -166692.961        8.740   282.9
2.5000      -166684.234  -166693.906        9.672   313.1
2.5100      -166684.234  -166693.834        9.601   310.8
2.5200      -166684.214  -166692.362        8.148   263.7
2.5300      -166684.217  -166692.731        8.514   275.6
2.5400      -166684.215  -166692.913        8.699   281.6
2.5500      -166684.224  -166693.082        8.858   286.7
2.5600      -166684.229  -166693.111        8.882   287.5
2.5700      -166684.237  -166693.838        9.601   310.8
2.5800      -166684.231  -166693.824        9.593   310.5
2.5900      -166684.234  -166692.756        8.522   275.9
2.6000      -166684.240  -166692.940        8.700   281.6
2.6100      -166684.234  -166692.991        8.757   283.5
2.6200      -166684.227  -166693.384        9.157   296.4
2.6300      -166684.233  -166692.685        8.452   273.6
2.6400      -166684.229  -166693.059        8.830   285.8
2.6500      -166684.229  -166693.322        9.093   294.4
2.6600      -166684.235  -166693.544        9.309   301.3
2.6700      -166684.227  -166693.080        8.853   286.6
2.6800      -166684.231  -166692.936        8.705   281.8
2.6900      -166684.247  -166693.249        9.002   291.4
2.7000      -166684.240  -166693.067        8.827   285.7
2.7100      -166684.226  -166693.216        8.990   291.0
2.7200      -166684.235  -166692.858        8.622   279.1
2.7300      -166684.238  -166693.581        9.343   302.4
2.7400      -166684.236  -166693.183        8.947   289.6
2.7500      -166684.245  -166693.573        9.327   301.9
2.7600      -166684.237  -166692.724        8.487   274.7
2.7700      -166684.218  -166692.541        8.323   269.4
2.7800      -166684.231  -166694.142        9.910   320.8
2.7900      -166684.228  -166693.388        9.160   296.5
2.8000      -166684.225  -166693.539        9.314   301.5
2.8100      -166684.217  -166693.043        8.826   285.7
2.8200      -166684.222  -166693.080        8.858   286.7
2.8300      -166684.213  -166693.528        9.316   301.5
2.8400      -166684.216  -166693.641        9.425   305.1
2.8500      -166684.229  -166693.541        9.312   301.4
2.8600      -166684.221  -166692.521        8.299   268.7
2.8700      -166684.228  -166693.335        9.108   294.8
2.8800      -166684.236  -166693.677        9.440   305.6
2.8900      -166684.223  -166693.016        8.793   284.6
2.9000      -166684.215  -166692.870        8.655   280.2
2.9100      -166684.229  -166692.935        8.706   281.8
2.9200      -166684.229  -166693.286        9.057   293.2
2.9300      -166684.228  -166693.312        9.084   294.0
2.9400      -166684.236  -166693.628        9.391   304.0
2.9500      -166684.228  -166693.375        9.147   296.1
2.9600      -166684.210  -166693.382        9.172   296.9
2.9700      -166684.236  -166693.670        9.434   305.4
2.9800      -166684.234  -166693.714        9.480   306.9
2.9900      -166684.239  -166693.935        9.696   313.8
3.0000      -166684.235  -166693.773        9.538   308.7
Time[ps]      Etot[eV]     Epot[eV]     Ekin[eV]    T[K]
0.0000      -166684.183  -166684.183        0.000     0.0
0.0100      -166684.201  -166687.222        3.021    97.8
0.0200      -166684.210  -166688.265        4.056   131.3
0.0300      -166684.214  -166688.788        4.574   148.1
0.0400      -166684.213  -166688.863        4.650   150.5
0.0500      -166684.214  -166689.427        5.213   168.7
0.0600      -166684.216  -166689.639        5.423   175.5
0.0700      -166684.210  -166689.533        5.323   172.3
0.0800      -166684.205  -166689.182        4.977   161.1
0.0900      -166684.207  -166689.454        5.247   169.8
0.1000      -166684.209  -166689.851        5.642   182.6
0.1100      -166684.220  -166690.065        5.846   189.2
0.1200      -166684.224  -166689.897        5.673   183.6
0.1300      -166684.224  -166689.961        5.737   185.7
0.1400      -166684.204  -166689.312        5.109   165.4
0.1500      -166684.206  -166689.517        5.311   171.9
0.1600      -166684.203  -166689.802        5.599   181.2
0.1700      -166684.198  -166689.521        5.323   172.3
0.1800      -166684.209  -166689.403        5.194   168.1
0.1900      -166684.208  -166689.157        4.950   160.2
0.2000      -166684.221  -166689.383        5.162   167.1
0.2100      -166684.222  -166689.595        5.373   173.9
0.2200      -166684.225  -166689.818        5.593   181.0
0.2300      -166684.226  -166689.767        5.541   179.4
0.2400      -166684.227  -166690.601        6.373   206.3
0.2500      -166684.227  -166690.851        6.624   214.4
0.2600      -166684.224  -166690.441        6.217   201.2
0.2700      -166684.223  -166690.448        6.225   201.5
0.2800      -166684.221  -166690.724        6.503   210.5
0.2900      -166684.222  -166690.713        6.491   210.1
0.3000      -166684.218  -166690.671        6.453   208.9
0.3100      -166684.214  -166691.256        7.042   227.9
0.3200      -166684.223  -166690.865        6.642   215.0
0.3300      -166684.223  -166690.859        6.636   214.8
0.3400      -166684.212  -166690.889        6.677   216.1
0.3500      -166684.212  -166690.817        6.604   213.8
0.3600      -166684.212  -166690.646        6.433   208.2
0.3700      -166684.222  -166690.941        6.718   217.5
0.3800      -166684.210  -166691.101        6.891   223.1
0.3900      -166684.218  -166690.845        6.627   214.5
0.4000      -166684.220  -166691.281        7.061   228.6
0.4100      -166684.223  -166691.318        7.095   229.6
0.4200      -166684.222  -166691.057        6.835   221.2
0.4300      -166684.218  -166690.998        6.781   219.5
0.4400      -166684.215  -166691.297        7.082   229.2
0.4500      -166684.214  -166691.239        7.024   227.4
0.4600      -166684.214  -166691.373        7.159   231.7
0.4700      -166684.212  -166691.902        7.690   248.9
0.4800      -166684.214  -166691.952        7.738   250.5
0.4900      -166684.212  -166691.645        7.433   240.6
0.5000      -166684.217  -166692.255        8.039   260.2
0.5100      -166684.217  -166692.668        8.451   273.5
0.5200      -166684.216  -166692.601        8.385   271.4
0.5300      -166684.211  -166692.168        7.956   257.5
0.5400      -166684.213  -166692.830        8.617   278.9
0.5500      -166684.211  -166692.150        7.939   257.0
0.5600      -166684.216  -166692.343        8.127   263.1
0.5700      -166684.214  -166692.221        8.007   259.2
0.5800      -166684.222  -166692.611        8.389   271.6
0.5900      -166684.219  -166692.701        8.482   274.6
0.6000      -166684.212  -166692.224        8.012   259.3
0.6100      -166684.215  -166692.814        8.599   278.3
0.6200      -166684.212  -166692.200        7.988   258.6
0.6300      -166684.213  -166691.901        7.688   248.9
0.6400      -166684.212  -166691.771        7.559   244.7
0.6500      -166684.212  -166691.921        7.709   249.5
0.6600      -166684.218  -166692.579        8.361   270.6
0.6700      -166684.220  -166692.625        8.405   272.1
0.6800      -166684.222  -166692.254        8.032   260.0
0.6900      -166684.220  -166691.829        7.610   246.3
0.7000      -166684.217  -166691.498        7.281   235.7
0.7100      -166684.222  -166691.845        7.623   246.8
0.7200      -166684.219  -166691.638        7.419   240.1
0.7300      -166684.222  -166692.364        8.142   263.6
0.7400      -166684.220  -166692.647        8.427   272.8
0.7500      -166684.214  -166692.416        8.203   265.5
0.7600      -166684.215  -166692.739        8.524   275.9
0.7700      -166684.218  -166692.879        8.661   280.4
0.7800      -166684.216  -166692.600        8.384   271.4
0.7900      -166684.214  -166692.621        8.407   272.1
0.8000      -166684.214  -166692.705        8.490   274.8
0.8100      -166684.215  -166692.407        8.192   265.2
0.8200      -166684.214  -166692.497        8.283   268.1
0.8300      -166684.214  -166692.102        7.888   255.3
0.8400      -166684.223  -166692.428        8.204   265.6
0.8500      -166684.220  -166692.387        8.167   264.4
0.8600      -166684.222  -166692.042        7.819   253.1
0.8700      -166684.220  -166692.023        7.803   252.6
0.8800      -166684.218  -166692.738        8.520   275.8
0.8900      -166684.213  -166692.875        8.662   280.4
0.9000      -166684.222  -166693.273        9.051   293.0
0.9100      -166684.231  -166693.137        8.906   288.3
0.9200      -166684.236  -166693.230        8.995   291.2
0.9300      -166684.230  -166693.576        9.346   302.5
0.9400      -166684.223  -166693.361        9.138   295.8
0.9500      -166684.221  -166692.909        8.688   281.2
0.9600      -166684.221  -166693.089        8.868   287.0
0.9700      -166684.218  -166693.669        9.451   305.9
0.9800      -166684.226  -166693.569        9.343   302.4
0.9900      -166684.217  -166693.385        9.168   296.8
1.0000      -166684.214  -166693.439        9.225   298.6
1.0100      -166684.218  -166693.340        9.122   295.3
1.0200      -166684.228  -166693.483        9.255   299.6
1.0300      -166684.233  -166693.967        9.735   315.1
1.0400      -166684.221  -166693.944        9.724   314.7
1.0500      -166684.221  -166693.885        9.664   312.8
1.0600      -166684.232  -166693.787        9.556   309.3
1.0700      -166684.231  -166693.333        9.102   294.6
1.0800      -166684.224  -166693.042        8.818   285.4
1.0900      -166684.218  -166692.636        8.418   272.5
1.1000      -166684.221  -166692.560        8.339   269.9
1.1100      -166684.220  -166692.809        8.590   278.0
1.1200      -166684.226  -166692.662        8.436   273.1
1.1300      -166684.224  -166692.553        8.330   269.6
1.1400      -166684.216  -166692.564        8.348   270.2
1.1500      -166684.215  -166692.136        7.921   256.4
1.1600      -166684.222  -166692.290        8.068   261.2
1.1700      -166684.216  -166692.138        7.922   256.4
1.1800      -166684.207  -166691.698        7.491   242.5
1.1900      -166684.223  -166692.460        8.237   266.6
1.2000      -166684.222  -166693.011        8.789   284.5
1.2100      -166684.218  -166692.293        8.075   261.4
1.2200      -166684.220  -166691.868        7.648   247.6
1.2300      -166684.217  -166691.778        7.561   244.8
1.2400      -166684.209  -166692.265        8.056   260.8
1.2500      -166684.214  -166692.545        8.331   269.7
1.2600      -166684.219  -166692.482        8.263   267.5
1.2700      -166684.215  -166692.845        8.630   279.4
1.2800      -166684.221  -166693.078        8.857   286.7
1.2900      -166684.229  -166692.458        8.229   266.4
1.3000      -166684.225  -166692.633        8.408   272.2
1.3100      -166684.218  -166692.585        8.366   270.8
1.3200      -166684.227  -166692.492        8.265   267.5
1.3300      -166684.227  -166692.728        8.502   275.2
1.3400      -166684.221  -166693.203        8.982   290.7
1.3500      -166684.220  -166693.093        8.873   287.2
1.3600      -166684.227  -166693.272        9.045   292.8
1.3700      -166684.223  -166692.889        8.666   280.5
1.3800      -166684.214  -166693.066        8.852   286.5
1.3900      -166684.214  -166692.410        8.196   265.3
1.4000      -166684.228  -166692.278        8.050   260.6
1.4100      -166684.220  -166692.094        7.874   254.9
1.4200      -166684.225  -166693.082        8.857   286.7
1.4300      -166684.223  -166692.522        8.299   268.6
1.4400      -166684.222  -166692.447        8.225   266.2
1.4500      -166684.220  -166692.493        8.273   267.8
1.4600      -166684.220  -166692.458        8.238   266.7
1.4700      -166684.212  -166692.467        8.254   267.2
1.4800      -166684.210  -166692.918        8.708   281.9
1.4900      -166684.217  -166693.133        8.916   288.6
1.5000      -166684.220  -166692.524        8.304   268.8
1.5100      -166684.222  -166692.939        8.717   282.2
1.5200      -166684.223  -166693.182        8.959   290.0
1.5300      -166684.223  -166692.921        8.698   281.6
1.5400      -166684.223  -166692.612        8.389   271.6
1.5500      -166684.215  -166692.535        8.320   269.3
1.5600      -166684.219  -166692.929        8.711   282.0
1.5700      -166684.234  -166693.213        8.979   290.6
1.5800      -166684.232  -166692.855        8.623   279.1
1.5900      -166684.224  -166692.984        8.760   283.6
1.6000      -166684.221  -166692.715        8.494   274.9
1.6100      -166684.223  -166692.519        8.296   268.5
1.6200      -166684.218  -166692.491        8.273   267.8
1.6300      -166684.214  -166692.653        8.439   273.2
1.6400      -166684.223  -166692.790        8.567   277.3
1.6500      -166684.219  -166692.440        8.220   266.1
1.6600      -166684.220  -166693.141        8.921   288.8
1.6700      -166684.226  -166693.127        8.901   288.1
1.6800      -166684.228  -166693.148        8.920   288.7
1.6900      -166684.218  -166693.335        9.117   295.1
1.7000      -166684.227  -166693.201        8.975   290.5
1.7100      -166684.230  -166693.174        8.944   289.5
1.7200      -166684.221  -166692.788        8.567   277.3
1.7300      -166684.219  -166692.882        8.663   280.4
1.7400      -166684.228  -166693.407        9.179   297.1
1.7500      -166684.225  -166693.224        8.999   291.3
1.7600      -166684.222  -166693.202        8.980   290.7
1.7700      -166684.230  -166693.010        8.780   284.2
1.7800      -166684.230  -166693.211        8.982   290.7
1.7900      -166684.224  -166692.685        8.461   273.9
1.8000      -166684.224  -166692.666        8.441   273.2
1.8100      -166684.217  -166693.095        8.878   287.4
1.8200      -166684.210  -166693.285        9.075   293.8
1.8300      -166684.232  -166694.107        9.875   319.7
1.8400      -166684.231  -166693.028        8.797   284.8
1.8500      -166684.227  -166693.403        9.176   297.0
1.8600      -166684.228  -166693.534        9.305   301.2
1.8700      -166684.224  -166692.774        8.550   276.8
1.8800      -166684.218  -166693.409        9.191   297.5
1.8900      -166684.226  -166693.496        9.270   300.1
1.9000      -166684.226  -166693.408        9.181   297.2
1.9100      -166684.222  -166692.726        8.504   275.3
1.9200      -166684.229  -166693.599        9.370   303.3
1.9300      -166684.232  -166693.428        9.196   297.7
1.9400      -166684.210  -166693.366        9.155   296.4
1.9500      -166684.222  -166693.243        9.021   292.0
1.9600      -166684.233  -166693.405        9.172   296.9
1.9700      -166684.223  -166693.075        8.852   286.5
1.9800      -166684.231  -166693.036        8.805   285.0
1.9900      -166684.239  -166693.500        9.261   299.8
2.0000      -166684.225  -166693.153        8.928   289.0
2.0100      -166684.219  -166693.528        9.309   301.3
2.0200      -166684.228  -166693.333        9.105   294.7
2.0300      -166684.227  -166692.889        8.663   280.4
2.0400      -166684.222  -166692.577        8.355   270.5
2.0500      -166684.224  -166692.414        8.190   265.1
2.0600      -166684.229  -166692.787        8.558   277.0
2.0700      -166684.216  -166692.928        8.712   282.0
2.0800      -166684.219  -166692.935        8.716   282.1
2.0900      -166684.227  -166693.433        9.206   298.0
2.1000      -166684.223  -166693.196        8.973   290.4
2.1100      -166684.217  -166693.075        8.858   286.7
2.1200      -166684.226  -166693.578        9.352   302.7
2.1300      -166684.224  -166693.023        8.799   284.8
2.1400      -166684.225  -166693.208        8.983   290.8
2.1500      -166684.228  -166693.145        8.917   288.7
2.1600      -166684.220  -166692.660        8.440   273.2
2.1700      -166684.221  -166692.960        8.739   282.9
2.1800      -166684.233  -166693.167        8.934   289.2
2.1900      -166684.240  -166692.830        8.590   278.1
2.2000      -166684.225  -166692.571        8.345   270.1
2.2100      -166684.222  -166692.554        8.332   269.7
2.2200      -166684.230  -166693.257        9.027   292.2
2.2300      -166684.232  -166693.541        9.309   301.3
2.2400      -166684.233  -166693.248        9.015   291.8
2.2500      -166684.230  -166692.901        8.671   280.7
2.2600      -166684.222  -166693.060        8.839   286.1
2.2700      -166684.232  -166693.345        9.113   295.0
2.2800      -166684.229  -166693.477        9.248   299.4
2.2900      -166684.224  -166693.645        9.421   305.0
2.3000      -166684.226  -166693.169        8.944   289.5
2.3100      -166684.231  -166693.515        9.283   300.5
2.3200      -166684.222  -166693.083        8.861   286.8
2.3300      -166684.227  -166692.695        8.469   274.1
2.3400      -166684.235  -166693.870        9.634   311.9
2.3500      -166684.228  -166693.743        9.515   308.0
2.3600      -166684.226  -166692.482        8.256   267.2
2.3700      -166684.237  -166692.837        8.600   278.4
2.3800      -166684.231  -166693.119        8.888   287.7
2.3900      -166684.231  -166692.649        8.418   272.5
2.4000      -166684.234  -166692.847        8.613   278.8
2.4100      -166684.225  -166692.971        8.746   283.1
2.4200      -166684.221  -166693.002        8.782   284.3
2.4300      -166684.230  -166692.965        8.735   282.8
2.4400      -166684.228  -166692.531        8.302   268.7
2.4500      -166684.231  -166692.522        8.292   268.4
2.4600      -166684.231  -166692.616        8.386   271.4
2.4700      -166684.219  -166692.706        8.488   274.7
2.4800      -166684.220  -166692.822        8.602   278.5
2.4900      -166684.231  -166693.599        9.368   303.2
2.5000      -166684.226  -166693.289        9.063   293.4
2.5100      -166684.218  -166692.850        8.632   279.4
2.5200      -166684.230  -166693.756        9.526   308.3
2.5300      -166684.221  -166692.889        8.669   280.6
2.5400      -166684.219  -166693.248        9.028   292.2
2.5500      -166684.228  -166693.383        9.156   296.4
2.5600      -166684.231  -166693.525        9.294   300.9
2.5700      -166684.224  -166693.220        8.996   291.2
2.5800      -166684.232  -166693.434        9.202   297.9
2.5900      -166684.225  -166693.395        9.170   296.8
2.6000      -166684.222  -166693.155        8.933   289.2
2.6100      -166684.225  -166693.458        9.234   298.9
2.6200      -166684.222  -166692.822        8.600   278.4
2.6300      -166684.220  -166692.993        8.773   284.0
2.6400      -166684.232  -166693.345        9.113   295.0
2.6500      -166684.226  -166693.088        8.862   286.9
2.6600      -166684.219  -166693.322        9.103   294.7
2.6700      -166684.221  -166692.948        8.727   282.5
2.6800      -166684.241  -166693.517        9.276   300.3
2.6900      -166684.239  -166693.467        9.228   298.7
2.7000      -166684.243  -166693.446        9.203   297.9
2.7100      -166684.231  -166693.726        9.495   307.3
2.7200      -166684.223  -166693.634        9.411   304.6
2.7300      -166684.226  -166693.172        8.946   289.6
2.7400      -166684.230  -166693.163        8.934   289.2
2.7500      -166684.223  -166693.488        9.264   299.9
2.7600      -166684.232  -166693.275        9.043   292.7
2.7700      -166684.235  -166693.442        9.207   298.0
2.7800      -166684.225  -166693.256        9.031   292.3
2.7900      -166684.229  -166693.592        9.362   303.1
2.8000      -166684.232  -166693.344        9.111   294.9
2.8100      -166684.225  -166693.444        9.219   298.4
2.8200      -166684.220  -166693.027        8.807   285.1
2.8300      -166684.234  -166693.626        9.392   304.0
2.8400      -166684.235  -166693.957        9.722   314.7
2.8500      -166684.234  -166693.889        9.655   312.5
2.8600      -166684.230  -166693.468        9.237   299.0
2.8700      -166684.223  -166692.934        8.711   282.0
2.8800      -166684.232  -166693.629        9.397   304.2
2.8900      -166684.241  -166693.387        9.146   296.1
2.9000      -166684.238  -166693.378        9.140   295.9
2.9100      -166684.228  -166693.353        9.125   295.4
2.9200      -166684.227  -166693.479        9.252   299.5
2.9300      -166684.232  -166693.801        9.569   309.8
2.9400      -166684.229  -166693.127        8.898   288.0
2.9500      -166684.235  -166693.639        9.403   304.4
2.9600      -166684.229  -166693.273        9.044   292.7
2.9700      -166684.226  -166693.629        9.402   304.4
2.9800      -166684.225  -166693.246        9.021   292.0
2.9900      -166684.228  -166693.544        9.316   301.5
3.0000      -166684.238  -166693.508        9.269   300.0
3.0100      -166684.236  -166693.866        9.630   311.7
3.0200      -166684.241  -166693.717        9.476   306.7
3.0300      -166684.229  -166693.087        8.858   286.7
3.0400      -166684.227  -166694.032        9.805   317.4
3.0500      -166684.226  -166693.912        9.686   313.5
3.0600      -166684.234  -166693.983        9.748   315.5
3.0700      -166684.233  -166693.885        9.652   312.4
3.0800      -166684.227  -166693.657        9.430   305.3
3.0900      -166684.234  -166693.721        9.487   307.1
3.1000      -166684.229  -166693.170        8.941   289.4
3.1100      -166684.230  -166693.410        9.179   297.1
3.1200      -166684.225  -166692.675        8.451   273.5
3.1300      -166684.238  -166693.784        9.546   309.0
3.1400      -166684.240  -166693.404        9.164   296.6
3.1500      -166684.235  -166693.118        8.883   287.5
3.1600      -166684.240  -166693.430        9.190   297.5
3.1700      -166684.236  -166693.248        9.012   291.7
3.1800      -166684.238  -166693.288        9.050   292.9
3.1900      -166684.239  -166692.598        8.359   270.6
3.2000      -166684.242  -166693.104        8.862   286.9
3.2100      -166684.237  -166693.358        9.121   295.3
3.2200      -166684.231  -166693.053        8.822   285.6
3.2300      -166684.233  -166693.005        8.771   283.9
3.2400      -166684.229  -166693.176        8.947   289.6
3.2500      -166684.230  -166693.412        9.183   297.2
3.2600      -166684.239  -166693.755        9.515   308.0
3.2700      -166684.245  -166693.764        9.519   308.1
3.2800      -166684.235  -166693.512        9.277   300.3
3.2900      -166684.235  -166693.772        9.537   308.7
3.3000      -166684.230  -166693.467        9.236   299.0
3.3100      -166684.231  -166693.667        9.436   305.4
3.3200      -166684.235  -166693.971        9.736   315.1
3.3300      -166684.230  -166693.177        8.946   289.6
3.3400      -166684.233  -166693.778        9.545   309.0
3.3500      -166684.229  -166693.448        9.220   298.4
3.3600      -166684.223  -166693.389        9.166   296.7
3.3700      -166684.223  -166693.307        9.084   294.1
3.3800      -166684.242  -166693.624        9.383   303.7
3.3900      -166684.243  -166693.512        9.269   300.0
3.4000      -166684.226  -166692.896        8.671   280.7
3.4100      -166684.223  -166693.251        9.028   292.2
3.4200      -166684.226  -166693.292        9.065   293.4
3.4300      -166684.231  -166692.971        8.741   282.9
3.4400      -166684.233  -166693.239        9.006   291.5
3.4500      -166684.226  -166692.558        8.332   269.7
3.4600      -166684.225  -166693.101        8.877   287.3
3.4700      -166684.228  -166693.292        9.065   293.4
3.4800      -166684.236  -166693.150        8.915   288.6
3.4900      -166684.240  -166693.201        8.960   290.0
3.5000      -166684.239  -166693.600        9.360   303.0
3.5100      -166684.235  -166693.549        9.314   301.5
3.5200      -166684.231  -166693.887        9.656   312.6
3.5300      -166684.234  -166693.941        9.707   314.2
3.5400      -166684.234  -166693.460        9.227   298.7
3.5500      -166684.236  -166693.456        9.220   298.4
3.5600      -166684.242  -166693.818        9.576   310.0
3.5700      -166684.241  -166693.610        9.369   303.3
3.5800      -166684.241  -166693.656        9.415   304.8
3.5900      -166684.237  -166693.508        9.271   300.1
3.6000      -166684.236  -166693.322        9.086   294.1
3.6100      -166684.233  -166693.191        8.957   289.9
3.6200      -166684.225  -166693.178        8.953   289.8
3.6300      -166684.224  -166692.901        8.677   280.9
3.6400      -166684.224  -166693.175        8.951   289.7
3.6500      -166684.237  -166693.088        8.851   286.5
3.6600      -166684.240  -166693.001        8.760   283.6
3.6700      -166684.236  -166693.654        9.418   304.9
3.6800      -166684.228  -166693.401        9.173   296.9
3.6900      -166684.228  -166693.649        9.421   305.0
3.7000      -166684.226  -166693.359        9.134   295.7
3.7100      -166684.233  -166693.258        9.024   292.1
3.7200      -166684.247  -166693.596        9.349   302.6
3.7300      -166684.236  -166693.492        9.256   299.6
3.7400      -166684.234  -166693.519        9.285   300.6
3.7500      -166684.236  -166693.288        9.052   293.0
3.7600      -166684.245  -166693.808        9.563   309.6
3.7700      -166684.231  -166693.663        9.432   305.3
3.7800      -166684.224  -166693.531        9.306   301.2
3.7900      -166684.225  -166693.433        9.208   298.1
3.8000      -166684.238  -166693.541        9.303   301.1
3.8100      -166684.248  -166693.603        9.356   302.8
3.8200      -166684.252  -166693.453        9.201   297.8
3.8300      -166684.238  -166693.576        9.338   302.3
3.8400      -166684.227  -166692.953        8.725   282.4
3.8500      -166684.238  -166692.810        8.572   277.5
3.8600      -166684.239  -166692.417        8.178   264.7
3.8700      -166684.234  -166692.889        8.655   280.1
3.8800      -166684.229  -166693.125        8.896   288.0
3.8900      -166684.239  -166693.511        9.271   300.1
3.9000      -166684.236  -166693.517        9.281   300.4
3.9100      -166684.239  -166693.370        9.131   295.6
3.9200      -166684.240  -166693.730        9.491   307.2
3.9300      -166684.231  -166693.149        8.917   288.6
3.9400      -166684.235  -166693.120        8.885   287.6
3.9500      -166684.251  -166693.806        9.555   309.3
3.9600      -166684.242  -166693.874        9.632   311.8
3.9700      -166684.231  -166693.403        9.172   296.9
3.9800      -166684.243  -166693.892        9.649   312.3
3.9900      -166684.244  -166693.866        9.622   311.5
4.0000      -166684.241  -166693.281        9.040   292.6
4.0100      -166684.242  -166692.863        8.621   279.0
4.0200      -166684.236  -166692.264        8.028   259.9
4.0300      -166684.220  -166691.904        7.684   248.7
4.0400      -166684.221  -166692.131        7.910   256.0
4.0500      -166684.229  -166693.407        9.179   297.1
4.0600      -166684.229  -166692.774        8.544   276.6
4.0700      -166684.248  -166693.940        9.693   313.8
4.0800      -166684.245  -166693.426        9.181   297.2
4.0900      -166684.232  -166693.089        8.857   286.7
4.1000      -166684.235  -166693.405        9.170   296.8
4.1100      -166684.232  -166693.303        9.070   293.6
4.1200      -166684.234  -166693.422        9.188   297.4
4.1300      -166684.238  -166692.927        8.689   281.3
4.1400      -166684.244  -166693.367        9.123   295.3
4.1500      -166684.236  -166693.262        9.026   292.2
4.1600      -166684.234  -166693.667        9.433   305.4
4.1700      -166684.235  -166693.457        9.223   298.5
4.1800      -166684.234  -166693.663        9.429   305.2
4.1900      -166684.241  -166693.245        9.004   291.4
4.2000      -166684.250  -166693.469        9.219   298.4
4.2100      -166684.241  -166693.472        9.231   298.8
4.2200      -166684.220  -166693.183        8.963   290.1
4.2300      -166684.234  -166692.850        8.616   278.9
4.2400      -166684.236  -166692.909        8.673   280.8
4.2500      -166684.226  -166692.935        8.709   281.9
4.2600      -166684.229  -166693.167        8.938   289.3
4.2700      -166684.241  -166693.649        9.408   304.5
4.2800      -166684.234  -166693.586        9.352   302.7
4.2900      -166684.233  -166693.735        9.502   307.6
4.3000      -166684.236  -166693.368        9.132   295.6
4.3100      -166684.234  -166693.508        9.274   300.2
4.3200      -166684.238  -166693.478        9.240   299.1
4.3300      -166684.249  -166693.770        9.521   308.2
4.3400      -166684.248  -166693.985        9.737   315.2
4.3500      -166684.233  -166693.693        9.461   306.2
4.3600      -166684.235  -166693.750        9.515   308.0
4.3700      -166684.228  -166693.343        9.115   295.1
4.3800      -166684.232  -166694.375       10.143   328.3
4.3900      -166684.244  -166694.358       10.115   327.4
4.4000      -166684.244  -166693.765        9.521   308.2
4.4100      -166684.238  -166694.001        9.763   316.0
4.4200      -166684.241  -166694.150        9.909   320.8
4.4300      -166684.250  -166693.597        9.347   302.6
4.4400      -166684.246  -166694.555       10.309   333.7
4.4500      -166684.227  -166693.620        9.393   304.0
4.4600      -166684.230  -166694.045        9.814   317.7
4.4700      -166684.241  -166693.652        9.411   304.6
4.4800      -166684.252  -166694.406       10.154   328.7
4.4900      -166684.242  -166693.744        9.502   307.6
4.5000      -166684.234  -166693.543        9.309   301.3
4.5100      -166684.226  -166693.555        9.330   302.0
4.5200      -166684.230  -166693.920        9.690   313.7
4.5300      -166684.232  -166693.913        9.680   313.4
4.5400      -166684.227  -166693.701        9.474   306.7
4.5500      -166684.231  -166694.302       10.072   326.0
4.5600      -166684.251  -166694.375       10.124   327.7
4.5700      -166684.247  -166693.949        9.702   314.0
4.5800      -166684.236  -166693.917        9.680   313.3
4.5900      -166684.225  -166694.046        9.821   317.9
4.6000      -166684.230  -166694.388       10.158   328.8
4.6100      -166684.241  -166694.692       10.451   338.3
4.6200      -166684.239  -166693.541        9.302   301.1
4.6300      -166684.251  -166694.038        9.787   316.8
4.6400      -166684.266  -166694.333       10.067   325.9
4.6500      -166684.247  -166693.920        9.674   313.1
4.6600      -166684.231  -166694.271       10.040   325.0
4.6700      -166684.241  -166693.962        9.721   314.7
4.6800      -166684.247  -166693.993        9.746   315.5
4.6900      -166684.252  -166694.406       10.154   328.7
4.7000      -166684.247  -166694.860       10.613   343.5
4.7100      -166684.220  -166693.408        9.188   297.4
4.7200      -166684.232  -166693.475        9.244   299.2
4.7300      -166684.243  -166693.407        9.165   296.7
4.7400      -166684.242  -166693.768        9.526   308.4
4.7500      -166684.237  -166693.529        9.292   300.8
4.7600      -166684.225  -166693.303        9.078   293.8
4.7700      -166684.222  -166692.802        8.580   277.7
4.7800      -166684.239  -166693.722        9.482   306.9
4.7900      -166684.249  -166693.880        9.632   311.8
4.8000      -166684.249  -166694.287       10.037   324.9
4.8100      -166684.231  -166693.765        9.534   308.6
4.8200      -166684.224  -166693.502        9.277   300.3
4.8300      -166684.230  -166693.295        9.065   293.4
4.8400      -166684.240  -166693.021        8.781   284.3
4.8500      -166684.256  -166693.847        9.591   310.4
4.8600      -166684.247  -166693.835        9.588   310.4
4.8700      -166684.230  -166693.111        8.881   287.5
4.8800      -166684.249  -166693.736        9.487   307.1
4.8900      -166684.248  -166693.415        9.167   296.7
4.9000      -166684.243  -166693.850        9.607   311.0
4.9100      -166684.231  -166693.512        9.281   300.4
4.9200      -166684.231  -166693.243        9.013   291.7
4.9300      -166684.251  -166694.040        9.788   316.8
4.9400      -166684.255  -166694.244        9.988   323.3
4.9500      -166684.238  -166693.512        9.274   300.2
4.9600      -166684.233  -166693.576        9.343   302.4
4.9700      -166684.239  -166694.173        9.934   321.6
4.9800      -166684.242  -166694.171        9.929   321.4
4.9900      -166684.243  -166694.092        9.849   318.8
5.0000      -166684.241  -166694.226        9.985   323.2
5.0100      -166684.236  -166693.779        9.542   308.9
5.0200      -166684.232  -166693.751        9.518   308.1
5.0300      -166684.229  -166693.642        9.413   304.7
5.0400      -166684.235  -166693.435        9.200   297.8
5.0500      -166684.246  -166693.150        8.904   288.2
5.0600      -166684.241  -166693.728        9.487   307.1
5.0700      -166684.222  -166693.678        9.456   306.1
5.0800      -166684.214  -166693.415        9.202   297.9
5.0900      -166684.227  -166693.476        9.248   299.4
5.1000      -166684.253  -166693.783        9.531   308.5
5.1100      -166684.255  -166693.608        9.354   302.8
5.1200      -166684.236  -166694.134        9.898   320.4
5.1300      -166684.224  -166693.935        9.711   314.3
5.1400      -166684.235  -166693.559        9.324   301.8
5.1500      -166684.245  -166694.091        9.847   318.7
5.1600      -166684.236  -166694.171        9.935   321.6
5.1700      -166684.236  -166693.963        9.727   314.9
5.1800      -166684.240  -166693.806        9.566   309.6
5.1900      -166684.248  -166694.404       10.157   328.8
5.2000      -166684.243  -166694.060        9.817   317.8
5.2100      -166684.232  -166693.633        9.400   304.3
5.2200      -166684.245  -166693.973        9.728   314.9
5.2300      -166684.245  -166693.341        9.096   294.4
5.2400      -166684.236  -166693.440        9.204   297.9
5.2500      -166684.232  -166693.647        9.416   304.8
5.2600      -166684.235  -166693.394        9.159   296.5
5.2700      -166684.235  -166693.487        9.253   299.5
5.2800      -166684.245  -166694.054        9.809   317.5
5.2900      -166684.243  -166693.856        9.613   311.2
5.3000      -166684.227  -166694.140        9.913   320.9
5.3100      -166684.222  -166693.262        9.040   292.6
5.3200      -166684.229  -166693.480        9.252   299.5
5.3300      -166684.243  -166693.498        9.255   299.6
5.3400      -166684.250  -166693.632        9.382   303.7
5.3500      -166684.242  -166693.907        9.665   312.9
5.3600      -166684.234  -166693.444        9.210   298.1
5.3700      -166684.243  -166694.038        9.795   317.1
5.3800      -166684.235  -166693.727        9.493   307.3
5.3900      -166684.227  -166693.171        8.945   289.5
5.4000      -166684.243  -166693.643        9.400   304.3
5.4100      -166684.245  -166693.389        9.144   296.0
5.4200      -166684.240  -166693.544        9.304   301.2
5.4300      -166684.230  -166693.601        9.372   303.4
5.4400      -166684.234  -166693.786        9.552   309.2
5.4500      -166684.242  -166693.878        9.636   311.9
5.4600      -166684.245  -166693.822        9.578   310.0
5.4700      -166684.234  -166693.537        9.303   301.1
5.4800      -166684.234  -166694.153        9.919   321.1
5.4900      -166684.241  -166693.558        9.317   301.6
5.5000      -166684.257  -166694.017        9.759   315.9
5.5100      -166684.248  -166694.186        9.938   321.7
5.5200      -166684.225  -166693.037        8.812   285.2
5.5300      -166684.226  -166693.739        9.513   307.9
5.5400      -166684.238  -166694.143        9.905   320.6
5.5500      -166684.244  -166693.727        9.483   306.9
5.5600      -166684.246  -166694.027        9.781   316.6
5.5700      -166684.245  -166693.580        9.334   302.1
5.5800      -166684.257  -166694.652       10.395   336.5
5.5900      -166684.239  -166693.768        9.529   308.4
5.6000      -166684.224  -166693.864        9.641   312.1
5.6100      -166684.224  -166693.041        8.817   285.4
5.6200      -166684.249  -166693.404        9.155   296.3
5.6300      -166684.262  -166694.053        9.791   316.9
5.6400      -166684.249  -166693.743        9.494   307.3
5.6500      -166684.224  -166692.952        8.728   282.5
5.6600      -166684.220  -166692.748        8.528   276.1
5.6700      -166684.246  -166694.115        9.868   319.4
5.6800      -166684.253  -166693.768        9.514   308.0
5.6900      -166684.244  -166693.657        9.413   304.7
5.7000      -166684.225  -166693.283        9.058   293.2
5.7100      -166684.238  -166693.241        9.003   291.4
5.7200      -166684.257  -166693.718        9.461   306.2
5.7300      -166684.250  -166693.843        9.594   310.5
5.7400      -166684.234  -166692.806        8.572   277.5
5.7500      -166684.231  -166693.090        8.859   286.8
5.7600      -166684.227  -166693.222        8.995   291.2
5.7700      -166684.231  -166693.312        9.082   294.0
5.7800      -166684.236  -166692.961        8.724   282.4
5.7900      -166684.241  -166693.127        8.886   287.6
5.8000      -166684.234  -166693.359        9.126   295.4
5.8100      -166684.222  -166693.285        9.063   293.4
5.8200      -166684.222  -166693.444        9.223   298.5
5.8300      -166684.233  -166694.107        9.874   319.6
5.8400      -166684.244  -166693.848        9.604   310.9
5.8500      -166684.244  -166693.644        9.401   304.3
5.8600      -166684.233  -166693.411        9.177   297.1
5.8700      -166684.231  -166693.255        9.024   292.1
5.8800      -166684.245  -166694.301       10.057   325.5
5.8900      -166684.246  -166693.956        9.710   314.3
5.9000      -166684.236  -166693.573        9.337   302.2
5.9100      -166684.221  -166693.812        9.591   310.5
5.9200      -166684.225  -166693.485        9.260   299.7
5.9300      -166684.254  -166693.888        9.634   311.9
5.9400      -166684.247  -166693.320        9.073   293.7
5.9500      -166684.221  -166692.967        8.746   283.1
5.9600      -166684.227  -166693.645        9.417   304.8
5.9700      -166684.240  -166693.674        9.434   305.4
5.9800      -166684.243  -166693.552        9.309   301.3
5.9900      -166684.247  -166693.551        9.304   301.2
6.0000      -166684.251  -166693.847        9.596   310.6
6.0100      -166684.240  -166693.644        9.404   304.4
6.0200      -166684.232  -166693.489        9.257   299.7
6.0300      -166684.233  -166693.680        9.447   305.8
6.0400      -166684.235  -166693.612        9.376   303.5
6.0500      -166684.245  -166693.839        9.594   310.6
6.0600      -166684.246  -166694.189        9.943   321.9
6.0700      -166684.249  -166693.749        9.499   307.5
6.0800      -166684.247  -166693.452        9.205   298.0
6.0900      -166684.238  -166693.508        9.270   300.1
6.1000      -166684.242  -166693.812        9.569   309.8
6.1100      -166684.229  -166693.152        8.923   288.8
6.1200      -166684.227  -166693.092        8.865   286.9
6.1300      -166684.238  -166693.490        9.252   299.5
6.1400      -166684.247  -166693.517        9.270   300.1
6.1500      -166684.253  -166693.771        9.517   308.1
6.1600      -166684.247  -166694.055        9.808   317.5
6.1700      -166684.245  -166693.540        9.295   300.9
6.1800      -166684.251  -166693.934        9.683   313.4
6.1900      -166684.254  -166694.185        9.932   321.5
6.2000      -166684.245  -166693.918        9.673   313.1
6.2100      -166684.232  -166693.071        8.838   286.1
6.2200      -166684.249  -166693.842        9.592   310.5
6.2300      -166684.258  -166694.118        9.860   319.2
6.2400      -166684.244  -166694.238        9.994   323.5
6.2500      -166684.239  -166693.235        8.996   291.2
6.2600      -166684.244  -166693.416        9.172   296.9
6.2700      -166684.229  -166693.337        9.109   294.8
6.2800      -166684.235  -166693.732        9.497   307.4
6.2900      -166684.244  -166693.478        9.234   298.9
6.3000      -166684.256  -166694.152        9.897   320.3
6.3100      -166684.240  -166693.468        9.228   298.7
6.3200      -166684.236  -166693.443        9.207   298.0
6.3300      -166684.247  -166693.933        9.686   313.5
6.3400      -166684.241  -166693.603        9.362   303.0
6.3500      -166684.244  -166693.776        9.532   308.5
6.3600      -166684.243  -166694.357       10.114   327.4
6.3700      -166684.247  -166694.405       10.159   328.8
6.3800      -166684.243  -166693.567        9.324   301.8
6.3900      -166684.242  -166693.335        9.094   294.4
6.4000      -166684.245  -166693.743        9.498   307.4
6.4100      -166684.251  -166693.558        9.306   301.2
6.4200      -166684.260  -166694.013        9.753   315.7
6.4300      -166684.253  -166693.628        9.374   303.4
6.4400      -166684.241  -166693.021        8.780   284.2
6.4500      -166684.241  -166693.231        8.990   291.0
6.4600      -166684.245  -166693.611        9.366   303.2
6.4700      -166684.249  -166693.756        9.506   307.7
6.4800      -166684.248  -166693.346        9.098   294.5
6.4900      -166684.251  -166693.558        9.307   301.3
6.5000      -166684.246  -166693.709        9.463   306.3
6.5100      -166684.243  -166693.551        9.309   301.3
6.5200      -166684.244  -166693.651        9.407   304.5
6.5300      -166684.253  -166693.878        9.625   311.5
6.5400      -166684.253  -166694.200        9.947   322.0
6.5500      -166684.238  -166693.700        9.462   306.3
6.5600      -166684.233  -166693.007        8.773   284.0
6.5700      -166684.247  -166693.802        9.556   309.3
6.5800      -166684.230  -166693.205        8.976   290.5
6.5900      -166684.240  -166693.765        9.526   308.3
6.6000      -166684.249  -166693.626        9.377   303.5
6.6100      -166684.244  -166694.124        9.880   319.8
6.6200      -166684.245  -166694.157        9.912   320.8
6.6300      -166684.244  -166694.391       10.147   328.5
6.6400      -166684.251  -166694.334       10.083   326.4
6.6500      -166684.245  -166693.854        9.609   311.0
6.6600      -166684.233  -166693.627        9.394   304.1
6.6700      -166684.244  -166694.049        9.805   317.4
6.6800      -166684.252  -166693.958        9.706   314.2
6.6900      -166684.240  -166693.127        8.887   287.7
6.7000      -166684.240  -166693.616        9.376   303.5
6.7100      -166684.244  -166694.711       10.467   338.8
6.7200      -166684.233  -166693.301        9.069   293.5
6.7300      -166684.242  -166693.689        9.448   305.8
6.7400      -166684.252  -166694.096        9.845   318.7
6.7500      -166684.253  -166694.035        9.782   316.7
6.7600      -166684.245  -166693.601        9.356   302.9
6.7700      -166684.234  -166693.689        9.456   306.1
6.7800      -166684.221  -166693.309        9.087   294.2
6.7900      -166684.226  -166693.572        9.346   302.5
6.8000      -166684.249  -166694.316       10.067   325.9
6.8100      -166684.247  -166693.707        9.459   306.2
6.8200      -166684.251  -166693.923        9.672   313.1
6.8300      -166684.253  -166694.252        9.999   323.7
6.8400      -166684.250  -166693.923        9.673   313.1
6.8500      -166684.253  -166694.008        9.755   315.8
6.8600      -166684.244  -166693.886        9.642   312.1
6.8700      -166684.249  -166694.316       10.067   325.9
6.8800      -166684.247  -166693.749        9.502   307.6
6.8900      -166684.237  -166693.587        9.351   302.7
6.9000      -166684.243  -166694.576       10.334   334.5
6.9100      -166684.240  -166693.953        9.714   314.4
6.9200      -166684.253  -166693.980        9.727   314.8
6.9300      -166684.245  -166693.500        9.255   299.6
6.9400      -166684.245  -166693.574        9.329   302.0
6.9500      -166684.243  -166693.380        9.137   295.8
6.9600      -166684.235  -166693.809        9.573   309.9
6.9700      -166684.233  -166693.529        9.296   300.9
6.9800      -166684.232  -166693.748        9.515   308.0
6.9900      -166684.232  -166693.515        9.283   300.5
7.0000      -166684.242  -166693.664        9.422   305.0
7.0100      -166684.251  -166693.792        9.541   308.8
7.0200      -166684.240  -166694.465       10.224   331.0
7.0300      -166684.233  -166693.661        9.428   305.2
7.0400      -166684.244  -166694.256       10.012   324.1
7.0500      -166684.245  -166693.463        9.219   298.4
7.0600      -166684.247  -166694.195        9.948   322.0
7.0700      -166684.242  -166694.242        9.999   323.7
7.0800      -166684.241  -166693.664        9.422   305.0
7.0900      -166684.259  -166694.043        9.784   316.7
7.1000      -166684.261  -166694.111        9.850   318.8
7.1100      -166684.237  -166693.394        9.157   296.4
7.1200      -166684.230  -166693.360        9.130   295.5
7.1300      -166684.236  -166693.400        9.164   296.6
7.1400      -166684.245  -166693.363        9.118   295.2
7.1500      -166684.244  -166693.770        9.526   308.4
7.1600      -166684.243  -166693.700        9.457   306.1
7.1700      -166684.243  -166693.657        9.414   304.7
7.1800      -166684.242  -166693.815        9.573   309.9
7.1900      -166684.248  -166694.294       10.047   325.2
7.2000      -166684.244  -166693.516        9.272   300.1
7.2100      -166684.241  -166693.273        9.032   292.4
7.2200      -166684.247  -166693.912        9.664   312.8
7.2300      -166684.244  -166693.569        9.325   301.8
7.2400      -166684.236  -166693.254        9.017   291.9
7.2500      -166684.242  -166693.370        9.128   295.5
7.2600      -166684.231  -166693.496        9.265   299.9
7.2700      -166684.226  -166693.060        8.833   285.9
7.2800      -166684.237  -166693.676        9.439   305.5
7.2900      -166684.246  -166693.789        9.543   308.9
7.3000      -166684.249  -166693.562        9.313   301.5
7.3100      -166684.247  -166693.657        9.410   304.6
7.3200      -166684.250  -166694.032        9.782   316.6
7.3300      -166684.234  -166693.165        8.931   289.1
7.3400      -166684.229  -166693.023        8.793   284.6
7.3500      -166684.246  -166693.899        9.654   312.5
7.3600      -166684.251  -166693.927        9.675   313.2
7.3700      -166684.247  -166693.617        9.370   303.3
7.3800      -166684.257  -166694.123        9.867   319.4
7.3900      -166684.251  -166693.841        9.591   310.4
7.4000      -166684.262  -166694.011        9.749   315.6
7.4100      -166684.248  -166694.507       10.259   332.1
7.4200      -166684.237  -166694.589       10.351   335.1
7.4300      -166684.235  -166693.747        9.512   307.9
7.4400      -166684.249  -166694.074        9.825   318.0
7.4500      -166684.249  -166694.215        9.966   322.6
7.4600      -166684.256  -166694.378       10.122   327.6
7.4700      -166684.244  -166693.652        9.408   304.5
7.4800      -166684.245  -166694.085        9.841   318.5
7.4900      -166684.238  -166693.459        9.221   298.5
7.5000      -166684.242  -166693.536        9.294   300.9
7.5100      -166684.245  -166693.355        9.110   294.9
7.5200      -166684.250  -166693.910        9.659   312.7
7.5300      -166684.245  -166693.449        9.203   297.9
7.5400      -166684.237  -166692.792        8.555   276.9
7.5500      -166684.242  -166693.382        9.141   295.9
7.5600      -166684.236  -166693.023        8.786   284.4
7.5700      -166684.240  -166693.888        9.648   312.3
7.5800      -166684.246  -166694.015        9.769   316.2
7.5900      -166684.243  -166694.161        9.918   321.0
7.6000      -166684.242  -166693.663        9.422   305.0
7.6100      -166684.248  -166693.554        9.305   301.2
7.6200      -166684.256  -166693.558        9.302   301.1
7.6300      -166684.239  -166693.572        9.333   302.1
7.6400      -166684.247  -166693.646        9.399   304.3
7.6500      -166684.244  -166693.393        9.149   296.2
7.6600      -166684.247  -166693.735        9.488   307.1
7.6700      -166684.250  -166693.509        9.259   299.7
7.6800      -166684.252  -166693.724        9.472   306.6
7.6900      -166684.256  -166693.627        9.371   303.3
7.7000      -166684.241  -166693.574        9.334   302.1
7.7100      -166684.240  -166693.761        9.520   308.2
7.7200      -166684.244  -166693.663        9.419   304.9
7.7300      -166684.242  -166694.073        9.831   318.2
7.7400      -166684.233  -166693.030        8.798   284.8
7.7500      -166684.246  -166693.635        9.389   303.9
7.7600      -166684.250  -166693.722        9.472   306.6
7.7700      -166684.247  -166694.148        9.901   320.5
7.7800      -166684.242  -166694.216        9.973   322.8
7.7900      -166684.226  -166693.404        9.177   297.1
7.8000      -166684.233  -166693.739        9.506   307.7
7.8100      -166684.242  -166693.755        9.513   307.9
7.8200      -166684.250  -166693.613        9.363   303.1
7.8300      -166684.253  -166694.019        9.766   316.1
7.8400      -166684.241  -166693.263        9.022   292.0
7.8500      -166684.245  -166693.631        9.386   303.8
7.8600      -166684.247  -166693.342        9.095   294.4
7.8700      -166684.245  -166693.505        9.260   299.7
7.8800      -166684.227  -166693.613        9.386   303.8
7.8900      -166684.245  -166693.815        9.570   309.8
7.9000      -166684.254  -166694.087        9.832   318.3
7.9100      -166684.250  -166693.894        9.644   312.2
7.9200      -166684.249  -166693.659        9.410   304.6
7.9300      -166684.250  -166693.785        9.534   308.6
7.9400      -166684.247  -166694.531       10.284   332.9
7.9500      -166684.240  -166694.175        9.935   321.6
7.9600      -166684.242  -166693.989        9.748   315.5
7.9700      -166684.246  -166694.057        9.812   317.6
7.9800      -166684.250  -166693.961        9.711   314.3
7.9900      -166684.259  -166694.669       10.409   336.9
8.0000      -166684.255  -166694.048        9.793   317.0
8.0100      -166684.252  -166694.160        9.908   320.7
8.0200      -166684.242  -166693.833        9.591   310.4
8.0300      -166684.235  -166693.911        9.676   313.2
8.0400      -166684.232  -166693.289        9.057   293.2
8.0500      -166684.232  -166693.002        8.770   283.9
8.0600      -166684.253  -166693.888        9.635   311.9
8.0700      -166684.254  -166694.212        9.958   322.3
8.0800      -166684.243  -166693.914        9.671   313.0
8.0900      -166684.241  -166694.531       10.290   333.1
8.1000      -166684.231  -166694.042        9.810   317.6
8.1100      -166684.240  -166694.369       10.128   327.8
8.1200      -166684.249  -166694.197        9.948   322.0
8.1300      -166684.249  -166694.030        9.781   316.6
8.1400      -166684.249  -166694.291       10.042   325.0
8.1500      -166684.250  -166694.661       10.411   337.0
8.1600      -166684.247  -166693.978        9.731   315.0
8.1700      -166684.248  -166693.631        9.382   303.7
8.1800      -166684.259  -166694.583       10.323   334.2
8.1900      -166684.251  -166693.528        9.277   300.3
8.2000      -166684.243  -166693.541        9.298   301.0
8.2100      -166684.235  -166693.577        9.342   302.4
8.2200      -166684.237  -166693.694        9.457   306.1
8.2300      -166684.246  -166693.639        9.393   304.1
8.2400      -166684.249  -166693.695        9.446   305.8
8.2500      -166684.251  -166694.239        9.988   323.3
8.2600      -166684.262  -166693.937        9.675   313.2
8.2700      -166684.271  -166694.090        9.819   317.8
8.2800      -166684.254  -166693.977        9.723   314.7
8.2900      -166684.231  -166693.302        9.072   293.6
8.3000      -166684.232  -166693.551        9.320   301.7
8.3100      -166684.252  -166693.839        9.587   310.3
8.3200      -166684.269  -166693.766        9.497   307.4
8.3300      -166684.270  -166693.833        9.563   309.6
8.3400      -166684.252  -166693.818        9.567   309.7
8.3500      -166684.236  -166693.484        9.248   299.4
8.3600      -166684.240  -166693.295        9.055   293.1
8.3700      -166684.247  -166693.307        9.060   293.3
8.3800      -166684.243  -166693.512        9.269   300.0
8.3900      -166684.245  -166693.421        9.176   297.0
8.4000      -166684.245  -166693.696        9.452   305.9
8.4100      -166684.242  -166693.519        9.277   300.3
8.4200      -166684.250  -166693.790        9.540   308.8
8.4300      -166684.244  -166693.020        8.777   284.1
8.4400      -166684.243  -166693.320        9.077   293.8
8.4500      -166684.239  -166693.283        9.044   292.7
8.4600      -166684.244  -166693.357        9.113   295.0
8.4700      -166684.242  -166692.856        8.615   278.9
8.4800      -166684.243  -166693.269        9.026   292.2
8.4900      -166684.252  -166693.555        9.303   301.1
8.5000      -166684.249  -166694.021        9.772   316.3
8.5100      -166684.249  -166693.978        9.729   314.9
8.5200      -166684.264  -166694.280       10.016   324.2
8.5300      -166684.268  -166694.283       10.016   324.2
8.5400      -166684.242  -166693.921        9.679   313.3
8.5500      -166684.231  -166694.425       10.195   330.0
8.5600      -166684.233  -166694.345       10.112   327.3
8.5700      -166684.239  -166694.108        9.868   319.4
8.5800      -166684.246  -166694.130        9.885   320.0
8.5900      -166684.248  -166693.821        9.573   309.9
8.6000      -166684.246  -166694.175        9.929   321.4
8.6100      -166684.249  -166694.484       10.234   331.3
8.6200      -166684.247  -166693.943        9.696   313.9
8.6300      -166684.252  -166694.416       10.163   329.0
8.6400      -166684.248  -166694.303       10.055   325.5
8.6500      -166684.246  -166693.560        9.314   301.5
8.6600      -166684.263  -166694.947       10.683   345.8
8.6700      -166684.263  -166694.580       10.316   333.9
8.6800      -166684.250  -166693.923        9.673   313.1
8.6900      -166684.239  -166693.439        9.199   297.8
8.7000      -166684.245  -166693.429        9.184   297.3
8.7100      -166684.253  -166693.682        9.429   305.2
8.7200      -166684.257  -166693.809        9.552   309.2
8.7300      -166684.239  -166693.492        9.253   299.5
8.7400      -166684.245  -166694.538       10.293   333.2
8.7500      -166684.255  -166694.191        9.936   321.6
8.7600      -166684.267  -166694.276       10.009   324.0
8.7700      -166684.269  -166694.696       10.427   337.5
8.7800      -166684.253  -166693.527        9.274   300.2
8.7900      -166684.245  -166693.929        9.684   313.5
8.8000      -166684.237  -166693.469        9.232   298.8
8.8100      -166684.237  -166693.307        9.070   293.6
8.8200      -166684.245  -166694.326       10.081   326.3
8.8300      -166684.244  -166693.509        9.266   299.9
8.8400      -166684.244  -166693.715        9.471   306.6
8.8500      -166684.248  -166694.082        9.834   318.3
8.8600      -166684.248  -166693.769        9.521   308.2
8.8700      -166684.250  -166693.980        9.730   315.0
8.8800      -166684.251  -166694.290       10.039   324.9
8.8900      -166684.253  -166694.321       10.068   325.9
8.9000      -166684.246  -166694.698       10.453   338.4
8.9100      -166684.244  -166693.749        9.505   307.7
8.9200      -166684.256  -166693.948        9.692   313.7
8.9300      -166684.262  -166694.146        9.884   319.9
8.9400      -166684.245  -166694.166        9.921   321.1
8.9500      -166684.272  -166694.202        9.930   321.4
8.9600      -166684.274  -166694.814       10.540   341.2
8.9700      -166684.251  -166694.183        9.932   321.5
8.9800      -166684.247  -166694.733       10.486   339.4
8.9900      -166684.250  -166693.561        9.311   301.4
9.0000      -166684.257  -166694.167        9.910   320.8
9.0100      -166684.243  -166694.318       10.075   326.1
9.0200      -166684.236  -166693.623        9.387   303.8
9.0300      -166684.231  -166693.128        8.898   288.0
9.0400      -166684.255  -166693.501        9.246   299.3
9.0500      -166684.265  -166694.179        9.914   320.9
9.0600      -166684.272  -166694.009        9.737   315.2
9.0700      -166684.263  -166694.350       10.087   326.5
9.0800      -166684.238  -166694.266       10.028   324.6
9.0900      -166684.234  -166693.542        9.308   301.3
9.1000      -166684.238  -166693.415        9.177   297.1
9.1100      -166684.252  -166693.587        9.335   302.2
9.1200      -166684.263  -166694.186        9.924   321.2
9.1300      -166684.258  -166693.700        9.442   305.6
9.1400      -166684.255  -166694.019        9.765   316.1
9.1500      -166684.243  -166693.524        9.281   300.4
9.1600      -166684.241  -166693.709        9.468   306.5
9.1700      -166684.243  -166693.769        9.526   308.4
9.1800      -166684.259  -166693.888        9.629   311.7
9.1900      -166684.261  -166693.584        9.323   301.8
9.2000      -166684.248  -166693.543        9.295   300.9
9.2100      -166684.233  -166692.985        8.752   283.3
9.2200      -166684.240  -166693.594        9.354   302.8
9.2300      -166684.260  -166693.736        9.476   306.7
9.2400      -166684.267  -166694.080        9.813   317.7
9.2500      -166684.253  -166693.679        9.426   305.1
9.2600      -166684.249  -166694.582       10.333   334.5
9.2700      -166684.235  -166693.390        9.155   296.3
9.2800      -166684.235  -166693.347        9.112   295.0
9.2900      -166684.254  -166694.324       10.070   326.0
9.3000      -166684.264  -166694.490       10.226   331.0
9.3100      -166684.258  -166694.511       10.253   331.9
9.3200      -166684.246  -166693.823        9.577   310.0
9.3300      -166684.245  -166694.056        9.811   317.6
9.3400      -166684.253  -166693.748        9.495   307.4
9.3500      -166684.256  -166694.083        9.827   318.1
9.3600      -166684.240  -166693.183        8.942   289.5
9.3700      -166684.251  -166693.885        9.634   311.8
9.3800      -166684.266  -166694.555       10.289   333.1
9.3900      -166684.255  -166693.620        9.365   303.1
9.4000      -166684.252  -166694.005        9.753   315.7
9.4100      -166684.252  -166694.525       10.274   332.6
9.4200      -166684.261  -166694.037        9.776   316.4
9.4300      -166684.266  -166694.246        9.980   323.1
9.4400      -166684.257  -166693.948        9.691   313.7
9.4500      -166684.250  -166694.863       10.613   343.5
9.4600      -166684.246  -166694.389       10.143   328.3
9.4700      -166684.255  -166694.635       10.380   336.0
9.4800      -166684.259  -166694.451       10.192   329.9
9.4900      -166684.255  -166694.089        9.834   318.3
9.5000      -166684.254  -166694.615       10.361   335.4
9.5100      -166684.247  -166694.080        9.833   318.3
9.5200      -166684.250  -166693.982        9.731   315.0
9.5300      -166684.266  -166694.870       10.605   343.3
9.5400      -166684.260  -166694.454       10.194   330.0
9.5500      -166684.264  -166694.203        9.939   321.7
9.5600      -166684.268  -166694.625       10.357   335.3
9.5700      -166684.256  -166693.756        9.500   307.5
9.5800      -166684.256  -166694.312       10.056   325.5
9.5900      -166684.245  -166694.426       10.181   329.6
9.6000      -166684.251  -166693.907        9.656   312.6
9.6100      -166684.275  -166694.418       10.143   328.3
9.6200      -166684.275  -166694.195        9.919   321.1
9.6300      -166684.260  -166694.247        9.987   323.3
9.6400      -166684.247  -166694.669       10.422   337.4
9.6500      -166684.237  -166694.001        9.764   316.1
9.6600      -166684.240  -166693.651        9.411   304.6
9.6700      -166684.247  -166693.620        9.374   303.4
9.6800      -166684.263  -166694.310       10.046   325.2
9.6900      -166684.259  -166693.708        9.449   305.9
9.7000      -166684.249  -166693.161        8.913   288.5
9.7100      -166684.246  -166693.524        9.278   300.3
9.7200      -166684.243  -166693.594        9.351   302.7
9.7300      -166684.252  -166693.820        9.568   309.7
9.7400      -166684.254  -166693.987        9.733   315.0
9.7500      -166684.261  -166693.875        9.614   311.2
9.7600      -166684.273  -166694.105        9.832   318.3
9.7700      -166684.272  -166694.791       10.519   340.5
9.7800      -166684.257  -166694.171        9.914   320.9
9.7900      -166684.250  -166694.529       10.279   332.7
9.8000      -166684.237  -166693.837        9.601   310.8
9.8100      -166684.238  -166693.748        9.510   307.8
9.8200      -166684.251  -166694.083        9.832   318.3
9.8300      -166684.251  -166693.829        9.578   310.0
9.8400      -166684.248  -166694.068        9.820   317.9
9.8500      -166684.247  -166693.999        9.752   315.7
9.8600      -166684.240  -166693.430        9.190   297.5
9.8700      -166684.249  -166693.854        9.605   310.9
9.8800      -166684.244  -166693.242        8.999   291.3
9.8900      -166684.255  -166694.045        9.790   316.9
9.9000      -166684.262  -166693.996        9.735   315.1
9.9100      -166684.268  -166694.215        9.947   322.0
9.9200      -166684.267  -166694.105        9.838   318.4
9.9300      -166684.252  -166693.677        9.425   305.1
9.9400      -166684.237  -166693.262        9.025   292.1
9.9500      -166684.233  -166693.880        9.647   312.3
9.9600      -166684.244  -166694.183        9.939   321.7
9.9700      -166684.256  -166694.469       10.213   330.6
9.9800      -166684.243  -166693.941        9.697   313.9
9.9900      -166684.246  -166693.928        9.683   313.4
10.0000     -166684.245  -166693.898        9.653   312.5
